#
# There is insufficient memory for the Java Runtime Environment to continue.
# Native memory allocation (malloc) failed to allocate 308656 bytes for Chunk::new
# Possible reasons:
#   The system is out of physical RAM or swap space
#   The process is running with CompressedOops enabled, and the Java Heap may be blocking the growth of the native heap
# Possible solutions:
#   Reduce memory load on the system
#   Increase physical memory or swap space
#   Check if swap backing store is full
#   Decrease Java heap size (-Xmx/-Xms)
#   Decrease number of Java threads
#   Decrease Java thread stack sizes (-Xss)
#   Set larger code cache with -XX:ReservedCodeCacheSize=
#   JVM is running with Zero Based Compressed Oops mode in which the Java heap is
#     placed in the first 32GB address space. The Java Heap base address is the
#     maximum limit for the native heap growth. Please use -XX:HeapBaseMinAddress
#     to set the Java Heap base and to place the Java Heap above 32GB virtual address.
# This output file may be truncated or incomplete.
#
#  Out of Memory Error (arena.cpp:168), pid=3172, tid=21352
#
# JRE version: Java(TM) SE Runtime Environment (21.0.2+13) (build 21.0.2+13-LTS-58)
# Java VM: Java HotSpot(TM) 64-Bit Server VM (21.0.2+13-LTS-58, mixed mode, sharing, tiered, compressed oops, compressed class ptrs, g1 gc, windows-amd64)
# No core dump will be written. Minidumps are not enabled by default on client versions of Windows
#

---------------  S U M M A R Y ------------

Command Line: --module-path=D:\Telechargement\Nouveau dossier\javafx-sdk-21.0.1\lib --add-modules=javafx.controls,javafx.fxml -javaagent:D:\IntelliJ IDEA 2024.2.1\lib\idea_rt.jar=59493:D:\IntelliJ IDEA 2024.2.1\bin -Dfile.encoding=UTF-8 -Dsun.stdout.encoding=UTF-8 -Dsun.stderr.encoding=UTF-8 tn.eduskool.test.MainFx

Host: AMD Ryzen 7 4800H with Radeon Graphics         , 16 cores, 15G,  Windows 10 , 64 bit Build 19041 (10.0.19041.2364)
Time: Wed Apr 16 22:51:38 2025 Afr. centrale Ouest elapsed time: 0.968192 seconds (0d 0h 0m 0s)

---------------  T H R E A D  ---------------

Current thread (0x000002aa24224b60):  JavaThread "C2 CompilerThread3" daemon [_thread_in_native, id=21352, stack(0x000000afb9200000,0x000000afb9300000) (1024K)]


Current CompileTask:
C2:    968 1869       4       java.util.Properties$LineReader::readLine (584 bytes)

Stack: [0x000000afb9200000,0x000000afb9300000]
Native frames: (J=compiled Java code, j=interpreted, Vv=VM code, C=native code)
V  [jvm.dll+0x6cade9]
V  [jvm.dll+0x8569c1]
V  [jvm.dll+0x858d2e]
V  [jvm.dll+0x859413]
V  [jvm.dll+0x280e56]
V  [jvm.dll+0xc3f3d]
V  [jvm.dll+0xc4473]
V  [jvm.dll+0x2f437f]
V  [jvm.dll+0x5f5056]
V  [jvm.dll+0x252d7f]
V  [jvm.dll+0x25315f]
V  [jvm.dll+0x24b8e0]
V  [jvm.dll+0x2490a3]
V  [jvm.dll+0x1c9634]
V  [jvm.dll+0x258859]
V  [jvm.dll+0x256e3a]
V  [jvm.dll+0x3ef6c6]
V  [jvm.dll+0x7ff568]
V  [jvm.dll+0x6c953d]
C  [ucrtbase.dll+0x21bb2]
C  [KERNEL32.DLL+0x17614]
C  [ntdll.dll+0x526a1]


---------------  P R O C E S S  ---------------

Threads class SMR info:
_java_thread_list=0x000002aa255665f0, length=25, elements={
0x000002a9bf5edae0, 0x000002a9def77880, 0x000002a9def782e0, 0x000002a9def78d40,
0x000002a9def797a0, 0x000002a9def7a200, 0x000002a9def7ac60, 0x000002a9def7b9f0,
0x000002a9def84ec0, 0x000002aa2420b140, 0x000002aa242113d0, 0x000002aa242c9530,
0x000002aa242c9ff0, 0x000002aa24221df0, 0x000002aa242224a0, 0x000002aa24224b60,
0x000002aa243d5a20, 0x000002aa250cd030, 0x000002aa24b59930, 0x000002aa259c9850,
0x000002aa259c7e10, 0x000002aa259c84a0, 0x000002aa259ca570, 0x000002aa259c9ee0,
0x000002aa259cac00
}

Java Threads: ( => current thread )
  0x000002a9bf5edae0 JavaThread "main"                              [_thread_blocked, id=16380, stack(0x000000afb7c00000,0x000000afb7d00000) (1024K)]
  0x000002a9def77880 JavaThread "Reference Handler"          daemon [_thread_blocked, id=4156, stack(0x000000afb8400000,0x000000afb8500000) (1024K)]
  0x000002a9def782e0 JavaThread "Finalizer"                  daemon [_thread_blocked, id=10940, stack(0x000000afb8500000,0x000000afb8600000) (1024K)]
  0x000002a9def78d40 JavaThread "Signal Dispatcher"          daemon [_thread_blocked, id=22464, stack(0x000000afb8600000,0x000000afb8700000) (1024K)]
  0x000002a9def797a0 JavaThread "Attach Listener"            daemon [_thread_blocked, id=21808, stack(0x000000afb8700000,0x000000afb8800000) (1024K)]
  0x000002a9def7a200 JavaThread "Service Thread"             daemon [_thread_blocked, id=24088, stack(0x000000afb8800000,0x000000afb8900000) (1024K)]
  0x000002a9def7ac60 JavaThread "Monitor Deflation Thread"   daemon [_thread_blocked, id=15088, stack(0x000000afb8900000,0x000000afb8a00000) (1024K)]
  0x000002a9def7b9f0 JavaThread "C2 CompilerThread0"         daemon [_thread_blocked, id=14172, stack(0x000000afb8a00000,0x000000afb8b00000) (1024K)]
  0x000002a9def84ec0 JavaThread "C1 CompilerThread0"         daemon [_thread_in_vm, id=2672, stack(0x000000afb8b00000,0x000000afb8c00000) (1024K)]
  0x000002aa2420b140 JavaThread "Common-Cleaner"             daemon [_thread_blocked, id=14244, stack(0x000000afb8c00000,0x000000afb8d00000) (1024K)]
  0x000002aa242113d0 JavaThread "C1 CompilerThread1"         daemon [_thread_blocked, id=19820, stack(0x000000afb8d00000,0x000000afb8e00000) (1024K)]
  0x000002aa242c9530 JavaThread "C1 CompilerThread2"         daemon [_thread_blocked, id=14984, stack(0x000000afb8e00000,0x000000afb8f00000) (1024K)]
  0x000002aa242c9ff0 JavaThread "C1 CompilerThread3"         daemon [_thread_blocked, id=21260, stack(0x000000afb8f00000,0x000000afb9000000) (1024K)]
  0x000002aa24221df0 JavaThread "C2 CompilerThread1"         daemon [_thread_blocked, id=23176, stack(0x000000afb9000000,0x000000afb9100000) (1024K)]
  0x000002aa242224a0 JavaThread "C2 CompilerThread2"         daemon [_thread_blocked, id=18640, stack(0x000000afb9100000,0x000000afb9200000) (1024K)]
=>0x000002aa24224b60 JavaThread "C2 CompilerThread3"         daemon [_thread_in_native, id=21352, stack(0x000000afb9200000,0x000000afb9300000) (1024K)]
  0x000002aa243d5a20 JavaThread "C2 CompilerThread4"         daemon [_thread_blocked, id=16220, stack(0x000000afb9300000,0x000000afb9400000) (1024K)]
  0x000002aa250cd030 JavaThread "Monitor Ctrl-Break"         daemon [_thread_in_native, id=9284, stack(0x000000afb9400000,0x000000afb9500000) (1024K)]
  0x000002aa24b59930 JavaThread "Notification Thread"        daemon [_thread_blocked, id=1148, stack(0x000000afb9500000,0x000000afb9600000) (1024K)]
  0x000002aa259c9850 JavaThread "QuantumRenderer-0"          daemon [_thread_blocked, id=9244, stack(0x000000afb9600000,0x000000afb9700000) (1024K)]
  0x000002aa259c7e10 JavaThread "InvokeLaterDispatcher"      daemon [_thread_blocked, id=21316, stack(0x000000afb9900000,0x000000afb9a00000) (1024K)]
  0x000002aa259c84a0 JavaThread "JavaFX Application Thread"         [_thread_in_vm, id=16752, stack(0x000000afb9a00000,0x000000afb9b00000) (1024K)]
  0x000002aa259ca570 JavaThread "JavaFX-Launcher"                   [_thread_blocked, id=5840, stack(0x000000afbaa00000,0x000000afbab00000) (1024K)]
  0x000002aa259c9ee0 JavaThread "Thread-2"                   daemon [_thread_in_native, id=12364, stack(0x000000afba900000,0x000000afbaa00000) (1024K)]
  0x000002aa259cac00 JavaThread "mysql-cj-abandoned-connection-cleanup" daemon [_thread_blocked, id=23132, stack(0x000000afbab00000,0x000000afbac00000) (1024K)]
Total: 25

Other Threads:
  0x000002a9def55150 VMThread "VM Thread"                           [id=1712, stack(0x000000afb8300000,0x000000afb8400000) (1024K)]
  0x000002a9def3fb00 WatcherThread "VM Periodic Task Thread"        [id=11512, stack(0x000000afb8200000,0x000000afb8300000) (1024K)]
  0x000002a9bf654c30 WorkerThread "GC Thread#0"                     [id=5384, stack(0x000000afb7d00000,0x000000afb7e00000) (1024K)]
  0x000002aa251f2a90 WorkerThread "GC Thread#1"                     [id=4412, stack(0x000000afba500000,0x000000afba600000) (1024K)]
  0x000002aa25880aa0 WorkerThread "GC Thread#2"                     [id=19608, stack(0x000000afba600000,0x000000afba700000) (1024K)]
  0x000002aa25880e40 WorkerThread "GC Thread#3"                     [id=15944, stack(0x000000afba700000,0x000000afba800000) (1024K)]
  0x000002aa258811e0 WorkerThread "GC Thread#4"                     [id=21656, stack(0x000000afba800000,0x000000afba900000) (1024K)]
  0x000002aa25ac4450 WorkerThread "GC Thread#5"                     [id=23128, stack(0x000000afbac00000,0x000000afbad00000) (1024K)]
  0x000002aa25b30f40 WorkerThread "GC Thread#6"                     [id=20044, stack(0x000000afbad00000,0x000000afbae00000) (1024K)]
  0x000002aa25635060 WorkerThread "GC Thread#7"                     [id=18708, stack(0x000000afbae00000,0x000000afbaf00000) (1024K)]
  0x000002aa25635400 WorkerThread "GC Thread#8"                     [id=9044, stack(0x000000afbaf00000,0x000000afbb000000) (1024K)]
  0x000002aa2563bfd0 WorkerThread "GC Thread#9"                     [id=9896, stack(0x000000afbb000000,0x000000afbb100000) (1024K)]
  0x000002aa2563c370 WorkerThread "GC Thread#10"                    [id=22820, stack(0x000000afbb100000,0x000000afbb200000) (1024K)]
  0x000002aa2563e5f0 WorkerThread "GC Thread#11"                    [id=23436, stack(0x000000afbb200000,0x000000afbb300000) (1024K)]
  0x000002aa2563d770 WorkerThread "GC Thread#12"                    [id=6900, stack(0x000000afbb300000,0x000000afbb400000) (1024K)]
  0x000002a9bf6649c0 ConcurrentGCThread "G1 Main Marker"            [id=6292, stack(0x000000afb7e00000,0x000000afb7f00000) (1024K)]
  0x000002a9bd3ebbd0 WorkerThread "G1 Conc#0"                       [id=1320, stack(0x000000afb7f00000,0x000000afb8000000) (1024K)]
  0x000002a9bf6be6a0 ConcurrentGCThread "G1 Refine#0"               [id=11444, stack(0x000000afb8000000,0x000000afb8100000) (1024K)]
  0x000002a9dee10670 ConcurrentGCThread "G1 Service"                [id=21320, stack(0x000000afb8100000,0x000000afb8200000) (1024K)]
Total: 19

Threads with active compile tasks:
C2 CompilerThread0      985 1937       4       java.util.HashMap::putVal (300 bytes)
C2 CompilerThread3      985 1869       4       java.util.Properties$LineReader::readLine (584 bytes)
Total: 2

VM state: not at safepoint (normal execution)

VM Mutex/Monitor currently owned by a thread: None

Heap address: 0x000000070a200000, size: 3934 MB, Compressed Oops mode: Zero based, Oop shift amount: 3

CDS archive(s) mapped at: [0x000002a9df000000-0x000002a9dfc90000-0x000002a9dfc90000), size 13172736, SharedBaseAddress: 0x000002a9df000000, ArchiveRelocationMode: 1.
Compressed class space mapped at: 0x000002a9e0000000-0x000002aa20000000, reserved size: 1073741824
Narrow klass base: 0x000002a9df000000, Narrow klass shift: 0, Narrow klass range: 0x100000000

GC Precious Log:
 CardTable entry size: 512
 Card Set container configuration: InlinePtr #cards 4 size 8 Array Of Cards #cards 16 size 48 Howl #buckets 8 coarsen threshold 3686 Howl Bitmap #cards 512 size 80 coarsen threshold 460 Card regions per heap region 1 cards per card region 4096
 CPUs: 16 total, 16 available
 Memory: 15732M
 Large Page Support: Disabled
 NUMA Support: Disabled
 Compressed Oops: Enabled (Zero based)
 Heap Region Size: 2M
 Heap Min Capacity: 8M
 Heap Initial Capacity: 246M
 Heap Max Capacity: 3934M
 Pre-touch: Disabled
 Parallel Workers: 13
 Concurrent Workers: 3
 Concurrent Refinement Workers: 13
 Periodic GC: Disabled

Heap:
 garbage-first heap   total 251904K, used 13347K [0x000000070a200000, 0x0000000800000000)
  region size 2048K, 6 young (12288K), 3 survivors (6144K)
 Metaspace       used 13860K, committed 14208K, reserved 1114112K
  class space    used 1779K, committed 1920K, reserved 1048576K

Heap Regions: E=young(eden), S=young(survivor), O=old, HS=humongous(starts), HC=humongous(continues), CS=collection set, F=free, TAMS=top-at-mark-start, PB=parsable bottom
|   0|0x000000070a200000, 0x000000070a400000, 0x000000070a400000|100%| O|  |TAMS 0x000000070a200000| PB 0x000000070a200000| Untracked 
|   1|0x000000070a400000, 0x000000070a600000, 0x000000070a600000|100%| O|  |TAMS 0x000000070a400000| PB 0x000000070a400000| Untracked 
|   2|0x000000070a600000, 0x000000070a688140, 0x000000070a800000| 26%| O|  |TAMS 0x000000070a600000| PB 0x000000070a600000| Untracked 
|   3|0x000000070a800000, 0x000000070a800000, 0x000000070aa00000|  0%| F|  |TAMS 0x000000070a800000| PB 0x000000070a800000| Untracked 
|   4|0x000000070aa00000, 0x000000070aa00000, 0x000000070ac00000|  0%| F|  |TAMS 0x000000070aa00000| PB 0x000000070aa00000| Untracked 
|   5|0x000000070ac00000, 0x000000070ac00000, 0x000000070ae00000|  0%| F|  |TAMS 0x000000070ac00000| PB 0x000000070ac00000| Untracked 
|   6|0x000000070ae00000, 0x000000070ae00000, 0x000000070b000000|  0%| F|  |TAMS 0x000000070ae00000| PB 0x000000070ae00000| Untracked 
|   7|0x000000070b000000, 0x000000070b000000, 0x000000070b200000|  0%| F|  |TAMS 0x000000070b000000| PB 0x000000070b000000| Untracked 
|   8|0x000000070b200000, 0x000000070b200000, 0x000000070b400000|  0%| F|  |TAMS 0x000000070b200000| PB 0x000000070b200000| Untracked 
|   9|0x000000070b400000, 0x000000070b400000, 0x000000070b600000|  0%| F|  |TAMS 0x000000070b400000| PB 0x000000070b400000| Untracked 
|  10|0x000000070b600000, 0x000000070b600000, 0x000000070b800000|  0%| F|  |TAMS 0x000000070b600000| PB 0x000000070b600000| Untracked 
|  11|0x000000070b800000, 0x000000070b800000, 0x000000070ba00000|  0%| F|  |TAMS 0x000000070b800000| PB 0x000000070b800000| Untracked 
|  12|0x000000070ba00000, 0x000000070ba00000, 0x000000070bc00000|  0%| F|  |TAMS 0x000000070ba00000| PB 0x000000070ba00000| Untracked 
|  13|0x000000070bc00000, 0x000000070bc00000, 0x000000070be00000|  0%| F|  |TAMS 0x000000070bc00000| PB 0x000000070bc00000| Untracked 
|  14|0x000000070be00000, 0x000000070be00000, 0x000000070c000000|  0%| F|  |TAMS 0x000000070be00000| PB 0x000000070be00000| Untracked 
|  15|0x000000070c000000, 0x000000070c000000, 0x000000070c200000|  0%| F|  |TAMS 0x000000070c000000| PB 0x000000070c000000| Untracked 
|  16|0x000000070c200000, 0x000000070c200000, 0x000000070c400000|  0%| F|  |TAMS 0x000000070c200000| PB 0x000000070c200000| Untracked 
|  17|0x000000070c400000, 0x000000070c400000, 0x000000070c600000|  0%| F|  |TAMS 0x000000070c400000| PB 0x000000070c400000| Untracked 
|  18|0x000000070c600000, 0x000000070c600000, 0x000000070c800000|  0%| F|  |TAMS 0x000000070c600000| PB 0x000000070c600000| Untracked 
|  19|0x000000070c800000, 0x000000070c800000, 0x000000070ca00000|  0%| F|  |TAMS 0x000000070c800000| PB 0x000000070c800000| Untracked 
|  20|0x000000070ca00000, 0x000000070ca00000, 0x000000070cc00000|  0%| F|  |TAMS 0x000000070ca00000| PB 0x000000070ca00000| Untracked 
|  21|0x000000070cc00000, 0x000000070cc00000, 0x000000070ce00000|  0%| F|  |TAMS 0x000000070cc00000| PB 0x000000070cc00000| Untracked 
|  22|0x000000070ce00000, 0x000000070ce00000, 0x000000070d000000|  0%| F|  |TAMS 0x000000070ce00000| PB 0x000000070ce00000| Untracked 
|  23|0x000000070d000000, 0x000000070d000000, 0x000000070d200000|  0%| F|  |TAMS 0x000000070d000000| PB 0x000000070d000000| Untracked 
|  24|0x000000070d200000, 0x000000070d200000, 0x000000070d400000|  0%| F|  |TAMS 0x000000070d200000| PB 0x000000070d200000| Untracked 
|  25|0x000000070d400000, 0x000000070d400000, 0x000000070d600000|  0%| F|  |TAMS 0x000000070d400000| PB 0x000000070d400000| Untracked 
|  26|0x000000070d600000, 0x000000070d600000, 0x000000070d800000|  0%| F|  |TAMS 0x000000070d600000| PB 0x000000070d600000| Untracked 
|  27|0x000000070d800000, 0x000000070d800000, 0x000000070da00000|  0%| F|  |TAMS 0x000000070d800000| PB 0x000000070d800000| Untracked 
|  28|0x000000070da00000, 0x000000070da00000, 0x000000070dc00000|  0%| F|  |TAMS 0x000000070da00000| PB 0x000000070da00000| Untracked 
|  29|0x000000070dc00000, 0x000000070dc00000, 0x000000070de00000|  0%| F|  |TAMS 0x000000070dc00000| PB 0x000000070dc00000| Untracked 
|  30|0x000000070de00000, 0x000000070de00000, 0x000000070e000000|  0%| F|  |TAMS 0x000000070de00000| PB 0x000000070de00000| Untracked 
|  31|0x000000070e000000, 0x000000070e000000, 0x000000070e200000|  0%| F|  |TAMS 0x000000070e000000| PB 0x000000070e000000| Untracked 
|  32|0x000000070e200000, 0x000000070e200000, 0x000000070e400000|  0%| F|  |TAMS 0x000000070e200000| PB 0x000000070e200000| Untracked 
|  33|0x000000070e400000, 0x000000070e400000, 0x000000070e600000|  0%| F|  |TAMS 0x000000070e400000| PB 0x000000070e400000| Untracked 
|  34|0x000000070e600000, 0x000000070e600000, 0x000000070e800000|  0%| F|  |TAMS 0x000000070e600000| PB 0x000000070e600000| Untracked 
|  35|0x000000070e800000, 0x000000070e800000, 0x000000070ea00000|  0%| F|  |TAMS 0x000000070e800000| PB 0x000000070e800000| Untracked 
|  36|0x000000070ea00000, 0x000000070ea00000, 0x000000070ec00000|  0%| F|  |TAMS 0x000000070ea00000| PB 0x000000070ea00000| Untracked 
|  37|0x000000070ec00000, 0x000000070ec00000, 0x000000070ee00000|  0%| F|  |TAMS 0x000000070ec00000| PB 0x000000070ec00000| Untracked 
|  38|0x000000070ee00000, 0x000000070ee00000, 0x000000070f000000|  0%| F|  |TAMS 0x000000070ee00000| PB 0x000000070ee00000| Untracked 
|  39|0x000000070f000000, 0x000000070f000000, 0x000000070f200000|  0%| F|  |TAMS 0x000000070f000000| PB 0x000000070f000000| Untracked 
|  40|0x000000070f200000, 0x000000070f200000, 0x000000070f400000|  0%| F|  |TAMS 0x000000070f200000| PB 0x000000070f200000| Untracked 
|  41|0x000000070f400000, 0x000000070f400000, 0x000000070f600000|  0%| F|  |TAMS 0x000000070f400000| PB 0x000000070f400000| Untracked 
|  42|0x000000070f600000, 0x000000070f600000, 0x000000070f800000|  0%| F|  |TAMS 0x000000070f600000| PB 0x000000070f600000| Untracked 
|  43|0x000000070f800000, 0x000000070f800000, 0x000000070fa00000|  0%| F|  |TAMS 0x000000070f800000| PB 0x000000070f800000| Untracked 
|  44|0x000000070fa00000, 0x000000070fa00000, 0x000000070fc00000|  0%| F|  |TAMS 0x000000070fa00000| PB 0x000000070fa00000| Untracked 
|  45|0x000000070fc00000, 0x000000070fc00000, 0x000000070fe00000|  0%| F|  |TAMS 0x000000070fc00000| PB 0x000000070fc00000| Untracked 
|  46|0x000000070fe00000, 0x000000070fe00000, 0x0000000710000000|  0%| F|  |TAMS 0x000000070fe00000| PB 0x000000070fe00000| Untracked 
|  47|0x0000000710000000, 0x0000000710000000, 0x0000000710200000|  0%| F|  |TAMS 0x0000000710000000| PB 0x0000000710000000| Untracked 
|  48|0x0000000710200000, 0x0000000710200000, 0x0000000710400000|  0%| F|  |TAMS 0x0000000710200000| PB 0x0000000710200000| Untracked 
|  49|0x0000000710400000, 0x0000000710400000, 0x0000000710600000|  0%| F|  |TAMS 0x0000000710400000| PB 0x0000000710400000| Untracked 
|  50|0x0000000710600000, 0x0000000710600000, 0x0000000710800000|  0%| F|  |TAMS 0x0000000710600000| PB 0x0000000710600000| Untracked 
|  51|0x0000000710800000, 0x0000000710800000, 0x0000000710a00000|  0%| F|  |TAMS 0x0000000710800000| PB 0x0000000710800000| Untracked 
|  52|0x0000000710a00000, 0x0000000710a00000, 0x0000000710c00000|  0%| F|  |TAMS 0x0000000710a00000| PB 0x0000000710a00000| Untracked 
|  53|0x0000000710c00000, 0x0000000710c00000, 0x0000000710e00000|  0%| F|  |TAMS 0x0000000710c00000| PB 0x0000000710c00000| Untracked 
|  54|0x0000000710e00000, 0x0000000710e00000, 0x0000000711000000|  0%| F|  |TAMS 0x0000000710e00000| PB 0x0000000710e00000| Untracked 
|  55|0x0000000711000000, 0x0000000711000000, 0x0000000711200000|  0%| F|  |TAMS 0x0000000711000000| PB 0x0000000711000000| Untracked 
|  56|0x0000000711200000, 0x0000000711200000, 0x0000000711400000|  0%| F|  |TAMS 0x0000000711200000| PB 0x0000000711200000| Untracked 
|  57|0x0000000711400000, 0x0000000711400000, 0x0000000711600000|  0%| F|  |TAMS 0x0000000711400000| PB 0x0000000711400000| Untracked 
|  58|0x0000000711600000, 0x0000000711600000, 0x0000000711800000|  0%| F|  |TAMS 0x0000000711600000| PB 0x0000000711600000| Untracked 
|  59|0x0000000711800000, 0x0000000711800000, 0x0000000711a00000|  0%| F|  |TAMS 0x0000000711800000| PB 0x0000000711800000| Untracked 
|  60|0x0000000711a00000, 0x0000000711a00000, 0x0000000711c00000|  0%| F|  |TAMS 0x0000000711a00000| PB 0x0000000711a00000| Untracked 
|  61|0x0000000711c00000, 0x0000000711c00000, 0x0000000711e00000|  0%| F|  |TAMS 0x0000000711c00000| PB 0x0000000711c00000| Untracked 
|  62|0x0000000711e00000, 0x0000000711e00000, 0x0000000712000000|  0%| F|  |TAMS 0x0000000711e00000| PB 0x0000000711e00000| Untracked 
|  63|0x0000000712000000, 0x0000000712000000, 0x0000000712200000|  0%| F|  |TAMS 0x0000000712000000| PB 0x0000000712000000| Untracked 
|  64|0x0000000712200000, 0x0000000712200000, 0x0000000712400000|  0%| F|  |TAMS 0x0000000712200000| PB 0x0000000712200000| Untracked 
|  65|0x0000000712400000, 0x0000000712400000, 0x0000000712600000|  0%| F|  |TAMS 0x0000000712400000| PB 0x0000000712400000| Untracked 
|  66|0x0000000712600000, 0x0000000712600000, 0x0000000712800000|  0%| F|  |TAMS 0x0000000712600000| PB 0x0000000712600000| Untracked 
|  67|0x0000000712800000, 0x0000000712800000, 0x0000000712a00000|  0%| F|  |TAMS 0x0000000712800000| PB 0x0000000712800000| Untracked 
|  68|0x0000000712a00000, 0x0000000712a00000, 0x0000000712c00000|  0%| F|  |TAMS 0x0000000712a00000| PB 0x0000000712a00000| Untracked 
|  69|0x0000000712c00000, 0x0000000712c00000, 0x0000000712e00000|  0%| F|  |TAMS 0x0000000712c00000| PB 0x0000000712c00000| Untracked 
|  70|0x0000000712e00000, 0x0000000712e00000, 0x0000000713000000|  0%| F|  |TAMS 0x0000000712e00000| PB 0x0000000712e00000| Untracked 
|  71|0x0000000713000000, 0x0000000713000000, 0x0000000713200000|  0%| F|  |TAMS 0x0000000713000000| PB 0x0000000713000000| Untracked 
|  72|0x0000000713200000, 0x0000000713200000, 0x0000000713400000|  0%| F|  |TAMS 0x0000000713200000| PB 0x0000000713200000| Untracked 
|  73|0x0000000713400000, 0x0000000713400000, 0x0000000713600000|  0%| F|  |TAMS 0x0000000713400000| PB 0x0000000713400000| Untracked 
|  74|0x0000000713600000, 0x0000000713600000, 0x0000000713800000|  0%| F|  |TAMS 0x0000000713600000| PB 0x0000000713600000| Untracked 
|  75|0x0000000713800000, 0x0000000713800000, 0x0000000713a00000|  0%| F|  |TAMS 0x0000000713800000| PB 0x0000000713800000| Untracked 
|  76|0x0000000713a00000, 0x0000000713a00000, 0x0000000713c00000|  0%| F|  |TAMS 0x0000000713a00000| PB 0x0000000713a00000| Untracked 
|  77|0x0000000713c00000, 0x0000000713c00000, 0x0000000713e00000|  0%| F|  |TAMS 0x0000000713c00000| PB 0x0000000713c00000| Untracked 
|  78|0x0000000713e00000, 0x0000000713e00000, 0x0000000714000000|  0%| F|  |TAMS 0x0000000713e00000| PB 0x0000000713e00000| Untracked 
|  79|0x0000000714000000, 0x0000000714000000, 0x0000000714200000|  0%| F|  |TAMS 0x0000000714000000| PB 0x0000000714000000| Untracked 
|  80|0x0000000714200000, 0x0000000714200000, 0x0000000714400000|  0%| F|  |TAMS 0x0000000714200000| PB 0x0000000714200000| Untracked 
|  81|0x0000000714400000, 0x0000000714400000, 0x0000000714600000|  0%| F|  |TAMS 0x0000000714400000| PB 0x0000000714400000| Untracked 
|  82|0x0000000714600000, 0x0000000714600000, 0x0000000714800000|  0%| F|  |TAMS 0x0000000714600000| PB 0x0000000714600000| Untracked 
|  83|0x0000000714800000, 0x0000000714800000, 0x0000000714a00000|  0%| F|  |TAMS 0x0000000714800000| PB 0x0000000714800000| Untracked 
|  84|0x0000000714a00000, 0x0000000714a00000, 0x0000000714c00000|  0%| F|  |TAMS 0x0000000714a00000| PB 0x0000000714a00000| Untracked 
|  85|0x0000000714c00000, 0x0000000714c00000, 0x0000000714e00000|  0%| F|  |TAMS 0x0000000714c00000| PB 0x0000000714c00000| Untracked 
|  86|0x0000000714e00000, 0x0000000714e00000, 0x0000000715000000|  0%| F|  |TAMS 0x0000000714e00000| PB 0x0000000714e00000| Untracked 
|  87|0x0000000715000000, 0x0000000715000000, 0x0000000715200000|  0%| F|  |TAMS 0x0000000715000000| PB 0x0000000715000000| Untracked 
|  88|0x0000000715200000, 0x0000000715200000, 0x0000000715400000|  0%| F|  |TAMS 0x0000000715200000| PB 0x0000000715200000| Untracked 
|  89|0x0000000715400000, 0x0000000715400000, 0x0000000715600000|  0%| F|  |TAMS 0x0000000715400000| PB 0x0000000715400000| Untracked 
|  90|0x0000000715600000, 0x0000000715600000, 0x0000000715800000|  0%| F|  |TAMS 0x0000000715600000| PB 0x0000000715600000| Untracked 
|  91|0x0000000715800000, 0x0000000715800000, 0x0000000715a00000|  0%| F|  |TAMS 0x0000000715800000| PB 0x0000000715800000| Untracked 
|  92|0x0000000715a00000, 0x0000000715a00000, 0x0000000715c00000|  0%| F|  |TAMS 0x0000000715a00000| PB 0x0000000715a00000| Untracked 
|  93|0x0000000715c00000, 0x0000000715c00000, 0x0000000715e00000|  0%| F|  |TAMS 0x0000000715c00000| PB 0x0000000715c00000| Untracked 
|  94|0x0000000715e00000, 0x0000000715e00000, 0x0000000716000000|  0%| F|  |TAMS 0x0000000715e00000| PB 0x0000000715e00000| Untracked 
|  95|0x0000000716000000, 0x0000000716000000, 0x0000000716200000|  0%| F|  |TAMS 0x0000000716000000| PB 0x0000000716000000| Untracked 
|  96|0x0000000716200000, 0x0000000716200000, 0x0000000716400000|  0%| F|  |TAMS 0x0000000716200000| PB 0x0000000716200000| Untracked 
|  97|0x0000000716400000, 0x0000000716400000, 0x0000000716600000|  0%| F|  |TAMS 0x0000000716400000| PB 0x0000000716400000| Untracked 
|  98|0x0000000716600000, 0x0000000716600000, 0x0000000716800000|  0%| F|  |TAMS 0x0000000716600000| PB 0x0000000716600000| Untracked 
|  99|0x0000000716800000, 0x0000000716800000, 0x0000000716a00000|  0%| F|  |TAMS 0x0000000716800000| PB 0x0000000716800000| Untracked 
| 100|0x0000000716a00000, 0x0000000716a00000, 0x0000000716c00000|  0%| F|  |TAMS 0x0000000716a00000| PB 0x0000000716a00000| Untracked 
| 101|0x0000000716c00000, 0x0000000716c00000, 0x0000000716e00000|  0%| F|  |TAMS 0x0000000716c00000| PB 0x0000000716c00000| Untracked 
| 102|0x0000000716e00000, 0x0000000716e80d60, 0x0000000717000000| 25%| S|CS|TAMS 0x0000000716e00000| PB 0x0000000716e00000| Complete 
| 103|0x0000000717000000, 0x0000000717200000, 0x0000000717200000|100%| S|CS|TAMS 0x0000000717000000| PB 0x0000000717000000| Complete 
| 104|0x0000000717200000, 0x0000000717400000, 0x0000000717400000|100%| S|CS|TAMS 0x0000000717200000| PB 0x0000000717200000| Complete 
| 105|0x0000000717400000, 0x0000000717400000, 0x0000000717600000|  0%| F|  |TAMS 0x0000000717400000| PB 0x0000000717400000| Untracked 
| 106|0x0000000717600000, 0x0000000717600000, 0x0000000717800000|  0%| F|  |TAMS 0x0000000717600000| PB 0x0000000717600000| Untracked 
| 107|0x0000000717800000, 0x0000000717800000, 0x0000000717a00000|  0%| F|  |TAMS 0x0000000717800000| PB 0x0000000717800000| Untracked 
| 108|0x0000000717a00000, 0x0000000717a00000, 0x0000000717c00000|  0%| F|  |TAMS 0x0000000717a00000| PB 0x0000000717a00000| Untracked 
| 109|0x0000000717c00000, 0x0000000717c00000, 0x0000000717e00000|  0%| F|  |TAMS 0x0000000717c00000| PB 0x0000000717c00000| Untracked 
| 110|0x0000000717e00000, 0x0000000717e00000, 0x0000000718000000|  0%| F|  |TAMS 0x0000000717e00000| PB 0x0000000717e00000| Untracked 
| 111|0x0000000718000000, 0x0000000718000000, 0x0000000718200000|  0%| F|  |TAMS 0x0000000718000000| PB 0x0000000718000000| Untracked 
| 112|0x0000000718200000, 0x0000000718200000, 0x0000000718400000|  0%| F|  |TAMS 0x0000000718200000| PB 0x0000000718200000| Untracked 
| 113|0x0000000718400000, 0x0000000718400000, 0x0000000718600000|  0%| F|  |TAMS 0x0000000718400000| PB 0x0000000718400000| Untracked 
| 114|0x0000000718600000, 0x0000000718600000, 0x0000000718800000|  0%| F|  |TAMS 0x0000000718600000| PB 0x0000000718600000| Untracked 
| 115|0x0000000718800000, 0x0000000718800000, 0x0000000718a00000|  0%| F|  |TAMS 0x0000000718800000| PB 0x0000000718800000| Untracked 
| 116|0x0000000718a00000, 0x0000000718a00000, 0x0000000718c00000|  0%| F|  |TAMS 0x0000000718a00000| PB 0x0000000718a00000| Untracked 
| 117|0x0000000718c00000, 0x0000000718c00000, 0x0000000718e00000|  0%| F|  |TAMS 0x0000000718c00000| PB 0x0000000718c00000| Untracked 
| 118|0x0000000718e00000, 0x0000000718e00000, 0x0000000719000000|  0%| F|  |TAMS 0x0000000718e00000| PB 0x0000000718e00000| Untracked 
| 119|0x0000000719000000, 0x0000000719000000, 0x0000000719200000|  0%| F|  |TAMS 0x0000000719000000| PB 0x0000000719000000| Untracked 
| 120|0x0000000719200000, 0x000000071926ad48, 0x0000000719400000| 20%| E|  |TAMS 0x0000000719200000| PB 0x0000000719200000| Complete 
| 121|0x0000000719400000, 0x0000000719600000, 0x0000000719600000|100%| E|CS|TAMS 0x0000000719400000| PB 0x0000000719400000| Complete 
| 122|0x0000000719600000, 0x0000000719800000, 0x0000000719800000|100%| E|CS|TAMS 0x0000000719600000| PB 0x0000000719600000| Complete 

Card table byte_map: [0x000002a9d7ab0000,0x000002a9d8260000] _byte_map_base: 0x000002a9d425f000

Marking Bits: (CMBitMap*) 0x000002a9bd3ea160
 Bits: [0x000002a9d8260000, 0x000002a9dbfd8000)

Polling page: 0x000002a9bd5e0000

Metaspace:

Usage:
  Non-class:     11.85 MB used.
      Class:      1.74 MB used.
       Both:     13.59 MB used.

Virtual space:
  Non-class space:       64.00 MB reserved,      12.00 MB ( 19%) committed,  1 nodes.
      Class space:        1.00 GB reserved,       1.88 MB ( <1%) committed,  1 nodes.
             Both:        1.06 GB reserved,      13.88 MB (  1%) committed. 

Chunk freelists:
   Non-Class:  3.97 MB
       Class:  13.97 MB
        Both:  17.94 MB

MaxMetaspaceSize: unlimited
CompressedClassSpaceSize: 1.00 GB
Initial GC threshold: 21.00 MB
Current GC threshold: 21.00 MB
CDS: on
 - commit_granule_bytes: 65536.
 - commit_granule_words: 8192.
 - virtual_space_node_default_size: 8388608.
 - enlarge_chunks_in_place: 1.
 - use_allocation_guard: 0.


Internal statistics:

num_allocs_failed_limit: 0.
num_arena_births: 260.
num_arena_deaths: 0.
num_vsnodes_births: 2.
num_vsnodes_deaths: 0.
num_space_committed: 222.
num_space_uncommitted: 0.
num_chunks_returned_to_freelist: 0.
num_chunks_taken_from_freelist: 682.
num_chunk_merges: 0.
num_chunk_splits: 478.
num_chunks_enlarged: 355.
num_inconsistent_stats: 0.

CodeHeap 'non-profiled nmethods': size=119168Kb used=727Kb max_used=727Kb free=118440Kb
 bounds [0x000002a9cf600000, 0x000002a9cf870000, 0x000002a9d6a60000]
CodeHeap 'profiled nmethods': size=119104Kb used=3693Kb max_used=3693Kb free=115410Kb
 bounds [0x000002a9c7a60000, 0x000002a9c7e00000, 0x000002a9ceeb0000]
CodeHeap 'non-nmethods': size=7488Kb used=3294Kb max_used=3313Kb free=4193Kb
 bounds [0x000002a9ceeb0000, 0x000002a9cf1f0000, 0x000002a9cf600000]
 total_blobs=2601 nmethods=1935 adapters=567
 compilation: enabled
              stopped_count=0, restarted_count=0
 full_count=0

Compilation events (20 events):
Event: 0.941 Thread 0x000002aa24221df0 nmethod 1848 0x000002a9cf6b1110 code [0x000002a9cf6b12c0, 0x000002a9cf6b14b8]
Event: 0.942 Thread 0x000002aa24224b60 nmethod 1847 0x000002a9cf6b1610 code [0x000002a9cf6b17c0, 0x000002a9cf6b1a70]
Event: 0.944 Thread 0x000002aa242113d0 1862       3       java.util.concurrent.ConcurrentHashMap::remove (8 bytes)
Event: 0.944 Thread 0x000002aa24224b60 1863       4       java.util.concurrent.ConcurrentHashMap::addCount (280 bytes)
Event: 0.944 Thread 0x000002aa242113d0 nmethod 1862 0x000002a9c7dcd990 code [0x000002a9c7dcdb40, 0x000002a9c7dcdc90]
Event: 0.945 Thread 0x000002a9def84ec0 1864       1       com.sun.javafx.tk.quantum.QuantumToolkit$PulseTask::get (5 bytes)
Event: 0.945 Thread 0x000002a9def84ec0 nmethod 1864 0x000002a9cf6b1c10 code [0x000002a9cf6b1da0, 0x000002a9cf6b1e70]
Event: 0.948 Thread 0x000002aa24224b60 nmethod 1863 0x000002a9cf6b1f10 code [0x000002a9cf6b20e0, 0x000002a9cf6b2370]
Event: 0.948 Thread 0x000002a9def7b9f0 1865 % !   4       java.util.concurrent.ConcurrentHashMap::transfer @ 437 (849 bytes)
Event: 0.953 Thread 0x000002aa242c9ff0 1866       3       jdk.internal.loader.URLClassPath$JarLoader::findResource (18 bytes)
Event: 0.953 Thread 0x000002a9def84ec0 1867       3       java.lang.Class::getReflectionFactory (28 bytes)
Event: 0.953 Thread 0x000002aa242c9ff0 nmethod 1866 0x000002a9c7dcdd10 code [0x000002a9c7dcdee0, 0x000002a9c7dce168]
Event: 0.954 Thread 0x000002a9def84ec0 nmethod 1867 0x000002a9c7dce290 code [0x000002a9c7dce4c0, 0x000002a9c7dceb88]
Event: 0.955 Thread 0x000002a9def84ec0 1868       3       java.util.Properties::loadConvert (540 bytes)
Event: 0.955 Thread 0x000002aa24224b60 1869       4       java.util.Properties$LineReader::readLine (584 bytes)
Event: 0.956 Thread 0x000002aa242113d0 1870       3       java.lang.Module::implIsExportedOrOpen (92 bytes)
Event: 0.956 Thread 0x000002aa242c9530 1871       3       java.lang.invoke.InfoFromMemberName::getModifiers (8 bytes)
Event: 0.956 Thread 0x000002aa242c9530 nmethod 1871 0x000002a9c7dcee10 code [0x000002a9c7dcefc0, 0x000002a9c7dcf140]
Event: 0.956 Thread 0x000002a9def84ec0 nmethod 1868 0x000002a9c7dcf210 code [0x000002a9c7dcf500, 0x000002a9c7dd0898]
Event: 0.956 Thread 0x000002aa242113d0 nmethod 1870 0x000002a9c7dd0f10 code [0x000002a9c7dd1140, 0x000002a9c7dd1868]

GC Heap History (4 events):
Event: 0.427 GC heap before
{Heap before GC invocations=0 (full 0):
 garbage-first heap   total 251904K, used 20480K [0x000000070a200000, 0x0000000800000000)
  region size 2048K, 11 young (22528K), 0 survivors (0K)
 Metaspace       used 3677K, committed 3840K, reserved 1114112K
  class space    used 372K, committed 448K, reserved 1048576K
}
Event: 0.429 GC heap after
{Heap after GC invocations=1 (full 0):
 garbage-first heap   total 251904K, used 5301K [0x000000070a200000, 0x0000000800000000)
  region size 2048K, 2 young (4096K), 2 survivors (4096K)
 Metaspace       used 3677K, committed 3840K, reserved 1114112K
  class space    used 372K, committed 448K, reserved 1048576K
}
Event: 0.935 GC heap before
{Heap before GC invocations=1 (full 0):
 garbage-first heap   total 251904K, used 36021K [0x000000070a200000, 0x0000000800000000)
  region size 2048K, 18 young (36864K), 2 survivors (4096K)
 Metaspace       used 12886K, committed 13184K, reserved 1114112K
  class space    used 1620K, committed 1792K, reserved 1048576K
}
Event: 0.940 GC heap after
{Heap after GC invocations=2 (full 0):
 garbage-first heap   total 251904K, used 9251K [0x000000070a200000, 0x0000000800000000)
  region size 2048K, 3 young (6144K), 3 survivors (6144K)
 Metaspace       used 12886K, committed 13184K, reserved 1114112K
  class space    used 1620K, committed 1792K, reserved 1048576K
}

Dll operation events (20 events):
Event: 0.280 Loaded shared library D:\Telechargement\Nouveau dossier\javafx-sdk-21.0.1\bin\api-ms-win-crt-locale-l1-1-0.dll
Event: 0.281 Loaded shared library D:\Telechargement\Nouveau dossier\javafx-sdk-21.0.1\bin\api-ms-win-crt-math-l1-1-0.dll
Event: 0.282 Loaded shared library D:\Telechargement\Nouveau dossier\javafx-sdk-21.0.1\bin\api-ms-win-crt-multibyte-l1-1-0.dll
Event: 0.283 Loaded shared library D:\Telechargement\Nouveau dossier\javafx-sdk-21.0.1\bin\api-ms-win-crt-private-l1-1-0.dll
Event: 0.285 Loaded shared library D:\Telechargement\Nouveau dossier\javafx-sdk-21.0.1\bin\api-ms-win-crt-process-l1-1-0.dll
Event: 0.286 Loaded shared library D:\Telechargement\Nouveau dossier\javafx-sdk-21.0.1\bin\api-ms-win-crt-runtime-l1-1-0.dll
Event: 0.287 Loaded shared library D:\Telechargement\Nouveau dossier\javafx-sdk-21.0.1\bin\api-ms-win-crt-stdio-l1-1-0.dll
Event: 0.288 Loaded shared library D:\Telechargement\Nouveau dossier\javafx-sdk-21.0.1\bin\api-ms-win-crt-string-l1-1-0.dll
Event: 0.290 Loaded shared library D:\Telechargement\Nouveau dossier\javafx-sdk-21.0.1\bin\api-ms-win-crt-time-l1-1-0.dll
Event: 0.291 Loaded shared library D:\Telechargement\Nouveau dossier\javafx-sdk-21.0.1\bin\api-ms-win-crt-utility-l1-1-0.dll
Event: 0.292 Loaded shared library D:\Telechargement\Nouveau dossier\javafx-sdk-21.0.1\bin\ucrtbase.dll
Event: 0.294 Loaded shared library D:\Telechargement\Nouveau dossier\javafx-sdk-21.0.1\bin\vcruntime140.dll
Event: 0.295 Loaded shared library D:\Telechargement\Nouveau dossier\javafx-sdk-21.0.1\bin\vcruntime140_1.dll
Event: 0.297 Loaded shared library D:\Telechargement\Nouveau dossier\javafx-sdk-21.0.1\bin\msvcp140.dll
Event: 0.298 Loaded shared library D:\Telechargement\Nouveau dossier\javafx-sdk-21.0.1\bin\msvcp140_1.dll
Event: 0.299 Loaded shared library D:\Telechargement\Nouveau dossier\javafx-sdk-21.0.1\bin\msvcp140_2.dll
Event: 0.332 Loaded shared library D:\Telechargement\Nouveau dossier\javafx-sdk-21.0.1\bin\prism_d3d.dll
Event: 0.372 Loaded shared library D:\Telechargement\Nouveau dossier\javafx-sdk-21.0.1\bin\glass.dll
Event: 0.454 Loaded shared library C:\Program Files\Java\jdk-21\bin\jimage.dll
Event: 0.772 Loaded shared library D:\Telechargement\Nouveau dossier\javafx-sdk-21.0.1\bin\javafx_font.dll

Deoptimization events (20 events):
Event: 0.892 Thread 0x000002aa259c84a0 DEOPT PACKING pc=0x000002a9cf67a630 sp=0x000000afb9afdae0
Event: 0.892 Thread 0x000002aa259c84a0 DEOPT UNPACKING pc=0x000002a9cef046a2 sp=0x000000afb9afda40 mode 2
Event: 0.892 Thread 0x000002aa259c84a0 Uncommon trap: trap_request=0xffffff45 fr.pc=0x000002a9cf6910a0 relative=0x0000000000000bc0
Event: 0.892 Thread 0x000002aa259c84a0 Uncommon trap: reason=unstable_if action=reinterpret pc=0x000002a9cf6910a0 method=java.io.BufferedInputStream.implRead([BII)I @ 55 c2
Event: 0.892 Thread 0x000002aa259c84a0 DEOPT PACKING pc=0x000002a9cf6910a0 sp=0x000000afb9afdc20
Event: 0.892 Thread 0x000002aa259c84a0 DEOPT UNPACKING pc=0x000002a9cef046a2 sp=0x000000afb9afdb88 mode 2
Event: 0.916 Thread 0x000002aa259c84a0 Uncommon trap: trap_request=0xffffffc6 fr.pc=0x000002a9cf66c404 relative=0x0000000000000324
Event: 0.916 Thread 0x000002aa259c84a0 Uncommon trap: reason=bimorphic_or_optimized_type_check action=maybe_recompile pc=0x000002a9cf66c404 method=java.util.concurrent.ConcurrentHashMap.get(Ljava/lang/Object;)Ljava/lang/Object; @ 149 c2
Event: 0.916 Thread 0x000002aa259c84a0 DEOPT PACKING pc=0x000002a9cf66c404 sp=0x000000afb9afc2e0
Event: 0.916 Thread 0x000002aa259c84a0 DEOPT UNPACKING pc=0x000002a9cef046a2 sp=0x000000afb9afc250 mode 2
Event: 0.922 Thread 0x000002aa259c84a0 Uncommon trap: trap_request=0xffffffc6 fr.pc=0x000002a9cf66c404 relative=0x0000000000000324
Event: 0.922 Thread 0x000002aa259c84a0 Uncommon trap: reason=bimorphic_or_optimized_type_check action=maybe_recompile pc=0x000002a9cf66c404 method=java.util.concurrent.ConcurrentHashMap.get(Ljava/lang/Object;)Ljava/lang/Object; @ 149 c2
Event: 0.922 Thread 0x000002aa259c84a0 DEOPT PACKING pc=0x000002a9cf66c404 sp=0x000000afb9afc290
Event: 0.922 Thread 0x000002aa259c84a0 DEOPT UNPACKING pc=0x000002a9cef046a2 sp=0x000000afb9afc1f0 mode 2
Event: 0.932 Thread 0x000002aa259c84a0 Uncommon trap: trap_request=0xffffff45 fr.pc=0x000002a9cf60f6cc relative=0x000000000000012c
Event: 0.932 Thread 0x000002aa259c84a0 Uncommon trap: reason=unstable_if action=reinterpret pc=0x000002a9cf60f6cc method=java.lang.StringCoding.countPositives([BII)I @ 17 c2
Event: 0.932 Thread 0x000002aa259c84a0 DEOPT PACKING pc=0x000002a9cf60f6cc sp=0x000000afb9afd3a0
Event: 0.932 Thread 0x000002aa259c84a0 DEOPT UNPACKING pc=0x000002a9cef046a2 sp=0x000000afb9afd340 mode 2
Event: 0.955 Thread 0x000002aa259c84a0 DEOPT PACKING pc=0x000002a9c7c198bd sp=0x000000afb9afc870
Event: 0.955 Thread 0x000002aa259c84a0 DEOPT UNPACKING pc=0x000002a9cef04e42 sp=0x000000afb9afbd68 mode 0

Classes loaded (20 events):
Event: 0.929 Loading class java/time/DateTimeException done
Event: 0.929 Loading class java/time/format/DateTimeParseException done
Event: 0.952 Loading class jdk/internal/logger/LazyLoggers
Event: 0.952 Loading class jdk/internal/logger/LazyLoggers done
Event: 0.952 Loading class jdk/internal/logger/LazyLoggers$1
Event: 0.952 Loading class jdk/internal/logger/LazyLoggers$1 done
Event: 0.952 Loading class jdk/internal/logger/LazyLoggers$LazyLoggerFactories
Event: 0.952 Loading class jdk/internal/logger/LazyLoggers$LazyLoggerFactories done
Event: 0.952 Loading class jdk/internal/logger/LoggerFinderLoader
Event: 0.952 Loading class jdk/internal/logger/LoggerFinderLoader done
Event: 0.952 Loading class java/io/FilePermission$1
Event: 0.953 Loading class jdk/internal/access/JavaIOFilePermissionAccess
Event: 0.953 Loading class jdk/internal/access/JavaIOFilePermissionAccess done
Event: 0.953 Loading class java/io/FilePermission$1 done
Event: 0.953 Loading class jdk/internal/logger/LoggerFinderLoader$TemporaryLoggerFinder
Event: 0.954 Loading class jdk/internal/logger/LoggerFinderLoader$TemporaryLoggerFinder done
Event: 0.956 Loading class sun/util/logging/internal/LoggingProviderImpl$JULWrapper
Event: 0.957 Loading class sun/util/logging/PlatformLogger$ConfigurableBridge$LoggerConfiguration
Event: 0.957 Loading class sun/util/logging/PlatformLogger$ConfigurableBridge$LoggerConfiguration done
Event: 0.957 Loading class sun/util/logging/internal/LoggingProviderImpl$JULWrapper done

Classes unloaded (0 events):
No events

Classes redefined (0 events):
No events

Internal exceptions (20 events):
Event: 0.359 Thread 0x000002a9bf5edae0 Exception <a 'java/lang/NoSuchMethodError'{0x00000007187dbd00}: 'int java.lang.invoke.DirectMethodHandle$Holder.invokeStaticInit(java.lang.Object, java.lang.Object, java.lang.Object)'> (0x00000007187dbd00) 
thrown [s\open\src\hotspot\share\interpreter\linkResolver.cpp, line 773]
Event: 0.375 Thread 0x000002a9bf5edae0 Exception <a 'java/lang/NoSuchMethodError'{0x00000007184b4d40}: 'java.lang.Object java.lang.invoke.DirectMethodHandle$Holder.newInvokeSpecial(java.lang.Object, java.lang.Object, int, java.lang.Object)'> (0x00000007184b4d40) 
thrown [s\open\src\hotspot\share\interpreter\linkResolver.cpp, line 773]
Event: 0.375 Thread 0x000002a9bf5edae0 Exception <a 'java/lang/NoSuchMethodError'{0x00000007184b8e98}: 'java.lang.Object java.lang.invoke.DirectMethodHandle$Holder.invokeSpecial(java.lang.Object, java.lang.Object, java.lang.Object, int, java.lang.Object)'> (0x00000007184b8e98) 
thrown [s\open\src\hotspot\share\interpreter\linkResolver.cpp, line 773]
Event: 0.425 Thread 0x000002aa259c84a0 Exception <a 'java/lang/NoSuchMethodError'{0x00000007183ded50}: 'void java.lang.invoke.DirectMethodHandle$Holder.invokeStaticInit(java.lang.Object)'> (0x00000007183ded50) 
thrown [s\open\src\hotspot\share\interpreter\linkResolver.cpp, line 773]
Event: 0.431 Thread 0x000002a9bf5edae0 Exception <a 'java/lang/NoSuchMethodError'{0x00000007196c5f78}: 'java.lang.Object java.lang.invoke.DirectMethodHandle$Holder.newInvokeSpecial(java.lang.Object, java.lang.Object, java.lang.Object, java.lang.Object, java.lang.Object, java.lang.Object)'> (0x00000007196c5f78) 
thrown [s\open\src\hotspot\share\interpreter\linkResolver.cpp, line 773]
Event: 0.436 Thread 0x000002a9bf5edae0 Exception <a 'java/lang/NoSuchMethodError'{0x0000000719700278}: 'java.lang.Object java.lang.invoke.DirectMethodHandle$Holder.newInvokeSpecial(java.lang.Object, java.lang.Object, java.lang.Object, java.lang.Object, java.lang.Object)'> (0x0000000719700278) 
thrown [s\open\src\hotspot\share\interpreter\linkResolver.cpp, line 773]
Event: 0.522 Thread 0x000002aa259c84a0 Exception <a 'java/lang/NoSuchMethodError'{0x00000007190f27b0}: 'java.lang.Object java.lang.invoke.DirectMethodHandle$Holder.invokeInterface(java.lang.Object, java.lang.Object)'> (0x00000007190f27b0) 
thrown [s\open\src\hotspot\share\interpreter\linkResolver.cpp, line 773]
Event: 0.542 Thread 0x000002aa259c84a0 Exception <a 'java/lang/NoSuchMethodError'{0x0000000719175428}: 'java.lang.Object java.lang.invoke.DirectMethodHandle$Holder.invokeVirtual(java.lang.Object, java.lang.Object, java.lang.Object)'> (0x0000000719175428) 
thrown [s\open\src\hotspot\share\interpreter\linkResolver.cpp, line 773]
Event: 0.724 Thread 0x000002aa259c84a0 Exception <a 'java/lang/NoSuchMethodError'{0x0000000718662ea0}: 'java.lang.Object java.lang.invoke.DirectMethodHandle$Holder.invokeStaticInit(java.lang.Object, java.lang.Object, java.lang.Object, java.lang.Object)'> (0x0000000718662ea0) 
thrown [s\open\src\hotspot\share\interpreter\linkResolver.cpp, line 773]
Event: 0.725 Thread 0x000002aa259c84a0 Exception <a 'java/lang/NullPointerException'{0x000000071866fad0}> (0x000000071866fad0) 
thrown [s\open\src\hotspot\share\interpreter\linkResolver.cpp, line 1372]
Event: 0.757 Thread 0x000002aa259c84a0 Exception <a 'java/lang/ClassNotFoundException'{0x000000071857a138}: com/sun/glass/ui/win/themes> (0x000000071857a138) 
thrown [s\open\src\hotspot\share\prims\jni.cpp, line 539]
Event: 0.757 Thread 0x000002aa259c84a0 Exception <a 'java/lang/ClassNotFoundException'{0x0000000718585580}: com/sun/glass/ui/win/themes_fr> (0x0000000718585580) 
thrown [s\open\src\hotspot\share\prims\jni.cpp, line 539]
Event: 0.758 Thread 0x000002aa259c84a0 Exception <a 'java/lang/ClassNotFoundException'{0x000000071858d428}: com/sun/glass/ui/win/themes_fr_FR> (0x000000071858d428) 
thrown [s\open\src\hotspot\share\prims\jni.cpp, line 539]
Event: 0.819 Thread 0x000002aa259c84a0 Exception <a 'java/lang/NoSuchMethodError'{0x0000000717b9bd60}: 'void java.lang.invoke.DirectMethodHandle$Holder.invokeStaticInit(java.lang.Object, java.lang.Object)'> (0x0000000717b9bd60) 
thrown [s\open\src\hotspot\share\interpreter\linkResolver.cpp, line 773]
Event: 0.862 Thread 0x000002aa259c84a0 Exception <a 'java/lang/NoSuchMethodError'{0x000000071761fb30}: 'void java.lang.invoke.Invokers$Holder.invokeExact_MT(java.lang.Object, java.lang.Object, java.lang.Object, java.lang.Object)'> (0x000000071761fb30) 
thrown [s\open\src\hotspot\share\interpreter\linkResolver.cpp, line 773]
Event: 0.869 Thread 0x000002aa259c84a0 Exception <a 'java/lang/NoSuchMethodError'{0x00000007176b89a0}: 'void java.lang.invoke.DirectMethodHandle$Holder.invokeSpecial(java.lang.Object, java.lang.Object, double)'> (0x00000007176b89a0) 
thrown [s\open\src\hotspot\share\interpreter\linkResolver.cpp, line 773]
Event: 0.870 Thread 0x000002aa259c84a0 Exception <a 'java/lang/NoSuchMethodError'{0x00000007176c3588}: 'double java.lang.invoke.DelegatingMethodHandle$Holder.reinvoke_L(java.lang.Object, java.lang.Object, int)'> (0x00000007176c3588) 
thrown [s\open\src\hotspot\share\interpreter\linkResolver.cpp, line 773]
Event: 0.871 Thread 0x000002aa259c84a0 Exception <a 'java/lang/NoSuchMethodError'{0x00000007176d4fc8}: 'java.lang.Object java.lang.invoke.DirectMethodHandle$Holder.invokeStatic(java.lang.Object, java.lang.Object, java.lang.Object, java.lang.Object, int)'> (0x00000007176d4fc8) 
thrown [s\open\src\hotspot\share\interpreter\linkResolver.cpp, line 773]
Event: 0.872 Thread 0x000002aa259c84a0 Exception <a 'java/lang/NoSuchMethodError'{0x00000007176e0348}: 'void java.lang.invoke.DelegatingMethodHandle$Holder.reinvoke_L(java.lang.Object, java.lang.Object, double)'> (0x00000007176e0348) 
thrown [s\open\src\hotspot\share\interpreter\linkResolver.cpp, line 773]
Event: 0.893 Thread 0x000002aa259c84a0 Exception <a 'java/lang/NoSuchMethodError'{0x0000000717406278}: 'void java.lang.invoke.DirectMethodHandle$Holder.invokeVirtual(java.lang.Object, java.lang.Object)'> (0x0000000717406278) 
thrown [s\open\src\hotspot\share\interpreter\linkResolver.cpp, line 773]

ZGC Phase Switch (0 events):
No events

VM Operations (20 events):
Event: 0.123 Executing VM operation: HandshakeAllThreads (Deoptimize)
Event: 0.123 Executing VM operation: HandshakeAllThreads (Deoptimize) done
Event: 0.369 Executing VM operation: HandshakeAllThreads (Deoptimize)
Event: 0.369 Executing VM operation: HandshakeAllThreads (Deoptimize) done
Event: 0.427 Executing VM operation: G1CollectForAllocation (G1 Evacuation Pause)
Event: 0.429 Executing VM operation: G1CollectForAllocation (G1 Evacuation Pause) done
Event: 0.497 Executing VM operation: HandshakeAllThreads (Deoptimize)
Event: 0.497 Executing VM operation: HandshakeAllThreads (Deoptimize) done
Event: 0.523 Executing VM operation: HandshakeAllThreads (Deoptimize)
Event: 0.523 Executing VM operation: HandshakeAllThreads (Deoptimize) done
Event: 0.537 Executing VM operation: HandshakeAllThreads (Deoptimize)
Event: 0.538 Executing VM operation: HandshakeAllThreads (Deoptimize) done
Event: 0.682 Executing VM operation: HandshakeAllThreads (Deoptimize)
Event: 0.682 Executing VM operation: HandshakeAllThreads (Deoptimize) done
Event: 0.846 Executing VM operation: HandshakeAllThreads (Deoptimize)
Event: 0.846 Executing VM operation: HandshakeAllThreads (Deoptimize) done
Event: 0.851 Executing VM operation: ICBufferFull
Event: 0.851 Executing VM operation: ICBufferFull done
Event: 0.935 Executing VM operation: G1CollectForAllocation (G1 Evacuation Pause)
Event: 0.940 Executing VM operation: G1CollectForAllocation (G1 Evacuation Pause) done

Events (20 events):
Event: 0.034 Thread 0x000002a9def7a200 Thread added: 0x000002a9def7a200
Event: 0.034 Thread 0x000002a9def7ac60 Thread added: 0x000002a9def7ac60
Event: 0.035 Thread 0x000002a9def7b9f0 Thread added: 0x000002a9def7b9f0
Event: 0.035 Thread 0x000002a9def84ec0 Thread added: 0x000002a9def84ec0
Event: 0.065 Thread 0x000002aa2420b140 Thread added: 0x000002aa2420b140
Event: 0.071 Thread 0x000002aa242113d0 Thread added: 0x000002aa242113d0
Event: 0.097 Thread 0x000002aa242c9530 Thread added: 0x000002aa242c9530
Event: 0.097 Thread 0x000002aa242c9ff0 Thread added: 0x000002aa242c9ff0
Event: 0.102 Thread 0x000002aa24221df0 Thread added: 0x000002aa24221df0
Event: 0.104 Thread 0x000002aa242224a0 Thread added: 0x000002aa242224a0
Event: 0.104 Thread 0x000002aa24224b60 Thread added: 0x000002aa24224b60
Event: 0.104 Thread 0x000002aa243d5a20 Thread added: 0x000002aa243d5a20
Event: 0.188 Thread 0x000002aa250cd030 Thread added: 0x000002aa250cd030
Event: 0.188 Thread 0x000002aa24b59930 Thread added: 0x000002aa24b59930
Event: 0.325 Thread 0x000002aa259c9850 Thread added: 0x000002aa259c9850
Event: 0.373 Thread 0x000002aa259c7e10 Thread added: 0x000002aa259c7e10
Event: 0.376 Thread 0x000002aa259c84a0 Thread added: 0x000002aa259c84a0
Event: 0.436 Thread 0x000002aa259ca570 Thread added: 0x000002aa259ca570
Event: 0.448 Thread 0x000002aa259c9ee0 Thread added: 0x000002aa259c9ee0
Event: 0.504 Thread 0x000002aa259cac00 Thread added: 0x000002aa259cac00


Dynamic libraries:
0x00007ff718330000 - 0x00007ff718340000 	C:\Program Files\Java\jdk-21\bin\java.exe
0x00007ffd0a9b0000 - 0x00007ffd0aba8000 	C:\windows\SYSTEM32\ntdll.dll
0x00007ffd089f0000 - 0x00007ffd08aaf000 	C:\windows\System32\KERNEL32.DLL
0x00007ffd08660000 - 0x00007ffd08932000 	C:\windows\System32\KERNELBASE.dll
0x00007ffd080a0000 - 0x00007ffd081a0000 	C:\windows\System32\ucrtbase.dll
0x00007ffd03ed0000 - 0x00007ffd03ee9000 	C:\Program Files\Java\jdk-21\bin\jli.dll
0x00007ffd03f00000 - 0x00007ffd03f1b000 	C:\Program Files\Java\jdk-21\bin\VCRUNTIME140.dll
0x00007ffd0a8c0000 - 0x00007ffd0a96e000 	C:\windows\System32\ADVAPI32.dll
0x00007ffd08ff0000 - 0x00007ffd0908e000 	C:\windows\System32\msvcrt.dll
0x00007ffd0a680000 - 0x00007ffd0a71c000 	C:\windows\System32\sechost.dll
0x00007ffd09650000 - 0x00007ffd09775000 	C:\windows\System32\RPCRT4.dll
0x00007ffd0a3b0000 - 0x00007ffd0a551000 	C:\windows\System32\USER32.dll
0x00007ffd08260000 - 0x00007ffd08282000 	C:\windows\System32\win32u.dll
0x00007ffd09ad0000 - 0x00007ffd09afb000 	C:\windows\System32\GDI32.dll
0x00007ffcf4be0000 - 0x00007ffcf4e7a000 	C:\windows\WinSxS\amd64_microsoft.windows.common-controls_6595b64144ccf1df_6.0.19041.1110_none_60b5254171f9507e\COMCTL32.dll
0x00007ffd08420000 - 0x00007ffd0852f000 	C:\windows\System32\gdi32full.dll
0x00007ffd08530000 - 0x00007ffd085cd000 	C:\windows\System32\msvcp_win.dll
0x00007ffd00ac0000 - 0x00007ffd00aca000 	C:\windows\SYSTEM32\VERSION.dll
0x00007ffd0a880000 - 0x00007ffd0a8b2000 	C:\windows\System32\IMM32.DLL
0x00007ffd03f40000 - 0x00007ffd03f4c000 	C:\Program Files\Java\jdk-21\bin\vcruntime140_1.dll
0x00007ffd02b30000 - 0x00007ffd02bbe000 	C:\Program Files\Java\jdk-21\bin\msvcp140.dll
0x00007ffcc4fb0000 - 0x00007ffcc5cc7000 	C:\Program Files\Java\jdk-21\bin\server\jvm.dll
0x00007ffd0a810000 - 0x00007ffd0a87b000 	C:\windows\System32\WS2_32.dll
0x00007ffd07620000 - 0x00007ffd0766b000 	C:\windows\SYSTEM32\POWRPROF.dll
0x00007ffcfdc90000 - 0x00007ffcfdcb7000 	C:\windows\SYSTEM32\WINMM.dll
0x00007ffd074e0000 - 0x00007ffd074f2000 	C:\windows\SYSTEM32\UMPDC.dll
0x00007ffd05f60000 - 0x00007ffd05f72000 	C:\windows\SYSTEM32\kernel.appcore.dll
0x00007ffd03cd0000 - 0x00007ffd03cda000 	C:\Program Files\Java\jdk-21\bin\jimage.dll
0x00007ffcf9f00000 - 0x00007ffcfa0e4000 	C:\windows\SYSTEM32\DBGHELP.DLL
0x00007ffcef070000 - 0x00007ffcef0a5000 	C:\windows\SYSTEM32\dbgcore.DLL
0x00007ffd085d0000 - 0x00007ffd08652000 	C:\windows\System32\bcryptPrimitives.dll
0x00007ffd03c90000 - 0x00007ffd03c9f000 	C:\Program Files\Java\jdk-21\bin\instrument.dll
0x00007ffd02920000 - 0x00007ffd0293f000 	C:\Program Files\Java\jdk-21\bin\java.dll
0x00007ffd09bd0000 - 0x00007ffd0a314000 	C:\windows\System32\SHELL32.dll
0x00007ffd06160000 - 0x00007ffd068f2000 	C:\windows\SYSTEM32\windows.storage.dll
0x00007ffd08b30000 - 0x00007ffd08e85000 	C:\windows\System32\combase.dll
0x00007ffd07b00000 - 0x00007ffd07b30000 	C:\windows\SYSTEM32\Wldp.dll
0x00007ffd08f40000 - 0x00007ffd08fed000 	C:\windows\System32\SHCORE.dll
0x00007ffd09a70000 - 0x00007ffd09ac5000 	C:\windows\System32\shlwapi.dll
0x00007ffd07fe0000 - 0x00007ffd07fff000 	C:\windows\SYSTEM32\profapi.dll
0x00007ffceece0000 - 0x00007ffceedb7000 	C:\Program Files\Java\jdk-21\bin\jsvml.dll
0x00007ffd03810000 - 0x00007ffd03820000 	C:\Program Files\Java\jdk-21\bin\net.dll
0x00007ffd01410000 - 0x00007ffd0151c000 	C:\windows\SYSTEM32\WINHTTP.dll
0x00007ffd07860000 - 0x00007ffd078ca000 	C:\windows\system32\mswsock.dll
0x00007ffd02900000 - 0x00007ffd02916000 	C:\Program Files\Java\jdk-21\bin\nio.dll
0x00007ffd028e0000 - 0x00007ffd028f8000 	C:\Program Files\Java\jdk-21\bin\zip.dll
0x00007ffd02840000 - 0x00007ffd0285a000 	D:\IntelliJ IDEA 2024.2.1\bin\breakgen64.dll
0x00007ffd02db0000 - 0x00007ffd02db9000 	C:\Program Files\Java\jdk-21\bin\extnet.dll
0x000002a9defd0000 - 0x000002a9defd3000 	D:\Telechargement\Nouveau dossier\javafx-sdk-21.0.1\bin\api-ms-win-core-console-l1-1-0.dll
0x000002a9defe0000 - 0x000002a9defe3000 	D:\Telechargement\Nouveau dossier\javafx-sdk-21.0.1\bin\api-ms-win-core-console-l1-2-0.dll
0x000002a9deff0000 - 0x000002a9deff3000 	D:\Telechargement\Nouveau dossier\javafx-sdk-21.0.1\bin\api-ms-win-core-datetime-l1-1-0.dll
0x000002aa25d00000 - 0x000002aa25d03000 	D:\Telechargement\Nouveau dossier\javafx-sdk-21.0.1\bin\api-ms-win-core-debug-l1-1-0.dll
0x000002aa25d10000 - 0x000002aa25d13000 	D:\Telechargement\Nouveau dossier\javafx-sdk-21.0.1\bin\api-ms-win-core-errorhandling-l1-1-0.dll
0x000002aa25d20000 - 0x000002aa25d24000 	D:\Telechargement\Nouveau dossier\javafx-sdk-21.0.1\bin\api-ms-win-core-file-l1-1-0.dll
0x000002aa25d30000 - 0x000002aa25d33000 	D:\Telechargement\Nouveau dossier\javafx-sdk-21.0.1\bin\api-ms-win-core-file-l1-2-0.dll
0x000002aa25d40000 - 0x000002aa25d43000 	D:\Telechargement\Nouveau dossier\javafx-sdk-21.0.1\bin\api-ms-win-core-file-l2-1-0.dll
0x000002aa25d50000 - 0x000002aa25d53000 	D:\Telechargement\Nouveau dossier\javafx-sdk-21.0.1\bin\api-ms-win-core-handle-l1-1-0.dll
0x000002aa25d60000 - 0x000002aa25d63000 	D:\Telechargement\Nouveau dossier\javafx-sdk-21.0.1\bin\api-ms-win-core-heap-l1-1-0.dll
0x000002aa25d70000 - 0x000002aa25d73000 	D:\Telechargement\Nouveau dossier\javafx-sdk-21.0.1\bin\api-ms-win-core-interlocked-l1-1-0.dll
0x000002aa25d80000 - 0x000002aa25d83000 	D:\Telechargement\Nouveau dossier\javafx-sdk-21.0.1\bin\api-ms-win-core-libraryloader-l1-1-0.dll
0x000002aa25d90000 - 0x000002aa25d93000 	D:\Telechargement\Nouveau dossier\javafx-sdk-21.0.1\bin\api-ms-win-core-localization-l1-2-0.dll
0x000002aa25da0000 - 0x000002aa25da3000 	D:\Telechargement\Nouveau dossier\javafx-sdk-21.0.1\bin\api-ms-win-core-memory-l1-1-0.dll
0x000002aa25db0000 - 0x000002aa25db3000 	D:\Telechargement\Nouveau dossier\javafx-sdk-21.0.1\bin\api-ms-win-core-namedpipe-l1-1-0.dll
0x000002aa25dc0000 - 0x000002aa25dc3000 	D:\Telechargement\Nouveau dossier\javafx-sdk-21.0.1\bin\api-ms-win-core-processenvironment-l1-1-0.dll
0x000002aa25dd0000 - 0x000002aa25dd3000 	D:\Telechargement\Nouveau dossier\javafx-sdk-21.0.1\bin\api-ms-win-core-processthreads-l1-1-0.dll
0x000002aa25de0000 - 0x000002aa25de3000 	D:\Telechargement\Nouveau dossier\javafx-sdk-21.0.1\bin\api-ms-win-core-processthreads-l1-1-1.dll
0x000002aa25df0000 - 0x000002aa25df3000 	D:\Telechargement\Nouveau dossier\javafx-sdk-21.0.1\bin\api-ms-win-core-profile-l1-1-0.dll
0x000002aa25e00000 - 0x000002aa25e03000 	D:\Telechargement\Nouveau dossier\javafx-sdk-21.0.1\bin\api-ms-win-core-rtlsupport-l1-1-0.dll
0x000002aa25e10000 - 0x000002aa25e13000 	D:\Telechargement\Nouveau dossier\javafx-sdk-21.0.1\bin\api-ms-win-core-string-l1-1-0.dll
0x000002aa26150000 - 0x000002aa26153000 	D:\Telechargement\Nouveau dossier\javafx-sdk-21.0.1\bin\api-ms-win-core-synch-l1-1-0.dll
0x000002aa26160000 - 0x000002aa26163000 	D:\Telechargement\Nouveau dossier\javafx-sdk-21.0.1\bin\api-ms-win-core-synch-l1-2-0.dll
0x000002aa26170000 - 0x000002aa26173000 	D:\Telechargement\Nouveau dossier\javafx-sdk-21.0.1\bin\api-ms-win-core-sysinfo-l1-1-0.dll
0x000002aa26180000 - 0x000002aa26183000 	D:\Telechargement\Nouveau dossier\javafx-sdk-21.0.1\bin\api-ms-win-core-timezone-l1-1-0.dll
0x000002aa26190000 - 0x000002aa26193000 	D:\Telechargement\Nouveau dossier\javafx-sdk-21.0.1\bin\api-ms-win-core-util-l1-1-0.dll
0x000002aa261a0000 - 0x000002aa261a3000 	D:\Telechargement\Nouveau dossier\javafx-sdk-21.0.1\bin\api-ms-win-crt-conio-l1-1-0.dll
0x000002aa261b0000 - 0x000002aa261b4000 	D:\Telechargement\Nouveau dossier\javafx-sdk-21.0.1\bin\api-ms-win-crt-convert-l1-1-0.dll
0x000002aa25e20000 - 0x000002aa25e23000 	D:\Telechargement\Nouveau dossier\javafx-sdk-21.0.1\bin\api-ms-win-crt-environment-l1-1-0.dll
0x000002aa25e30000 - 0x000002aa25e33000 	D:\Telechargement\Nouveau dossier\javafx-sdk-21.0.1\bin\api-ms-win-crt-filesystem-l1-1-0.dll
0x000002aa25e40000 - 0x000002aa25e43000 	D:\Telechargement\Nouveau dossier\javafx-sdk-21.0.1\bin\api-ms-win-crt-heap-l1-1-0.dll
0x000002aa25e50000 - 0x000002aa25e53000 	D:\Telechargement\Nouveau dossier\javafx-sdk-21.0.1\bin\api-ms-win-crt-locale-l1-1-0.dll
0x000002aa25e60000 - 0x000002aa25e65000 	D:\Telechargement\Nouveau dossier\javafx-sdk-21.0.1\bin\api-ms-win-crt-math-l1-1-0.dll
0x000002aa25e70000 - 0x000002aa25e75000 	D:\Telechargement\Nouveau dossier\javafx-sdk-21.0.1\bin\api-ms-win-crt-multibyte-l1-1-0.dll
0x000002aa25e80000 - 0x000002aa25e90000 	D:\Telechargement\Nouveau dossier\javafx-sdk-21.0.1\bin\api-ms-win-crt-private-l1-1-0.dll
0x000002aa25e90000 - 0x000002aa25e93000 	D:\Telechargement\Nouveau dossier\javafx-sdk-21.0.1\bin\api-ms-win-crt-process-l1-1-0.dll
0x000002aa25ea0000 - 0x000002aa25ea4000 	D:\Telechargement\Nouveau dossier\javafx-sdk-21.0.1\bin\api-ms-win-crt-runtime-l1-1-0.dll
0x000002aa25eb0000 - 0x000002aa25eb4000 	D:\Telechargement\Nouveau dossier\javafx-sdk-21.0.1\bin\api-ms-win-crt-stdio-l1-1-0.dll
0x000002aa25ec0000 - 0x000002aa25ec4000 	D:\Telechargement\Nouveau dossier\javafx-sdk-21.0.1\bin\api-ms-win-crt-string-l1-1-0.dll
0x000002aa25ed0000 - 0x000002aa25ed3000 	D:\Telechargement\Nouveau dossier\javafx-sdk-21.0.1\bin\api-ms-win-crt-time-l1-1-0.dll
0x000002aa25ee0000 - 0x000002aa25ee3000 	D:\Telechargement\Nouveau dossier\javafx-sdk-21.0.1\bin\api-ms-win-crt-utility-l1-1-0.dll
0x00007ffcd4a90000 - 0x00007ffcd4b8c000 	D:\Telechargement\Nouveau dossier\javafx-sdk-21.0.1\bin\ucrtbase.dll
0x00007ffd02820000 - 0x00007ffd0283b000 	D:\Telechargement\Nouveau dossier\javafx-sdk-21.0.1\bin\vcruntime140.dll
0x00007ffd02cf0000 - 0x00007ffd02cfc000 	D:\Telechargement\Nouveau dossier\javafx-sdk-21.0.1\bin\vcruntime140_1.dll
0x00007ffcea5e0000 - 0x00007ffcea66e000 	D:\Telechargement\Nouveau dossier\javafx-sdk-21.0.1\bin\msvcp140.dll
0x00007ffd09940000 - 0x00007ffd09a6a000 	C:\windows\System32\ole32.dll
0x00007ffd011d0000 - 0x00007ffd011d9000 	D:\Telechargement\Nouveau dossier\javafx-sdk-21.0.1\bin\msvcp140_1.dll
0x00007ffceecb0000 - 0x00007ffceecdf000 	D:\Telechargement\Nouveau dossier\javafx-sdk-21.0.1\bin\msvcp140_2.dll
0x00007ffced610000 - 0x00007ffced63f000 	D:\Telechargement\Nouveau dossier\javafx-sdk-21.0.1\bin\prism_d3d.dll
0x00007ffccf800000 - 0x00007ffccf9ce000 	C:\windows\system32\d3d9.dll
0x00007ffd05c70000 - 0x00007ffd05c9f000 	C:\windows\SYSTEM32\dwmapi.dll
0x00007ffd05a90000 - 0x00007ffd05b2e000 	C:\windows\system32\uxtheme.dll
0x00007ffcfdd50000 - 0x00007ffcfdf2b000 	C:\windows\System32\DriverStore\FileRepository\u0366719.inf_amd64_de6b06f3cfe1e6ce\B366682\aticfx64.dll
0x00007ffce8cd0000 - 0x00007ffce8d03000 	C:\windows\System32\DriverStore\FileRepository\u0366719.inf_amd64_de6b06f3cfe1e6ce\B366682\atiu9p64.dll
0x00007ffc88810000 - 0x00007ffc89531000 	C:\windows\System32\DriverStore\FileRepository\u0366719.inf_amd64_de6b06f3cfe1e6ce\B366682\atiumd64.dll
0x0000000055e70000 - 0x0000000056d32000 	C:\windows\System32\DriverStore\FileRepository\u0366719.inf_amd64_de6b06f3cfe1e6ce\B366682\atiumd6a.dll
0x00007ffcfb3c0000 - 0x00007ffcfb3f0000 	C:\windows\SYSTEM32\amdihk64.dll
0x00007ffcea0c0000 - 0x00007ffcea102000 	D:\Telechargement\Nouveau dossier\javafx-sdk-21.0.1\bin\glass.dll
0x00007ffd09510000 - 0x00007ffd095ea000 	C:\windows\System32\COMDLG32.dll
0x00007ffd09b00000 - 0x00007ffd09bcd000 	C:\windows\System32\OLEAUT32.dll
0x00007ffd0a560000 - 0x00007ffd0a675000 	C:\windows\System32\MSCTF.dll
0x00007ffcfe950000 - 0x00007ffcfe98b000 	C:\windows\SYSTEM32\dxcore.dll
0x00007ffd081a0000 - 0x00007ffd081ee000 	C:\windows\System32\cfgmgr32.dll
0x00007ffcef030000 - 0x00007ffcef044000 	D:\Telechargement\Nouveau dossier\javafx-sdk-21.0.1\bin\javafx_font.dll
0x00007ffcea110000 - 0x00007ffcea38f000 	C:\windows\SYSTEM32\dwrite.dll

dbghelp: loaded successfully - version: 4.0.5 - missing functions: none
symbol engine: initialized successfully - sym options: 0x614 - pdb path: .;C:\Program Files\Java\jdk-21\bin;C:\windows\SYSTEM32;C:\windows\WinSxS\amd64_microsoft.windows.common-controls_6595b64144ccf1df_6.0.19041.1110_none_60b5254171f9507e;C:\Program Files\Java\jdk-21\bin\server;D:\IntelliJ IDEA 2024.2.1\bin;D:\Telechargement\Nouveau dossier\javafx-sdk-21.0.1\bin;C:\windows\System32\DriverStore\FileRepository\u0366719.inf_amd64_de6b06f3cfe1e6ce\B366682

VM Arguments:
jvm_args: --module-path=D:\Telechargement\Nouveau dossier\javafx-sdk-21.0.1\lib --add-modules=javafx.controls,javafx.fxml -javaagent:D:\IntelliJ IDEA 2024.2.1\lib\idea_rt.jar=59493:D:\IntelliJ IDEA 2024.2.1\bin -Dfile.encoding=UTF-8 -Dsun.stdout.encoding=UTF-8 -Dsun.stderr.encoding=UTF-8 
java_command: tn.eduskool.test.MainFx
java_class_path (initial): C:\Users\aymen\EduschoolJava\target\classes;C:\Users\aymen\.m2\repository\org\openjfx\javafx-controls\21.0.1\javafx-controls-21.0.1.jar;C:\Users\aymen\.m2\repository\org\openjfx\javafx-controls\21.0.1\javafx-controls-21.0.1-win.jar;C:\Users\aymen\.m2\repository\org\openjfx\javafx-graphics\21.0.1\javafx-graphics-21.0.1.jar;C:\Users\aymen\.m2\repository\org\openjfx\javafx-graphics\21.0.1\javafx-graphics-21.0.1-win.jar;C:\Users\aymen\.m2\repository\org\openjfx\javafx-base\21.0.1\javafx-base-21.0.1.jar;C:\Users\aymen\.m2\repository\org\openjfx\javafx-base\21.0.1\javafx-base-21.0.1-win.jar;C:\Users\aymen\.m2\repository\org\openjfx\javafx-fxml\21.0.1\javafx-fxml-21.0.1.jar;C:\Users\aymen\.m2\repository\org\openjfx\javafx-fxml\21.0.1\javafx-fxml-21.0.1-win.jar;C:\Users\aymen\.m2\repository\org\openjfx\javafx-media\21.0.1\javafx-media-21.0.1.jar;C:\Users\aymen\.m2\repository\org\openjfx\javafx-media\21.0.1\javafx-media-21.0.1-win.jar;C:\Users\aymen\.m2\repository\jakarta\persistence\jakarta.persistence-api\3.1.0\jakarta.persistence-api-3.1.0.jar;C:\Users\aymen\.m2\repository\org\hibernate\orm\hibernate-core\6.3.1.Final\hibernate-core-6.3.1.Final.jar;C:\Users\aymen\.m2\repository\jakarta\transaction\jakarta.transaction-api\2.0.1\jakarta.transaction-api-2.0.1.jar;C:\Users\aymen\.m2\repository\org\jboss\logging\jboss-logging\3.5.0.Final\jboss-logging-3.5.0.Final.jar;C:\Users\aymen\.m2\repository\org\hibernate\common\hibernate-commons-annotations\6.0.6.Final\hibernate-commons-annotations-6.0.6.Final.jar;C:\Users\aymen\.m2\repository\io\smallrye\jandex\3.1.2\jandex-3.1.2.jar;C:\Users\aymen\.m2\repository\com\fasterxml\classmate\1.5.1\classmate-1.5.1.jar;C:\Users\aymen\.m2\repository\net\bytebuddy\byte-buddy\1.14.7\byte-buddy-1.14.7.jar;C:\Users\aymen\.m2\repository\jakarta\xml\bind\jakarta.xml.bind-api\4.0.0\jakarta.xml.bind-api-4.0.0.jar;C:\Users\aymen\.m2\repository\jakarta\activation\jakarta.activation-api\2.1.0\jakarta.activation-api-2.1.0.jar;C:\Users\aymen\.m2\repository\org\glassfish\jaxb\jaxb-runtime\4.0.2\jaxb-runtime-4.0.2.jar;C:\Users\aymen\.m2\repository\org\glassfish\jaxb\jaxb-core\4.0.2\jaxb-core-4.0.2.jar;C:\Users\aymen\.m2\repository\org\eclipse\angus\angus-activation\2.0.0\angus-activation-2.0.0.jar;C:\Users\aymen\.m2\repository\org\glassfish\jaxb\txw2\4.0.2\txw2-4.0.2.jar;C:\Users\aymen\.m2\repository\com\sun\istack\istack-commons-runtime\4.1.1\istack-commons-runtime-4.1.1.jar;C:\Users\aymen\.m2\repository\jakarta\inject\jakarta.inject-api\2.0.1\jakarta.inject-api-2.0.1.jar;C:\Users\aymen\.m2\repository\org\antlr\antlr4-runtime\4.10.1\antlr4-runtime-4.10.1.jar;C:\Users\aymen\.m2\repository\com\mysql\mysql-connector-j\8.0.33\mysql-connector-j-8.0.33.jar;C:\Users\aymen\.m2\repository\com\google\protobuf\protobuf-java\3.21.9\protobuf-java-3.21.9.jar
Launcher Type: SUN_STANDARD

[Global flags]
     intx CICompilerCount                          = 12                                        {product} {ergonomic}
     uint ConcGCThreads                            = 3                                         {product} {ergonomic}
     uint G1ConcRefinementThreads                  = 13                                        {product} {ergonomic}
   size_t G1HeapRegionSize                         = 2097152                                   {product} {ergonomic}
    uintx GCDrainStackTargetSize                   = 64                                        {product} {ergonomic}
   size_t InitialHeapSize                          = 257949696                                 {product} {ergonomic}
   size_t MarkStackSize                            = 4194304                                   {product} {ergonomic}
   size_t MaxHeapSize                              = 4125097984                                {product} {ergonomic}
   size_t MaxNewSize                               = 2474639360                                {product} {ergonomic}
   size_t MinHeapDeltaBytes                        = 2097152                                   {product} {ergonomic}
   size_t MinHeapSize                              = 8388608                                   {product} {ergonomic}
    uintx NonNMethodCodeHeapSize                   = 7602480                                {pd product} {ergonomic}
    uintx NonProfiledCodeHeapSize                  = 122027880                              {pd product} {ergonomic}
    uintx ProfiledCodeHeapSize                     = 122027880                              {pd product} {ergonomic}
    uintx ReservedCodeCacheSize                    = 251658240                              {pd product} {ergonomic}
     bool SegmentedCodeCache                       = true                                      {product} {ergonomic}
   size_t SoftMaxHeapSize                          = 4125097984                             {manageable} {ergonomic}
     bool UseCompressedOops                        = true                           {product lp64_product} {ergonomic}
     bool UseG1GC                                  = true                                      {product} {ergonomic}
     bool UseLargePagesIndividualAllocation        = false                                  {pd product} {ergonomic}

Logging:
Log output configuration:
 #0: stdout all=warning uptime,level,tags foldmultilines=false
 #1: stderr all=off uptime,level,tags foldmultilines=false

Environment Variables:
PATH=C:\Users\aymen\Downloads\Nouveaudossier\app\oracle\product\10.2.0\server\bin;D:\bin\;C:\windows\system32;C:\windows;C:\windows\System32\Wbem;C:\windows\System32\WindowsPowerShell\v1.0\;C:\windows\System32\OpenSSH\;C:\Program Files (x86)\NVIDIA Corporation\PhysX\Common;C:\Program Files\NVIDIA Corporation\NVIDIA NvDLISR;C:\PROGRA~2\PICC;C:\Program Files\Microsoft VS Code\bin;C:\Program Files\nodejs\;C:\ProgramData\chocolatey\bin;C:\Program Files\Git\cmd;C:\Program Files\Python3.11\Scripts;C:\Program Files\Java\jdk-21;C:\Program Files\HP\HP One Agent;C:\composer;C:\xampp\php;C:\php-8.3.0;C:\Program Files\OpenSSL-Win64\bin;C:\Users\aymen\AppData\Roaming\Python\Python311\Scripts;C:\Users\aymen\scoop\shims;C:\Program Files\Python3.11;C:\Users\aymen\AppData\Local\Microsoft\WindowsApps;D:\IntelliJ IDEA 2024.2.1\bin;;C:\Users\aymen\AppData\Roaming\npm;C:\xampp\php;C:\Users\aymen\composer;C:\Users\aymen\AppData\Roaming\Composer\vendor\bin
USERNAME=aymen
OS=Windows_NT
PROCESSOR_IDENTIFIER=AMD64 Family 23 Model 96 Stepping 1, AuthenticAMD
TMP=C:\Users\aymen\AppData\Local\Temp
TEMP=C:\Users\aymen\AppData\Local\Temp




Periodic native trim disabled

---------------  S Y S T E M  ---------------

OS:
 Windows 10 , 64 bit Build 19041 (10.0.19041.2364)
OS uptime: 2 days 10:19 hours

CPU: total 16 (initial active 16) (16 cores per cpu, 2 threads per core) family 23 model 96 stepping 1 microcode 0x0, cx8, cmov, fxsr, ht, mmx, 3dnowpref, sse, sse2, sse3, ssse3, sse4a, sse4.1, sse4.2, popcnt, lzcnt, tsc, tscinvbit, avx, avx2, aes, clmul, bmi1, bmi2, adx, sha, fma, vzeroupper, clflush, clflushopt, rdtscp, rdpid, f16c
Processor Information for all 16 processors :
  Max Mhz: 2900, Current Mhz: 2900, Mhz Limit: 2900

Memory: 4k page, system-wide physical 15732M (5192M free)
TotalPageFile size 15732M (AvailPageFile size 5M)
current process WorkingSet (physical memory assigned to process): 144M, peak: 144M
current process commit charge ("private bytes"): 408M, peak: 408M

vm_info: Java HotSpot(TM) 64-Bit Server VM (21.0.2+13-LTS-58) for windows-amd64 JRE (21.0.2+13-LTS-58), built on 2024-01-05T18:32:24Z by "mach5one" with MS VC++ 17.1 (VS2022)

END.
