#
# There is insufficient memory for the Java Runtime Environment to continue.
# Native memory allocation (malloc) failed to allocate 554736 bytes. Error detail: Chunk::new
# Possible reasons:
#   The system is out of physical RAM or swap space
#   This process is running with CompressedOops enabled, and the Java Heap may be blocking the growth of the native heap
# Possible solutions:
#   Reduce memory load on the system
#   Increase physical memory or swap space
#   Check if swap backing store is full
#   Decrease Java heap size (-Xmx/-Xms)
#   Decrease Java thread stack sizes (-Xss)
#   Set larger code cache with -XX:ReservedCodeCacheSize=
#   JVM is running with Unscaled Compressed Oops mode in which the Java heap is
#     placed in the first 4GB address space. The Java Heap base address is the
#     maximum limit for the native heap growth. Please use -XX:HeapBaseMinAddress
#     to set the Java Heap base and to place the Java Heap above 4GB virtual address.
# This output file may be truncated or incomplete.
#
#  Out of Memory Error (arena.cpp:168), pid=36288, tid=32380
#
# JRE version: OpenJDK Runtime Environment Temurin-21.0.6+7 (21.0.6+7) (build 21.0.6+7-LTS)
# Java VM: OpenJDK 64-Bit Server VM Temurin-21.0.6+7 (21.0.6+7-LTS, mixed mode, sharing, tiered, compressed oops, compressed class ptrs, parallel gc, windows-amd64)
# No core dump will be written. Minidumps are not enabled by default on client versions of Windows
#

---------------  S U M M A R Y ------------

Command Line: --add-modules=ALL-SYSTEM --add-opens=java.base/java.util=ALL-UNNAMED --add-opens=java.base/java.lang=ALL-UNNAMED --add-opens=java.base/sun.nio.fs=ALL-UNNAMED -Declipse.application=org.eclipse.jdt.ls.core.id1 -Dosgi.bundles.defaultStartLevel=4 -Declipse.product=org.eclipse.jdt.ls.core.product -Djava.import.generatesMetadataFilesAtProjectRoot=false -DDetectVMInstallationsJob.disabled=true -Dfile.encoding=utf8 -XX:+UseParallelGC -XX:GCTimeRatio=4 -XX:AdaptiveSizePolicyWeight=90 -Dsun.zip.disableMemoryMapping=true -Xmx1G -Xms100m -Xlog:disable -javaagent:c:\Users\21658\.vscode\extensions\redhat.java-1.41.1-win32-x64\lombok\lombok-1.18.36.jar -XX:+HeapDumpOnOutOfMemoryError -XX:HeapDumpPath=c:\Users\21658\AppData\Roaming\Code\User\workspaceStorage\d1496b096d0a1c07d90c78ab5ca7316e\redhat.java -Daether.dependencyCollector.impl=bf c:\Users\21658\.vscode\extensions\redhat.java-1.41.1-win32-x64\server\plugins\org.eclipse.equinox.launcher_1.7.0.v20250331-1702.jar -configuration c:\Users\21658\AppData\Roaming\Code\User\globalStorage\redhat.java\1.41.1\config_win -data c:\Users\21658\AppData\Roaming\Code\User\workspaceStorage\d1496b096d0a1c07d90c78ab5ca7316e\redhat.java\jdt_ws --pipe=\\.\pipe\lsp-5bbbc2cd59a699fc6ad84c0b7793637d-sock

Host: Intel(R) Core(TM) i5-9300H CPU @ 2.40GHz, 8 cores, 7G,  Windows 11 , 64 bit Build 22621 (10.0.22621.5124)
Time: Mon Apr 14 19:41:12 2025 Afr. centrale Ouest elapsed time: 42.907309 seconds (0d 0h 0m 42s)

---------------  T H R E A D  ---------------

Current thread (0x000001d16f9b9b20):  JavaThread "C2 CompilerThread1" daemon [_thread_in_native, id=32380, stack(0x000000c0b0f00000,0x000000c0b1000000) (1024K)]


Current CompileTask:
C2:42907 11551       4       java.util.zip.ZipFile$Source::initCEN (612 bytes)

Stack: [0x000000c0b0f00000,0x000000c0b1000000]
Native frames: (J=compiled Java code, j=interpreted, Vv=VM code, C=native code)
V  [jvm.dll+0x6cdee9]
V  [jvm.dll+0x8a83d1]
V  [jvm.dll+0x8aa8fe]
V  [jvm.dll+0x8aafe3]
V  [jvm.dll+0x27f706]
V  [jvm.dll+0xc500d]
V  [jvm.dll+0xc5543]
V  [jvm.dll+0x3b6752]
V  [jvm.dll+0x382935]
V  [jvm.dll+0x381d9a]
V  [jvm.dll+0x2479f0]
V  [jvm.dll+0x246fcf]
V  [jvm.dll+0x1c75ee]
V  [jvm.dll+0x25685a]
V  [jvm.dll+0x254dfa]
V  [jvm.dll+0x3f0256]
V  [jvm.dll+0x851f8b]
V  [jvm.dll+0x6cc5ed]
C  [ucrtbase.dll+0x29333]
C  [KERNEL32.DLL+0x1259d]
C  [ntdll.dll+0x5af38]


---------------  P R O C E S S  ---------------

Threads class SMR info:
_java_thread_list=0x000001d16f805780, length=68, elements={
0x000001d151c224f0, 0x000001d151cdcc90, 0x000001d151cddaa0, 0x000001d165fd5140,
0x000001d165fd62b0, 0x000001d165fd9370, 0x000001d165fe3750, 0x000001d165fe4180,
0x000001d165fe5080, 0x000001d167a5dfd0, 0x000001d16c01c470, 0x000001d16c52f960,
0x000001d16c642af0, 0x000001d16c673630, 0x000001d16c655240, 0x000001d16cdf22c0,
0x000001d16c87a0b0, 0x000001d16cd41190, 0x000001d16cd41820, 0x000001d16cd3ea30,
0x000001d16cd41eb0, 0x000001d16cd3f0c0, 0x000001d16cd40b00, 0x000001d16cd3f750,
0x000001d16cd3fde0, 0x000001d16cd40470, 0x000001d16f865d00, 0x000001d16f864fe0,
0x000001d16f869180, 0x000001d16f868460, 0x000001d16f867740, 0x000001d16f868af0,
0x000001d16f869810, 0x000001d16f8670b0, 0x000001d16f869ea0, 0x000001d16f86a530,
0x000001d16f867dd0, 0x000001d16f86abc0, 0x000001d16f86b8e0, 0x000001d16f86b250,
0x000001d16f86bf70, 0x000001d16f866390, 0x000001d16f86c600, 0x000001d16f865670,
0x000001d16f866a20, 0x000001d170891ea0, 0x000001d170892530, 0x000001d170892bc0,
0x000001d170893250, 0x000001d1708938e0, 0x000001d170891180, 0x000001d170891810,
0x000001d17088f0b0, 0x000001d170893f70, 0x000001d17088e390, 0x000001d170894c90,
0x000001d17088dd00, 0x000001d17088fdd0, 0x000001d170890af0, 0x000001d17088ea20,
0x000001d17088f740, 0x000001d170890460, 0x000001d16f9b9b20, 0x000001d16f23a990,
0x000001d16f23b020, 0x000001d16f236e80, 0x000001d16f238230, 0x000001d16f235ad0
}

Java Threads: ( => current thread )
  0x000001d151c224f0 JavaThread "main"                              [_thread_blocked, id=33104, stack(0x000000c0ac600000,0x000000c0ac700000) (1024K)]
  0x000001d151cdcc90 JavaThread "Reference Handler"          daemon [_thread_blocked, id=35148, stack(0x000000c0aca00000,0x000000c0acb00000) (1024K)]
  0x000001d151cddaa0 JavaThread "Finalizer"                  daemon [_thread_blocked, id=31556, stack(0x000000c0acb00000,0x000000c0acc00000) (1024K)]
  0x000001d165fd5140 JavaThread "Signal Dispatcher"          daemon [_thread_blocked, id=15736, stack(0x000000c0acc00000,0x000000c0acd00000) (1024K)]
  0x000001d165fd62b0 JavaThread "Attach Listener"            daemon [_thread_blocked, id=22344, stack(0x000000c0acd00000,0x000000c0ace00000) (1024K)]
  0x000001d165fd9370 JavaThread "Service Thread"             daemon [_thread_blocked, id=6136, stack(0x000000c0ace00000,0x000000c0acf00000) (1024K)]
  0x000001d165fe3750 JavaThread "Monitor Deflation Thread"   daemon [_thread_blocked, id=33500, stack(0x000000c0acf00000,0x000000c0ad000000) (1024K)]
  0x000001d165fe4180 JavaThread "C2 CompilerThread0"         daemon [_thread_in_native, id=30036, stack(0x000000c0ad000000,0x000000c0ad100000) (1024K)]
  0x000001d165fe5080 JavaThread "C1 CompilerThread0"         daemon [_thread_in_vm, id=5260, stack(0x000000c0ad100000,0x000000c0ad200000) (1024K)]
  0x000001d167a5dfd0 JavaThread "Common-Cleaner"             daemon [_thread_blocked, id=35764, stack(0x000000c0ad200000,0x000000c0ad300000) (1024K)]
  0x000001d16c01c470 JavaThread "Notification Thread"        daemon [_thread_blocked, id=16792, stack(0x000000c0ad400000,0x000000c0ad500000) (1024K)]
  0x000001d16c52f960 JavaThread "Active Thread: Equinox Container: 32e475f9-4b3f-4e21-b6d0-7d8739419f9b"        [_thread_blocked, id=35604, stack(0x000000c0adc00000,0x000000c0add00000) (1024K)]
  0x000001d16c642af0 JavaThread "Refresh Thread: Equinox Container: 32e475f9-4b3f-4e21-b6d0-7d8739419f9b" daemon [_thread_blocked, id=2584, stack(0x000000c0add00000,0x000000c0ade00000) (1024K)]
  0x000001d16c673630 JavaThread "Framework Event Dispatcher: Equinox Container: 32e475f9-4b3f-4e21-b6d0-7d8739419f9b" daemon [_thread_blocked, id=15344, stack(0x000000c0adf00000,0x000000c0ae000000) (1024K)]
  0x000001d16c655240 JavaThread "Start Level: Equinox Container: 32e475f9-4b3f-4e21-b6d0-7d8739419f9b" daemon [_thread_blocked, id=34564, stack(0x000000c0ae000000,0x000000c0ae100000) (1024K)]
  0x000001d16cdf22c0 JavaThread "Bundle File Closer"         daemon [_thread_blocked, id=13896, stack(0x000000c0ae100000,0x000000c0ae200000) (1024K)]
  0x000001d16c87a0b0 JavaThread "SCR Component Actor"        daemon [_thread_blocked, id=31656, stack(0x000000c0ad500000,0x000000c0ad600000) (1024K)]
  0x000001d16cd41190 JavaThread "Worker-JM"                         [_thread_blocked, id=23780, stack(0x000000c0ae300000,0x000000c0ae400000) (1024K)]
  0x000001d16cd41820 JavaThread "JNA Cleaner"                daemon [_thread_blocked, id=25136, stack(0x000000c0ae400000,0x000000c0ae500000) (1024K)]
  0x000001d16cd3ea30 JavaThread "Worker-0"                          [_thread_blocked, id=33864, stack(0x000000c0ae500000,0x000000c0ae600000) (1024K)]
  0x000001d16cd41eb0 JavaThread "Worker-1"                          [_thread_blocked, id=32492, stack(0x000000c0ae600000,0x000000c0ae700000) (1024K)]
  0x000001d16cd3f0c0 JavaThread "Java indexing"              daemon [_thread_blocked, id=7712, stack(0x000000c0ae700000,0x000000c0ae800000) (1024K)]
  0x000001d16cd40b00 JavaThread "Worker-2"                          [_thread_blocked, id=34560, stack(0x000000c0ae900000,0x000000c0aea00000) (1024K)]
  0x000001d16cd3f750 JavaThread "Worker-3"                          [_thread_blocked, id=29116, stack(0x000000c0aea00000,0x000000c0aeb00000) (1024K)]
  0x000001d16cd3fde0 JavaThread "Worker-4: Initialize workspace"        [_thread_in_native, id=30580, stack(0x000000c0aeb00000,0x000000c0aec00000) (1024K)]
  0x000001d16cd40470 JavaThread "Thread-2"                   daemon [_thread_in_native, id=22640, stack(0x000000c0aec00000,0x000000c0aed00000) (1024K)]
  0x000001d16f865d00 JavaThread "Thread-3"                   daemon [_thread_in_native, id=26348, stack(0x000000c0aed00000,0x000000c0aee00000) (1024K)]
  0x000001d16f864fe0 JavaThread "Thread-4"                   daemon [_thread_in_native, id=32984, stack(0x000000c0aee00000,0x000000c0aef00000) (1024K)]
  0x000001d16f869180 JavaThread "Thread-5"                   daemon [_thread_in_native, id=35920, stack(0x000000c0aef00000,0x000000c0af000000) (1024K)]
  0x000001d16f868460 JavaThread "Thread-6"                   daemon [_thread_in_native, id=3424, stack(0x000000c0af000000,0x000000c0af100000) (1024K)]
  0x000001d16f867740 JavaThread "Thread-7"                   daemon [_thread_in_native, id=33416, stack(0x000000c0af100000,0x000000c0af200000) (1024K)]
  0x000001d16f868af0 JavaThread "Thread-8"                   daemon [_thread_in_native, id=17632, stack(0x000000c0af200000,0x000000c0af300000) (1024K)]
  0x000001d16f869810 JavaThread "Thread-9"                   daemon [_thread_in_native, id=29412, stack(0x000000c0af300000,0x000000c0af400000) (1024K)]
  0x000001d16f8670b0 JavaThread "Thread-10"                  daemon [_thread_in_native, id=25824, stack(0x000000c0af400000,0x000000c0af500000) (1024K)]
  0x000001d16f869ea0 JavaThread "pool-2-thread-1"                   [_thread_blocked, id=26868, stack(0x000000c0af500000,0x000000c0af600000) (1024K)]
  0x000001d16f86a530 JavaThread "Worker-5"                          [_thread_blocked, id=9188, stack(0x000000c0af600000,0x000000c0af700000) (1024K)]
  0x000001d16f867dd0 JavaThread "WorkspaceEventsHandler"            [_thread_blocked, id=13816, stack(0x000000c0af700000,0x000000c0af800000) (1024K)]
  0x000001d16f86abc0 JavaThread "pool-1-thread-1"                   [_thread_blocked, id=12572, stack(0x000000c0af800000,0x000000c0af900000) (1024K)]
  0x000001d16f86b8e0 JavaThread "LocalFile Deleter"          daemon [_thread_blocked, id=19448, stack(0x000000c0af900000,0x000000c0afa00000) (1024K)]
  0x000001d16f86b250 JavaThread "LocalFile Deleter"          daemon [_thread_blocked, id=35084, stack(0x000000c0ad300000,0x000000c0ad400000) (1024K)]
  0x000001d16f86bf70 JavaThread "LocalFile Deleter"          daemon [_thread_blocked, id=23608, stack(0x000000c0afa00000,0x000000c0afb00000) (1024K)]
  0x000001d16f866390 JavaThread "LocalFile Deleter"          daemon [_thread_blocked, id=34876, stack(0x000000c0afb00000,0x000000c0afc00000) (1024K)]
  0x000001d16f86c600 JavaThread "LocalFile Deleter"          daemon [_thread_blocked, id=30792, stack(0x000000c0afc00000,0x000000c0afd00000) (1024K)]
  0x000001d16f865670 JavaThread "LocalFile Deleter"          daemon [_thread_blocked, id=30316, stack(0x000000c0afd00000,0x000000c0afe00000) (1024K)]
  0x000001d16f866a20 JavaThread "LocalFile Deleter"          daemon [_thread_blocked, id=18392, stack(0x000000c0afe00000,0x000000c0aff00000) (1024K)]
  0x000001d170891ea0 JavaThread "LocalFile Deleter"          daemon [_thread_blocked, id=12308, stack(0x000000c0aff00000,0x000000c0b0000000) (1024K)]
  0x000001d170892530 JavaThread "Compiler Source File Reader" daemon [_thread_blocked, id=13140, stack(0x000000c0b0000000,0x000000c0b0100000) (1024K)]
  0x000001d170892bc0 JavaThread "Compiler Source File Reader" daemon [_thread_blocked, id=34216, stack(0x000000c0b0100000,0x000000c0b0200000) (1024K)]
  0x000001d170893250 JavaThread "Compiler Source File Reader" daemon [_thread_blocked, id=18272, stack(0x000000c0b0200000,0x000000c0b0300000) (1024K)]
  0x000001d1708938e0 JavaThread "Compiler Source File Reader" daemon [_thread_blocked, id=35772, stack(0x000000c0b0300000,0x000000c0b0400000) (1024K)]
  0x000001d170891180 JavaThread "Compiler Source File Reader" daemon [_thread_blocked, id=36804, stack(0x000000c0b0400000,0x000000c0b0500000) (1024K)]
  0x000001d170891810 JavaThread "Compiler Source File Reader" daemon [_thread_blocked, id=29308, stack(0x000000c0b0500000,0x000000c0b0600000) (1024K)]
  0x000001d17088f0b0 JavaThread "Compiler Processing Task"   daemon [_thread_blocked, id=36080, stack(0x000000c0b0600000,0x000000c0b0700000) (1024K)]
  0x000001d170893f70 JavaThread "Compiler Class File Writer" daemon [_thread_blocked, id=35224, stack(0x000000c0b0700000,0x000000c0b0800000) (1024K)]
  0x000001d17088e390 JavaThread "Compiler Class File Writer" daemon [_thread_blocked, id=21924, stack(0x000000c0b0800000,0x000000c0b0900000) (1024K)]
  0x000001d170894c90 JavaThread "Compiler Class File Writer" daemon [_thread_blocked, id=9896, stack(0x000000c0b0900000,0x000000c0b0a00000) (1024K)]
  0x000001d17088dd00 JavaThread "Compiler Class File Writer" daemon [_thread_blocked, id=18204, stack(0x000000c0b0a00000,0x000000c0b0b00000) (1024K)]
  0x000001d17088fdd0 JavaThread "Compiler Class File Writer" daemon [_thread_blocked, id=27612, stack(0x000000c0b0b00000,0x000000c0b0c00000) (1024K)]
  0x000001d170890af0 JavaThread "Compiler Class File Writer" daemon [_thread_blocked, id=11072, stack(0x000000c0b0c00000,0x000000c0b0d00000) (1024K)]
  0x000001d17088ea20 JavaThread "ForkJoinPool.commonPool-worker-1" daemon [_thread_in_Java, id=35200, stack(0x000000c0ae200000,0x000000c0ae300000) (1024K)]
  0x000001d17088f740 JavaThread "ForkJoinPool.commonPool-worker-2" daemon [_thread_blocked, id=23876, stack(0x000000c0b0d00000,0x000000c0b0e00000) (1024K)]
  0x000001d170890460 JavaThread "SCR Component Registry"     daemon [_thread_blocked, id=25356, stack(0x000000c0b0e00000,0x000000c0b0f00000) (1024K)]
=>0x000001d16f9b9b20 JavaThread "C2 CompilerThread1"         daemon [_thread_in_native, id=32380, stack(0x000000c0b0f00000,0x000000c0b1000000) (1024K)]
  0x000001d16f23a990 JavaThread "ForkJoinPool.commonPool-worker-3" daemon [_thread_blocked, id=29472, stack(0x000000c0b1000000,0x000000c0b1100000) (1024K)]
  0x000001d16f23b020 JavaThread "ForkJoinPool.commonPool-worker-4" daemon [_thread_blocked, id=35244, stack(0x000000c0b1100000,0x000000c0b1200000) (1024K)]
  0x000001d16f236e80 JavaThread "ForkJoinPool.commonPool-worker-5" daemon [_thread_blocked, id=23888, stack(0x000000c0b1200000,0x000000c0b1300000) (1024K)]
  0x000001d16f238230 JavaThread "ForkJoinPool.commonPool-worker-6" daemon [_thread_blocked, id=19016, stack(0x000000c0b1300000,0x000000c0b1400000) (1024K)]
  0x000001d16f235ad0 JavaThread "ForkJoinPool.commonPool-worker-7" daemon [_thread_blocked, id=15480, stack(0x000000c0b1400000,0x000000c0b1500000) (1024K)]
Total: 68

Other Threads:
  0x000001d165fd3620 VMThread "VM Thread"                           [id=34968, stack(0x000000c0ac900000,0x000000c0aca00000) (1024K)]
  0x000001d165eeca10 WatcherThread "VM Periodic Task Thread"        [id=4312, stack(0x000000c0ac800000,0x000000c0ac900000) (1024K)]
  0x000001d151c3fc50 WorkerThread "GC Thread#0"                     [id=34492, stack(0x000000c0ac700000,0x000000c0ac800000) (1024K)]
  0x000001d16c3ff590 WorkerThread "GC Thread#1"                     [id=1820, stack(0x000000c0ad600000,0x000000c0ad700000) (1024K)]
  0x000001d16c3ff930 WorkerThread "GC Thread#2"                     [id=20992, stack(0x000000c0ad700000,0x000000c0ad800000) (1024K)]
  0x000001d16c3ffcd0 WorkerThread "GC Thread#3"                     [id=36508, stack(0x000000c0ad800000,0x000000c0ad900000) (1024K)]
  0x000001d16c543d50 WorkerThread "GC Thread#4"                     [id=33964, stack(0x000000c0ad900000,0x000000c0ada00000) (1024K)]
  0x000001d16c5440f0 WorkerThread "GC Thread#5"                     [id=30744, stack(0x000000c0ada00000,0x000000c0adb00000) (1024K)]
  0x000001d16c544490 WorkerThread "GC Thread#6"                     [id=34716, stack(0x000000c0adb00000,0x000000c0adc00000) (1024K)]
  0x000001d16c69f2d0 WorkerThread "GC Thread#7"                     [id=18952, stack(0x000000c0ade00000,0x000000c0adf00000) (1024K)]
Total: 10

Threads with active compile tasks:
C2 CompilerThread0  42967 11498 %     4       java.util.Properties::load0 @ 29 (249 bytes)
C1 CompilerThread0  42967 11614 %     3       org.eclipse.jdt.internal.compiler.lookup.BinaryTypeBinding::createMethod @ 370 (1720 bytes)
C2 CompilerThread1  42967 11551       4       java.util.zip.ZipFile$Source::initCEN (612 bytes)
Total: 3

VM state: not at safepoint (normal execution)

VM Mutex/Monitor currently owned by a thread: None

Heap address: 0x00000000c0000000, size: 1024 MB, Compressed Oops mode: 32-bit

CDS archive(s) mapped at: [0x000001d100000000-0x000001d100ba0000-0x000001d100ba0000), size 12189696, SharedBaseAddress: 0x000001d100000000, ArchiveRelocationMode: 1.
Compressed class space mapped at: 0x000001d101000000-0x000001d141000000, reserved size: 1073741824
Narrow klass base: 0x000001d100000000, Narrow klass shift: 0, Narrow klass range: 0x100000000

GC Precious Log:
 CardTable entry size: 512
 CPUs: 8 total, 8 available
 Memory: 8033M
 Large Page Support: Disabled
 NUMA Support: Disabled
 Compressed Oops: Enabled (32-bit)
 Alignments: Space 512K, Generation 512K, Heap 2M
 Heap Min Capacity: 100M
 Heap Initial Capacity: 100M
 Heap Max Capacity: 1G
 Pre-touch: Disabled
 Parallel Workers: 8

Heap:
 PSYoungGen      total 6144K, used 4041K [0x00000000eab00000, 0x00000000eb200000, 0x0000000100000000)
  eden space 5120K, 60% used [0x00000000eab00000,0x00000000eae061a8,0x00000000eb000000)
  from space 1024K, 92% used [0x00000000eb000000,0x00000000eb0ec320,0x00000000eb100000)
  to   space 1024K, 0% used [0x00000000eb100000,0x00000000eb100000,0x00000000eb200000)
 ParOldGen       total 566784K, used 566550K [0x00000000c0000000, 0x00000000e2980000, 0x00000000eab00000)
  object space 566784K, 99% used [0x00000000c0000000,0x00000000e2945910,0x00000000e2980000)
 Metaspace       used 65194K, committed 66752K, reserved 1114112K
  class space    used 6695K, committed 7360K, reserved 1048576K

Card table byte_map: [0x000001d1515d0000,0x000001d1517e0000] _byte_map_base: 0x000001d150fd0000

Marking Bits: (ParMarkBitMap*) 0x00007ffff9a83260
 Begin Bits: [0x000001d163e10000, 0x000001d164e10000)
 End Bits:   [0x000001d164e10000, 0x000001d165e10000)

Polling page: 0x000001d14fc10000

Metaspace:

Usage:
  Non-class:     57.13 MB used.
      Class:      6.54 MB used.
       Both:     63.67 MB used.

Virtual space:
  Non-class space:       64.00 MB reserved,      58.00 MB ( 91%) committed,  1 nodes.
      Class space:        1.00 GB reserved,       7.19 MB ( <1%) committed,  1 nodes.
             Both:        1.06 GB reserved,      65.19 MB (  6%) committed. 

Chunk freelists:
   Non-Class:  5.98 MB
       Class:  8.85 MB
        Both:  14.83 MB

MaxMetaspaceSize: unlimited
CompressedClassSpaceSize: 1.00 GB
Initial GC threshold: 21.00 MB
Current GC threshold: 98.12 MB
CDS: on
 - commit_granule_bytes: 65536.
 - commit_granule_words: 8192.
 - virtual_space_node_default_size: 8388608.
 - enlarge_chunks_in_place: 1.
 - use_allocation_guard: 0.


Internal statistics:

num_allocs_failed_limit: 13.
num_arena_births: 1276.
num_arena_deaths: 14.
num_vsnodes_births: 2.
num_vsnodes_deaths: 0.
num_space_committed: 1043.
num_space_uncommitted: 0.
num_chunks_returned_to_freelist: 27.
num_chunks_taken_from_freelist: 4449.
num_chunk_merges: 16.
num_chunk_splits: 2689.
num_chunks_enlarged: 1442.
num_inconsistent_stats: 0.

CodeHeap 'non-profiled nmethods': size=120000Kb used=10015Kb max_used=10015Kb free=109984Kb
 bounds [0x000001d15c8e0000, 0x000001d15d2b0000, 0x000001d163e10000]
CodeHeap 'profiled nmethods': size=120000Kb used=25975Kb max_used=25975Kb free=94024Kb
 bounds [0x000001d154e10000, 0x000001d156770000, 0x000001d15c340000]
CodeHeap 'non-nmethods': size=5760Kb used=1456Kb max_used=1579Kb free=4303Kb
 bounds [0x000001d15c340000, 0x000001d15c5b0000, 0x000001d15c8e0000]
 total_blobs=11586 nmethods=10819 adapters=672
 compilation: enabled
              stopped_count=0, restarted_count=0
 full_count=0

Compilation events (20 events):
Event: 42.876 Thread 0x000001d165fe5080 11580   !   3       org.eclipse.jdt.internal.core.NameLookup::getModuleDescription (232 bytes)
Event: 42.877 Thread 0x000001d165fe5080 nmethod 11580 0x000001d156747490 code [0x000001d156747820, 0x000001d156749578]
Event: 42.877 Thread 0x000001d165fe5080 11582       3       org.eclipse.jdt.internal.compiler.util.HashtableOfModule::put (113 bytes)
Event: 42.878 Thread 0x000001d165fe5080 nmethod 11582 0x000001d156749c10 code [0x000001d156749e40, 0x000001d15674a738]
Event: 42.878 Thread 0x000001d165fe5080 11581       3       org.eclipse.jdt.internal.core.NameLookup$$Lambda/0x000001d101723398::<init> (10 bytes)
Event: 42.879 Thread 0x000001d165fe5080 nmethod 11581 0x000001d15674ab10 code [0x000001d15674acc0, 0x000001d15674ae48]
Event: 42.879 Thread 0x000001d165fe5080 11583       1       org.eclipse.jdt.internal.compiler.env.IModule::isAutomatic (2 bytes)
Event: 42.879 Thread 0x000001d165fe5080 nmethod 11583 0x000001d15d2a6a90 code [0x000001d15d2a6c20, 0x000001d15d2a6ce8]
Event: 42.879 Thread 0x000001d165fe5080 11584       1       org.eclipse.jdt.internal.compiler.classfmt.ModuleInfo::getTagBits (5 bytes)
Event: 42.879 Thread 0x000001d165fe5080 nmethod 11584 0x000001d15d2a6d90 code [0x000001d15d2a6f20, 0x000001d15d2a6fe8]
Event: 42.879 Thread 0x000001d165fe5080 11585       1       org.eclipse.jdt.internal.compiler.classfmt.ModuleInfo::getURI (5 bytes)
Event: 42.879 Thread 0x000001d165fe5080 nmethod 11585 0x000001d15d2a7090 code [0x000001d15d2a7220, 0x000001d15d2a72e8]
Event: 42.879 Thread 0x000001d165fe5080 11586       1       org.eclipse.m2e.jdt.internal.ClasspathEntryDescriptor::getSourceAttachmentPath (5 bytes)
Event: 42.880 Thread 0x000001d165fe5080 nmethod 11586 0x000001d15d2a7390 code [0x000001d15d2a7520, 0x000001d15d2a75e8]
Event: 42.881 Thread 0x000001d165fe5080 11587       3       org.eclipse.jdt.internal.compiler.util.CharArrayMap::grow (53 bytes)
Event: 42.881 Thread 0x000001d165fe5080 nmethod 11587 0x000001d15674af10 code [0x000001d15674b0e0, 0x000001d15674b518]
Event: 42.883 Thread 0x000001d165fe5080 11588   !   3       org.eclipse.jdt.internal.core.JarPackageFragmentRoot::getClassFilePath (48 bytes)
Event: 42.885 Thread 0x000001d165fe5080 nmethod 11588 0x000001d15674b710 code [0x000001d15674bb40, 0x000001d15674de78]
Event: 42.892 Thread 0x000001d165fe5080 11589       1       org.eclipse.m2e.jdt.internal.ClasspathEntryDescriptor::getArtifactKey (5 bytes)
Event: 42.892 Thread 0x000001d165fe5080 nmethod 11589 0x000001d15d2a7690 code [0x000001d15d2a7820, 0x000001d15d2a78e8]

GC Heap History (20 events):
Event: 42.097 GC heap before
{Heap before GC invocations=758 (full 3):
 PSYoungGen      total 6144K, used 5667K [0x00000000eab00000, 0x00000000eb300000, 0x0000000100000000)
  eden space 5120K, 99% used [0x00000000eab00000,0x00000000eaffab40,0x00000000eb000000)
  from space 1024K, 55% used [0x00000000eb200000,0x00000000eb28e2c0,0x00000000eb300000)
  to   space 1024K, 0% used [0x00000000eb000000,0x00000000eb000000,0x00000000eb100000)
 ParOldGen       total 564736K, used 564322K [0x00000000c0000000, 0x00000000e2780000, 0x00000000eab00000)
  object space 564736K, 99% used [0x00000000c0000000,0x00000000e2718880,0x00000000e2780000)
 Metaspace       used 62894K, committed 64448K, reserved 1114112K
  class space    used 6497K, committed 7168K, reserved 1048576K
}
Event: 42.101 GC heap after
{Heap after GC invocations=758 (full 3):
 PSYoungGen      total 6144K, used 663K [0x00000000eab00000, 0x00000000eb280000, 0x0000000100000000)
  eden space 5120K, 0% used [0x00000000eab00000,0x00000000eab00000,0x00000000eb000000)
  from space 1024K, 64% used [0x00000000eb000000,0x00000000eb0a5e08,0x00000000eb100000)
  to   space 1024K, 0% used [0x00000000eb180000,0x00000000eb180000,0x00000000eb280000)
 ParOldGen       total 565248K, used 564759K [0x00000000c0000000, 0x00000000e2800000, 0x00000000eab00000)
  object space 565248K, 99% used [0x00000000c0000000,0x00000000e2785f30,0x00000000e2800000)
 Metaspace       used 62894K, committed 64448K, reserved 1114112K
  class space    used 6497K, committed 7168K, reserved 1048576K
}
Event: 42.213 GC heap before
{Heap before GC invocations=759 (full 3):
 PSYoungGen      total 6144K, used 5781K [0x00000000eab00000, 0x00000000eb280000, 0x0000000100000000)
  eden space 5120K, 99% used [0x00000000eab00000,0x00000000eafff908,0x00000000eb000000)
  from space 1024K, 64% used [0x00000000eb000000,0x00000000eb0a5e08,0x00000000eb100000)
  to   space 1024K, 0% used [0x00000000eb180000,0x00000000eb180000,0x00000000eb280000)
 ParOldGen       total 565248K, used 564759K [0x00000000c0000000, 0x00000000e2800000, 0x00000000eab00000)
  object space 565248K, 99% used [0x00000000c0000000,0x00000000e2785f30,0x00000000e2800000)
 Metaspace       used 63379K, committed 64960K, reserved 1114112K
  class space    used 6547K, committed 7168K, reserved 1048576K
}
Event: 42.216 GC heap after
{Heap after GC invocations=759 (full 3):
 PSYoungGen      total 5632K, used 472K [0x00000000eab00000, 0x00000000eb200000, 0x0000000100000000)
  eden space 5120K, 0% used [0x00000000eab00000,0x00000000eab00000,0x00000000eb000000)
  from space 512K, 92% used [0x00000000eb180000,0x00000000eb1f6340,0x00000000eb200000)
  to   space 1024K, 0% used [0x00000000eb000000,0x00000000eb000000,0x00000000eb100000)
 ParOldGen       total 565248K, used 564951K [0x00000000c0000000, 0x00000000e2800000, 0x00000000eab00000)
  object space 565248K, 99% used [0x00000000c0000000,0x00000000e27b5f50,0x00000000e2800000)
 Metaspace       used 63379K, committed 64960K, reserved 1114112K
  class space    used 6547K, committed 7168K, reserved 1048576K
}
Event: 42.276 GC heap before
{Heap before GC invocations=760 (full 3):
 PSYoungGen      total 5632K, used 5592K [0x00000000eab00000, 0x00000000eb200000, 0x0000000100000000)
  eden space 5120K, 100% used [0x00000000eab00000,0x00000000eb000000,0x00000000eb000000)
  from space 512K, 92% used [0x00000000eb180000,0x00000000eb1f6340,0x00000000eb200000)
  to   space 1024K, 0% used [0x00000000eb000000,0x00000000eb000000,0x00000000eb100000)
 ParOldGen       total 565248K, used 564951K [0x00000000c0000000, 0x00000000e2800000, 0x00000000eab00000)
  object space 565248K, 99% used [0x00000000c0000000,0x00000000e27b5f50,0x00000000e2800000)
 Metaspace       used 64213K, committed 65728K, reserved 1114112K
  class space    used 6625K, committed 7232K, reserved 1048576K
}
Event: 42.279 GC heap after
{Heap after GC invocations=760 (full 3):
 PSYoungGen      total 6144K, used 288K [0x00000000eab00000, 0x00000000eb200000, 0x0000000100000000)
  eden space 5120K, 0% used [0x00000000eab00000,0x00000000eab00000,0x00000000eb000000)
  from space 1024K, 28% used [0x00000000eb000000,0x00000000eb048000,0x00000000eb100000)
  to   space 512K, 0% used [0x00000000eb180000,0x00000000eb180000,0x00000000eb200000)
 ParOldGen       total 565248K, used 565204K [0x00000000c0000000, 0x00000000e2800000, 0x00000000eab00000)
  object space 565248K, 99% used [0x00000000c0000000,0x00000000e27f5000,0x00000000e2800000)
 Metaspace       used 64213K, committed 65728K, reserved 1114112K
  class space    used 6625K, committed 7232K, reserved 1048576K
}
Event: 42.399 GC heap before
{Heap before GC invocations=761 (full 3):
 PSYoungGen      total 6144K, used 5408K [0x00000000eab00000, 0x00000000eb200000, 0x0000000100000000)
  eden space 5120K, 100% used [0x00000000eab00000,0x00000000eb000000,0x00000000eb000000)
  from space 1024K, 28% used [0x00000000eb000000,0x00000000eb048000,0x00000000eb100000)
  to   space 512K, 0% used [0x00000000eb180000,0x00000000eb180000,0x00000000eb200000)
 ParOldGen       total 565248K, used 565204K [0x00000000c0000000, 0x00000000e2800000, 0x00000000eab00000)
  object space 565248K, 99% used [0x00000000c0000000,0x00000000e27f5000,0x00000000e2800000)
 Metaspace       used 64282K, committed 65856K, reserved 1114112K
  class space    used 6632K, committed 7296K, reserved 1048576K
}
Event: 42.402 GC heap after
{Heap after GC invocations=761 (full 3):
 PSYoungGen      total 5632K, used 489K [0x00000000eab00000, 0x00000000eb200000, 0x0000000100000000)
  eden space 5120K, 0% used [0x00000000eab00000,0x00000000eab00000,0x00000000eb000000)
  from space 512K, 95% used [0x00000000eb180000,0x00000000eb1fa5c8,0x00000000eb200000)
  to   space 1024K, 0% used [0x00000000eb000000,0x00000000eb000000,0x00000000eb100000)
 ParOldGen       total 565760K, used 565388K [0x00000000c0000000, 0x00000000e2880000, 0x00000000eab00000)
  object space 565760K, 99% used [0x00000000c0000000,0x00000000e2823030,0x00000000e2880000)
 Metaspace       used 64282K, committed 65856K, reserved 1114112K
  class space    used 6632K, committed 7296K, reserved 1048576K
}
Event: 42.526 GC heap before
{Heap before GC invocations=762 (full 3):
 PSYoungGen      total 5632K, used 5609K [0x00000000eab00000, 0x00000000eb200000, 0x0000000100000000)
  eden space 5120K, 100% used [0x00000000eab00000,0x00000000eb000000,0x00000000eb000000)
  from space 512K, 95% used [0x00000000eb180000,0x00000000eb1fa5c8,0x00000000eb200000)
  to   space 1024K, 0% used [0x00000000eb000000,0x00000000eb000000,0x00000000eb100000)
 ParOldGen       total 565760K, used 565388K [0x00000000c0000000, 0x00000000e2880000, 0x00000000eab00000)
  object space 565760K, 99% used [0x00000000c0000000,0x00000000e2823030,0x00000000e2880000)
 Metaspace       used 64304K, committed 65856K, reserved 1114112K
  class space    used 6633K, committed 7296K, reserved 1048576K
}
Event: 42.528 GC heap after
{Heap after GC invocations=762 (full 3):
 PSYoungGen      total 6144K, used 224K [0x00000000eab00000, 0x00000000eb200000, 0x0000000100000000)
  eden space 5120K, 0% used [0x00000000eab00000,0x00000000eab00000,0x00000000eb000000)
  from space 1024K, 21% used [0x00000000eb000000,0x00000000eb038000,0x00000000eb100000)
  to   space 512K, 0% used [0x00000000eb180000,0x00000000eb180000,0x00000000eb200000)
 ParOldGen       total 565760K, used 565516K [0x00000000c0000000, 0x00000000e2880000, 0x00000000eab00000)
  object space 565760K, 99% used [0x00000000c0000000,0x00000000e2843050,0x00000000e2880000)
 Metaspace       used 64304K, committed 65856K, reserved 1114112K
  class space    used 6633K, committed 7296K, reserved 1048576K
}
Event: 42.589 GC heap before
{Heap before GC invocations=763 (full 3):
 PSYoungGen      total 6144K, used 5344K [0x00000000eab00000, 0x00000000eb200000, 0x0000000100000000)
  eden space 5120K, 100% used [0x00000000eab00000,0x00000000eb000000,0x00000000eb000000)
  from space 1024K, 21% used [0x00000000eb000000,0x00000000eb038000,0x00000000eb100000)
  to   space 512K, 0% used [0x00000000eb180000,0x00000000eb180000,0x00000000eb200000)
 ParOldGen       total 565760K, used 565516K [0x00000000c0000000, 0x00000000e2880000, 0x00000000eab00000)
  object space 565760K, 99% used [0x00000000c0000000,0x00000000e2843050,0x00000000e2880000)
 Metaspace       used 64421K, committed 65984K, reserved 1114112K
  class space    used 6644K, committed 7296K, reserved 1048576K
}
Event: 42.592 GC heap after
{Heap after GC invocations=763 (full 3):
 PSYoungGen      total 5632K, used 320K [0x00000000eab00000, 0x00000000eb200000, 0x0000000100000000)
  eden space 5120K, 0% used [0x00000000eab00000,0x00000000eab00000,0x00000000eb000000)
  from space 512K, 62% used [0x00000000eb180000,0x00000000eb1d0000,0x00000000eb200000)
  to   space 512K, 0% used [0x00000000eb100000,0x00000000eb100000,0x00000000eb180000)
 ParOldGen       total 565760K, used 565548K [0x00000000c0000000, 0x00000000e2880000, 0x00000000eab00000)
  object space 565760K, 99% used [0x00000000c0000000,0x00000000e284b050,0x00000000e2880000)
 Metaspace       used 64421K, committed 65984K, reserved 1114112K
  class space    used 6644K, committed 7296K, reserved 1048576K
}
Event: 42.617 GC heap before
{Heap before GC invocations=764 (full 3):
 PSYoungGen      total 5632K, used 5440K [0x00000000eab00000, 0x00000000eb200000, 0x0000000100000000)
  eden space 5120K, 100% used [0x00000000eab00000,0x00000000eb000000,0x00000000eb000000)
  from space 512K, 62% used [0x00000000eb180000,0x00000000eb1d0000,0x00000000eb200000)
  to   space 512K, 0% used [0x00000000eb100000,0x00000000eb100000,0x00000000eb180000)
 ParOldGen       total 565760K, used 565548K [0x00000000c0000000, 0x00000000e2880000, 0x00000000eab00000)
  object space 565760K, 99% used [0x00000000c0000000,0x00000000e284b050,0x00000000e2880000)
 Metaspace       used 64628K, committed 66176K, reserved 1114112K
  class space    used 6657K, committed 7296K, reserved 1048576K
}
Event: 42.619 GC heap after
{Heap after GC invocations=764 (full 3):
 PSYoungGen      total 5632K, used 256K [0x00000000eab00000, 0x00000000eb200000, 0x0000000100000000)
  eden space 5120K, 0% used [0x00000000eab00000,0x00000000eab00000,0x00000000eb000000)
  from space 512K, 50% used [0x00000000eb100000,0x00000000eb140000,0x00000000eb180000)
  to   space 512K, 0% used [0x00000000eb180000,0x00000000eb180000,0x00000000eb200000)
 ParOldGen       total 565760K, used 565742K [0x00000000c0000000, 0x00000000e2880000, 0x00000000eab00000)
  object space 565760K, 99% used [0x00000000c0000000,0x00000000e287b950,0x00000000e2880000)
 Metaspace       used 64628K, committed 66176K, reserved 1114112K
  class space    used 6657K, committed 7296K, reserved 1048576K
}
Event: 42.656 GC heap before
{Heap before GC invocations=765 (full 3):
 PSYoungGen      total 5632K, used 5376K [0x00000000eab00000, 0x00000000eb200000, 0x0000000100000000)
  eden space 5120K, 100% used [0x00000000eab00000,0x00000000eb000000,0x00000000eb000000)
  from space 512K, 50% used [0x00000000eb100000,0x00000000eb140000,0x00000000eb180000)
  to   space 512K, 0% used [0x00000000eb180000,0x00000000eb180000,0x00000000eb200000)
 ParOldGen       total 565760K, used 565742K [0x00000000c0000000, 0x00000000e2880000, 0x00000000eab00000)
  object space 565760K, 99% used [0x00000000c0000000,0x00000000e287b950,0x00000000e2880000)
 Metaspace       used 64824K, committed 66304K, reserved 1114112K
  class space    used 6669K, committed 7296K, reserved 1048576K
}
Event: 42.658 GC heap after
{Heap after GC invocations=765 (full 3):
 PSYoungGen      total 5632K, used 489K [0x00000000eab00000, 0x00000000eb200000, 0x0000000100000000)
  eden space 5120K, 0% used [0x00000000eab00000,0x00000000eab00000,0x00000000eb000000)
  from space 512K, 95% used [0x00000000eb180000,0x00000000eb1fa5a8,0x00000000eb200000)
  to   space 1024K, 0% used [0x00000000eb000000,0x00000000eb000000,0x00000000eb100000)
 ParOldGen       total 566272K, used 565798K [0x00000000c0000000, 0x00000000e2900000, 0x00000000eab00000)
  object space 566272K, 99% used [0x00000000c0000000,0x00000000e2889950,0x00000000e2900000)
 Metaspace       used 64824K, committed 66304K, reserved 1114112K
  class space    used 6669K, committed 7296K, reserved 1048576K
}
Event: 42.757 GC heap before
{Heap before GC invocations=766 (full 3):
 PSYoungGen      total 5632K, used 5599K [0x00000000eab00000, 0x00000000eb200000, 0x0000000100000000)
  eden space 5120K, 99% used [0x00000000eab00000,0x00000000eaffd940,0x00000000eb000000)
  from space 512K, 95% used [0x00000000eb180000,0x00000000eb1fa5a8,0x00000000eb200000)
  to   space 1024K, 0% used [0x00000000eb000000,0x00000000eb000000,0x00000000eb100000)
 ParOldGen       total 566272K, used 565798K [0x00000000c0000000, 0x00000000e2900000, 0x00000000eab00000)
  object space 566272K, 99% used [0x00000000c0000000,0x00000000e2889950,0x00000000e2900000)
 Metaspace       used 65083K, committed 66624K, reserved 1114112K
  class space    used 6681K, committed 7360K, reserved 1048576K
}
Event: 42.760 GC heap after
{Heap after GC invocations=766 (full 3):
 PSYoungGen      total 6144K, used 576K [0x00000000eab00000, 0x00000000eb200000, 0x0000000100000000)
  eden space 5120K, 0% used [0x00000000eab00000,0x00000000eab00000,0x00000000eb000000)
  from space 1024K, 56% used [0x00000000eb000000,0x00000000eb090000,0x00000000eb100000)
  to   space 1024K, 0% used [0x00000000eb100000,0x00000000eb100000,0x00000000eb200000)
 ParOldGen       total 566272K, used 565978K [0x00000000c0000000, 0x00000000e2900000, 0x00000000eab00000)
  object space 566272K, 99% used [0x00000000c0000000,0x00000000e28b69c8,0x00000000e2900000)
 Metaspace       used 65083K, committed 66624K, reserved 1114112K
  class space    used 6681K, committed 7360K, reserved 1048576K
}
Event: 42.804 GC heap before
{Heap before GC invocations=767 (full 3):
 PSYoungGen      total 6144K, used 5696K [0x00000000eab00000, 0x00000000eb200000, 0x0000000100000000)
  eden space 5120K, 100% used [0x00000000eab00000,0x00000000eb000000,0x00000000eb000000)
  from space 1024K, 56% used [0x00000000eb000000,0x00000000eb090000,0x00000000eb100000)
  to   space 1024K, 0% used [0x00000000eb100000,0x00000000eb100000,0x00000000eb200000)
 ParOldGen       total 566272K, used 565978K [0x00000000c0000000, 0x00000000e2900000, 0x00000000eab00000)
  object space 566272K, 99% used [0x00000000c0000000,0x00000000e28b69c8,0x00000000e2900000)
 Metaspace       used 65104K, committed 66624K, reserved 1114112K
  class space    used 6685K, committed 7360K, reserved 1048576K
}
Event: 42.807 GC heap after
{Heap after GC invocations=767 (full 3):
 PSYoungGen      total 6144K, used 489K [0x00000000eab00000, 0x00000000eb200000, 0x0000000100000000)
  eden space 5120K, 0% used [0x00000000eab00000,0x00000000eab00000,0x00000000eb000000)
  from space 1024K, 47% used [0x00000000eb100000,0x00000000eb17a5c8,0x00000000eb200000)
  to   space 1024K, 0% used [0x00000000eb000000,0x00000000eb000000,0x00000000eb100000)
 ParOldGen       total 566784K, used 566390K [0x00000000c0000000, 0x00000000e2980000, 0x00000000eab00000)
  object space 566784K, 99% used [0x00000000c0000000,0x00000000e291d8e0,0x00000000e2980000)
 Metaspace       used 65104K, committed 66624K, reserved 1114112K
  class space    used 6685K, committed 7360K, reserved 1048576K
}

Dll operation events (10 events):
Event: 0.008 Loaded shared library c:\Users\21658\.vscode\extensions\redhat.java-1.41.1-win32-x64\jre\21.0.6-win32-x86_64\bin\java.dll
Event: 0.059 Loaded shared library c:\Users\21658\.vscode\extensions\redhat.java-1.41.1-win32-x64\jre\21.0.6-win32-x86_64\bin\zip.dll
Event: 0.078 Loaded shared library C:\Users\21658\.vscode\extensions\redhat.java-1.41.1-win32-x64\jre\21.0.6-win32-x86_64\bin\instrument.dll
Event: 0.081 Loaded shared library C:\Users\21658\.vscode\extensions\redhat.java-1.41.1-win32-x64\jre\21.0.6-win32-x86_64\bin\net.dll
Event: 0.083 Loaded shared library C:\Users\21658\.vscode\extensions\redhat.java-1.41.1-win32-x64\jre\21.0.6-win32-x86_64\bin\nio.dll
Event: 0.085 Loaded shared library C:\Users\21658\.vscode\extensions\redhat.java-1.41.1-win32-x64\jre\21.0.6-win32-x86_64\bin\zip.dll
Event: 0.100 Loaded shared library C:\Users\21658\.vscode\extensions\redhat.java-1.41.1-win32-x64\jre\21.0.6-win32-x86_64\bin\jimage.dll
Event: 0.158 Loaded shared library c:\Users\21658\.vscode\extensions\redhat.java-1.41.1-win32-x64\jre\21.0.6-win32-x86_64\bin\verify.dll
Event: 1.372 Loaded shared library C:\Users\21658\AppData\Roaming\Code\User\globalStorage\redhat.java\1.41.1\config_win\org.eclipse.equinox.launcher\org.eclipse.equinox.launcher.win32.win32.x86_64_1.2.1300.v20250331-1702\eclipse_11911.dll
Event: 2.966 Loaded shared library C:\Users\21658\AppData\Local\Temp\jna-47689402\jna8550885929248720198.dll

Deoptimization events (20 events):
Event: 42.765 Thread 0x000001d16cd3fde0 DEOPT PACKING pc=0x000001d1566c2de7 sp=0x000000c0aebfdc30
Event: 42.765 Thread 0x000001d16cd3fde0 DEOPT UNPACKING pc=0x000001d15c394242 sp=0x000000c0aebfd1a0 mode 0
Event: 42.773 Thread 0x000001d16cd3fde0 DEOPT PACKING pc=0x000001d1566c2de7 sp=0x000000c0aebfdc30
Event: 42.773 Thread 0x000001d16cd3fde0 DEOPT UNPACKING pc=0x000001d15c394242 sp=0x000000c0aebfd1a0 mode 0
Event: 42.796 Thread 0x000001d16cd3fde0 DEOPT PACKING pc=0x000001d1566c2de7 sp=0x000000c0aebfddd0
Event: 42.796 Thread 0x000001d16cd3fde0 DEOPT UNPACKING pc=0x000001d15c394242 sp=0x000000c0aebfd340 mode 0
Event: 42.809 Thread 0x000001d17088f740 Uncommon trap: trap_request=0xffffff45 fr.pc=0x000001d15cfbca18 relative=0x0000000000000378
Event: 42.809 Thread 0x000001d17088f740 Uncommon trap: reason=unstable_if action=reinterpret pc=0x000001d15cfbca18 method=java.lang.Integer.parseInt(Ljava/lang/String;I)I @ 197 c2
Event: 42.809 Thread 0x000001d17088f740 DEOPT PACKING pc=0x000001d15cfbca18 sp=0x000000c0b0dfeef0
Event: 42.809 Thread 0x000001d17088f740 DEOPT UNPACKING pc=0x000001d15c393aa2 sp=0x000000c0b0dfee08 mode 2
Event: 42.827 Thread 0x000001d16f23b020 Uncommon trap: trap_request=0xffffff45 fr.pc=0x000001d15d1adb68 relative=0x0000000000001a48
Event: 42.827 Thread 0x000001d16f23b020 Uncommon trap: reason=unstable_if action=reinterpret pc=0x000001d15d1adb68 method=org.eclipse.core.runtime.Path.computeSegmentCount(Ljava/lang/String;)I @ 78 c2
Event: 42.827 Thread 0x000001d16f23b020 DEOPT PACKING pc=0x000001d15d1adb68 sp=0x000000c0b11fe150
Event: 42.827 Thread 0x000001d16f23b020 DEOPT UNPACKING pc=0x000001d15c393aa2 sp=0x000000c0b11fe098 mode 2
Event: 42.827 Thread 0x000001d16f23b020 Uncommon trap: trap_request=0xffffff45 fr.pc=0x000001d15cc14598 relative=0x00000000000001f8
Event: 42.827 Thread 0x000001d16f23b020 Uncommon trap: reason=unstable_if action=reinterpret pc=0x000001d15cc14598 method=org.eclipse.core.runtime.Path.computeLength()I @ 92 c2
Event: 42.827 Thread 0x000001d16f23b020 DEOPT PACKING pc=0x000001d15cc14598 sp=0x000000c0b11fe280
Event: 42.827 Thread 0x000001d16f23b020 DEOPT UNPACKING pc=0x000001d15c393aa2 sp=0x000000c0b11fe1f8 mode 2
Event: 42.890 Thread 0x000001d17088ea20 DEOPT PACKING pc=0x000001d1566c2de7 sp=0x000000c0ae2fc670
Event: 42.890 Thread 0x000001d17088ea20 DEOPT UNPACKING pc=0x000001d15c394242 sp=0x000000c0ae2fbbe0 mode 0

Classes loaded (20 events):
Event: 41.338 Loading class java/util/Collections$SynchronizedList done
Event: 41.338 Loading class java/util/Collections$SynchronizedRandomAccessList done
Event: 41.353 Loading class java/util/concurrent/CompletableFuture$Signaller
Event: 41.354 Loading class java/util/concurrent/CompletableFuture$Signaller done
Event: 41.858 Loading class java/util/concurrent/CompletableFuture$UniApply
Event: 41.858 Loading class java/util/concurrent/CompletableFuture$UniCompletion
Event: 41.858 Loading class java/util/concurrent/CompletableFuture$UniCompletion done
Event: 41.858 Loading class java/util/concurrent/CompletableFuture$UniApply done
Event: 41.858 Loading class java/util/concurrent/CompletableFuture$UniAccept
Event: 41.858 Loading class java/util/concurrent/CompletableFuture$UniAccept done
Event: 41.858 Loading class java/util/concurrent/CompletableFuture$UniExceptionally
Event: 41.858 Loading class java/util/concurrent/CompletableFuture$UniExceptionally done
Event: 42.134 Loading class java/nio/charset/CharacterCodingException
Event: 42.135 Loading class java/nio/charset/CharacterCodingException done
Event: 42.135 Loading class java/io/SequenceInputStream
Event: 42.136 Loading class java/io/SequenceInputStream done
Event: 42.227 Loading class java/util/Hashtable$KeySet
Event: 42.228 Loading class java/util/Hashtable$KeySet done
Event: 42.634 Loading class java/lang/UnsupportedClassVersionError
Event: 42.635 Loading class java/lang/UnsupportedClassVersionError done

Classes unloaded (7 events):
Event: 3.741 Thread 0x000001d165fd3620 Unloading class 0x000001d101199400 'java/lang/invoke/LambdaForm$MH+0x000001d101199400'
Event: 3.741 Thread 0x000001d165fd3620 Unloading class 0x000001d101199000 'java/lang/invoke/LambdaForm$MH+0x000001d101199000'
Event: 3.741 Thread 0x000001d165fd3620 Unloading class 0x000001d101198c00 'java/lang/invoke/LambdaForm$MH+0x000001d101198c00'
Event: 3.741 Thread 0x000001d165fd3620 Unloading class 0x000001d101198800 'java/lang/invoke/LambdaForm$MH+0x000001d101198800'
Event: 3.741 Thread 0x000001d165fd3620 Unloading class 0x000001d101198400 'java/lang/invoke/LambdaForm$BMH+0x000001d101198400'
Event: 3.741 Thread 0x000001d165fd3620 Unloading class 0x000001d101198000 'java/lang/invoke/LambdaForm$DMH+0x000001d101198000'
Event: 3.741 Thread 0x000001d165fd3620 Unloading class 0x000001d101196c00 'java/lang/invoke/LambdaForm$DMH+0x000001d101196c00'

Classes redefined (0 events):
No events

Internal exceptions (20 events):
Event: 42.581 Thread 0x000001d16cd3fde0 Exception <a 'sun/nio/fs/WindowsException'{0x00000000eafad7d8}> (0x00000000eafad7d8) 
thrown [s\src\hotspot\share\prims\jni.cpp, line 520]
Event: 42.582 Thread 0x000001d16cd3fde0 Exception <a 'sun/nio/fs/WindowsException'{0x00000000eafae270}> (0x00000000eafae270) 
thrown [s\src\hotspot\share\prims\jni.cpp, line 520]
Event: 42.582 Thread 0x000001d16cd3fde0 Exception <a 'sun/nio/fs/WindowsException'{0x00000000eafae8a0}> (0x00000000eafae8a0) 
thrown [s\src\hotspot\share\prims\jni.cpp, line 520]
Event: 42.582 Thread 0x000001d16cd3fde0 Exception <a 'sun/nio/fs/WindowsException'{0x00000000eafafdc8}> (0x00000000eafafdc8) 
thrown [s\src\hotspot\share\prims\jni.cpp, line 520]
Event: 42.582 Thread 0x000001d16cd3fde0 Exception <a 'sun/nio/fs/WindowsException'{0x00000000eafb03f8}> (0x00000000eafb03f8) 
thrown [s\src\hotspot\share\prims\jni.cpp, line 520]
Event: 42.586 Thread 0x000001d16cd3fde0 Exception <a 'sun/nio/fs/WindowsException'{0x00000000eafd0a10}> (0x00000000eafd0a10) 
thrown [s\src\hotspot\share\prims\jni.cpp, line 520]
Event: 42.586 Thread 0x000001d16cd3fde0 Exception <a 'sun/nio/fs/WindowsException'{0x00000000eafd12f0}> (0x00000000eafd12f0) 
thrown [s\src\hotspot\share\prims\jni.cpp, line 520]
Event: 42.595 Thread 0x000001d16f86a530 Exception <a 'java/lang/NoSuchMethodError'{0x00000000eab4f868}: 'java.lang.Object java.lang.invoke.DirectMethodHandle$Holder.invokeSpecial(java.lang.Object, java.lang.Object, int, long)'> (0x00000000eab4f868) 
thrown [s\src\hotspot\share\interpreter\linkResolver.cpp, line 773]
Event: 42.667 Thread 0x000001d17088ea20 Exception <a 'java/lang/NoSuchMethodError'{0x00000000eabd7cd0}: 'int java.lang.invoke.Invokers$Holder.invokeExact_MT(java.lang.Object, java.lang.Object)'> (0x00000000eabd7cd0) 
thrown [s\src\hotspot\share\interpreter\linkResolver.cpp, line 773]
Event: 42.721 Thread 0x000001d16f86abc0 Exception <a 'java/lang/IncompatibleClassChangeError'{0x00000000eae07fa0}: Found class java.lang.Object, but interface was expected> (0x00000000eae07fa0) 
thrown [s\src\hotspot\share\interpreter\linkResolver.cpp, line 840]
Event: 42.745 Thread 0x000001d16cd3fde0 Exception <a 'sun/nio/fs/WindowsException'{0x00000000eaf20fb0}> (0x00000000eaf20fb0) 
thrown [s\src\hotspot\share\prims\jni.cpp, line 520]
Event: 42.745 Thread 0x000001d16cd3fde0 Exception <a 'sun/nio/fs/WindowsException'{0x00000000eaf215e0}> (0x00000000eaf215e0) 
thrown [s\src\hotspot\share\prims\jni.cpp, line 520]
Event: 42.746 Thread 0x000001d16cd3fde0 Exception <a 'sun/nio/fs/WindowsException'{0x00000000eaf22078}> (0x00000000eaf22078) 
thrown [s\src\hotspot\share\prims\jni.cpp, line 520]
Event: 42.746 Thread 0x000001d16cd3fde0 Exception <a 'sun/nio/fs/WindowsException'{0x00000000eaf226a8}> (0x00000000eaf226a8) 
thrown [s\src\hotspot\share\prims\jni.cpp, line 520]
Event: 42.747 Thread 0x000001d16cd3fde0 Exception <a 'sun/nio/fs/WindowsException'{0x00000000eaf23bd0}> (0x00000000eaf23bd0) 
thrown [s\src\hotspot\share\prims\jni.cpp, line 520]
Event: 42.747 Thread 0x000001d16cd3fde0 Exception <a 'sun/nio/fs/WindowsException'{0x00000000eaf24200}> (0x00000000eaf24200) 
thrown [s\src\hotspot\share\prims\jni.cpp, line 520]
Event: 42.751 Thread 0x000001d16cd3fde0 Exception <a 'sun/nio/fs/WindowsException'{0x00000000eaf64fc8}> (0x00000000eaf64fc8) 
thrown [s\src\hotspot\share\prims\jni.cpp, line 520]
Event: 42.751 Thread 0x000001d16cd3fde0 Exception <a 'sun/nio/fs/WindowsException'{0x00000000eaf658a8}> (0x00000000eaf658a8) 
thrown [s\src\hotspot\share\prims\jni.cpp, line 520]
Event: 42.762 Thread 0x000001d16f23a990 Exception <a 'java/lang/ArrayIndexOutOfBoundsException'{0x00000000eab22ea8}> (0x00000000eab22ea8) 
thrown [s\src\hotspot\share\runtime\sharedRuntime.cpp, line 625]
Event: 42.766 Thread 0x000001d17088ea20 Exception <a 'java/lang/IncompatibleClassChangeError'{0x00000000eab36920}: Found class java.lang.Object, but interface was expected> (0x00000000eab36920) 
thrown [s\src\hotspot\share\interpreter\linkResolver.cpp, line 840]

ZGC Phase Switch (0 events):
No events

VM Operations (20 events):
Event: 42.276 Executing VM operation: ParallelGCFailedAllocation (Allocation Failure)
Event: 42.279 Executing VM operation: ParallelGCFailedAllocation (Allocation Failure) done
Event: 42.399 Executing VM operation: ParallelGCFailedAllocation (Allocation Failure)
Event: 42.402 Executing VM operation: ParallelGCFailedAllocation (Allocation Failure) done
Event: 42.526 Executing VM operation: ParallelGCFailedAllocation (Allocation Failure)
Event: 42.528 Executing VM operation: ParallelGCFailedAllocation (Allocation Failure) done
Event: 42.551 Executing VM operation: HandshakeAllThreads (Deoptimize)
Event: 42.551 Executing VM operation: HandshakeAllThreads (Deoptimize) done
Event: 42.589 Executing VM operation: ParallelGCFailedAllocation (Allocation Failure)
Event: 42.592 Executing VM operation: ParallelGCFailedAllocation (Allocation Failure) done
Event: 42.616 Executing VM operation: ParallelGCFailedAllocation (Allocation Failure)
Event: 42.619 Executing VM operation: ParallelGCFailedAllocation (Allocation Failure) done
Event: 42.644 Executing VM operation: HandshakeAllThreads (Deoptimize)
Event: 42.644 Executing VM operation: HandshakeAllThreads (Deoptimize) done
Event: 42.654 Executing VM operation: ParallelGCFailedAllocation (Allocation Failure)
Event: 42.658 Executing VM operation: ParallelGCFailedAllocation (Allocation Failure) done
Event: 42.756 Executing VM operation: ParallelGCFailedAllocation (Allocation Failure)
Event: 42.760 Executing VM operation: ParallelGCFailedAllocation (Allocation Failure) done
Event: 42.804 Executing VM operation: ParallelGCFailedAllocation (Allocation Failure)
Event: 42.807 Executing VM operation: ParallelGCFailedAllocation (Allocation Failure) done

Memory protections (0 events):
No events

Nmethod flushes (20 events):
Event: 16.266 Thread 0x000001d165fd3620 flushing  nmethod 0x000001d1556a1590
Event: 16.266 Thread 0x000001d165fd3620 flushing  nmethod 0x000001d1556a7a90
Event: 16.266 Thread 0x000001d165fd3620 flushing  nmethod 0x000001d1556afd90
Event: 16.266 Thread 0x000001d165fd3620 flushing  nmethod 0x000001d1556be590
Event: 16.266 Thread 0x000001d165fd3620 flushing  nmethod 0x000001d1556c7410
Event: 16.266 Thread 0x000001d165fd3620 flushing  nmethod 0x000001d1556cc890
Event: 16.266 Thread 0x000001d165fd3620 flushing  nmethod 0x000001d1556d2d10
Event: 16.266 Thread 0x000001d165fd3620 flushing  nmethod 0x000001d1556d3c90
Event: 16.266 Thread 0x000001d165fd3620 flushing  nmethod 0x000001d1556d8c90
Event: 16.266 Thread 0x000001d165fd3620 flushing  nmethod 0x000001d1556d9790
Event: 16.266 Thread 0x000001d165fd3620 flushing  nmethod 0x000001d1556d9c10
Event: 16.266 Thread 0x000001d165fd3620 flushing  nmethod 0x000001d1556da210
Event: 16.266 Thread 0x000001d165fd3620 flushing  nmethod 0x000001d1556dc390
Event: 16.266 Thread 0x000001d165fd3620 flushing  nmethod 0x000001d15570bd10
Event: 16.266 Thread 0x000001d165fd3620 flushing  nmethod 0x000001d15574b910
Event: 16.266 Thread 0x000001d165fd3620 flushing  nmethod 0x000001d155770b90
Event: 16.266 Thread 0x000001d165fd3620 flushing  nmethod 0x000001d155776810
Event: 16.266 Thread 0x000001d165fd3620 flushing  nmethod 0x000001d155776f90
Event: 16.266 Thread 0x000001d165fd3620 flushing  nmethod 0x000001d155777310
Event: 16.266 Thread 0x000001d165fd3620 flushing  nmethod 0x000001d15577a510

Events (20 events):
Event: 23.515 Thread 0x000001d178e11c90 Thread exited: 0x000001d178e11c90
Event: 24.218 Thread 0x000001d165fe5080 Thread added: 0x000001d178e11c90
Event: 26.466 Thread 0x000001d178e11c90 Thread exited: 0x000001d178e11c90
Event: 26.519 Thread 0x000001d165fe4180 Thread added: 0x000001d16f9bd870
Event: 27.016 Thread 0x000001d16f9bd870 Thread exited: 0x000001d16f9bd870
Event: 27.748 Thread 0x000001d165fe4180 Thread added: 0x000001d16f9b9450
Event: 31.087 Thread 0x000001d16f9b9450 Thread exited: 0x000001d16f9b9450
Event: 31.214 Thread 0x000001d165fe5080 Thread added: 0x000001d16f9b9450
Event: 31.567 Thread 0x000001d16f9b9450 Thread exited: 0x000001d16f9b9450
Event: 32.449 Thread 0x000001d165fe5080 Thread added: 0x000001d16f9b86b0
Event: 32.860 Thread 0x000001d16cd3f0c0 Thread added: 0x000001d17088ea20
Event: 33.670 Thread 0x000001d16f9b86b0 Thread exited: 0x000001d16f9b86b0
Event: 42.266 Thread 0x000001d16f86abc0 Thread added: 0x000001d17088f740
Event: 42.274 Thread 0x000001d16cd3fde0 Thread added: 0x000001d170890460
Event: 42.600 Thread 0x000001d165fe5080 Thread added: 0x000001d16f9b9b20
Event: 42.602 Thread 0x000001d17088f740 Thread added: 0x000001d16f23a990
Event: 42.808 Thread 0x000001d16f86abc0 Thread added: 0x000001d16f23b020
Event: 42.812 Thread 0x000001d16f23b020 Thread added: 0x000001d16f236e80
Event: 42.826 Thread 0x000001d16f86abc0 Thread added: 0x000001d16f238230
Event: 42.830 Thread 0x000001d16f86abc0 Thread added: 0x000001d16f235ad0


Dynamic libraries:
0x00007ff7baa80000 - 0x00007ff7baa8e000 	c:\Users\21658\.vscode\extensions\redhat.java-1.41.1-win32-x64\jre\21.0.6-win32-x86_64\bin\java.exe
0x00007ff89cf10000 - 0x00007ff89d127000 	C:\WINDOWS\SYSTEM32\ntdll.dll
0x00007ff89b850000 - 0x00007ff89b914000 	C:\WINDOWS\System32\KERNEL32.DLL
0x00007ff89a770000 - 0x00007ff89ab43000 	C:\WINDOWS\System32\KERNELBASE.dll
0x00007ff89a320000 - 0x00007ff89a431000 	C:\WINDOWS\System32\ucrtbase.dll
0x00007ff882900000 - 0x00007ff882918000 	c:\Users\21658\.vscode\extensions\redhat.java-1.41.1-win32-x64\jre\21.0.6-win32-x86_64\bin\jli.dll
0x00007ff87f910000 - 0x00007ff87f92e000 	c:\Users\21658\.vscode\extensions\redhat.java-1.41.1-win32-x64\jre\21.0.6-win32-x86_64\bin\VCRUNTIME140.dll
0x00007ff89abb0000 - 0x00007ff89ad61000 	C:\WINDOWS\System32\USER32.dll
0x00007ff89ab80000 - 0x00007ff89aba6000 	C:\WINDOWS\System32\win32u.dll
0x00007ff89b5c0000 - 0x00007ff89b5e9000 	C:\WINDOWS\System32\GDI32.dll
0x00007ff87cc80000 - 0x00007ff87cf18000 	C:\WINDOWS\WinSxS\amd64_microsoft.windows.common-controls_6595b64144ccf1df_6.0.22621.5124_none_270e8f4f7386d69d\COMCTL32.dll
0x00007ff89a180000 - 0x00007ff89a29b000 	C:\WINDOWS\System32\gdi32full.dll
0x00007ff89c380000 - 0x00007ff89c427000 	C:\WINDOWS\System32\msvcrt.dll
0x00007ff89a020000 - 0x00007ff89a0ba000 	C:\WINDOWS\System32\msvcp_win.dll
0x00007ff89b380000 - 0x00007ff89b3b1000 	C:\WINDOWS\System32\IMM32.DLL
0x00007ff8967b0000 - 0x00007ff8967bc000 	c:\Users\21658\.vscode\extensions\redhat.java-1.41.1-win32-x64\jre\21.0.6-win32-x86_64\bin\vcruntime140_1.dll
0x00007ff83a3b0000 - 0x00007ff83a43d000 	c:\Users\21658\.vscode\extensions\redhat.java-1.41.1-win32-x64\jre\21.0.6-win32-x86_64\bin\msvcp140.dll
0x00007ffff8dd0000 - 0x00007ffff9b60000 	c:\Users\21658\.vscode\extensions\redhat.java-1.41.1-win32-x64\jre\21.0.6-win32-x86_64\bin\server\jvm.dll
0x00007ff89c5c0000 - 0x00007ff89c671000 	C:\WINDOWS\System32\ADVAPI32.dll
0x00007ff89cc00000 - 0x00007ff89cca8000 	C:\WINDOWS\System32\sechost.dll
0x00007ff89ab50000 - 0x00007ff89ab78000 	C:\WINDOWS\System32\bcrypt.dll
0x00007ff89b3c0000 - 0x00007ff89b4d4000 	C:\WINDOWS\System32\RPCRT4.dll
0x00007ff89b250000 - 0x00007ff89b2c1000 	C:\WINDOWS\System32\WS2_32.dll
0x00007ff899ef0000 - 0x00007ff899f3d000 	C:\WINDOWS\SYSTEM32\POWRPROF.dll
0x00007ff893f10000 - 0x00007ff893f44000 	C:\WINDOWS\SYSTEM32\WINMM.dll
0x00007ff893c40000 - 0x00007ff893c4a000 	C:\WINDOWS\SYSTEM32\VERSION.dll
0x00007ff899ed0000 - 0x00007ff899ee3000 	C:\WINDOWS\SYSTEM32\UMPDC.dll
0x00007ff898ff0000 - 0x00007ff899008000 	C:\WINDOWS\SYSTEM32\kernel.appcore.dll
0x00007ff893090000 - 0x00007ff89309a000 	c:\Users\21658\.vscode\extensions\redhat.java-1.41.1-win32-x64\jre\21.0.6-win32-x86_64\bin\jimage.dll
0x00007ff897a30000 - 0x00007ff897c62000 	C:\WINDOWS\SYSTEM32\DBGHELP.DLL
0x00007ff89add0000 - 0x00007ff89b162000 	C:\WINDOWS\System32\combase.dll
0x00007ff89b4e0000 - 0x00007ff89b5b7000 	C:\WINDOWS\System32\OLEAUT32.dll
0x00007ff8923a0000 - 0x00007ff8923d2000 	C:\WINDOWS\SYSTEM32\dbgcore.DLL
0x00007ff89a440000 - 0x00007ff89a4bb000 	C:\WINDOWS\System32\bcryptPrimitives.dll
0x00007ff88ec00000 - 0x00007ff88ec0f000 	c:\Users\21658\.vscode\extensions\redhat.java-1.41.1-win32-x64\jre\21.0.6-win32-x86_64\bin\instrument.dll
0x00007ff87eb40000 - 0x00007ff87eb5f000 	c:\Users\21658\.vscode\extensions\redhat.java-1.41.1-win32-x64\jre\21.0.6-win32-x86_64\bin\java.dll
0x00007ff89b920000 - 0x00007ff89c1b6000 	C:\WINDOWS\System32\SHELL32.dll
0x00007ff89a630000 - 0x00007ff89a76f000 	C:\WINDOWS\System32\wintypes.dll
0x00007ff897ed0000 - 0x00007ff8987ea000 	C:\WINDOWS\SYSTEM32\windows.storage.dll
0x00007ff89cdc0000 - 0x00007ff89ceca000 	C:\WINDOWS\System32\SHCORE.dll
0x00007ff89b170000 - 0x00007ff89b1d3000 	C:\WINDOWS\System32\shlwapi.dll
0x00007ff899f50000 - 0x00007ff899f7b000 	C:\WINDOWS\SYSTEM32\profapi.dll
0x00007ff8607c0000 - 0x00007ff8607d8000 	c:\Users\21658\.vscode\extensions\redhat.java-1.41.1-win32-x64\jre\21.0.6-win32-x86_64\bin\zip.dll
0x00007ff88eaf0000 - 0x00007ff88eb00000 	C:\Users\21658\.vscode\extensions\redhat.java-1.41.1-win32-x64\jre\21.0.6-win32-x86_64\bin\net.dll
0x00007ff893d10000 - 0x00007ff893e3c000 	C:\WINDOWS\SYSTEM32\WINHTTP.dll
0x00007ff899460000 - 0x00007ff8994ca000 	C:\WINDOWS\system32\mswsock.dll
0x00007ff85f590000 - 0x00007ff85f5a6000 	C:\Users\21658\.vscode\extensions\redhat.java-1.41.1-win32-x64\jre\21.0.6-win32-x86_64\bin\nio.dll
0x00007ff88ea70000 - 0x00007ff88ea80000 	c:\Users\21658\.vscode\extensions\redhat.java-1.41.1-win32-x64\jre\21.0.6-win32-x86_64\bin\verify.dll
0x00007ff83a360000 - 0x00007ff83a3a5000 	C:\Users\21658\AppData\Roaming\Code\User\globalStorage\redhat.java\1.41.1\config_win\org.eclipse.equinox.launcher\org.eclipse.equinox.launcher.win32.win32.x86_64_1.2.1300.v20250331-1702\eclipse_11911.dll
0x00007ff89b5f0000 - 0x00007ff89b791000 	C:\WINDOWS\System32\ole32.dll
0x00007ff899700000 - 0x00007ff89971b000 	C:\WINDOWS\SYSTEM32\CRYPTSP.dll
0x00007ff898f50000 - 0x00007ff898f87000 	C:\WINDOWS\system32\rsaenh.dll
0x00007ff899500000 - 0x00007ff899528000 	C:\WINDOWS\SYSTEM32\USERENV.dll
0x00007ff899660000 - 0x00007ff89966c000 	C:\WINDOWS\SYSTEM32\CRYPTBASE.dll
0x00007ff898a50000 - 0x00007ff898a7d000 	C:\WINDOWS\SYSTEM32\IPHLPAPI.DLL
0x00007ff89b2d0000 - 0x00007ff89b2d9000 	C:\WINDOWS\System32\NSI.dll
0x00007ff83a2d0000 - 0x00007ff83a319000 	C:\Users\21658\AppData\Local\Temp\jna-47689402\jna8550885929248720198.dll
0x00007ff89b7a0000 - 0x00007ff89b7a8000 	C:\WINDOWS\System32\PSAPI.DLL
0x00007ff893c00000 - 0x00007ff893c19000 	C:\WINDOWS\SYSTEM32\dhcpcsvc6.DLL
0x00007ff893b90000 - 0x00007ff893baf000 	C:\WINDOWS\SYSTEM32\dhcpcsvc.DLL

dbghelp: loaded successfully - version: 4.0.5 - missing functions: none
symbol engine: initialized successfully - sym options: 0x614 - pdb path: .;c:\Users\21658\.vscode\extensions\redhat.java-1.41.1-win32-x64\jre\21.0.6-win32-x86_64\bin;C:\WINDOWS\SYSTEM32;C:\WINDOWS\WinSxS\amd64_microsoft.windows.common-controls_6595b64144ccf1df_6.0.22621.5124_none_270e8f4f7386d69d;c:\Users\21658\.vscode\extensions\redhat.java-1.41.1-win32-x64\jre\21.0.6-win32-x86_64\bin\server;C:\Users\21658\AppData\Roaming\Code\User\globalStorage\redhat.java\1.41.1\config_win\org.eclipse.equinox.launcher\org.eclipse.equinox.launcher.win32.win32.x86_64_1.2.1300.v20250331-1702;C:\Users\21658\AppData\Local\Temp\jna-47689402

VM Arguments:
jvm_args: --add-modules=ALL-SYSTEM --add-opens=java.base/java.util=ALL-UNNAMED --add-opens=java.base/java.lang=ALL-UNNAMED --add-opens=java.base/sun.nio.fs=ALL-UNNAMED -Declipse.application=org.eclipse.jdt.ls.core.id1 -Dosgi.bundles.defaultStartLevel=4 -Declipse.product=org.eclipse.jdt.ls.core.product -Djava.import.generatesMetadataFilesAtProjectRoot=false -DDetectVMInstallationsJob.disabled=true -Dfile.encoding=utf8 -XX:+UseParallelGC -XX:GCTimeRatio=4 -XX:AdaptiveSizePolicyWeight=90 -Dsun.zip.disableMemoryMapping=true -Xmx1G -Xms100m -Xlog:disable -javaagent:c:\Users\21658\.vscode\extensions\redhat.java-1.41.1-win32-x64\lombok\lombok-1.18.36.jar -XX:+HeapDumpOnOutOfMemoryError -XX:HeapDumpPath=c:\Users\21658\AppData\Roaming\Code\User\workspaceStorage\d1496b096d0a1c07d90c78ab5ca7316e\redhat.java -Daether.dependencyCollector.impl=bf 
java_command: c:\Users\21658\.vscode\extensions\redhat.java-1.41.1-win32-x64\server\plugins\org.eclipse.equinox.launcher_1.7.0.v20250331-1702.jar -configuration c:\Users\21658\AppData\Roaming\Code\User\globalStorage\redhat.java\1.41.1\config_win -data c:\Users\21658\AppData\Roaming\Code\User\workspaceStorage\d1496b096d0a1c07d90c78ab5ca7316e\redhat.java\jdt_ws --pipe=\\.\pipe\lsp-5bbbc2cd59a699fc6ad84c0b7793637d-sock
java_class_path (initial): c:\Users\21658\.vscode\extensions\redhat.java-1.41.1-win32-x64\server\plugins\org.eclipse.equinox.launcher_1.7.0.v20250331-1702.jar
Launcher Type: SUN_STANDARD

[Global flags]
    uintx AdaptiveSizePolicyWeight                 = 90                                        {product} {command line}
     intx CICompilerCount                          = 4                                         {product} {ergonomic}
    uintx GCTimeRatio                              = 4                                         {product} {command line}
     bool HeapDumpOnOutOfMemoryError               = true                                   {manageable} {command line}
    ccstr HeapDumpPath                             = c:\Users\21658\AppData\Roaming\Code\User\workspaceStorage\d1496b096d0a1c07d90c78ab5ca7316e\redhat.java         {manageable} {command line}
   size_t InitialHeapSize                          = 104857600                                 {product} {command line}
   size_t MaxHeapSize                              = 1073741824                                {product} {command line}
   size_t MaxNewSize                               = 357564416                                 {product} {ergonomic}
   size_t MinHeapDeltaBytes                        = 524288                                    {product} {ergonomic}
   size_t MinHeapSize                              = 104857600                                 {product} {command line}
   size_t NewSize                                  = 34603008                                  {product} {ergonomic}
    uintx NonNMethodCodeHeapSize                   = 5839372                                {pd product} {ergonomic}
    uintx NonProfiledCodeHeapSize                  = 122909434                              {pd product} {ergonomic}
   size_t OldSize                                  = 70254592                                  {product} {ergonomic}
    uintx ProfiledCodeHeapSize                     = 122909434                              {pd product} {ergonomic}
    uintx ReservedCodeCacheSize                    = 251658240                              {pd product} {ergonomic}
     bool SegmentedCodeCache                       = true                                      {product} {ergonomic}
   size_t SoftMaxHeapSize                          = 1073741824                             {manageable} {ergonomic}
     bool UseCompressedOops                        = true                           {product lp64_product} {ergonomic}
     bool UseLargePagesIndividualAllocation        = false                                  {pd product} {ergonomic}
     bool UseParallelGC                            = true                                      {product} {command line}

Logging:
Log output configuration:
 #0: stdout all=off uptime,level,tags foldmultilines=false
 #1: stderr all=off uptime,level,tags foldmultilines=false

Environment Variables:
JAVA_HOME=C:\Program Files\Java\jdk-17
PATH=C:\app\21658\product\23ai\dbhomeFree\bin;C:\Program Files (x86)\VMware\VMware Workstation\bin\;C:\Program Files\Common Files\Oracle\Java\javapath;C:\Python312\Scripts\;C:\Python312\;C:\windows\system32;C:\windows;C:\windows\System32\Wbem;C:\windows\System32\WindowsPowerShell\v1.0\;C:\windows\System32\OpenSSH\;C:\Program Files (x86)\NVIDIA Corporation\PhysX\Common;C:\Program Files\NVIDIA Corporation\NVIDIA NvDLISR;C:\WINDOWS\system32;C:\WINDOWS;C:\WINDOWS\System32\Wbem;C:\WINDOWS\System32\WindowsPowerShell\v1.0\;C:\WINDOWS\System32\OpenSSH\;C:\Program Files\HP\HP One Agent;C:\php-8.2;C:\composer;C:\Program Files\Git\cmd;C:\xampp\php;C:\symfony-7.0.2;C:\Program Files\nodejs\;C:\ProgramData\chocolatey\bin;C:\Program Files\nodejs;C:\Program Files\MongoDB\Server\6.0\bin;C:\Users\21658\AppData\Local\Programs\Python\Python39;;C:\Program Files\Docker\Docker\resources\bin;C:\Users\21658\AppData\Local\Programs\Python\Python38\Scripts\;C:\Users\21658\AppData\Local\Programs\Python\Python38\;C:\Users\21658\AppData\Local\Microsoft\WindowsApps;C:\Users\21658\AppData\Local\Programs\Microsoft VS Code\bin;C:\Users\21658\AppData\Roaming\Composer\vendor\bin;C:\symfony-7.0.2;C:\php-8.2;C:\Users\21658\AppData\Roaming\npm;C:\Program Files\MongoDB\Server\6.0\bin;C:\Program Files\Java\jdk-17\bin;C:\protoc\bin;C:\Users\21658\AppData\Local\Programs\Python\Python39;C:\Users\21658\AppData\Local\Programs\Python\Python39\Scripts;C:\Users\21658\AppData\Local\Programs\Python\Python39\Scripts;C:\Users\21658\anaconda3\Library\bin;C:\ProgramData\21658\GitHubDesktop\bin;C:\Users\21658\AppData\Local\GitHubDesktop\bin;C:\Program Files\Heroku\;C:\Program Files\heroku\bin;C:\apache-maven-3.9.9\bin;
USERNAME=21658
OS=Windows_NT
PROCESSOR_IDENTIFIER=Intel64 Family 6 Model 158 Stepping 10, GenuineIntel
TMP=C:\Users\21658\AppData\Local\Temp
TEMP=C:\Users\21658\AppData\Local\Temp




Periodic native trim disabled

---------------  S Y S T E M  ---------------

OS:
 Windows 11 , 64 bit Build 22621 (10.0.22621.5124)
OS uptime: 3 days 13:07 hours
Hyper-V role detected

CPU: total 8 (initial active 8) (4 cores per cpu, 2 threads per core) family 6 model 158 stepping 10 microcode 0xde, cx8, cmov, fxsr, ht, mmx, 3dnowpref, sse, sse2, sse3, ssse3, sse4.1, sse4.2, popcnt, lzcnt, tsc, tscinvbit, avx, avx2, aes, erms, clmul, bmi1, bmi2, adx, fma, vzeroupper, clflush, clflushopt, hv, rdtscp, f16c
Processor Information for the first 8 processors :
  Max Mhz: 2400, Current Mhz: 2400, Mhz Limit: 2400

Memory: 4k page, system-wide physical 8033M (402M free)
TotalPageFile size 32609M (AvailPageFile size 35M)
current process WorkingSet (physical memory assigned to process): 812M, peak: 852M
current process commit charge ("private bytes"): 822M, peak: 838M

vm_info: OpenJDK 64-Bit Server VM (21.0.6+7-LTS) for windows-amd64 JRE (21.0.6+7-LTS), built on 2025-01-21T00:00:00Z by "admin" with MS VC++ 17.7 (VS2022)

END.
