#
# There is insufficient memory for the Java Runtime Environment to continue.
# Native memory allocation (malloc) failed to allocate 1124816 bytes. Error detail: Chunk::new
# Possible reasons:
#   The system is out of physical RAM or swap space
#   This process is running with CompressedOops enabled, and the Java Heap may be blocking the growth of the native heap
# Possible solutions:
#   Reduce memory load on the system
#   Increase physical memory or swap space
#   Check if swap backing store is full
#   Decrease Java heap size (-Xmx/-Xms)
#   Decrease number of Java threads
#   Decrease Java thread stack sizes (-Xss)
#   Set larger code cache with -XX:ReservedCodeCacheSize=
#   JVM is running with Unscaled Compressed Oops mode in which the Java heap is
#     placed in the first 4GB address space. The Java Heap base address is the
#     maximum limit for the native heap growth. Please use -XX:HeapBaseMinAddress
#     to set the Java Heap base and to place the Java Heap above 4GB virtual address.
# This output file may be truncated or incomplete.
#
#  Out of Memory Error (arena.cpp:168), pid=1444, tid=32404
#
# JRE version: OpenJDK Runtime Environment Temurin-21.0.6+7 (21.0.6+7) (build 21.0.6+7-LTS)
# Java VM: OpenJDK 64-Bit Server VM Temurin-21.0.6+7 (21.0.6+7-LTS, mixed mode, sharing, tiered, compressed oops, compressed class ptrs, parallel gc, windows-amd64)
# No core dump will be written. Minidumps are not enabled by default on client versions of Windows
#

---------------  S U M M A R Y ------------

Command Line: --add-modules=ALL-SYSTEM --add-opens=java.base/java.util=ALL-UNNAMED --add-opens=java.base/java.lang=ALL-UNNAMED --add-opens=java.base/sun.nio.fs=ALL-UNNAMED -Declipse.application=org.eclipse.jdt.ls.core.id1 -Dosgi.bundles.defaultStartLevel=4 -Declipse.product=org.eclipse.jdt.ls.core.product -Djava.import.generatesMetadataFilesAtProjectRoot=false -DDetectVMInstallationsJob.disabled=true -Dfile.encoding=utf8 -XX:+UseParallelGC -XX:GCTimeRatio=4 -XX:AdaptiveSizePolicyWeight=90 -Dsun.zip.disableMemoryMapping=true -Xmx1G -Xms100m -Xlog:disable -javaagent:c:\Users\21658\.vscode\extensions\redhat.java-1.41.1-win32-x64\lombok\lombok-1.18.36.jar c:\Users\21658\.vscode\extensions\redhat.java-1.41.1-win32-x64\server\plugins\org.eclipse.equinox.launcher_1.7.0.v20250331-1702.jar -configuration c:\Users\21658\AppData\Roaming\Code\User\globalStorage\redhat.java\1.41.1\config_ss_win -data c:\Users\21658\AppData\Roaming\Code\User\workspaceStorage\d1496b096d0a1c07d90c78ab5ca7316e\redhat.java\ss_ws --pipe=\\.\pipe\lsp-cc7066e1c8bbc04b6e31e1b65b1547da-sock

Host: Intel(R) Core(TM) i5-9300H CPU @ 2.40GHz, 8 cores, 7G,  Windows 11 , 64 bit Build 22621 (10.0.22621.5124)
Time: Mon Apr 14 19:40:17 2025 Afr. centrale Ouest elapsed time: 56.432969 seconds (0d 0h 0m 56s)

---------------  T H R E A D  ---------------

Current thread (0x000001cb943065d0):  JavaThread "C2 CompilerThread0" daemon [_thread_in_native, id=32404, stack(0x000000397e900000,0x000000397ea00000) (1024K)]


Current CompileTask:
C2:56433 6536 % !   4       org.eclipse.jdt.internal.compiler.classfmt.ClassFileReader::<init> @ 81 (2135 bytes)

Stack: [0x000000397e900000,0x000000397ea00000]
Native frames: (J=compiled Java code, j=interpreted, Vv=VM code, C=native code)
V  [jvm.dll+0x6cdee9]
V  [jvm.dll+0x8a83d1]
V  [jvm.dll+0x8aa8fe]
V  [jvm.dll+0x8aafe3]
V  [jvm.dll+0x27f706]
V  [jvm.dll+0xc500d]
V  [jvm.dll+0xc5543]
V  [jvm.dll+0x3b6752]
V  [jvm.dll+0x382935]
V  [jvm.dll+0x381d9a]
V  [jvm.dll+0x2479f0]
V  [jvm.dll+0x246fcf]
V  [jvm.dll+0x1c75ee]
V  [jvm.dll+0x25685a]
V  [jvm.dll+0x254dfa]
V  [jvm.dll+0x3f0256]
V  [jvm.dll+0x851f8b]
V  [jvm.dll+0x6cc5ed]
C  [ucrtbase.dll+0x29333]
C  [KERNEL32.DLL+0x1259d]
C  [ntdll.dll+0x5af38]


---------------  P R O C E S S  ---------------

Threads class SMR info:
_java_thread_list=0x000001cbdd966d90, length=39, elements={
0x000001cbffac6160, 0x000001cb942f1660, 0x000001cb942f2e60, 0x000001cb942f5230,
0x000001cb942fa180, 0x000001cb942fceb0, 0x000001cb942ffd60, 0x000001cb943065d0,
0x000001cb94327570, 0x000001cbdb0bd220, 0x000001cbdb246dd0, 0x000001cbdb33b720,
0x000001cbdbbb6410, 0x000001cbdbb4c5a0, 0x000001cbdbbfaa80, 0x000001cbdbcdd850,
0x000001cbdbc37400, 0x000001cbdbb96b70, 0x000001cbdbefee50, 0x000001cbdbefd410,
0x000001cbdbefdaa0, 0x000001cbdbefe130, 0x000001cbdbefcd80, 0x000001cbdbeff4e0,
0x000001cbdbefc060, 0x000001cbdbefe7c0, 0x000001cbdbefc6f0, 0x000001cbdb167e70,
0x000001cbdb166430, 0x000001cbdb169220, 0x000001cbdb166ac0, 0x000001cbdb163cd0,
0x000001cbdb1698b0, 0x000001cbdb164360, 0x000001cbdb1677e0, 0x000001cbdb169f40,
0x000001cbdb168b90, 0x000001cbdb16a5d0, 0x000001cbdc74b800
}

Java Threads: ( => current thread )
  0x000001cbffac6160 JavaThread "main"                              [_thread_blocked, id=3076, stack(0x000000397df00000,0x000000397e000000) (1024K)]
  0x000001cb942f1660 JavaThread "Reference Handler"          daemon [_thread_blocked, id=29192, stack(0x000000397e300000,0x000000397e400000) (1024K)]
  0x000001cb942f2e60 JavaThread "Finalizer"                  daemon [_thread_blocked, id=32988, stack(0x000000397e400000,0x000000397e500000) (1024K)]
  0x000001cb942f5230 JavaThread "Signal Dispatcher"          daemon [_thread_blocked, id=25820, stack(0x000000397e500000,0x000000397e600000) (1024K)]
  0x000001cb942fa180 JavaThread "Attach Listener"            daemon [_thread_blocked, id=7532, stack(0x000000397e600000,0x000000397e700000) (1024K)]
  0x000001cb942fceb0 JavaThread "Service Thread"             daemon [_thread_blocked, id=35912, stack(0x000000397e700000,0x000000397e800000) (1024K)]
  0x000001cb942ffd60 JavaThread "Monitor Deflation Thread"   daemon [_thread_blocked, id=16168, stack(0x000000397e800000,0x000000397e900000) (1024K)]
=>0x000001cb943065d0 JavaThread "C2 CompilerThread0"         daemon [_thread_in_native, id=32404, stack(0x000000397e900000,0x000000397ea00000) (1024K)]
  0x000001cb94327570 JavaThread "C1 CompilerThread0"         daemon [_thread_blocked, id=8884, stack(0x000000397ea00000,0x000000397eb00000) (1024K)]
  0x000001cbdb0bd220 JavaThread "Common-Cleaner"             daemon [_thread_blocked, id=36012, stack(0x000000397eb00000,0x000000397ec00000) (1024K)]
  0x000001cbdb246dd0 JavaThread "Notification Thread"        daemon [_thread_blocked, id=31348, stack(0x000000397ec00000,0x000000397ed00000) (1024K)]
  0x000001cbdb33b720 JavaThread "Active Thread: Equinox Container: c3571a3c-be92-4beb-97ee-ea5dad61f74e"        [_thread_blocked, id=35140, stack(0x000000397ed00000,0x000000397ee00000) (1024K)]
  0x000001cbdbbb6410 JavaThread "Framework Event Dispatcher: Equinox Container: c3571a3c-be92-4beb-97ee-ea5dad61f74e" daemon [_thread_blocked, id=33740, stack(0x000000397f500000,0x000000397f600000) (1024K)]
  0x000001cbdbb4c5a0 JavaThread "Start Level: Equinox Container: c3571a3c-be92-4beb-97ee-ea5dad61f74e" daemon [_thread_blocked, id=29444, stack(0x000000397f600000,0x000000397f700000) (1024K)]
  0x000001cbdbbfaa80 JavaThread "SCR Component Actor"        daemon [_thread_blocked, id=15392, stack(0x000000397f700000,0x000000397f800000) (1024K)]
  0x000001cbdbcdd850 JavaThread "Worker-JM"                         [_thread_blocked, id=16948, stack(0x000000397f900000,0x000000397fa00000) (1024K)]
  0x000001cbdbc37400 JavaThread "JNA Cleaner"                daemon [_thread_blocked, id=22124, stack(0x000000397fa00000,0x000000397fb00000) (1024K)]
  0x000001cbdbb96b70 JavaThread "Worker-0"                          [_thread_blocked, id=18564, stack(0x000000397fb00000,0x000000397fc00000) (1024K)]
  0x000001cbdbefee50 JavaThread "Worker-1: Shutdown..."             [_thread_blocked, id=29068, stack(0x000000397fc00000,0x000000397fd00000) (1024K)]
  0x000001cbdbefd410 JavaThread "Thread-2"                   daemon [_thread_in_native, id=17556, stack(0x000000397fe00000,0x000000397ff00000) (1024K)]
  0x000001cbdbefdaa0 JavaThread "Thread-3"                   daemon [_thread_in_native, id=36840, stack(0x000000397ff00000,0x0000003980000000) (1024K)]
  0x000001cbdbefe130 JavaThread "Thread-4"                   daemon [_thread_in_native, id=35884, stack(0x0000003900000000,0x0000003900100000) (1024K)]
  0x000001cbdbefcd80 JavaThread "Thread-5"                   daemon [_thread_in_native, id=14668, stack(0x0000003900100000,0x0000003900200000) (1024K)]
  0x000001cbdbeff4e0 JavaThread "Thread-6"                   daemon [_thread_in_native, id=35184, stack(0x0000003900200000,0x0000003900300000) (1024K)]
  0x000001cbdbefc060 JavaThread "Thread-7"                   daemon [_thread_in_native, id=4200, stack(0x0000003900300000,0x0000003900400000) (1024K)]
  0x000001cbdbefe7c0 JavaThread "Thread-8"                   daemon [_thread_in_native, id=28860, stack(0x0000003900400000,0x0000003900500000) (1024K)]
  0x000001cbdbefc6f0 JavaThread "Thread-9"                   daemon [_thread_in_native, id=6628, stack(0x0000003900500000,0x0000003900600000) (1024K)]
  0x000001cbdb167e70 JavaThread "Thread-10"                  daemon [_thread_in_native, id=17852, stack(0x0000003900600000,0x0000003900700000) (1024K)]
  0x000001cbdb166430 JavaThread "pool-2-thread-1"                   [_thread_blocked, id=33036, stack(0x0000003900700000,0x0000003900800000) (1024K)]
  0x000001cbdb169220 JavaThread "Worker-2"                          [_thread_blocked, id=33184, stack(0x0000003900800000,0x0000003900900000) (1024K)]
  0x000001cbdb166ac0 JavaThread "WorkspaceEventsHandler"            [_thread_blocked, id=22852, stack(0x0000003900900000,0x0000003900a00000) (1024K)]
  0x000001cbdb163cd0 JavaThread "pool-1-thread-1"                   [_thread_blocked, id=35040, stack(0x0000003900a00000,0x0000003900b00000) (1024K)]
  0x000001cbdb1698b0 JavaThread "ForkJoinPool.commonPool-worker-1" daemon [_thread_blocked, id=30344, stack(0x0000003900b00000,0x0000003900c00000) (1024K)]
  0x000001cbdb164360 JavaThread "ForkJoinPool.commonPool-worker-2" daemon [_thread_blocked, id=18252, stack(0x0000003900c00000,0x0000003900d00000) (1024K)]
  0x000001cbdb1677e0 JavaThread "ForkJoinPool.commonPool-worker-3" daemon [_thread_blocked, id=1784, stack(0x0000003900d00000,0x0000003900e00000) (1024K)]
  0x000001cbdb169f40 JavaThread "ForkJoinPool.commonPool-worker-4" daemon [_thread_blocked, id=4316, stack(0x0000003900e00000,0x0000003900f00000) (1024K)]
  0x000001cbdb168b90 JavaThread "pool-3-thread-1"                   [_thread_blocked, id=34952, stack(0x0000003901200000,0x0000003901300000) (1024K)]
  0x000001cbdb16a5d0 JavaThread "ForkJoinPool-3-worker-1"    daemon [_thread_in_native, id=35516, stack(0x0000003901100000,0x0000003901200000) (1024K)]
  0x000001cbdc74b800 JavaThread "C2 CompilerThread1"         daemon [_thread_in_native, id=29416, stack(0x0000003901300000,0x0000003901400000) (1024K)]
Total: 39

Other Threads:
  0x000001cb942d1bf0 VMThread "VM Thread"                           [id=31640, stack(0x000000397e200000,0x000000397e300000) (1024K)]
  0x000001cb9420ca00 WatcherThread "VM Periodic Task Thread"        [id=32488, stack(0x000000397e100000,0x000000397e200000) (1024K)]
  0x000001cbffae34b0 WorkerThread "GC Thread#0"                     [id=36004, stack(0x000000397e000000,0x000000397e100000) (1024K)]
  0x000001cbdb6e4d40 WorkerThread "GC Thread#1"                     [id=7944, stack(0x000000397ee00000,0x000000397ef00000) (1024K)]
  0x000001cbdb6e50e0 WorkerThread "GC Thread#2"                     [id=31164, stack(0x000000397ef00000,0x000000397f000000) (1024K)]
  0x000001cbdb8dc8b0 WorkerThread "GC Thread#3"                     [id=34244, stack(0x000000397f000000,0x000000397f100000) (1024K)]
  0x000001cbdb8dcc50 WorkerThread "GC Thread#4"                     [id=21548, stack(0x000000397f100000,0x000000397f200000) (1024K)]
  0x000001cbdb8dcff0 WorkerThread "GC Thread#5"                     [id=23120, stack(0x000000397f200000,0x000000397f300000) (1024K)]
  0x000001cbdb8dd390 WorkerThread "GC Thread#6"                     [id=35676, stack(0x000000397f300000,0x000000397f400000) (1024K)]
  0x000001cbdbab2ec0 WorkerThread "GC Thread#7"                     [id=20388, stack(0x000000397f800000,0x000000397f900000) (1024K)]
Total: 10

Threads with active compile tasks:
C2 CompilerThread0  56489 6536 % !   4       org.eclipse.jdt.internal.compiler.classfmt.ClassFileReader::<init> @ 81 (2135 bytes)
C2 CompilerThread1  56489 6599       4       org.eclipse.jdt.internal.core.JavaElement::getElementInfo (27 bytes)
Total: 2

VM state: not at safepoint (normal execution)

VM Mutex/Monitor currently owned by a thread: None

Heap address: 0x00000000c0000000, size: 1024 MB, Compressed Oops mode: 32-bit

CDS archive(s) mapped at: [0x000001cb95000000-0x000001cb95ba0000-0x000001cb95ba0000), size 12189696, SharedBaseAddress: 0x000001cb95000000, ArchiveRelocationMode: 1.
Compressed class space mapped at: 0x000001cb96000000-0x000001cbd6000000, reserved size: 1073741824
Narrow klass base: 0x000001cb95000000, Narrow klass shift: 0, Narrow klass range: 0x100000000

GC Precious Log:
 CardTable entry size: 512
 CPUs: 8 total, 8 available
 Memory: 8033M
 Large Page Support: Disabled
 NUMA Support: Disabled
 Compressed Oops: Enabled (32-bit)
 Alignments: Space 512K, Generation 512K, Heap 2M
 Heap Min Capacity: 100M
 Heap Initial Capacity: 100M
 Heap Max Capacity: 1G
 Pre-touch: Disabled
 Parallel Workers: 8

Heap:
 PSYoungGen      total 24064K, used 5044K [0x00000000eab00000, 0x00000000ec680000, 0x0000000100000000)
  eden space 19968K, 7% used [0x00000000eab00000,0x00000000eac7cec8,0x00000000ebe80000)
  from space 4096K, 85% used [0x00000000ebe80000,0x00000000ec1f01e8,0x00000000ec280000)
  to   space 4096K, 0% used [0x00000000ec280000,0x00000000ec280000,0x00000000ec680000)
 ParOldGen       total 68608K, used 32898K [0x00000000c0000000, 0x00000000c4300000, 0x00000000eab00000)
  object space 68608K, 47% used [0x00000000c0000000,0x00000000c2020aa0,0x00000000c4300000)
 Metaspace       used 43958K, committed 45120K, reserved 1114112K
  class space    used 4281K, committed 4800K, reserved 1048576K

Card table byte_map: [0x000001cbff460000,0x000001cbff670000] _byte_map_base: 0x000001cbfee60000

Marking Bits: (ParMarkBitMap*) 0x00007ffff9a83260
 Begin Bits: [0x000001cb92130000, 0x000001cb93130000)
 End Bits:   [0x000001cb93130000, 0x000001cb94130000)

Polling page: 0x000001cbfdaa0000

Metaspace:

Usage:
  Non-class:     38.75 MB used.
      Class:      4.18 MB used.
       Both:     42.93 MB used.

Virtual space:
  Non-class space:       64.00 MB reserved,      39.38 MB ( 62%) committed,  1 nodes.
      Class space:        1.00 GB reserved,       4.69 MB ( <1%) committed,  1 nodes.
             Both:        1.06 GB reserved,      44.06 MB (  4%) committed. 

Chunk freelists:
   Non-Class:  8.35 MB
       Class:  11.30 MB
        Both:  19.65 MB

MaxMetaspaceSize: unlimited
CompressedClassSpaceSize: 1.00 GB
Initial GC threshold: 21.00 MB
Current GC threshold: 58.38 MB
CDS: on
 - commit_granule_bytes: 65536.
 - commit_granule_words: 8192.
 - virtual_space_node_default_size: 8388608.
 - enlarge_chunks_in_place: 1.
 - use_allocation_guard: 0.


Internal statistics:

num_allocs_failed_limit: 6.
num_arena_births: 962.
num_arena_deaths: 48.
num_vsnodes_births: 2.
num_vsnodes_deaths: 0.
num_space_committed: 705.
num_space_uncommitted: 0.
num_chunks_returned_to_freelist: 65.
num_chunks_taken_from_freelist: 2926.
num_chunk_merges: 15.
num_chunk_splits: 1817.
num_chunks_enlarged: 1086.
num_inconsistent_stats: 0.

CodeHeap 'non-profiled nmethods': size=120000Kb used=3710Kb max_used=3710Kb free=116289Kb
 bounds [0x000001cb8ac00000, 0x000001cb8afa0000, 0x000001cb92130000]
CodeHeap 'profiled nmethods': size=120000Kb used=14001Kb max_used=14001Kb free=105998Kb
 bounds [0x000001cb83130000, 0x000001cb83ee0000, 0x000001cb8a660000]
CodeHeap 'non-nmethods': size=5760Kb used=1410Kb max_used=1479Kb free=4349Kb
 bounds [0x000001cb8a660000, 0x000001cb8a8d0000, 0x000001cb8ac00000]
 total_blobs=6943 nmethods=6224 adapters=625
 compilation: enabled
              stopped_count=0, restarted_count=0
 full_count=0

Compilation events (20 events):
Event: 56.321 Thread 0x000001cb94327570 6608       3       org.eclipse.jdt.internal.compiler.lookup.ParameterizedTypeBinding::<init> (181 bytes)
Event: 56.322 Thread 0x000001cb94327570 nmethod 6608 0x000001cb83ecb510 code [0x000001cb83ecb780, 0x000001cb83ecc818]
Event: 56.322 Thread 0x000001cb94327570 6610       3       org.eclipse.jdt.internal.compiler.codegen.CharArrayCache::put (103 bytes)
Event: 56.322 Thread 0x000001cb94327570 nmethod 6610 0x000001cb83eccc90 code [0x000001cb83eccea0, 0x000001cb83ecd4c0]
Event: 56.322 Thread 0x000001cb94327570 6607       3       org.eclipse.jdt.internal.compiler.lookup.LookupEnvironment::getAnalysisAnnotationBit (323 bytes)
Event: 56.325 Thread 0x000001cb94327570 nmethod 6607 0x000001cb83ecd810 code [0x000001cb83ecdc80, 0x000001cb83ecfd08]
Event: 56.325 Thread 0x000001cb94327570 6594       3       org.eclipse.jdt.internal.compiler.lookup.ModuleBinding::otherRelevantModules (73 bytes)
Event: 56.326 Thread 0x000001cbdc74b800 nmethod 6603 0x000001cb8af9e290 code [0x000001cb8af9e4a0, 0x000001cb8af9e938]
Event: 56.326 Thread 0x000001cbdc74b800 6599       4       org.eclipse.jdt.internal.core.JavaElement::getElementInfo (27 bytes)
Event: 56.327 Thread 0x000001cb94327570 nmethod 6594 0x000001cb83ed0910 code [0x000001cb83ed0c80, 0x000001cb83ed2220]
Event: 56.327 Thread 0x000001cb94327570 6605       3       org.eclipse.jdt.internal.compiler.lookup.CompilationUnitScope::recordTypeReferences (74 bytes)
Event: 56.328 Thread 0x000001cb94327570 nmethod 6605 0x000001cb83ed2910 code [0x000001cb83ed2b20, 0x000001cb83ed3110]
Event: 56.328 Thread 0x000001cb94327570 6592       3       org.eclipse.jdt.internal.compiler.lookup.Scope::getBaseType (442 bytes)
Event: 56.328 Thread 0x000001cb94327570 nmethod 6592 0x000001cb83ed3310 code [0x000001cb83ed35a0, 0x000001cb83ed45d8]
Event: 56.328 Thread 0x000001cb94327570 6617       1       org.eclipse.core.internal.jobs.InternalJob::getRule (5 bytes)
Event: 56.329 Thread 0x000001cb94327570 nmethod 6617 0x000001cb8af9ee10 code [0x000001cb8af9efa0, 0x000001cb8af9f068]
Event: 56.329 Thread 0x000001cb94327570 6609       1       org.eclipse.jdt.internal.compiler.ast.MessageSend::setExpressionContext (6 bytes)
Event: 56.329 Thread 0x000001cb94327570 nmethod 6609 0x000001cb8af9f110 code [0x000001cb8af9f2a0, 0x000001cb8af9f380]
Event: 56.329 Thread 0x000001cb94327570 6604       1       org.eclipse.jdt.internal.compiler.ast.Annotation::getCompilerAnnotation (5 bytes)
Event: 56.329 Thread 0x000001cb94327570 nmethod 6604 0x000001cb8af9f410 code [0x000001cb8af9f5a0, 0x000001cb8af9f668]

GC Heap History (20 events):
Event: 15.157 GC heap before
{Heap before GC invocations=16 (full 1):
 PSYoungGen      total 25088K, used 24608K [0x00000000eab00000, 0x00000000ec700000, 0x0000000100000000)
  eden space 22016K, 100% used [0x00000000eab00000,0x00000000ec080000,0x00000000ec080000)
  from space 3072K, 84% used [0x00000000ec400000,0x00000000ec688010,0x00000000ec700000)
  to   space 3072K, 0% used [0x00000000ec100000,0x00000000ec100000,0x00000000ec400000)
 ParOldGen       total 68608K, used 24216K [0x00000000c0000000, 0x00000000c4300000, 0x00000000eab00000)
  object space 68608K, 35% used [0x00000000c0000000,0x00000000c17a6330,0x00000000c4300000)
 Metaspace       used 32912K, committed 33792K, reserved 1114112K
  class space    used 3241K, committed 3584K, reserved 1048576K
}
Event: 15.196 GC heap after
{Heap after GC invocations=16 (full 1):
 PSYoungGen      total 24576K, used 2048K [0x00000000eab00000, 0x00000000ec580000, 0x0000000100000000)
  eden space 22016K, 0% used [0x00000000eab00000,0x00000000eab00000,0x00000000ec080000)
  from space 2560K, 80% used [0x00000000ec100000,0x00000000ec300058,0x00000000ec380000)
  to   space 2048K, 0% used [0x00000000ec380000,0x00000000ec380000,0x00000000ec580000)
 ParOldGen       total 68608K, used 26672K [0x00000000c0000000, 0x00000000c4300000, 0x00000000eab00000)
  object space 68608K, 38% used [0x00000000c0000000,0x00000000c1a0c340,0x00000000c4300000)
 Metaspace       used 32912K, committed 33792K, reserved 1114112K
  class space    used 3241K, committed 3584K, reserved 1048576K
}
Event: 17.425 GC heap before
{Heap before GC invocations=17 (full 1):
 PSYoungGen      total 24576K, used 24064K [0x00000000eab00000, 0x00000000ec580000, 0x0000000100000000)
  eden space 22016K, 100% used [0x00000000eab00000,0x00000000ec080000,0x00000000ec080000)
  from space 2560K, 80% used [0x00000000ec100000,0x00000000ec300058,0x00000000ec380000)
  to   space 2048K, 0% used [0x00000000ec380000,0x00000000ec380000,0x00000000ec580000)
 ParOldGen       total 68608K, used 26672K [0x00000000c0000000, 0x00000000c4300000, 0x00000000eab00000)
  object space 68608K, 38% used [0x00000000c0000000,0x00000000c1a0c340,0x00000000c4300000)
 Metaspace       used 34941K, committed 35840K, reserved 1114112K
  class space    used 3437K, committed 3840K, reserved 1048576K
}
Event: 17.429 GC heap after
{Heap after GC invocations=17 (full 1):
 PSYoungGen      total 23040K, used 808K [0x00000000eab00000, 0x00000000ec480000, 0x0000000100000000)
  eden space 22016K, 0% used [0x00000000eab00000,0x00000000eab00000,0x00000000ec080000)
  from space 1024K, 78% used [0x00000000ec380000,0x00000000ec44a048,0x00000000ec480000)
  to   space 1536K, 0% used [0x00000000ec180000,0x00000000ec180000,0x00000000ec300000)
 ParOldGen       total 68608K, used 28451K [0x00000000c0000000, 0x00000000c4300000, 0x00000000eab00000)
  object space 68608K, 41% used [0x00000000c0000000,0x00000000c1bc8c90,0x00000000c4300000)
 Metaspace       used 34941K, committed 35840K, reserved 1114112K
  class space    used 3437K, committed 3840K, reserved 1048576K
}
Event: 17.434 GC heap before
{Heap before GC invocations=18 (full 1):
 PSYoungGen      total 23040K, used 1068K [0x00000000eab00000, 0x00000000ec480000, 0x0000000100000000)
  eden space 22016K, 1% used [0x00000000eab00000,0x00000000eab41230,0x00000000ec080000)
  from space 1024K, 78% used [0x00000000ec380000,0x00000000ec44a048,0x00000000ec480000)
  to   space 1536K, 0% used [0x00000000ec180000,0x00000000ec180000,0x00000000ec300000)
 ParOldGen       total 68608K, used 28451K [0x00000000c0000000, 0x00000000c4300000, 0x00000000eab00000)
  object space 68608K, 41% used [0x00000000c0000000,0x00000000c1bc8c90,0x00000000c4300000)
 Metaspace       used 34950K, committed 35840K, reserved 1114112K
  class space    used 3437K, committed 3840K, reserved 1048576K
}
Event: 17.436 GC heap after
{Heap after GC invocations=18 (full 1):
 PSYoungGen      total 23552K, used 96K [0x00000000eab00000, 0x00000000ec400000, 0x0000000100000000)
  eden space 22016K, 0% used [0x00000000eab00000,0x00000000eab00000,0x00000000ec080000)
  from space 1536K, 6% used [0x00000000ec180000,0x00000000ec198128,0x00000000ec300000)
  to   space 512K, 0% used [0x00000000ec380000,0x00000000ec380000,0x00000000ec400000)
 ParOldGen       total 68608K, used 29047K [0x00000000c0000000, 0x00000000c4300000, 0x00000000eab00000)
  object space 68608K, 42% used [0x00000000c0000000,0x00000000c1c5def0,0x00000000c4300000)
 Metaspace       used 34950K, committed 35840K, reserved 1114112K
  class space    used 3437K, committed 3840K, reserved 1048576K
}
Event: 17.436 GC heap before
{Heap before GC invocations=19 (full 2):
 PSYoungGen      total 23552K, used 96K [0x00000000eab00000, 0x00000000ec400000, 0x0000000100000000)
  eden space 22016K, 0% used [0x00000000eab00000,0x00000000eab00000,0x00000000ec080000)
  from space 1536K, 6% used [0x00000000ec180000,0x00000000ec198128,0x00000000ec300000)
  to   space 512K, 0% used [0x00000000ec380000,0x00000000ec380000,0x00000000ec400000)
 ParOldGen       total 68608K, used 29047K [0x00000000c0000000, 0x00000000c4300000, 0x00000000eab00000)
  object space 68608K, 42% used [0x00000000c0000000,0x00000000c1c5def0,0x00000000c4300000)
 Metaspace       used 34950K, committed 35840K, reserved 1114112K
  class space    used 3437K, committed 3840K, reserved 1048576K
}
Event: 17.512 GC heap after
{Heap after GC invocations=19 (full 2):
 PSYoungGen      total 23552K, used 0K [0x00000000eab00000, 0x00000000ec400000, 0x0000000100000000)
  eden space 22016K, 0% used [0x00000000eab00000,0x00000000eab00000,0x00000000ec080000)
  from space 1536K, 0% used [0x00000000ec180000,0x00000000ec180000,0x00000000ec300000)
  to   space 512K, 0% used [0x00000000ec380000,0x00000000ec380000,0x00000000ec400000)
 ParOldGen       total 68608K, used 27952K [0x00000000c0000000, 0x00000000c4300000, 0x00000000eab00000)
  object space 68608K, 40% used [0x00000000c0000000,0x00000000c1b4c208,0x00000000c4300000)
 Metaspace       used 34920K, committed 35840K, reserved 1114112K
  class space    used 3429K, committed 3840K, reserved 1048576K
}
Event: 18.291 GC heap before
{Heap before GC invocations=20 (full 2):
 PSYoungGen      total 23552K, used 22008K [0x00000000eab00000, 0x00000000ec400000, 0x0000000100000000)
  eden space 22016K, 99% used [0x00000000eab00000,0x00000000ec07e390,0x00000000ec080000)
  from space 1536K, 0% used [0x00000000ec180000,0x00000000ec180000,0x00000000ec300000)
  to   space 512K, 0% used [0x00000000ec380000,0x00000000ec380000,0x00000000ec400000)
 ParOldGen       total 68608K, used 27952K [0x00000000c0000000, 0x00000000c4300000, 0x00000000eab00000)
  object space 68608K, 40% used [0x00000000c0000000,0x00000000c1b4c208,0x00000000c4300000)
 Metaspace       used 36250K, committed 37184K, reserved 1114112K
  class space    used 3556K, committed 3968K, reserved 1048576K
}
Event: 18.292 GC heap after
{Heap after GC invocations=20 (full 2):
 PSYoungGen      total 22528K, used 503K [0x00000000eab00000, 0x00000000ec400000, 0x0000000100000000)
  eden space 22016K, 0% used [0x00000000eab00000,0x00000000eab00000,0x00000000ec080000)
  from space 512K, 98% used [0x00000000ec380000,0x00000000ec3fde20,0x00000000ec400000)
  to   space 1536K, 0% used [0x00000000ec100000,0x00000000ec100000,0x00000000ec280000)
 ParOldGen       total 68608K, used 28429K [0x00000000c0000000, 0x00000000c4300000, 0x00000000eab00000)
  object space 68608K, 41% used [0x00000000c0000000,0x00000000c1bc36c8,0x00000000c4300000)
 Metaspace       used 36250K, committed 37184K, reserved 1114112K
  class space    used 3556K, committed 3968K, reserved 1048576K
}
Event: 18.481 GC heap before
{Heap before GC invocations=21 (full 2):
 PSYoungGen      total 22528K, used 22519K [0x00000000eab00000, 0x00000000ec400000, 0x0000000100000000)
  eden space 22016K, 100% used [0x00000000eab00000,0x00000000ec080000,0x00000000ec080000)
  from space 512K, 98% used [0x00000000ec380000,0x00000000ec3fde20,0x00000000ec400000)
  to   space 1536K, 0% used [0x00000000ec100000,0x00000000ec100000,0x00000000ec280000)
 ParOldGen       total 68608K, used 28429K [0x00000000c0000000, 0x00000000c4300000, 0x00000000eab00000)
  object space 68608K, 41% used [0x00000000c0000000,0x00000000c1bc36c8,0x00000000c4300000)
 Metaspace       used 36279K, committed 37184K, reserved 1114112K
  class space    used 3556K, committed 3968K, reserved 1048576K
}
Event: 18.482 GC heap after
{Heap after GC invocations=21 (full 2):
 PSYoungGen      total 23552K, used 365K [0x00000000eab00000, 0x00000000ec400000, 0x0000000100000000)
  eden space 22016K, 0% used [0x00000000eab00000,0x00000000eab00000,0x00000000ec080000)
  from space 1536K, 23% used [0x00000000ec100000,0x00000000ec15b5e8,0x00000000ec280000)
  to   space 1024K, 0% used [0x00000000ec300000,0x00000000ec300000,0x00000000ec400000)
 ParOldGen       total 68608K, used 28645K [0x00000000c0000000, 0x00000000c4300000, 0x00000000eab00000)
  object space 68608K, 41% used [0x00000000c0000000,0x00000000c1bf96c8,0x00000000c4300000)
 Metaspace       used 36279K, committed 37184K, reserved 1114112K
  class space    used 3556K, committed 3968K, reserved 1048576K
}
Event: 19.714 GC heap before
{Heap before GC invocations=22 (full 2):
 PSYoungGen      total 23552K, used 22381K [0x00000000eab00000, 0x00000000ec400000, 0x0000000100000000)
  eden space 22016K, 100% used [0x00000000eab00000,0x00000000ec080000,0x00000000ec080000)
  from space 1536K, 23% used [0x00000000ec100000,0x00000000ec15b5e8,0x00000000ec280000)
  to   space 1024K, 0% used [0x00000000ec300000,0x00000000ec300000,0x00000000ec400000)
 ParOldGen       total 68608K, used 28645K [0x00000000c0000000, 0x00000000c4300000, 0x00000000eab00000)
  object space 68608K, 41% used [0x00000000c0000000,0x00000000c1bf96c8,0x00000000c4300000)
 Metaspace       used 38462K, committed 39360K, reserved 1114112K
  class space    used 3748K, committed 4160K, reserved 1048576K
}
Event: 19.729 GC heap after
{Heap after GC invocations=22 (full 2):
 PSYoungGen      total 23040K, used 1015K [0x00000000eab00000, 0x00000000ec400000, 0x0000000100000000)
  eden space 22016K, 0% used [0x00000000eab00000,0x00000000eab00000,0x00000000ec080000)
  from space 1024K, 99% used [0x00000000ec300000,0x00000000ec3fde28,0x00000000ec400000)
  to   space 1536K, 0% used [0x00000000ec100000,0x00000000ec100000,0x00000000ec280000)
 ParOldGen       total 68608K, used 28805K [0x00000000c0000000, 0x00000000c4300000, 0x00000000eab00000)
  object space 68608K, 41% used [0x00000000c0000000,0x00000000c1c216c8,0x00000000c4300000)
 Metaspace       used 38462K, committed 39360K, reserved 1114112K
  class space    used 3748K, committed 4160K, reserved 1048576K
}
Event: 20.757 GC heap before
{Heap before GC invocations=23 (full 2):
 PSYoungGen      total 23040K, used 23031K [0x00000000eab00000, 0x00000000ec400000, 0x0000000100000000)
  eden space 22016K, 100% used [0x00000000eab00000,0x00000000ec080000,0x00000000ec080000)
  from space 1024K, 99% used [0x00000000ec300000,0x00000000ec3fde28,0x00000000ec400000)
  to   space 1536K, 0% used [0x00000000ec100000,0x00000000ec100000,0x00000000ec280000)
 ParOldGen       total 68608K, used 28805K [0x00000000c0000000, 0x00000000c4300000, 0x00000000eab00000)
  object space 68608K, 41% used [0x00000000c0000000,0x00000000c1c216c8,0x00000000c4300000)
 Metaspace       used 40380K, committed 41344K, reserved 1114112K
  class space    used 3928K, committed 4352K, reserved 1048576K
}
Event: 20.760 GC heap after
{Heap after GC invocations=23 (full 2):
 PSYoungGen      total 23552K, used 1335K [0x00000000eab00000, 0x00000000ec380000, 0x0000000100000000)
  eden space 22016K, 0% used [0x00000000eab00000,0x00000000eab00000,0x00000000ec080000)
  from space 1536K, 86% used [0x00000000ec100000,0x00000000ec24de28,0x00000000ec280000)
  to   space 1024K, 0% used [0x00000000ec280000,0x00000000ec280000,0x00000000ec380000)
 ParOldGen       total 68608K, used 29509K [0x00000000c0000000, 0x00000000c4300000, 0x00000000eab00000)
  object space 68608K, 43% used [0x00000000c0000000,0x00000000c1cd1510,0x00000000c4300000)
 Metaspace       used 40380K, committed 41344K, reserved 1114112K
  class space    used 3928K, committed 4352K, reserved 1048576K
}
Event: 21.668 GC heap before
{Heap before GC invocations=24 (full 2):
 PSYoungGen      total 23552K, used 23351K [0x00000000eab00000, 0x00000000ec380000, 0x0000000100000000)
  eden space 22016K, 100% used [0x00000000eab00000,0x00000000ec080000,0x00000000ec080000)
  from space 1536K, 86% used [0x00000000ec100000,0x00000000ec24de28,0x00000000ec280000)
  to   space 1024K, 0% used [0x00000000ec280000,0x00000000ec280000,0x00000000ec380000)
 ParOldGen       total 68608K, used 29509K [0x00000000c0000000, 0x00000000c4300000, 0x00000000eab00000)
  object space 68608K, 43% used [0x00000000c0000000,0x00000000c1cd1510,0x00000000c4300000)
 Metaspace       used 42546K, committed 43648K, reserved 1114112K
  class space    used 4111K, committed 4608K, reserved 1048576K
}
Event: 21.674 GC heap after
{Heap after GC invocations=24 (full 2):
 PSYoungGen      total 20992K, used 1008K [0x00000000eab00000, 0x00000000ec880000, 0x0000000100000000)
  eden space 19968K, 0% used [0x00000000eab00000,0x00000000eab00000,0x00000000ebe80000)
  from space 1024K, 98% used [0x00000000ec280000,0x00000000ec37c338,0x00000000ec380000)
  to   space 4096K, 0% used [0x00000000ebe80000,0x00000000ebe80000,0x00000000ec280000)
 ParOldGen       total 68608K, used 31911K [0x00000000c0000000, 0x00000000c4300000, 0x00000000eab00000)
  object space 68608K, 46% used [0x00000000c0000000,0x00000000c1f29ee8,0x00000000c4300000)
 Metaspace       used 42546K, committed 43648K, reserved 1114112K
  class space    used 4111K, committed 4608K, reserved 1048576K
}
Event: 56.214 GC heap before
{Heap before GC invocations=25 (full 2):
 PSYoungGen      total 20992K, used 20976K [0x00000000eab00000, 0x00000000ec880000, 0x0000000100000000)
  eden space 19968K, 100% used [0x00000000eab00000,0x00000000ebe80000,0x00000000ebe80000)
  from space 1024K, 98% used [0x00000000ec280000,0x00000000ec37c338,0x00000000ec380000)
  to   space 4096K, 0% used [0x00000000ebe80000,0x00000000ebe80000,0x00000000ec280000)
 ParOldGen       total 68608K, used 31911K [0x00000000c0000000, 0x00000000c4300000, 0x00000000eab00000)
  object space 68608K, 46% used [0x00000000c0000000,0x00000000c1f29ee8,0x00000000c4300000)
 Metaspace       used 43852K, committed 44928K, reserved 1114112K
  class space    used 4278K, committed 4736K, reserved 1048576K
}
Event: 56.228 GC heap after
{Heap after GC invocations=25 (full 2):
 PSYoungGen      total 24064K, used 3520K [0x00000000eab00000, 0x00000000ec680000, 0x0000000100000000)
  eden space 19968K, 0% used [0x00000000eab00000,0x00000000eab00000,0x00000000ebe80000)
  from space 4096K, 85% used [0x00000000ebe80000,0x00000000ec1f01e8,0x00000000ec280000)
  to   space 4096K, 0% used [0x00000000ec280000,0x00000000ec280000,0x00000000ec680000)
 ParOldGen       total 68608K, used 32898K [0x00000000c0000000, 0x00000000c4300000, 0x00000000eab00000)
  object space 68608K, 47% used [0x00000000c0000000,0x00000000c2020aa0,0x00000000c4300000)
 Metaspace       used 43852K, committed 44928K, reserved 1114112K
  class space    used 4278K, committed 4736K, reserved 1048576K
}

Dll operation events (10 events):
Event: 0.013 Loaded shared library c:\Users\21658\.vscode\extensions\redhat.java-1.41.1-win32-x64\jre\21.0.6-win32-x86_64\bin\java.dll
Event: 0.075 Loaded shared library c:\Users\21658\.vscode\extensions\redhat.java-1.41.1-win32-x64\jre\21.0.6-win32-x86_64\bin\zip.dll
Event: 0.098 Loaded shared library C:\Users\21658\.vscode\extensions\redhat.java-1.41.1-win32-x64\jre\21.0.6-win32-x86_64\bin\instrument.dll
Event: 0.103 Loaded shared library C:\Users\21658\.vscode\extensions\redhat.java-1.41.1-win32-x64\jre\21.0.6-win32-x86_64\bin\net.dll
Event: 0.105 Loaded shared library C:\Users\21658\.vscode\extensions\redhat.java-1.41.1-win32-x64\jre\21.0.6-win32-x86_64\bin\nio.dll
Event: 0.109 Loaded shared library C:\Users\21658\.vscode\extensions\redhat.java-1.41.1-win32-x64\jre\21.0.6-win32-x86_64\bin\zip.dll
Event: 0.130 Loaded shared library C:\Users\21658\.vscode\extensions\redhat.java-1.41.1-win32-x64\jre\21.0.6-win32-x86_64\bin\jimage.dll
Event: 0.235 Loaded shared library c:\Users\21658\.vscode\extensions\redhat.java-1.41.1-win32-x64\jre\21.0.6-win32-x86_64\bin\verify.dll
Event: 1.831 Loaded shared library C:\Users\21658\AppData\Roaming\Code\User\globalStorage\redhat.java\1.41.1\config_ss_win\org.eclipse.equinox.launcher\org.eclipse.equinox.launcher.win32.win32.x86_64_1.2.1300.v20250331-1702\eclipse_11911.dll
Event: 3.241 Loaded shared library C:\Users\21658\AppData\Local\Temp\jna-47689402\jna10462218854885129243.dll

Deoptimization events (20 events):
Event: 55.593 Thread 0x000001cbdb1677e0 DEOPT PACKING pc=0x000001cb8acadfb0 sp=0x0000003900dfe9e0
Event: 55.593 Thread 0x000001cbdb1677e0 DEOPT UNPACKING pc=0x000001cb8a6b3aa2 sp=0x0000003900dfe9a0 mode 2
Event: 55.595 Thread 0x000001cbdb1677e0 Uncommon trap: trap_request=0xffffff45 fr.pc=0x000001cb8aca8fd0 relative=0x0000000000000e10
Event: 55.595 Thread 0x000001cbdb1677e0 Uncommon trap: reason=unstable_if action=reinterpret pc=0x000001cb8aca8fd0 method=java.lang.String.<init>(Ljava/nio/charset/Charset;[BII)V @ 56 c2
Event: 55.595 Thread 0x000001cbdb1677e0 DEOPT PACKING pc=0x000001cb8aca8fd0 sp=0x0000003900dfed30
Event: 55.595 Thread 0x000001cbdb1677e0 DEOPT UNPACKING pc=0x000001cb8a6b3aa2 sp=0x0000003900dfecd8 mode 2
Event: 55.956 Thread 0x000001cbdbefee50 Uncommon trap: trap_request=0xffffff45 fr.pc=0x000001cb8af92fb4 relative=0x0000000000000094
Event: 55.956 Thread 0x000001cbdbefee50 Uncommon trap: reason=unstable_if action=reinterpret pc=0x000001cb8af92fb4 method=java.io.BufferedOutputStream.growIfNeeded(I)V @ 24 c2
Event: 55.956 Thread 0x000001cbdbefee50 DEOPT PACKING pc=0x000001cb8af92fb4 sp=0x000000397fcfdf70
Event: 55.956 Thread 0x000001cbdbefee50 DEOPT UNPACKING pc=0x000001cb8a6b3aa2 sp=0x000000397fcfdee0 mode 2
Event: 56.109 Thread 0x000001cbdbefee50 Uncommon trap: trap_request=0xffffff45 fr.pc=0x000001cb8ad694e0 relative=0x00000000000001c0
Event: 56.109 Thread 0x000001cbdbefee50 Uncommon trap: reason=unstable_if action=reinterpret pc=0x000001cb8ad694e0 method=jdk.internal.org.objectweb.asm.Frame.push(I)V @ 26 c2
Event: 56.109 Thread 0x000001cbdbefee50 DEOPT PACKING pc=0x000001cb8ad694e0 sp=0x000000397fcfd0a0
Event: 56.109 Thread 0x000001cbdbefee50 DEOPT UNPACKING pc=0x000001cb8a6b3aa2 sp=0x000000397fcfd028 mode 2
Event: 56.249 Thread 0x000001cbdb16a5d0 Uncommon trap: trap_request=0xfffffff4 fr.pc=0x000001cb8ad781ac relative=0x000000000000016c
Event: 56.249 Thread 0x000001cbdb16a5d0 Uncommon trap: reason=null_check action=make_not_entrant pc=0x000001cb8ad781ac method=java.lang.invoke.MethodType.equals(Ljava/lang/Object;)Z @ 8 c2
Event: 56.249 Thread 0x000001cbdb16a5d0 DEOPT PACKING pc=0x000001cb8ad781ac sp=0x00000039011fda10
Event: 56.249 Thread 0x000001cbdb16a5d0 DEOPT UNPACKING pc=0x000001cb8a6b3aa2 sp=0x00000039011fd9a0 mode 2
Event: 56.285 Thread 0x000001cbdbb96b70 DEOPT PACKING pc=0x000001cb839accb0 sp=0x000000397fbfe090
Event: 56.285 Thread 0x000001cbdbb96b70 DEOPT UNPACKING pc=0x000001cb8a6b4242 sp=0x000000397fbfd578 mode 0

Classes loaded (20 events):
Event: 55.476 Loading class java/util/concurrent/Executors$DelegatedExecutorService done
Event: 55.476 Loading class java/util/concurrent/Executors$DelegatedScheduledExecutorService done
Event: 55.588 Loading class java/lang/Throwable$WrappedPrintWriter
Event: 55.589 Loading class java/lang/Throwable$PrintStreamOrWriter
Event: 55.589 Loading class java/lang/Throwable$PrintStreamOrWriter done
Event: 55.589 Loading class java/lang/Throwable$WrappedPrintWriter done
Event: 55.790 Loading class java/util/concurrent/ConcurrentHashMap$EntrySpliterator
Event: 55.792 Loading class java/util/concurrent/ConcurrentHashMap$EntrySpliterator done
Event: 55.900 Loading class java/util/concurrent/ForkJoinTask$AdaptedCallable
Event: 55.904 Loading class java/util/concurrent/ForkJoinTask$AdaptedCallable done
Event: 55.918 Loading class java/util/stream/Nodes$CollectorTask$OfRef
Event: 55.918 Loading class java/util/stream/Nodes$CollectorTask
Event: 55.919 Loading class java/util/stream/Nodes$CollectorTask done
Event: 55.919 Loading class java/util/stream/Nodes$CollectorTask$OfRef done
Event: 55.920 Loading class java/util/function/LongFunction
Event: 55.920 Loading class java/util/function/LongFunction done
Event: 55.921 Loading class java/util/stream/Nodes$ConcNode
Event: 55.921 Loading class java/util/stream/Nodes$AbstractConcNode
Event: 55.921 Loading class java/util/stream/Nodes$AbstractConcNode done
Event: 55.921 Loading class java/util/stream/Nodes$ConcNode done

Classes unloaded (20 events):
Event: 4.122 Thread 0x000001cb942d1bf0 Unloading class 0x000001cb96181c00 'java/lang/invoke/LambdaForm$BMH+0x000001cb96181c00'
Event: 4.122 Thread 0x000001cb942d1bf0 Unloading class 0x000001cb96181800 'java/lang/invoke/LambdaForm$DMH+0x000001cb96181800'
Event: 4.122 Thread 0x000001cb942d1bf0 Unloading class 0x000001cb96180400 'java/lang/invoke/LambdaForm$DMH+0x000001cb96180400'
Event: 17.446 Thread 0x000001cb942d1bf0 Unloading class 0x000001cb9635b000 'java/lang/invoke/LambdaForm$MH+0x000001cb9635b000'
Event: 17.446 Thread 0x000001cb942d1bf0 Unloading class 0x000001cb9635a800 'java/lang/invoke/LambdaForm$DMH+0x000001cb9635a800'
Event: 17.446 Thread 0x000001cb942d1bf0 Unloading class 0x000001cb9635a000 'java/lang/invoke/LambdaForm$MH+0x000001cb9635a000'
Event: 17.446 Thread 0x000001cb942d1bf0 Unloading class 0x000001cb96359800 'java/lang/invoke/LambdaForm$MH+0x000001cb96359800'
Event: 17.446 Thread 0x000001cb942d1bf0 Unloading class 0x000001cb96359400 'java/lang/invoke/LambdaForm$MH+0x000001cb96359400'
Event: 17.446 Thread 0x000001cb942d1bf0 Unloading class 0x000001cb96358c00 'java/lang/invoke/LambdaForm$DMH+0x000001cb96358c00'
Event: 17.446 Thread 0x000001cb942d1bf0 Unloading class 0x000001cb96358400 'java/lang/invoke/LambdaForm$MH+0x000001cb96358400'
Event: 17.446 Thread 0x000001cb942d1bf0 Unloading class 0x000001cb9634cc00 'java/lang/invoke/LambdaForm$MH+0x000001cb9634cc00'
Event: 17.446 Thread 0x000001cb942d1bf0 Unloading class 0x000001cb9634b400 'java/lang/invoke/LambdaForm$MH+0x000001cb9634b400'
Event: 17.446 Thread 0x000001cb942d1bf0 Unloading class 0x000001cb9634a800 'java/lang/invoke/LambdaForm$MH+0x000001cb9634a800'
Event: 17.446 Thread 0x000001cb942d1bf0 Unloading class 0x000001cb96347000 'java/lang/invoke/LambdaForm$MH+0x000001cb96347000'
Event: 17.447 Thread 0x000001cb942d1bf0 Unloading class 0x000001cb96346c00 'java/lang/invoke/LambdaForm$MH+0x000001cb96346c00'
Event: 17.447 Thread 0x000001cb942d1bf0 Unloading class 0x000001cb96346400 'java/lang/invoke/LambdaForm$MH+0x000001cb96346400'
Event: 17.447 Thread 0x000001cb942d1bf0 Unloading class 0x000001cb96345c00 'java/lang/invoke/LambdaForm$MH+0x000001cb96345c00'
Event: 17.447 Thread 0x000001cb942d1bf0 Unloading class 0x000001cb96345400 'java/lang/invoke/LambdaForm$MH+0x000001cb96345400'
Event: 17.447 Thread 0x000001cb942d1bf0 Unloading class 0x000001cb96345000 'java/lang/invoke/LambdaForm$MH+0x000001cb96345000'
Event: 17.447 Thread 0x000001cb942d1bf0 Unloading class 0x000001cb96344000 'java/lang/invoke/LambdaForm$DMH+0x000001cb96344000'

Classes redefined (0 events):
No events

Internal exceptions (20 events):
Event: 20.632 Thread 0x000001cbdb169f40 Exception <a 'java/lang/NoSuchMethodError'{0x00000000ebefa950}: 'int java.lang.invoke.DirectMethodHandle$Holder.invokeSpecialIFC(java.lang.Object, java.lang.Object, java.lang.Object)'> (0x00000000ebefa950) 
thrown [s\src\hotspot\share\interpreter\linkResolver.cpp, line 773]
Event: 20.753 Thread 0x000001cbdb169f40 Exception <a 'java/io/FileNotFoundException'{0x00000000ec072358}> (0x00000000ec072358) 
thrown [s\src\hotspot\share\prims\jni.cpp, line 520]
Event: 20.753 Thread 0x000001cbdb169f40 Exception <a 'java/io/FileNotFoundException'{0x00000000ec0739f0}> (0x00000000ec0739f0) 
thrown [s\src\hotspot\share\prims\jni.cpp, line 520]
Event: 21.406 Thread 0x000001cbdbefee50 Exception <a 'java/io/FileNotFoundException'{0x00000000ebad8328}> (0x00000000ebad8328) 
thrown [s\src\hotspot\share\prims\jni.cpp, line 520]
Event: 21.407 Thread 0x000001cbdbefee50 Exception <a 'java/io/FileNotFoundException'{0x00000000ebad9580}> (0x00000000ebad9580) 
thrown [s\src\hotspot\share\prims\jni.cpp, line 520]
Event: 21.407 Thread 0x000001cbdbefee50 Exception <a 'java/io/FileNotFoundException'{0x00000000ebada6f0}> (0x00000000ebada6f0) 
thrown [s\src\hotspot\share\prims\jni.cpp, line 520]
Event: 54.473 Thread 0x000001cbdb163cd0 Exception <a 'java/lang/IncompatibleClassChangeError'{0x00000000eadccfc0}: Found class java.lang.Object, but interface was expected> (0x00000000eadccfc0) 
thrown [s\src\hotspot\share\interpreter\linkResolver.cpp, line 840]
Event: 54.750 Thread 0x000001cbdb163cd0 Exception <a 'java/lang/ClassNotFoundException'{0x00000000eb1b0f90}: sun/util/logging/resources/spi/loggingProvider> (0x00000000eb1b0f90) 
thrown [s\src\hotspot\share\classfile\systemDictionary.cpp, line 312]
Event: 54.776 Thread 0x000001cbdb163cd0 Exception <a 'java/lang/IncompatibleClassChangeError'{0x00000000eb1dbeb0}: Found class java.lang.Object, but interface was expected> (0x00000000eb1dbeb0) 
thrown [s\src\hotspot\share\interpreter\linkResolver.cpp, line 840]
Event: 55.161 Thread 0x000001cbdb169f40 Exception <a 'java/lang/NoSuchMethodError'{0x00000000eb08a618}: 'void java.lang.invoke.DirectMethodHandle$Holder.invokeVirtual(java.lang.Object, java.lang.Object, java.lang.Object, java.lang.Object, java.lang.Object)'> (0x00000000eb08a618) 
thrown [s\src\hotspot\share\interpreter\linkResolver.cpp, line 773]
Event: 55.171 Thread 0x000001cbdb163cd0 Exception <a 'java/io/FileNotFoundException'{0x00000000eb3d17d8}> (0x00000000eb3d17d8) 
thrown [s\src\hotspot\share\prims\jni.cpp, line 520]
Event: 55.172 Thread 0x000001cbdb163cd0 Exception <a 'java/io/FileNotFoundException'{0x00000000eb3d2a88}> (0x00000000eb3d2a88) 
thrown [s\src\hotspot\share\prims\jni.cpp, line 520]
Event: 55.172 Thread 0x000001cbdb163cd0 Exception <a 'java/io/FileNotFoundException'{0x00000000eb3d3e90}> (0x00000000eb3d3e90) 
thrown [s\src\hotspot\share\prims\jni.cpp, line 520]
Event: 55.348 Thread 0x000001cbdb169f40 Exception <a 'java/lang/ArrayIndexOutOfBoundsException'{0x00000000eb40ba40}> (0x00000000eb40ba40) 
thrown [s\src\hotspot\share\runtime\sharedRuntime.cpp, line 625]
Event: 55.462 Thread 0x000001cbdb163cd0 Exception <a 'java/lang/NoSuchMethodError'{0x00000000eb600d18}: 'void java.lang.invoke.DirectMethodHandle$Holder.invokeInterface(java.lang.Object, java.lang.Object)'> (0x00000000eb600d18) 
thrown [s\src\hotspot\share\interpreter\linkResolver.cpp, line 773]
Event: 55.585 Thread 0x000001cbdb1677e0 Exception <a 'java/io/IOException'{0x00000000ebc60068}> (0x00000000ebc60068) 
thrown [s\src\hotspot\share\prims\jni.cpp, line 520]
Event: 55.596 Thread 0x000001cbdb1677e0 Exception <a 'java/io/IOException'{0x00000000ebc97d38}> (0x00000000ebc97d38) 
thrown [s\src\hotspot\share\prims\jni.cpp, line 520]
Event: 56.110 Thread 0x000001cbdbefee50 Exception <a 'java/lang/NoSuchMethodError'{0x00000000ebd66618}: 'java.lang.Object java.lang.invoke.DirectMethodHandle$Holder.newInvokeSpecial(java.lang.Object, java.lang.Object, java.lang.Object, java.lang.Object, java.lang.Object, java.lang.Object, java.lang.Object, java.lang.Object, java.lang.Object, java.lang.Object)'> (0x00000000ebd66618) 
thrown [s\src\hotspot\share\interpreter\linkResolver.cpp, line 773]
Event: 56.249 Thread 0x000001cbdb16a5d0 Implicit null exception at 0x000001cb8ad78089 to 0x000001cb8ad7819c
Event: 56.312 Thread 0x000001cbdbb96b70 Exception <a 'java/io/IOException'{0x00000000eac53530}> (0x00000000eac53530) 
thrown [s\src\hotspot\share\prims\jni.cpp, line 520]

ZGC Phase Switch (0 events):
No events

VM Operations (20 events):
Event: 55.152 Executing VM operation: Cleanup
Event: 55.155 Executing VM operation: Cleanup done
Event: 55.155 Executing VM operation: ICBufferFull
Event: 55.160 Executing VM operation: ICBufferFull done
Event: 55.166 Executing VM operation: HandshakeAllThreads (Deoptimize)
Event: 55.169 Executing VM operation: HandshakeAllThreads (Deoptimize) done
Event: 55.181 Executing VM operation: HandshakeAllThreads (Deoptimize)
Event: 55.218 Executing VM operation: HandshakeAllThreads (Deoptimize) done
Event: 55.228 Executing VM operation: HandshakeAllThreads (Deoptimize)
Event: 55.228 Executing VM operation: HandshakeAllThreads (Deoptimize) done
Event: 55.304 Executing VM operation: HandshakeAllThreads (Deoptimize)
Event: 55.304 Executing VM operation: HandshakeAllThreads (Deoptimize) done
Event: 55.310 Executing VM operation: HandshakeAllThreads (Deoptimize)
Event: 55.311 Executing VM operation: HandshakeAllThreads (Deoptimize) done
Event: 55.314 Executing VM operation: HandshakeAllThreads (Deoptimize)
Event: 55.314 Executing VM operation: HandshakeAllThreads (Deoptimize) done
Event: 55.380 Executing VM operation: HandshakeAllThreads (Deoptimize)
Event: 55.380 Executing VM operation: HandshakeAllThreads (Deoptimize) done
Event: 56.161 Executing VM operation: ParallelGCFailedAllocation (Allocation Failure)
Event: 56.228 Executing VM operation: ParallelGCFailedAllocation (Allocation Failure) done

Memory protections (0 events):
No events

Nmethod flushes (20 events):
Event: 17.462 Thread 0x000001cb942d1bf0 flushing  nmethod 0x000001cb8348fa90
Event: 17.462 Thread 0x000001cb942d1bf0 flushing  nmethod 0x000001cb8349a590
Event: 17.462 Thread 0x000001cb942d1bf0 flushing  nmethod 0x000001cb834e1b10
Event: 17.462 Thread 0x000001cb942d1bf0 flushing  nmethod 0x000001cb83544c90
Event: 17.462 Thread 0x000001cb942d1bf0 flushing  nmethod 0x000001cb83545110
Event: 17.462 Thread 0x000001cb942d1bf0 flushing  nmethod 0x000001cb8357d710
Event: 17.462 Thread 0x000001cb942d1bf0 flushing  nmethod 0x000001cb8357db10
Event: 17.462 Thread 0x000001cb942d1bf0 flushing  nmethod 0x000001cb8357e510
Event: 17.462 Thread 0x000001cb942d1bf0 flushing  nmethod 0x000001cb83583190
Event: 17.462 Thread 0x000001cb942d1bf0 flushing  nmethod 0x000001cb835c3c90
Event: 17.462 Thread 0x000001cb942d1bf0 flushing  nmethod 0x000001cb835ca810
Event: 17.462 Thread 0x000001cb942d1bf0 flushing  nmethod 0x000001cb835cb190
Event: 17.462 Thread 0x000001cb942d1bf0 flushing  nmethod 0x000001cb835fb190
Event: 17.462 Thread 0x000001cb942d1bf0 flushing  nmethod 0x000001cb83602410
Event: 17.462 Thread 0x000001cb942d1bf0 flushing  nmethod 0x000001cb83604f90
Event: 17.462 Thread 0x000001cb942d1bf0 flushing  nmethod 0x000001cb83605d90
Event: 17.462 Thread 0x000001cb942d1bf0 flushing  nmethod 0x000001cb8360c310
Event: 17.462 Thread 0x000001cb942d1bf0 flushing  nmethod 0x000001cb8360ed10
Event: 17.462 Thread 0x000001cb942d1bf0 flushing  nmethod 0x000001cb83616490
Event: 17.462 Thread 0x000001cb942d1bf0 flushing  nmethod 0x000001cb8362b190

Events (20 events):
Event: 6.238 Thread 0x000001cbffac6160 Thread added: 0x000001cbdb163cd0
Event: 6.539 Thread 0x000001cbdc0f1e20 Thread exited: 0x000001cbdc0f1e20
Event: 8.390 Thread 0x000001cbdbaa6580 Thread exited: 0x000001cbdbaa6580
Event: 12.483 Thread 0x000001cbdb163cd0 Thread added: 0x000001cbdb1698b0
Event: 12.507 Thread 0x000001cbdb1698b0 Thread added: 0x000001cbdb164360
Event: 18.297 Thread 0x000001cb94327570 Thread added: 0x000001cbdda39150
Event: 19.191 Thread 0x000001cbdda39150 Thread exited: 0x000001cbdda39150
Event: 20.003 Thread 0x000001cbdb163cd0 Thread added: 0x000001cbdb1677e0
Event: 20.095 Thread 0x000001cbdb163cd0 Thread added: 0x000001cbdb169f40
Event: 53.906 Thread 0x000001cb94327570 Thread added: 0x000001cbdd2b5de0
Event: 54.127 Thread 0x000001cbdd2b5de0 Thread exited: 0x000001cbdd2b5de0
Event: 54.307 Thread 0x000001cb94327570 Thread added: 0x000001cbde19f660
Event: 54.308 Thread 0x000001cb94327570 Thread added: 0x000001cbdc748090
Event: 54.771 Thread 0x000001cbdc748090 Thread exited: 0x000001cbdc748090
Event: 55.483 Thread 0x000001cbdb163cd0 Thread added: 0x000001cbdb168b90
Event: 55.897 Thread 0x000001cbde19f660 Thread exited: 0x000001cbde19f660
Event: 55.905 Thread 0x000001cbdbefee50 Thread added: 0x000001cbdb165da0
Event: 55.936 Thread 0x000001cbdb165da0 Thread exited: 0x000001cbdb165da0
Event: 56.115 Thread 0x000001cbdbefee50 Thread added: 0x000001cbdb16a5d0
Event: 56.157 Thread 0x000001cb94327570 Thread added: 0x000001cbdc74b800


Dynamic libraries:
0x00007ff7baa80000 - 0x00007ff7baa8e000 	c:\Users\21658\.vscode\extensions\redhat.java-1.41.1-win32-x64\jre\21.0.6-win32-x86_64\bin\java.exe
0x00007ff89cf10000 - 0x00007ff89d127000 	C:\WINDOWS\SYSTEM32\ntdll.dll
0x00007ff89b850000 - 0x00007ff89b914000 	C:\WINDOWS\System32\KERNEL32.DLL
0x00007ff89a770000 - 0x00007ff89ab43000 	C:\WINDOWS\System32\KERNELBASE.dll
0x00007ff89a320000 - 0x00007ff89a431000 	C:\WINDOWS\System32\ucrtbase.dll
0x00007ff87eb40000 - 0x00007ff87eb58000 	c:\Users\21658\.vscode\extensions\redhat.java-1.41.1-win32-x64\jre\21.0.6-win32-x86_64\bin\jli.dll
0x00007ff89abb0000 - 0x00007ff89ad61000 	C:\WINDOWS\System32\USER32.dll
0x00007ff89ab80000 - 0x00007ff89aba6000 	C:\WINDOWS\System32\win32u.dll
0x00007ff89b5c0000 - 0x00007ff89b5e9000 	C:\WINDOWS\System32\GDI32.dll
0x00007ff89a180000 - 0x00007ff89a29b000 	C:\WINDOWS\System32\gdi32full.dll
0x00007ff89a020000 - 0x00007ff89a0ba000 	C:\WINDOWS\System32\msvcp_win.dll
0x00007ff8607c0000 - 0x00007ff8607de000 	c:\Users\21658\.vscode\extensions\redhat.java-1.41.1-win32-x64\jre\21.0.6-win32-x86_64\bin\VCRUNTIME140.dll
0x00007ff87cc80000 - 0x00007ff87cf18000 	C:\WINDOWS\WinSxS\amd64_microsoft.windows.common-controls_6595b64144ccf1df_6.0.22621.5124_none_270e8f4f7386d69d\COMCTL32.dll
0x00007ff89c380000 - 0x00007ff89c427000 	C:\WINDOWS\System32\msvcrt.dll
0x00007ff89b380000 - 0x00007ff89b3b1000 	C:\WINDOWS\System32\IMM32.DLL
0x00007ff893090000 - 0x00007ff89309c000 	c:\Users\21658\.vscode\extensions\redhat.java-1.41.1-win32-x64\jre\21.0.6-win32-x86_64\bin\vcruntime140_1.dll
0x00007ff83a3b0000 - 0x00007ff83a43d000 	c:\Users\21658\.vscode\extensions\redhat.java-1.41.1-win32-x64\jre\21.0.6-win32-x86_64\bin\msvcp140.dll
0x00007ffff8dd0000 - 0x00007ffff9b60000 	c:\Users\21658\.vscode\extensions\redhat.java-1.41.1-win32-x64\jre\21.0.6-win32-x86_64\bin\server\jvm.dll
0x00007ff89c5c0000 - 0x00007ff89c671000 	C:\WINDOWS\System32\ADVAPI32.dll
0x00007ff89cc00000 - 0x00007ff89cca8000 	C:\WINDOWS\System32\sechost.dll
0x00007ff89ab50000 - 0x00007ff89ab78000 	C:\WINDOWS\System32\bcrypt.dll
0x00007ff89b3c0000 - 0x00007ff89b4d4000 	C:\WINDOWS\System32\RPCRT4.dll
0x00007ff89b250000 - 0x00007ff89b2c1000 	C:\WINDOWS\System32\WS2_32.dll
0x00007ff899ef0000 - 0x00007ff899f3d000 	C:\WINDOWS\SYSTEM32\POWRPROF.dll
0x00007ff893c40000 - 0x00007ff893c4a000 	C:\WINDOWS\SYSTEM32\VERSION.dll
0x00007ff893f10000 - 0x00007ff893f44000 	C:\WINDOWS\SYSTEM32\WINMM.dll
0x00007ff899ed0000 - 0x00007ff899ee3000 	C:\WINDOWS\SYSTEM32\UMPDC.dll
0x00007ff898ff0000 - 0x00007ff899008000 	C:\WINDOWS\SYSTEM32\kernel.appcore.dll
0x00007ff88ec00000 - 0x00007ff88ec0a000 	c:\Users\21658\.vscode\extensions\redhat.java-1.41.1-win32-x64\jre\21.0.6-win32-x86_64\bin\jimage.dll
0x00007ff897a30000 - 0x00007ff897c62000 	C:\WINDOWS\SYSTEM32\DBGHELP.DLL
0x00007ff89add0000 - 0x00007ff89b162000 	C:\WINDOWS\System32\combase.dll
0x00007ff89b4e0000 - 0x00007ff89b5b7000 	C:\WINDOWS\System32\OLEAUT32.dll
0x00007ff8923a0000 - 0x00007ff8923d2000 	C:\WINDOWS\SYSTEM32\dbgcore.DLL
0x00007ff89a440000 - 0x00007ff89a4bb000 	C:\WINDOWS\System32\bcryptPrimitives.dll
0x00007ff88eaf0000 - 0x00007ff88eaff000 	c:\Users\21658\.vscode\extensions\redhat.java-1.41.1-win32-x64\jre\21.0.6-win32-x86_64\bin\instrument.dll
0x00007ff85f590000 - 0x00007ff85f5af000 	c:\Users\21658\.vscode\extensions\redhat.java-1.41.1-win32-x64\jre\21.0.6-win32-x86_64\bin\java.dll
0x00007ff89b920000 - 0x00007ff89c1b6000 	C:\WINDOWS\System32\SHELL32.dll
0x00007ff89a630000 - 0x00007ff89a76f000 	C:\WINDOWS\System32\wintypes.dll
0x00007ff897ed0000 - 0x00007ff8987ea000 	C:\WINDOWS\SYSTEM32\windows.storage.dll
0x00007ff89cdc0000 - 0x00007ff89ceca000 	C:\WINDOWS\System32\SHCORE.dll
0x00007ff89b170000 - 0x00007ff89b1d3000 	C:\WINDOWS\System32\shlwapi.dll
0x00007ff899f50000 - 0x00007ff899f7b000 	C:\WINDOWS\SYSTEM32\profapi.dll
0x00007ff85bbd0000 - 0x00007ff85bbe8000 	c:\Users\21658\.vscode\extensions\redhat.java-1.41.1-win32-x64\jre\21.0.6-win32-x86_64\bin\zip.dll
0x00007ff88ea70000 - 0x00007ff88ea80000 	C:\Users\21658\.vscode\extensions\redhat.java-1.41.1-win32-x64\jre\21.0.6-win32-x86_64\bin\net.dll
0x00007ff893d10000 - 0x00007ff893e3c000 	C:\WINDOWS\SYSTEM32\WINHTTP.dll
0x00007ff899460000 - 0x00007ff8994ca000 	C:\WINDOWS\system32\mswsock.dll
0x00007ff84d1a0000 - 0x00007ff84d1b6000 	C:\Users\21658\.vscode\extensions\redhat.java-1.41.1-win32-x64\jre\21.0.6-win32-x86_64\bin\nio.dll
0x00007ff88e4b0000 - 0x00007ff88e4c0000 	c:\Users\21658\.vscode\extensions\redhat.java-1.41.1-win32-x64\jre\21.0.6-win32-x86_64\bin\verify.dll
0x00007ff83a360000 - 0x00007ff83a3a5000 	C:\Users\21658\AppData\Roaming\Code\User\globalStorage\redhat.java\1.41.1\config_ss_win\org.eclipse.equinox.launcher\org.eclipse.equinox.launcher.win32.win32.x86_64_1.2.1300.v20250331-1702\eclipse_11911.dll
0x00007ff89b5f0000 - 0x00007ff89b791000 	C:\WINDOWS\System32\ole32.dll
0x00007ff899700000 - 0x00007ff89971b000 	C:\WINDOWS\SYSTEM32\CRYPTSP.dll
0x00007ff898f50000 - 0x00007ff898f87000 	C:\WINDOWS\system32\rsaenh.dll
0x00007ff899500000 - 0x00007ff899528000 	C:\WINDOWS\SYSTEM32\USERENV.dll
0x00007ff899660000 - 0x00007ff89966c000 	C:\WINDOWS\SYSTEM32\CRYPTBASE.dll
0x00007ff898a50000 - 0x00007ff898a7d000 	C:\WINDOWS\SYSTEM32\IPHLPAPI.DLL
0x00007ff89b2d0000 - 0x00007ff89b2d9000 	C:\WINDOWS\System32\NSI.dll
0x00007ff83a2c0000 - 0x00007ff83a309000 	C:\Users\21658\AppData\Local\Temp\jna-47689402\jna10462218854885129243.dll
0x00007ff89b7a0000 - 0x00007ff89b7a8000 	C:\WINDOWS\System32\PSAPI.DLL
0x00007ff893c00000 - 0x00007ff893c19000 	C:\WINDOWS\SYSTEM32\dhcpcsvc6.DLL
0x00007ff893b90000 - 0x00007ff893baf000 	C:\WINDOWS\SYSTEM32\dhcpcsvc.DLL

dbghelp: loaded successfully - version: 4.0.5 - missing functions: none
symbol engine: initialized successfully - sym options: 0x614 - pdb path: .;c:\Users\21658\.vscode\extensions\redhat.java-1.41.1-win32-x64\jre\21.0.6-win32-x86_64\bin;C:\WINDOWS\SYSTEM32;C:\WINDOWS\WinSxS\amd64_microsoft.windows.common-controls_6595b64144ccf1df_6.0.22621.5124_none_270e8f4f7386d69d;c:\Users\21658\.vscode\extensions\redhat.java-1.41.1-win32-x64\jre\21.0.6-win32-x86_64\bin\server;C:\Users\21658\AppData\Roaming\Code\User\globalStorage\redhat.java\1.41.1\config_ss_win\org.eclipse.equinox.launcher\org.eclipse.equinox.launcher.win32.win32.x86_64_1.2.1300.v20250331-1702;C:\Users\21658\AppData\Local\Temp\jna-47689402

VM Arguments:
jvm_args: --add-modules=ALL-SYSTEM --add-opens=java.base/java.util=ALL-UNNAMED --add-opens=java.base/java.lang=ALL-UNNAMED --add-opens=java.base/sun.nio.fs=ALL-UNNAMED -Declipse.application=org.eclipse.jdt.ls.core.id1 -Dosgi.bundles.defaultStartLevel=4 -Declipse.product=org.eclipse.jdt.ls.core.product -Djava.import.generatesMetadataFilesAtProjectRoot=false -DDetectVMInstallationsJob.disabled=true -Dfile.encoding=utf8 -XX:+UseParallelGC -XX:GCTimeRatio=4 -XX:AdaptiveSizePolicyWeight=90 -Dsun.zip.disableMemoryMapping=true -Xmx1G -Xms100m -Xlog:disable -javaagent:c:\Users\21658\.vscode\extensions\redhat.java-1.41.1-win32-x64\lombok\lombok-1.18.36.jar 
java_command: c:\Users\21658\.vscode\extensions\redhat.java-1.41.1-win32-x64\server\plugins\org.eclipse.equinox.launcher_1.7.0.v20250331-1702.jar -configuration c:\Users\21658\AppData\Roaming\Code\User\globalStorage\redhat.java\1.41.1\config_ss_win -data c:\Users\21658\AppData\Roaming\Code\User\workspaceStorage\d1496b096d0a1c07d90c78ab5ca7316e\redhat.java\ss_ws --pipe=\\.\pipe\lsp-cc7066e1c8bbc04b6e31e1b65b1547da-sock
java_class_path (initial): c:\Users\21658\.vscode\extensions\redhat.java-1.41.1-win32-x64\server\plugins\org.eclipse.equinox.launcher_1.7.0.v20250331-1702.jar
Launcher Type: SUN_STANDARD

[Global flags]
    uintx AdaptiveSizePolicyWeight                 = 90                                        {product} {command line}
     intx CICompilerCount                          = 4                                         {product} {ergonomic}
    uintx GCTimeRatio                              = 4                                         {product} {command line}
   size_t InitialHeapSize                          = 104857600                                 {product} {command line}
   size_t MaxHeapSize                              = 1073741824                                {product} {command line}
   size_t MaxNewSize                               = 357564416                                 {product} {ergonomic}
   size_t MinHeapDeltaBytes                        = 524288                                    {product} {ergonomic}
   size_t MinHeapSize                              = 104857600                                 {product} {command line}
   size_t NewSize                                  = 34603008                                  {product} {ergonomic}
    uintx NonNMethodCodeHeapSize                   = 5839372                                {pd product} {ergonomic}
    uintx NonProfiledCodeHeapSize                  = 122909434                              {pd product} {ergonomic}
   size_t OldSize                                  = 70254592                                  {product} {ergonomic}
    uintx ProfiledCodeHeapSize                     = 122909434                              {pd product} {ergonomic}
    uintx ReservedCodeCacheSize                    = 251658240                              {pd product} {ergonomic}
     bool SegmentedCodeCache                       = true                                      {product} {ergonomic}
   size_t SoftMaxHeapSize                          = 1073741824                             {manageable} {ergonomic}
     bool UseCompressedOops                        = true                           {product lp64_product} {ergonomic}
     bool UseLargePagesIndividualAllocation        = false                                  {pd product} {ergonomic}
     bool UseParallelGC                            = true                                      {product} {command line}

Logging:
Log output configuration:
 #0: stdout all=off uptime,level,tags foldmultilines=false
 #1: stderr all=off uptime,level,tags foldmultilines=false

Environment Variables:
JAVA_HOME=C:\Program Files\Java\jdk-17
PATH=C:\app\21658\product\23ai\dbhomeFree\bin;C:\Program Files (x86)\VMware\VMware Workstation\bin\;C:\Program Files\Common Files\Oracle\Java\javapath;C:\Python312\Scripts\;C:\Python312\;C:\windows\system32;C:\windows;C:\windows\System32\Wbem;C:\windows\System32\WindowsPowerShell\v1.0\;C:\windows\System32\OpenSSH\;C:\Program Files (x86)\NVIDIA Corporation\PhysX\Common;C:\Program Files\NVIDIA Corporation\NVIDIA NvDLISR;C:\WINDOWS\system32;C:\WINDOWS;C:\WINDOWS\System32\Wbem;C:\WINDOWS\System32\WindowsPowerShell\v1.0\;C:\WINDOWS\System32\OpenSSH\;C:\Program Files\HP\HP One Agent;C:\php-8.2;C:\composer;C:\Program Files\Git\cmd;C:\xampp\php;C:\symfony-7.0.2;C:\Program Files\nodejs\;C:\ProgramData\chocolatey\bin;C:\Program Files\nodejs;C:\Program Files\MongoDB\Server\6.0\bin;C:\Users\21658\AppData\Local\Programs\Python\Python39;;C:\Program Files\Docker\Docker\resources\bin;C:\Users\21658\AppData\Local\Programs\Python\Python38\Scripts\;C:\Users\21658\AppData\Local\Programs\Python\Python38\;C:\Users\21658\AppData\Local\Microsoft\WindowsApps;C:\Users\21658\AppData\Local\Programs\Microsoft VS Code\bin;C:\Users\21658\AppData\Roaming\Composer\vendor\bin;C:\symfony-7.0.2;C:\php-8.2;C:\Users\21658\AppData\Roaming\npm;C:\Program Files\MongoDB\Server\6.0\bin;C:\Program Files\Java\jdk-17\bin;C:\protoc\bin;C:\Users\21658\AppData\Local\Programs\Python\Python39;C:\Users\21658\AppData\Local\Programs\Python\Python39\Scripts;C:\Users\21658\AppData\Local\Programs\Python\Python39\Scripts;C:\Users\21658\anaconda3\Library\bin;C:\ProgramData\21658\GitHubDesktop\bin;C:\Users\21658\AppData\Local\GitHubDesktop\bin;C:\Program Files\Heroku\;C:\Program Files\heroku\bin;C:\apache-maven-3.9.9\bin;
USERNAME=21658
OS=Windows_NT
PROCESSOR_IDENTIFIER=Intel64 Family 6 Model 158 Stepping 10, GenuineIntel
TMP=C:\Users\21658\AppData\Local\Temp
TEMP=C:\Users\21658\AppData\Local\Temp




Periodic native trim disabled

---------------  S Y S T E M  ---------------

OS:
 Windows 11 , 64 bit Build 22621 (10.0.22621.5124)
OS uptime: 3 days 13:06 hours
Hyper-V role detected

CPU: total 8 (initial active 8) (4 cores per cpu, 2 threads per core) family 6 model 158 stepping 10 microcode 0xde, cx8, cmov, fxsr, ht, mmx, 3dnowpref, sse, sse2, sse3, ssse3, sse4.1, sse4.2, popcnt, lzcnt, tsc, tscinvbit, avx, avx2, aes, erms, clmul, bmi1, bmi2, adx, fma, vzeroupper, clflush, clflushopt, hv, rdtscp, f16c
Processor Information for the first 8 processors :
  Max Mhz: 2400, Current Mhz: 2400, Mhz Limit: 2400

Memory: 4k page, system-wide physical 8033M (463M free)
TotalPageFile size 32609M (AvailPageFile size 4M)
current process WorkingSet (physical memory assigned to process): 143M, peak: 211M
current process commit charge ("private bytes"): 281M, peak: 290M

vm_info: OpenJDK 64-Bit Server VM (21.0.6+7-LTS) for windows-amd64 JRE (21.0.6+7-LTS), built on 2025-01-21T00:00:00Z by "admin" with MS VC++ 17.7 (VS2022)

END.
