#
# There is insufficient memory for the Java Runtime Environment to continue.
# Native memory allocation (malloc) failed to allocate 1275536 bytes. Error detail: Chunk::new
# Possible reasons:
#   The system is out of physical RAM or swap space
#   This process is running with CompressedOops enabled, and the Java Heap may be blocking the growth of the native heap
# Possible solutions:
#   Reduce memory load on the system
#   Increase physical memory or swap space
#   Check if swap backing store is full
#   Decrease Java heap size (-Xmx/-Xms)
#   Decrease number of Java threads
#   Decrease Java thread stack sizes (-Xss)
#   Set larger code cache with -XX:ReservedCodeCacheSize=
#   JVM is running with Unscaled Compressed Oops mode in which the Java heap is
#     placed in the first 4GB address space. The Java Heap base address is the
#     maximum limit for the native heap growth. Please use -XX:HeapBaseMinAddress
#     to set the Java Heap base and to place the Java Heap above 4GB virtual address.
# This output file may be truncated or incomplete.
#
#  Out of Memory Error (arena.cpp:168), pid=7924, tid=32576
#
# JRE version: OpenJDK Runtime Environment Temurin-21.0.6+7 (21.0.6+7) (build 21.0.6+7-LTS)
# Java VM: OpenJDK 64-Bit Server VM Temurin-21.0.6+7 (21.0.6+7-LTS, mixed mode, sharing, tiered, compressed oops, compressed class ptrs, parallel gc, windows-amd64)
# No core dump will be written. Minidumps are not enabled by default on client versions of Windows
#

---------------  S U M M A R Y ------------

Command Line: --add-modules=ALL-SYSTEM --add-opens=java.base/java.util=ALL-UNNAMED --add-opens=java.base/java.lang=ALL-UNNAMED --add-opens=java.base/sun.nio.fs=ALL-UNNAMED -Declipse.application=org.eclipse.jdt.ls.core.id1 -Dosgi.bundles.defaultStartLevel=4 -Declipse.product=org.eclipse.jdt.ls.core.product -Djava.import.generatesMetadataFilesAtProjectRoot=false -DDetectVMInstallationsJob.disabled=true -Dfile.encoding=utf8 -XX:+UseParallelGC -XX:GCTimeRatio=4 -XX:AdaptiveSizePolicyWeight=90 -Dsun.zip.disableMemoryMapping=true -Xmx1G -Xms100m -Xlog:disable -javaagent:c:\Users\21658\.vscode\extensions\redhat.java-1.41.1-win32-x64\lombok\lombok-1.18.36.jar -XX:+HeapDumpOnOutOfMemoryError -XX:HeapDumpPath=c:\Users\21658\AppData\Roaming\Code\User\workspaceStorage\d1496b096d0a1c07d90c78ab5ca7316e\redhat.java -Daether.dependencyCollector.impl=bf c:\Users\21658\.vscode\extensions\redhat.java-1.41.1-win32-x64\server\plugins\org.eclipse.equinox.launcher_1.7.0.v20250331-1702.jar -configuration c:\Users\21658\AppData\Roaming\Code\User\globalStorage\redhat.java\1.41.1\config_win -data c:\Users\21658\AppData\Roaming\Code\User\workspaceStorage\d1496b096d0a1c07d90c78ab5ca7316e\redhat.java\jdt_ws --pipe=\\.\pipe\lsp-dba766c17f7fcd36bf816702c6e83b70-sock

Host: Intel(R) Core(TM) i5-9300H CPU @ 2.40GHz, 8 cores, 7G,  Windows 11 , 64 bit Build 22621 (10.0.22621.5124)
Time: Mon Apr 14 19:56:18 2025 Afr. centrale Ouest elapsed time: 17.518739 seconds (0d 0h 0m 17s)

---------------  T H R E A D  ---------------

Current thread (0x00000121fe19af50):  JavaThread "C2 CompilerThread0" daemon [_thread_in_native, id=32576, stack(0x0000000ab4d00000,0x0000000ab4e00000) (1024K)]


Current CompileTask:
C2:17518 9102 % !   4       org.eclipse.jdt.internal.core.search.indexing.BinaryIndexer::indexDocument @ 595 (1204 bytes)

Stack: [0x0000000ab4d00000,0x0000000ab4e00000]
Native frames: (J=compiled Java code, j=interpreted, Vv=VM code, C=native code)
V  [jvm.dll+0x6cdee9]
V  [jvm.dll+0x8a83d1]
V  [jvm.dll+0x8aa8fe]
V  [jvm.dll+0x8aafe3]
V  [jvm.dll+0x27f706]
V  [jvm.dll+0xc500d]
V  [jvm.dll+0xc5543]
V  [jvm.dll+0x3b6752]
V  [jvm.dll+0x382935]
V  [jvm.dll+0x381d9a]
V  [jvm.dll+0x2479f0]
V  [jvm.dll+0x246fcf]
V  [jvm.dll+0x1c75ee]
V  [jvm.dll+0x25685a]
V  [jvm.dll+0x254dfa]
V  [jvm.dll+0x3f0256]
V  [jvm.dll+0x851f8b]
V  [jvm.dll+0x6cc5ed]
C  [ucrtbase.dll+0x29333]
C  [KERNEL32.DLL+0x1259d]
C  [ntdll.dll+0x5af38]


---------------  P R O C E S S  ---------------

Threads class SMR info:
_java_thread_list=0x00000121c826bb10, length=60, elements={
0x00000121e9dd4e50, 0x00000121e9e8d230, 0x00000121fe183fb0, 0x00000121fe185ef0,
0x00000121fe186f30, 0x00000121fe189b70, 0x00000121fe18eec0, 0x00000121fe19af50,
0x00000121fe19bb10, 0x00000121ffc02680, 0x00000121ffe7b2b0, 0x00000121c5650340,
0x00000121c52d67c0, 0x00000121c5ab2920, 0x00000121c5ab3ba0, 0x00000121c5ee4be0,
0x00000121c5c72630, 0x00000121c5b63980, 0x00000121c5084a50, 0x00000121c5b62c60,
0x00000121c5b646a0, 0x00000121c5b64d30, 0x00000121c5b64010, 0x00000121c5b618b0,
0x00000121c5b61f40, 0x00000121c5b625d0, 0x00000121c5b632f0, 0x00000121c67ad0b0,
0x00000121c67b3320, 0x00000121c67ac390, 0x00000121c67aeaf0, 0x00000121c67af180,
0x00000121c67b2c90, 0x00000121c67af810, 0x00000121c67afea0, 0x00000121c67b0530,
0x00000121c67b1f70, 0x00000121c67b0bc0, 0x00000121c67b2600, 0x00000121c67addd0,
0x00000121c67b1250, 0x00000121c67ad740, 0x00000121c67ae460, 0x00000121c67b39b0,
0x00000121c67b18e0, 0x00000121c67aca20, 0x00000121d0fa3700, 0x00000121d0fa3d90,
0x00000121d0fa29e0, 0x00000121d0fa0280, 0x00000121d0f9fbf0, 0x00000121d0fa0fa0,
0x00000121d0f9f560, 0x00000121d0fa4420, 0x00000121d0fa1cc0, 0x00000121d0fa5140,
0x00000121d0fa0910, 0x00000121d0fa1630, 0x00000121d0fa57d0, 0x00000121d0fa2350
}

Java Threads: ( => current thread )
  0x00000121e9dd4e50 JavaThread "main"                              [_thread_blocked, id=35476, stack(0x0000000ab4300000,0x0000000ab4400000) (1024K)]
  0x00000121e9e8d230 JavaThread "Reference Handler"          daemon [_thread_blocked, id=19088, stack(0x0000000ab4700000,0x0000000ab4800000) (1024K)]
  0x00000121fe183fb0 JavaThread "Finalizer"                  daemon [_thread_blocked, id=32024, stack(0x0000000ab4800000,0x0000000ab4900000) (1024K)]
  0x00000121fe185ef0 JavaThread "Signal Dispatcher"          daemon [_thread_blocked, id=11072, stack(0x0000000ab4900000,0x0000000ab4a00000) (1024K)]
  0x00000121fe186f30 JavaThread "Attach Listener"            daemon [_thread_blocked, id=22012, stack(0x0000000ab4a00000,0x0000000ab4b00000) (1024K)]
  0x00000121fe189b70 JavaThread "Service Thread"             daemon [_thread_blocked, id=3824, stack(0x0000000ab4b00000,0x0000000ab4c00000) (1024K)]
  0x00000121fe18eec0 JavaThread "Monitor Deflation Thread"   daemon [_thread_blocked, id=30360, stack(0x0000000ab4c00000,0x0000000ab4d00000) (1024K)]
=>0x00000121fe19af50 JavaThread "C2 CompilerThread0"         daemon [_thread_in_native, id=32576, stack(0x0000000ab4d00000,0x0000000ab4e00000) (1024K)]
  0x00000121fe19bb10 JavaThread "C1 CompilerThread0"         daemon [_thread_blocked, id=31952, stack(0x0000000ab4e00000,0x0000000ab4f00000) (1024K)]
  0x00000121ffc02680 JavaThread "Common-Cleaner"             daemon [_thread_blocked, id=34404, stack(0x0000000ab4f00000,0x0000000ab5000000) (1024K)]
  0x00000121ffe7b2b0 JavaThread "Notification Thread"        daemon [_thread_blocked, id=15124, stack(0x0000000ab5100000,0x0000000ab5200000) (1024K)]
  0x00000121c5650340 JavaThread "Active Thread: Equinox Container: d0664f24-ba97-4d98-b963-fb65766d03f0"        [_thread_blocked, id=15668, stack(0x0000000ab5900000,0x0000000ab5a00000) (1024K)]
  0x00000121c52d67c0 JavaThread "Refresh Thread: Equinox Container: d0664f24-ba97-4d98-b963-fb65766d03f0" daemon [_thread_blocked, id=25552, stack(0x0000000ab5a00000,0x0000000ab5b00000) (1024K)]
  0x00000121c5ab2920 JavaThread "Framework Event Dispatcher: Equinox Container: d0664f24-ba97-4d98-b963-fb65766d03f0" daemon [_thread_blocked, id=35992, stack(0x0000000ab5c00000,0x0000000ab5d00000) (1024K)]
  0x00000121c5ab3ba0 JavaThread "Start Level: Equinox Container: d0664f24-ba97-4d98-b963-fb65766d03f0" daemon [_thread_blocked, id=28872, stack(0x0000000ab5d00000,0x0000000ab5e00000) (1024K)]
  0x00000121c5ee4be0 JavaThread "Bundle File Closer"         daemon [_thread_blocked, id=25636, stack(0x0000000ab5e00000,0x0000000ab5f00000) (1024K)]
  0x00000121c5c72630 JavaThread "SCR Component Actor"        daemon [_thread_blocked, id=33700, stack(0x0000000ab5f00000,0x0000000ab6000000) (1024K)]
  0x00000121c5b63980 JavaThread "Worker-JM"                         [_thread_blocked, id=34928, stack(0x0000000ab6100000,0x0000000ab6200000) (1024K)]
  0x00000121c5084a50 JavaThread "C2 CompilerThread1"         daemon [_thread_in_native, id=17024, stack(0x0000000ab5000000,0x0000000ab5100000) (1024K)]
  0x00000121c5b62c60 JavaThread "JNA Cleaner"                daemon [_thread_blocked, id=16820, stack(0x0000000ab5200000,0x0000000ab5300000) (1024K)]
  0x00000121c5b646a0 JavaThread "Worker-0"                          [_thread_blocked, id=31800, stack(0x0000000ab6200000,0x0000000ab6300000) (1024K)]
  0x00000121c5b64d30 JavaThread "Worker-1: Building"                [_thread_in_vm, id=16936, stack(0x0000000ab6300000,0x0000000ab6400000) (1024K)]
  0x00000121c5b64010 JavaThread "Java indexing"              daemon [_thread_in_Java, id=30192, stack(0x0000000ab6400000,0x0000000ab6500000) (1024K)]
  0x00000121c5b618b0 JavaThread "Worker-2: Java indexing... "        [_thread_blocked, id=24844, stack(0x0000000ab6600000,0x0000000ab6700000) (1024K)]
  0x00000121c5b61f40 JavaThread "Worker-3"                          [_thread_blocked, id=5620, stack(0x0000000ab6700000,0x0000000ab6800000) (1024K)]
  0x00000121c5b625d0 JavaThread "Worker-4"                          [_thread_blocked, id=20684, stack(0x0000000ab6800000,0x0000000ab6900000) (1024K)]
  0x00000121c5b632f0 JavaThread "Thread-2"                   daemon [_thread_in_native, id=34824, stack(0x0000000ab6900000,0x0000000ab6a00000) (1024K)]
  0x00000121c67ad0b0 JavaThread "Thread-3"                   daemon [_thread_in_native, id=800, stack(0x0000000ab6a00000,0x0000000ab6b00000) (1024K)]
  0x00000121c67b3320 JavaThread "Thread-4"                   daemon [_thread_in_native, id=13448, stack(0x0000000ab6b00000,0x0000000ab6c00000) (1024K)]
  0x00000121c67ac390 JavaThread "Thread-5"                   daemon [_thread_in_native, id=13128, stack(0x0000000ab6c00000,0x0000000ab6d00000) (1024K)]
  0x00000121c67aeaf0 JavaThread "Thread-6"                   daemon [_thread_in_native, id=33888, stack(0x0000000ab6d00000,0x0000000ab6e00000) (1024K)]
  0x00000121c67af180 JavaThread "Thread-7"                   daemon [_thread_in_native, id=36204, stack(0x0000000ab6e00000,0x0000000ab6f00000) (1024K)]
  0x00000121c67b2c90 JavaThread "Thread-8"                   daemon [_thread_in_native, id=36812, stack(0x0000000ab6f00000,0x0000000ab7000000) (1024K)]
  0x00000121c67af810 JavaThread "Thread-9"                   daemon [_thread_in_native, id=35888, stack(0x0000000ab7000000,0x0000000ab7100000) (1024K)]
  0x00000121c67afea0 JavaThread "Thread-10"                  daemon [_thread_in_native, id=32464, stack(0x0000000ab7100000,0x0000000ab7200000) (1024K)]
  0x00000121c67b0530 JavaThread "pool-2-thread-1"                   [_thread_blocked, id=31100, stack(0x0000000ab7200000,0x0000000ab7300000) (1024K)]
  0x00000121c67b1f70 JavaThread "Worker-5"                          [_thread_blocked, id=19436, stack(0x0000000ab7300000,0x0000000ab7400000) (1024K)]
  0x00000121c67b0bc0 JavaThread "WorkspaceEventsHandler"            [_thread_blocked, id=33248, stack(0x0000000ab7400000,0x0000000ab7500000) (1024K)]
  0x00000121c67b2600 JavaThread "pool-1-thread-1"                   [_thread_blocked, id=26244, stack(0x0000000ab7500000,0x0000000ab7600000) (1024K)]
  0x00000121c67addd0 JavaThread "LocalFile Deleter"          daemon [_thread_blocked, id=35952, stack(0x0000000ab7600000,0x0000000ab7700000) (1024K)]
  0x00000121c67b1250 JavaThread "LocalFile Deleter"          daemon [_thread_blocked, id=25160, stack(0x0000000ab7700000,0x0000000ab7800000) (1024K)]
  0x00000121c67ad740 JavaThread "LocalFile Deleter"          daemon [_thread_blocked, id=35064, stack(0x0000000ab7800000,0x0000000ab7900000) (1024K)]
  0x00000121c67ae460 JavaThread "LocalFile Deleter"          daemon [_thread_blocked, id=22636, stack(0x0000000ab7900000,0x0000000ab7a00000) (1024K)]
  0x00000121c67b39b0 JavaThread "LocalFile Deleter"          daemon [_thread_blocked, id=24584, stack(0x0000000ab7a00000,0x0000000ab7b00000) (1024K)]
  0x00000121c67b18e0 JavaThread "LocalFile Deleter"          daemon [_thread_blocked, id=18404, stack(0x0000000ab7b00000,0x0000000ab7c00000) (1024K)]
  0x00000121c67aca20 JavaThread "LocalFile Deleter"          daemon [_thread_blocked, id=35988, stack(0x0000000ab7c00000,0x0000000ab7d00000) (1024K)]
  0x00000121d0fa3700 JavaThread "LocalFile Deleter"          daemon [_thread_blocked, id=25488, stack(0x0000000ab7d00000,0x0000000ab7e00000) (1024K)]
  0x00000121d0fa3d90 JavaThread "Compiler Source File Reader" daemon [_thread_blocked, id=292, stack(0x0000000ab7e00000,0x0000000ab7f00000) (1024K)]
  0x00000121d0fa29e0 JavaThread "Compiler Source File Reader" daemon [_thread_blocked, id=33040, stack(0x0000000ab7f00000,0x0000000ab8000000) (1024K)]
  0x00000121d0fa0280 JavaThread "Compiler Source File Reader" daemon [_thread_blocked, id=26020, stack(0x0000000ab8000000,0x0000000ab8100000) (1024K)]
  0x00000121d0f9fbf0 JavaThread "Compiler Source File Reader" daemon [_thread_blocked, id=33260, stack(0x0000000ab8100000,0x0000000ab8200000) (1024K)]
  0x00000121d0fa0fa0 JavaThread "Compiler Source File Reader" daemon [_thread_blocked, id=11804, stack(0x0000000ab8200000,0x0000000ab8300000) (1024K)]
  0x00000121d0f9f560 JavaThread "Compiler Source File Reader" daemon [_thread_blocked, id=31416, stack(0x0000000ab8300000,0x0000000ab8400000) (1024K)]
  0x00000121d0fa4420 JavaThread "Compiler Processing Task"   daemon [_thread_blocked, id=34820, stack(0x0000000ab6000000,0x0000000ab6100000) (1024K)]
  0x00000121d0fa1cc0 JavaThread "Compiler Class File Writer" daemon [_thread_blocked, id=11564, stack(0x0000000ab6500000,0x0000000ab6600000) (1024K)]
  0x00000121d0fa5140 JavaThread "Compiler Class File Writer" daemon [_thread_blocked, id=19524, stack(0x0000000ab8400000,0x0000000ab8500000) (1024K)]
  0x00000121d0fa0910 JavaThread "Compiler Class File Writer" daemon [_thread_blocked, id=12380, stack(0x0000000ab8500000,0x0000000ab8600000) (1024K)]
  0x00000121d0fa1630 JavaThread "Compiler Class File Writer" daemon [_thread_blocked, id=36244, stack(0x0000000ab8600000,0x0000000ab8700000) (1024K)]
  0x00000121d0fa57d0 JavaThread "Compiler Class File Writer" daemon [_thread_blocked, id=20836, stack(0x0000000ab8700000,0x0000000ab8800000) (1024K)]
  0x00000121d0fa2350 JavaThread "Compiler Class File Writer" daemon [_thread_blocked, id=29940, stack(0x0000000ab8800000,0x0000000ab8900000) (1024K)]
Total: 60

Other Threads:
  0x00000121e9e70f80 VMThread "VM Thread"                           [id=12572, stack(0x0000000ab4600000,0x0000000ab4700000) (1024K)]
  0x00000121e9e3e060 WatcherThread "VM Periodic Task Thread"        [id=29192, stack(0x0000000ab4500000,0x0000000ab4600000) (1024K)]
  0x00000121e9df21a0 WorkerThread "GC Thread#0"                     [id=36612, stack(0x0000000ab4400000,0x0000000ab4500000) (1024K)]
  0x00000121ffeae1e0 WorkerThread "GC Thread#1"                     [id=17680, stack(0x0000000ab5300000,0x0000000ab5400000) (1024K)]
  0x00000121ffeae580 WorkerThread "GC Thread#2"                     [id=15696, stack(0x0000000ab5400000,0x0000000ab5500000) (1024K)]
  0x00000121ffeae920 WorkerThread "GC Thread#3"                     [id=16400, stack(0x0000000ab5500000,0x0000000ab5600000) (1024K)]
  0x00000121ffeb0fa0 WorkerThread "GC Thread#4"                     [id=15796, stack(0x0000000ab5600000,0x0000000ab5700000) (1024K)]
  0x00000121fff03170 WorkerThread "GC Thread#5"                     [id=8204, stack(0x0000000ab5700000,0x0000000ab5800000) (1024K)]
  0x00000121fff03920 WorkerThread "GC Thread#6"                     [id=20068, stack(0x0000000ab5800000,0x0000000ab5900000) (1024K)]
  0x00000121c511bbd0 WorkerThread "GC Thread#7"                     [id=35424, stack(0x0000000ab5b00000,0x0000000ab5c00000) (1024K)]
Total: 10

Threads with active compile tasks:
C2 CompilerThread0  17562 9102 % !   4       org.eclipse.jdt.internal.core.search.indexing.BinaryIndexer::indexDocument @ 595 (1204 bytes)
C2 CompilerThread1  17562 9129       4       org.eclipse.osgi.internal.serviceregistry.ServiceRegistry::notifyHooksPrivileged (58 bytes)
Total: 2

VM state: not at safepoint (normal execution)

VM Mutex/Monitor currently owned by a thread: None

Heap address: 0x00000000c0000000, size: 1024 MB, Compressed Oops mode: 32-bit

CDS archive(s) mapped at: [0x0000012180000000-0x0000012180ba0000-0x0000012180ba0000), size 12189696, SharedBaseAddress: 0x0000012180000000, ArchiveRelocationMode: 1.
Compressed class space mapped at: 0x0000012181000000-0x00000121c1000000, reserved size: 1073741824
Narrow klass base: 0x0000012180000000, Narrow klass shift: 0, Narrow klass range: 0x100000000

GC Precious Log:
 CardTable entry size: 512
 CPUs: 8 total, 8 available
 Memory: 8033M
 Large Page Support: Disabled
 NUMA Support: Disabled
 Compressed Oops: Enabled (32-bit)
 Alignments: Space 512K, Generation 512K, Heap 2M
 Heap Min Capacity: 100M
 Heap Initial Capacity: 100M
 Heap Max Capacity: 1G
 Pre-touch: Disabled
 Parallel Workers: 8

Heap:
 PSYoungGen      total 11264K, used 6445K [0x00000000eab00000, 0x00000000eb800000, 0x0000000100000000)
  eden space 9216K, 69% used [0x00000000eab00000,0x00000000eb14b5b8,0x00000000eb400000)
  from space 2048K, 0% used [0x00000000eb600000,0x00000000eb600000,0x00000000eb800000)
  to   space 2048K, 0% used [0x00000000eb400000,0x00000000eb400000,0x00000000eb600000)
 ParOldGen       total 88576K, used 74274K [0x00000000c0000000, 0x00000000c5680000, 0x00000000eab00000)
  object space 88576K, 83% used [0x00000000c0000000,0x00000000c4888af8,0x00000000c5680000)
 Metaspace       used 58380K, committed 59712K, reserved 1114112K
  class space    used 6027K, committed 6656K, reserved 1048576K

Card table byte_map: [0x00000121e9770000,0x00000121e9980000] _byte_map_base: 0x00000121e9170000

Marking Bits: (ParMarkBitMap*) 0x00007ffffa7a3260
 Begin Bits: [0x00000121fbfc0000, 0x00000121fcfc0000)
 End Bits:   [0x00000121fcfc0000, 0x00000121fdfc0000)

Polling page: 0x00000121e7bc0000

Metaspace:

Usage:
  Non-class:     51.13 MB used.
      Class:      5.89 MB used.
       Both:     57.01 MB used.

Virtual space:
  Non-class space:       64.00 MB reserved,      51.81 MB ( 81%) committed,  1 nodes.
      Class space:        1.00 GB reserved,       6.50 MB ( <1%) committed,  1 nodes.
             Both:        1.06 GB reserved,      58.31 MB (  5%) committed. 

Chunk freelists:
   Non-Class:  11.95 MB
       Class:  9.53 MB
        Both:  21.48 MB

MaxMetaspaceSize: unlimited
CompressedClassSpaceSize: 1.00 GB
Initial GC threshold: 21.00 MB
Current GC threshold: 97.19 MB
CDS: on
 - commit_granule_bytes: 65536.
 - commit_granule_words: 8192.
 - virtual_space_node_default_size: 8388608.
 - enlarge_chunks_in_place: 1.
 - use_allocation_guard: 0.


Internal statistics:

num_allocs_failed_limit: 6.
num_arena_births: 1132.
num_arena_deaths: 16.
num_vsnodes_births: 2.
num_vsnodes_deaths: 0.
num_space_committed: 933.
num_space_uncommitted: 0.
num_chunks_returned_to_freelist: 23.
num_chunks_taken_from_freelist: 3976.
num_chunk_merges: 12.
num_chunk_splits: 2373.
num_chunks_enlarged: 1225.
num_inconsistent_stats: 0.

CodeHeap 'non-profiled nmethods': size=120000Kb used=5492Kb max_used=5635Kb free=114507Kb
 bounds [0x00000121f4a90000, 0x00000121f5020000, 0x00000121fbfc0000]
CodeHeap 'profiled nmethods': size=120000Kb used=19104Kb max_used=19797Kb free=100895Kb
 bounds [0x00000121ecfc0000, 0x00000121ee320000, 0x00000121f44f0000]
CodeHeap 'non-nmethods': size=5760Kb used=1414Kb max_used=1518Kb free=4345Kb
 bounds [0x00000121f44f0000, 0x00000121f4760000, 0x00000121f4a90000]
 total_blobs=9378 nmethods=8652 adapters=632
 compilation: enabled
              stopped_count=0, restarted_count=0
 full_count=0

Compilation events (20 events):
Event: 17.492 Thread 0x00000121fe19bb10 nmethod 9428 0x00000121f4c63490 code [0x00000121f4c63620, 0x00000121f4c636e8]
Event: 17.508 Thread 0x00000121fe19bb10 9431       2       sun.nio.ch.FileKey::hashCode (42 bytes)
Event: 17.509 Thread 0x00000121fe19bb10 nmethod 9431 0x00000121ed0e8c90 code [0x00000121ed0e8e20, 0x00000121ed0e8f60]
Event: 17.509 Thread 0x00000121fe19bb10 9434       2       org.eclipse.aether.artifact.AbstractArtifact::toBaseVersion (92 bytes)
Event: 17.509 Thread 0x00000121fe19bb10 nmethod 9434 0x00000121ecfcda90 code [0x00000121ecfcdce0, 0x00000121ecfce160]
Event: 17.509 Thread 0x00000121fe19bb10 9432       1       org.apache.maven.repository.internal.DefaultVersionResolver$Key::hashCode (5 bytes)
Event: 17.510 Thread 0x00000121fe19bb10 nmethod 9432 0x00000121f4c8a110 code [0x00000121f4c8a2a0, 0x00000121f4c8a368]
Event: 17.510 Thread 0x00000121fe19bb10 9433       1       org.eclipse.aether.resolution.VersionResult::getVersion (5 bytes)
Event: 17.510 Thread 0x00000121fe19bb10 nmethod 9433 0x00000121f4bd7790 code [0x00000121f4bd7920, 0x00000121f4bd79e8]
Event: 17.510 Thread 0x00000121fe19bb10 9435       1       org.eclipse.aether.resolution.ArtifactResult::getRepository (5 bytes)
Event: 17.510 Thread 0x00000121fe19bb10 nmethod 9435 0x00000121f4bd7490 code [0x00000121f4bd7620, 0x00000121f4bd76e8]
Event: 17.510 Thread 0x00000121fe19bb10 9438       2       org.eclipse.aether.artifact.AbstractArtifact::getBaseVersion (8 bytes)
Event: 17.510 Thread 0x00000121fe19bb10 nmethod 9438 0x00000121ed258510 code [0x00000121ed2586c0, 0x00000121ed2587e0]
Event: 17.510 Thread 0x00000121fe19bb10 9436       1       org.eclipse.aether.resolution.VersionRequest::getTrace (5 bytes)
Event: 17.511 Thread 0x00000121fe19bb10 nmethod 9436 0x00000121f4bd7090 code [0x00000121f4bd7220, 0x00000121f4bd72e8]
Event: 17.511 Thread 0x00000121fe19bb10 9437       1       org.eclipse.m2e.core.internal.project.registry.EclipseWorkspaceArtifactRepository::getRepository (5 bytes)
Event: 17.511 Thread 0x00000121fe19bb10 nmethod 9437 0x00000121f4bed590 code [0x00000121f4bed720, 0x00000121f4bed7e8]
Event: 17.512 Thread 0x00000121fe19bb10 9439       2       org.eclipse.sisu.inject.QualifyingStrategy$1::qualifies (23 bytes)
Event: 17.512 Thread 0x00000121fe19bb10 nmethod 9439 0x00000121ed1a2a90 code [0x00000121ed1a2c40, 0x00000121ed1a2db8]
Event: 17.516 Thread 0x00000121fe19bb10 9440   !   2       java.io.FileInputStream::close (69 bytes)

GC Heap History (20 events):
Event: 15.708 GC heap before
{Heap before GC invocations=42 (full 2):
 PSYoungGen      total 15872K, used 15634K [0x00000000eab00000, 0x00000000ebd80000, 0x0000000100000000)
  eden space 12800K, 100% used [0x00000000eab00000,0x00000000eb780000,0x00000000eb780000)
  from space 3072K, 92% used [0x00000000eb780000,0x00000000eba44b00,0x00000000eba80000)
  to   space 3072K, 0% used [0x00000000eba80000,0x00000000eba80000,0x00000000ebd80000)
 ParOldGen       total 69120K, used 69017K [0x00000000c0000000, 0x00000000c4380000, 0x00000000eab00000)
  object space 69120K, 99% used [0x00000000c0000000,0x00000000c4366768,0x00000000c4380000)
 Metaspace       used 56990K, committed 58304K, reserved 1114112K
  class space    used 5890K, committed 6464K, reserved 1048576K
}
Event: 15.713 GC heap after
{Heap after GC invocations=42 (full 2):
 PSYoungGen      total 15872K, used 2822K [0x00000000eab00000, 0x00000000ebd80000, 0x0000000100000000)
  eden space 12800K, 0% used [0x00000000eab00000,0x00000000eab00000,0x00000000eb780000)
  from space 3072K, 91% used [0x00000000eba80000,0x00000000ebd41b78,0x00000000ebd80000)
  to   space 3072K, 0% used [0x00000000eb780000,0x00000000eb780000,0x00000000eba80000)
 ParOldGen       total 71680K, used 71678K [0x00000000c0000000, 0x00000000c4600000, 0x00000000eab00000)
  object space 71680K, 99% used [0x00000000c0000000,0x00000000c45ffa58,0x00000000c4600000)
 Metaspace       used 56990K, committed 58304K, reserved 1114112K
  class space    used 5890K, committed 6464K, reserved 1048576K
}
Event: 15.811 GC heap before
{Heap before GC invocations=43 (full 2):
 PSYoungGen      total 15872K, used 15622K [0x00000000eab00000, 0x00000000ebd80000, 0x0000000100000000)
  eden space 12800K, 100% used [0x00000000eab00000,0x00000000eb780000,0x00000000eb780000)
  from space 3072K, 91% used [0x00000000eba80000,0x00000000ebd41b78,0x00000000ebd80000)
  to   space 3072K, 0% used [0x00000000eb780000,0x00000000eb780000,0x00000000eba80000)
 ParOldGen       total 71680K, used 71678K [0x00000000c0000000, 0x00000000c4600000, 0x00000000eab00000)
  object space 71680K, 99% used [0x00000000c0000000,0x00000000c45ffa58,0x00000000c4600000)
 Metaspace       used 57368K, committed 58624K, reserved 1114112K
  class space    used 5928K, committed 6464K, reserved 1048576K
}
Event: 15.815 GC heap after
{Heap after GC invocations=43 (full 2):
 PSYoungGen      total 15872K, used 2536K [0x00000000eab00000, 0x00000000ebd80000, 0x0000000100000000)
  eden space 12800K, 0% used [0x00000000eab00000,0x00000000eab00000,0x00000000eb780000)
  from space 3072K, 82% used [0x00000000eb780000,0x00000000eb9fa358,0x00000000eba80000)
  to   space 3072K, 0% used [0x00000000eba80000,0x00000000eba80000,0x00000000ebd80000)
 ParOldGen       total 74752K, used 74368K [0x00000000c0000000, 0x00000000c4900000, 0x00000000eab00000)
  object space 74752K, 99% used [0x00000000c0000000,0x00000000c48a0208,0x00000000c4900000)
 Metaspace       used 57368K, committed 58624K, reserved 1114112K
  class space    used 5928K, committed 6464K, reserved 1048576K
}
Event: 16.024 GC heap before
{Heap before GC invocations=44 (full 2):
 PSYoungGen      total 15872K, used 15336K [0x00000000eab00000, 0x00000000ebd80000, 0x0000000100000000)
  eden space 12800K, 100% used [0x00000000eab00000,0x00000000eb780000,0x00000000eb780000)
  from space 3072K, 82% used [0x00000000eb780000,0x00000000eb9fa358,0x00000000eba80000)
  to   space 3072K, 0% used [0x00000000eba80000,0x00000000eba80000,0x00000000ebd80000)
 ParOldGen       total 74752K, used 74368K [0x00000000c0000000, 0x00000000c4900000, 0x00000000eab00000)
  object space 74752K, 99% used [0x00000000c0000000,0x00000000c48a0208,0x00000000c4900000)
 Metaspace       used 57613K, committed 58944K, reserved 1114112K
  class space    used 5955K, committed 6528K, reserved 1048576K
}
Event: 16.028 GC heap after
{Heap after GC invocations=44 (full 2):
 PSYoungGen      total 15872K, used 2798K [0x00000000eab00000, 0x00000000ebd80000, 0x0000000100000000)
  eden space 12800K, 0% used [0x00000000eab00000,0x00000000eab00000,0x00000000eb780000)
  from space 3072K, 91% used [0x00000000eba80000,0x00000000ebd3ba40,0x00000000ebd80000)
  to   space 3072K, 0% used [0x00000000eb780000,0x00000000eb780000,0x00000000eba80000)
 ParOldGen       total 76800K, used 76710K [0x00000000c0000000, 0x00000000c4b00000, 0x00000000eab00000)
  object space 76800K, 99% used [0x00000000c0000000,0x00000000c4ae9bd8,0x00000000c4b00000)
 Metaspace       used 57613K, committed 58944K, reserved 1114112K
  class space    used 5955K, committed 6528K, reserved 1048576K
}
Event: 16.181 GC heap before
{Heap before GC invocations=45 (full 2):
 PSYoungGen      total 15872K, used 15598K [0x00000000eab00000, 0x00000000ebd80000, 0x0000000100000000)
  eden space 12800K, 100% used [0x00000000eab00000,0x00000000eb780000,0x00000000eb780000)
  from space 3072K, 91% used [0x00000000eba80000,0x00000000ebd3ba40,0x00000000ebd80000)
  to   space 3072K, 0% used [0x00000000eb780000,0x00000000eb780000,0x00000000eba80000)
 ParOldGen       total 76800K, used 76710K [0x00000000c0000000, 0x00000000c4b00000, 0x00000000eab00000)
  object space 76800K, 99% used [0x00000000c0000000,0x00000000c4ae9bd8,0x00000000c4b00000)
 Metaspace       used 58013K, committed 59392K, reserved 1114112K
  class space    used 6000K, committed 6656K, reserved 1048576K
}
Event: 16.189 GC heap after
{Heap after GC invocations=45 (full 2):
 PSYoungGen      total 14848K, used 1568K [0x00000000eab00000, 0x00000000ebb80000, 0x0000000100000000)
  eden space 12800K, 0% used [0x00000000eab00000,0x00000000eab00000,0x00000000eb780000)
  from space 2048K, 76% used [0x00000000eb780000,0x00000000eb908000,0x00000000eb980000)
  to   space 2048K, 0% used [0x00000000eb980000,0x00000000eb980000,0x00000000ebb80000)
 ParOldGen       total 79872K, used 79364K [0x00000000c0000000, 0x00000000c4e00000, 0x00000000eab00000)
  object space 79872K, 99% used [0x00000000c0000000,0x00000000c4d813d8,0x00000000c4e00000)
 Metaspace       used 58013K, committed 59392K, reserved 1114112K
  class space    used 6000K, committed 6656K, reserved 1048576K
}
Event: 16.292 GC heap before
{Heap before GC invocations=46 (full 2):
 PSYoungGen      total 14848K, used 14368K [0x00000000eab00000, 0x00000000ebb80000, 0x0000000100000000)
  eden space 12800K, 100% used [0x00000000eab00000,0x00000000eb780000,0x00000000eb780000)
  from space 2048K, 76% used [0x00000000eb780000,0x00000000eb908000,0x00000000eb980000)
  to   space 2048K, 0% used [0x00000000eb980000,0x00000000eb980000,0x00000000ebb80000)
 ParOldGen       total 79872K, used 79364K [0x00000000c0000000, 0x00000000c4e00000, 0x00000000eab00000)
  object space 79872K, 99% used [0x00000000c0000000,0x00000000c4d813d8,0x00000000c4e00000)
 Metaspace       used 58077K, committed 59456K, reserved 1114112K
  class space    used 6001K, committed 6656K, reserved 1048576K
}
Event: 16.300 GC heap after
{Heap after GC invocations=46 (full 2):
 PSYoungGen      total 11264K, used 2042K [0x00000000eab00000, 0x00000000ec280000, 0x0000000100000000)
  eden space 9216K, 0% used [0x00000000eab00000,0x00000000eab00000,0x00000000eb400000)
  from space 2048K, 99% used [0x00000000eb980000,0x00000000ebb7eaf8,0x00000000ebb80000)
  to   space 5632K, 0% used [0x00000000eb400000,0x00000000eb400000,0x00000000eb980000)
 ParOldGen       total 82432K, used 82161K [0x00000000c0000000, 0x00000000c5080000, 0x00000000eab00000)
  object space 82432K, 99% used [0x00000000c0000000,0x00000000c503c5a0,0x00000000c5080000)
 Metaspace       used 58077K, committed 59456K, reserved 1114112K
  class space    used 6001K, committed 6656K, reserved 1048576K
}
Event: 16.364 GC heap before
{Heap before GC invocations=47 (full 2):
 PSYoungGen      total 11264K, used 11258K [0x00000000eab00000, 0x00000000ec280000, 0x0000000100000000)
  eden space 9216K, 100% used [0x00000000eab00000,0x00000000eb400000,0x00000000eb400000)
  from space 2048K, 99% used [0x00000000eb980000,0x00000000ebb7eaf8,0x00000000ebb80000)
  to   space 5632K, 0% used [0x00000000eb400000,0x00000000eb400000,0x00000000eb980000)
 ParOldGen       total 82432K, used 82161K [0x00000000c0000000, 0x00000000c5080000, 0x00000000eab00000)
  object space 82432K, 99% used [0x00000000c0000000,0x00000000c503c5a0,0x00000000c5080000)
 Metaspace       used 58140K, committed 59520K, reserved 1114112K
  class space    used 6005K, committed 6656K, reserved 1048576K
}
Event: 16.372 GC heap after
{Heap after GC invocations=47 (full 2):
 PSYoungGen      total 11264K, used 1581K [0x00000000eab00000, 0x00000000eba00000, 0x0000000100000000)
  eden space 9216K, 0% used [0x00000000eab00000,0x00000000eab00000,0x00000000eb400000)
  from space 2048K, 77% used [0x00000000eb400000,0x00000000eb58b4d8,0x00000000eb600000)
  to   space 3072K, 0% used [0x00000000eb700000,0x00000000eb700000,0x00000000eba00000)
 ParOldGen       total 83968K, used 83924K [0x00000000c0000000, 0x00000000c5200000, 0x00000000eab00000)
  object space 83968K, 99% used [0x00000000c0000000,0x00000000c51f5168,0x00000000c5200000)
 Metaspace       used 58140K, committed 59520K, reserved 1114112K
  class space    used 6005K, committed 6656K, reserved 1048576K
}
Event: 16.519 GC heap before
{Heap before GC invocations=48 (full 2):
 PSYoungGen      total 11264K, used 10749K [0x00000000eab00000, 0x00000000eba00000, 0x0000000100000000)
  eden space 9216K, 99% used [0x00000000eab00000,0x00000000eb3f4308,0x00000000eb400000)
  from space 2048K, 77% used [0x00000000eb400000,0x00000000eb58b4d8,0x00000000eb600000)
  to   space 3072K, 0% used [0x00000000eb700000,0x00000000eb700000,0x00000000eba00000)
 ParOldGen       total 83968K, used 83924K [0x00000000c0000000, 0x00000000c5200000, 0x00000000eab00000)
  object space 83968K, 99% used [0x00000000c0000000,0x00000000c51f5168,0x00000000c5200000)
 Metaspace       used 58216K, committed 59584K, reserved 1114112K
  class space    used 6006K, committed 6656K, reserved 1048576K
}
Event: 16.522 GC heap after
{Heap after GC invocations=48 (full 2):
 PSYoungGen      total 11264K, used 1999K [0x00000000eab00000, 0x00000000eb900000, 0x0000000100000000)
  eden space 9216K, 0% used [0x00000000eab00000,0x00000000eab00000,0x00000000eb400000)
  from space 2048K, 97% used [0x00000000eb700000,0x00000000eb8f3c48,0x00000000eb900000)
  to   space 2560K, 0% used [0x00000000eb400000,0x00000000eb400000,0x00000000eb680000)
 ParOldGen       total 85504K, used 85321K [0x00000000c0000000, 0x00000000c5380000, 0x00000000eab00000)
  object space 85504K, 99% used [0x00000000c0000000,0x00000000c53527a0,0x00000000c5380000)
 Metaspace       used 58216K, committed 59584K, reserved 1114112K
  class space    used 6006K, committed 6656K, reserved 1048576K
}
Event: 16.584 GC heap before
{Heap before GC invocations=49 (full 2):
 PSYoungGen      total 11264K, used 11215K [0x00000000eab00000, 0x00000000eb900000, 0x0000000100000000)
  eden space 9216K, 100% used [0x00000000eab00000,0x00000000eb400000,0x00000000eb400000)
  from space 2048K, 97% used [0x00000000eb700000,0x00000000eb8f3c48,0x00000000eb900000)
  to   space 2560K, 0% used [0x00000000eb400000,0x00000000eb400000,0x00000000eb680000)
 ParOldGen       total 85504K, used 85321K [0x00000000c0000000, 0x00000000c5380000, 0x00000000eab00000)
  object space 85504K, 99% used [0x00000000c0000000,0x00000000c53527a0,0x00000000c5380000)
 Metaspace       used 58355K, committed 59712K, reserved 1114112K
  class space    used 6023K, committed 6656K, reserved 1048576K
}
Event: 16.589 GC heap after
{Heap after GC invocations=49 (full 2):
 PSYoungGen      total 11264K, used 1656K [0x00000000eab00000, 0x00000000eb800000, 0x0000000100000000)
  eden space 9216K, 0% used [0x00000000eab00000,0x00000000eab00000,0x00000000eb400000)
  from space 2048K, 80% used [0x00000000eb400000,0x00000000eb59e218,0x00000000eb600000)
  to   space 2048K, 0% used [0x00000000eb600000,0x00000000eb600000,0x00000000eb800000)
 ParOldGen       total 87040K, used 86947K [0x00000000c0000000, 0x00000000c5500000, 0x00000000eab00000)
  object space 87040K, 99% used [0x00000000c0000000,0x00000000c54e8c70,0x00000000c5500000)
 Metaspace       used 58355K, committed 59712K, reserved 1114112K
  class space    used 6023K, committed 6656K, reserved 1048576K
}
Event: 16.687 GC heap before
{Heap before GC invocations=50 (full 2):
 PSYoungGen      total 11264K, used 10872K [0x00000000eab00000, 0x00000000eb800000, 0x0000000100000000)
  eden space 9216K, 100% used [0x00000000eab00000,0x00000000eb400000,0x00000000eb400000)
  from space 2048K, 80% used [0x00000000eb400000,0x00000000eb59e218,0x00000000eb600000)
  to   space 2048K, 0% used [0x00000000eb600000,0x00000000eb600000,0x00000000eb800000)
 ParOldGen       total 87040K, used 86947K [0x00000000c0000000, 0x00000000c5500000, 0x00000000eab00000)
  object space 87040K, 99% used [0x00000000c0000000,0x00000000c54e8c70,0x00000000c5500000)
 Metaspace       used 58355K, committed 59712K, reserved 1114112K
  class space    used 6023K, committed 6656K, reserved 1048576K
}
Event: 16.691 GC heap after
{Heap after GC invocations=50 (full 2):
 PSYoungGen      total 11264K, used 10872K [0x00000000eab00000, 0x00000000eb800000, 0x0000000100000000)
  eden space 9216K, 100% used [0x00000000eab00000,0x00000000eb400000,0x00000000eb400000)
  from space 2048K, 80% used [0x00000000eb400000,0x00000000eb59e218,0x00000000eb600000)
  to   space 2048K, 99% used [0x00000000eb600000,0x00000000eb7fc6e8,0x00000000eb800000)
 ParOldGen       total 88576K, used 88113K [0x00000000c0000000, 0x00000000c5680000, 0x00000000eab00000)
  object space 88576K, 99% used [0x00000000c0000000,0x00000000c560c5f8,0x00000000c5680000)
 Metaspace       used 58355K, committed 59712K, reserved 1114112K
  class space    used 6023K, committed 6656K, reserved 1048576K
}
Event: 16.691 GC heap before
{Heap before GC invocations=51 (full 3):
 PSYoungGen      total 11264K, used 10872K [0x00000000eab00000, 0x00000000eb800000, 0x0000000100000000)
  eden space 9216K, 100% used [0x00000000eab00000,0x00000000eb400000,0x00000000eb400000)
  from space 2048K, 80% used [0x00000000eb400000,0x00000000eb59e218,0x00000000eb600000)
  to   space 2048K, 99% used [0x00000000eb600000,0x00000000eb7fc6e8,0x00000000eb800000)
 ParOldGen       total 88576K, used 88113K [0x00000000c0000000, 0x00000000c5680000, 0x00000000eab00000)
  object space 88576K, 99% used [0x00000000c0000000,0x00000000c560c5f8,0x00000000c5680000)
 Metaspace       used 58355K, committed 59712K, reserved 1114112K
  class space    used 6023K, committed 6656K, reserved 1048576K
}
Event: 17.484 GC heap after
{Heap after GC invocations=51 (full 3):
 PSYoungGen      total 11264K, used 0K [0x00000000eab00000, 0x00000000eb800000, 0x0000000100000000)
  eden space 9216K, 0% used [0x00000000eab00000,0x00000000eab00000,0x00000000eb400000)
  from space 2048K, 0% used [0x00000000eb600000,0x00000000eb600000,0x00000000eb800000)
  to   space 2048K, 0% used [0x00000000eb400000,0x00000000eb400000,0x00000000eb600000)
 ParOldGen       total 88576K, used 74274K [0x00000000c0000000, 0x00000000c5680000, 0x00000000eab00000)
  object space 88576K, 83% used [0x00000000c0000000,0x00000000c4888af8,0x00000000c5680000)
 Metaspace       used 58353K, committed 59712K, reserved 1114112K
  class space    used 6022K, committed 6656K, reserved 1048576K
}

Dll operation events (10 events):
Event: 0.010 Loaded shared library c:\Users\21658\.vscode\extensions\redhat.java-1.41.1-win32-x64\jre\21.0.6-win32-x86_64\bin\java.dll
Event: 0.062 Loaded shared library c:\Users\21658\.vscode\extensions\redhat.java-1.41.1-win32-x64\jre\21.0.6-win32-x86_64\bin\zip.dll
Event: 0.078 Loaded shared library C:\Users\21658\.vscode\extensions\redhat.java-1.41.1-win32-x64\jre\21.0.6-win32-x86_64\bin\instrument.dll
Event: 0.082 Loaded shared library C:\Users\21658\.vscode\extensions\redhat.java-1.41.1-win32-x64\jre\21.0.6-win32-x86_64\bin\net.dll
Event: 0.085 Loaded shared library C:\Users\21658\.vscode\extensions\redhat.java-1.41.1-win32-x64\jre\21.0.6-win32-x86_64\bin\nio.dll
Event: 0.088 Loaded shared library C:\Users\21658\.vscode\extensions\redhat.java-1.41.1-win32-x64\jre\21.0.6-win32-x86_64\bin\zip.dll
Event: 0.101 Loaded shared library C:\Users\21658\.vscode\extensions\redhat.java-1.41.1-win32-x64\jre\21.0.6-win32-x86_64\bin\jimage.dll
Event: 0.161 Loaded shared library c:\Users\21658\.vscode\extensions\redhat.java-1.41.1-win32-x64\jre\21.0.6-win32-x86_64\bin\verify.dll
Event: 1.634 Loaded shared library C:\Users\21658\AppData\Roaming\Code\User\globalStorage\redhat.java\1.41.1\config_win\org.eclipse.equinox.launcher\org.eclipse.equinox.launcher.win32.win32.x86_64_1.2.1300.v20250331-1702\eclipse_11911.dll
Event: 3.312 Loaded shared library C:\Users\21658\AppData\Local\Temp\jna-47689402\jna3080489021045828682.dll

Deoptimization events (20 events):
Event: 16.652 Thread 0x00000121c5b64010 DEOPT PACKING pc=0x00000121ee284e53 sp=0x0000000ab64fe670
Event: 16.652 Thread 0x00000121c5b64010 DEOPT UNPACKING pc=0x00000121f4544242 sp=0x0000000ab64fdbd8 mode 0
Event: 16.658 Thread 0x00000121c5b64010 DEOPT PACKING pc=0x00000121ee284e53 sp=0x0000000ab64fe670
Event: 16.658 Thread 0x00000121c5b64010 DEOPT UNPACKING pc=0x00000121f4544242 sp=0x0000000ab64fdbd8 mode 0
Event: 16.659 Thread 0x00000121c5b64010 DEOPT PACKING pc=0x00000121ee2fbeaa sp=0x0000000ab64fe630
Event: 16.659 Thread 0x00000121c5b64010 DEOPT UNPACKING pc=0x00000121f4544242 sp=0x0000000ab64fdbb8 mode 0
Event: 16.664 Thread 0x00000121c5b64010 DEOPT PACKING pc=0x00000121ee284e53 sp=0x0000000ab64fe670
Event: 16.664 Thread 0x00000121c5b64010 DEOPT UNPACKING pc=0x00000121f4544242 sp=0x0000000ab64fdbd8 mode 0
Event: 16.671 Thread 0x00000121c5b64010 DEOPT PACKING pc=0x00000121ee284e53 sp=0x0000000ab64fe670
Event: 16.671 Thread 0x00000121c5b64010 DEOPT UNPACKING pc=0x00000121f4544242 sp=0x0000000ab64fdbd8 mode 0
Event: 16.673 Thread 0x00000121c5b64010 DEOPT PACKING pc=0x00000121ee2fbeaa sp=0x0000000ab64fe630
Event: 16.673 Thread 0x00000121c5b64010 DEOPT UNPACKING pc=0x00000121f4544242 sp=0x0000000ab64fdbb8 mode 0
Event: 16.679 Thread 0x00000121c5b64010 DEOPT PACKING pc=0x00000121ee284e53 sp=0x0000000ab64fe670
Event: 16.679 Thread 0x00000121c5b64010 DEOPT UNPACKING pc=0x00000121f4544242 sp=0x0000000ab64fdbd8 mode 0
Event: 17.501 Thread 0x00000121c5b64010 DEOPT PACKING pc=0x00000121ee284dd3 sp=0x0000000ab64fe670
Event: 17.502 Thread 0x00000121c5b64010 DEOPT UNPACKING pc=0x00000121f4544242 sp=0x0000000ab64fdbd8 mode 0
Event: 17.505 Thread 0x00000121c5b64d30 DEOPT PACKING pc=0x00000121edc8a1a6 sp=0x0000000ab63fd500
Event: 17.505 Thread 0x00000121c5b64d30 DEOPT UNPACKING pc=0x00000121f4544242 sp=0x0000000ab63fc9f0 mode 0
Event: 17.513 Thread 0x00000121c5b64010 DEOPT PACKING pc=0x00000121ee2fbeaa sp=0x0000000ab64fe630
Event: 17.513 Thread 0x00000121c5b64010 DEOPT UNPACKING pc=0x00000121f4544242 sp=0x0000000ab64fdbb8 mode 0

Classes loaded (20 events):
Event: 14.787 Loading class java/util/stream/Nodes$IntFixedNodeBuilder
Event: 14.787 Loading class java/util/stream/Node$Builder$OfInt
Event: 14.787 Loading class java/util/stream/Sink$OfInt
Event: 14.788 Loading class java/util/stream/Sink$OfInt done
Event: 14.788 Loading class java/util/stream/Node$Builder$OfInt done
Event: 14.788 Loading class java/util/stream/Nodes$IntArrayNode
Event: 14.788 Loading class java/util/stream/Nodes$IntArrayNode done
Event: 14.788 Loading class java/util/stream/Nodes$IntFixedNodeBuilder done
Event: 14.789 Loading class java/util/stream/ReferencePipeline$4$1
Event: 14.790 Loading class java/util/stream/ReferencePipeline$4$1 done
Event: 14.791 Loading class java/util/concurrent/ConcurrentHashMap$KeySpliterator
Event: 14.791 Loading class java/util/concurrent/ConcurrentHashMap$KeySpliterator done
Event: 14.799 Loading class sun/nio/ch/ChannelOutputStream
Event: 14.800 Loading class sun/nio/ch/ChannelOutputStream done
Event: 15.826 Loading class java/util/stream/IntPipeline$Head
Event: 15.827 Loading class java/util/stream/IntPipeline$Head done
Event: 16.127 Loading class java/util/Collections$2
Event: 16.127 Loading class java/util/Collections$2 done
Event: 16.320 Loading class java/util/stream/Streams$RangeIntSpliterator
Event: 16.320 Loading class java/util/stream/Streams$RangeIntSpliterator done

Classes unloaded (8 events):
Event: 3.900 Thread 0x00000121e9e70f80 Unloading class 0x0000012181199400 'java/lang/invoke/LambdaForm$MH+0x0000012181199400'
Event: 3.900 Thread 0x00000121e9e70f80 Unloading class 0x0000012181199000 'java/lang/invoke/LambdaForm$MH+0x0000012181199000'
Event: 3.900 Thread 0x00000121e9e70f80 Unloading class 0x0000012181198c00 'java/lang/invoke/LambdaForm$MH+0x0000012181198c00'
Event: 3.900 Thread 0x00000121e9e70f80 Unloading class 0x0000012181198800 'java/lang/invoke/LambdaForm$MH+0x0000012181198800'
Event: 3.900 Thread 0x00000121e9e70f80 Unloading class 0x0000012181198400 'java/lang/invoke/LambdaForm$BMH+0x0000012181198400'
Event: 3.900 Thread 0x00000121e9e70f80 Unloading class 0x0000012181198000 'java/lang/invoke/LambdaForm$DMH+0x0000012181198000'
Event: 3.900 Thread 0x00000121e9e70f80 Unloading class 0x0000012181196c00 'java/lang/invoke/LambdaForm$DMH+0x0000012181196c00'
Event: 16.715 Thread 0x00000121e9e70f80 Unloading class 0x000001218166c400 'java/lang/invoke/LambdaForm$DMH+0x000001218166c400'

Classes redefined (0 events):
No events

Internal exceptions (20 events):
Event: 7.917 Thread 0x00000121c5b64d30 Exception <a 'sun/nio/fs/WindowsException'{0x00000000eb454bc0}> (0x00000000eb454bc0) 
thrown [s\src\hotspot\share\prims\jni.cpp, line 520]
Event: 7.922 Thread 0x00000121c67addd0 Exception <a 'sun/nio/fs/WindowsException'{0x00000000eb56a280}> (0x00000000eb56a280) 
thrown [s\src\hotspot\share\prims\jni.cpp, line 520]
Event: 7.923 Thread 0x00000121c67b1250 Exception <a 'sun/nio/fs/WindowsException'{0x00000000eb5864a0}> (0x00000000eb5864a0) 
thrown [s\src\hotspot\share\prims\jni.cpp, line 520]
Event: 7.924 Thread 0x00000121c67ad740 Exception <a 'sun/nio/fs/WindowsException'{0x00000000eb5a23e8}> (0x00000000eb5a23e8) 
thrown [s\src\hotspot\share\prims\jni.cpp, line 520]
Event: 7.929 Thread 0x00000121c67ad740 Exception <a 'sun/nio/fs/WindowsException'{0x00000000eb5a6068}> (0x00000000eb5a6068) 
thrown [s\src\hotspot\share\prims\jni.cpp, line 520]
Event: 7.931 Thread 0x00000121c67ad740 Exception <a 'sun/nio/fs/WindowsException'{0x00000000eb5a7598}> (0x00000000eb5a7598) 
thrown [s\src\hotspot\share\prims\jni.cpp, line 520]
Event: 7.935 Thread 0x00000121c67b18e0 Exception <a 'sun/nio/fs/WindowsException'{0x00000000eb635fb0}> (0x00000000eb635fb0) 
thrown [s\src\hotspot\share\prims\jni.cpp, line 520]
Event: 7.936 Thread 0x00000121c67b39b0 Exception <a 'sun/nio/fs/WindowsException'{0x00000000eb6291d0}> (0x00000000eb6291d0) 
thrown [s\src\hotspot\share\prims\jni.cpp, line 520]
Event: 8.138 Thread 0x00000121c5b64010 Implicit null exception at 0x00000121f4d4fa60 to 0x00000121f4d4fb74
Event: 8.256 Thread 0x00000121c5b61f40 Exception <a 'java/lang/NoClassDefFoundError'{0x00000000eb01e8d0}: com/google/inject/servlet/ServletModuleTargetVisitor> (0x00000000eb01e8d0) 
thrown [s\src\hotspot\share\classfile\systemDictionary.cpp, line 301]
Event: 10.622 Thread 0x00000121c67b2600 Exception <a 'java/lang/IncompatibleClassChangeError'{0x00000000eab04520}: Found class java.lang.Object, but interface was expected> (0x00000000eab04520) 
thrown [s\src\hotspot\share\interpreter\linkResolver.cpp, line 840]
Event: 12.381 Thread 0x00000121c5b64d30 Exception <a 'java/lang/NoSuchMethodError'{0x00000000eb1d5a90}: 'int java.lang.invoke.DirectMethodHandle$Holder.invokeSpecialIFC(java.lang.Object, java.lang.Object, java.lang.Object)'> (0x00000000eb1d5a90) 
thrown [s\src\hotspot\share\interpreter\linkResolver.cpp, line 773]
Event: 14.794 Thread 0x00000121c5b64d30 Exception <a 'java/lang/NoSuchMethodError'{0x00000000eb61e280}: 'java.lang.Object java.lang.invoke.DirectMethodHandle$Holder.newInvokeSpecial(java.lang.Object, java.lang.Object, int, int, java.lang.Object)'> (0x00000000eb61e280) 
thrown [s\src\hotspot\share\interpreter\linkResolver.cpp, line 773]
Event: 15.396 Thread 0x00000121c5b64010 Implicit null exception at 0x00000121f4f6cb80 to 0x00000121f4f77a84
Event: 15.497 Thread 0x00000121d0fa4420 Exception <a 'java/lang/NoSuchMethodError'{0x00000000eb186300}: 'void java.lang.invoke.DirectMethodHandle$Holder.invokeStatic(java.lang.Object, int, java.lang.Object)'> (0x00000000eb186300) 
thrown [s\src\hotspot\share\interpreter\linkResolver.cpp, line 773]
Event: 15.592 Thread 0x00000121c5b64d30 Exception <a 'sun/nio/fs/WindowsException'{0x00000000eb241280}> (0x00000000eb241280) 
thrown [s\src\hotspot\share\prims\jni.cpp, line 520]
Event: 15.592 Thread 0x00000121c5b64d30 Exception <a 'sun/nio/fs/WindowsException'{0x00000000eb2418b0}> (0x00000000eb2418b0) 
thrown [s\src\hotspot\share\prims\jni.cpp, line 520]
Event: 15.828 Thread 0x00000121c5b64d30 Exception <a 'java/lang/NoSuchMethodError'{0x00000000eabe3830}: 'void java.lang.invoke.DirectMethodHandle$Holder.invokeStatic(java.lang.Object, java.lang.Object, java.lang.Object, int)'> (0x00000000eabe3830) 
thrown [s\src\hotspot\share\interpreter\linkResolver.cpp, line 773]
Event: 15.846 Thread 0x00000121c5b64d30 Exception <a 'java/lang/NoSuchMethodError'{0x00000000ead8fdb8}: 'void java.lang.invoke.DirectMethodHandle$Holder.invokeVirtual(java.lang.Object, java.lang.Object, int)'> (0x00000000ead8fdb8) 
thrown [s\src\hotspot\share\interpreter\linkResolver.cpp, line 773]
Event: 15.991 Thread 0x00000121c5b64d30 Exception <a 'java/lang/NoSuchMethodError'{0x00000000eb517fd8}: 'void java.lang.invoke.DirectMethodHandle$Holder.invokeInterface(java.lang.Object, java.lang.Object)'> (0x00000000eb517fd8) 
thrown [s\src\hotspot\share\interpreter\linkResolver.cpp, line 773]

ZGC Phase Switch (0 events):
No events

VM Operations (20 events):
Event: 15.810 Executing VM operation: ParallelGCFailedAllocation (Allocation Failure)
Event: 15.815 Executing VM operation: ParallelGCFailedAllocation (Allocation Failure) done
Event: 16.012 Executing VM operation: ParallelGCFailedAllocation (Allocation Failure)
Event: 16.028 Executing VM operation: ParallelGCFailedAllocation (Allocation Failure) done
Event: 16.181 Executing VM operation: ParallelGCFailedAllocation (Allocation Failure)
Event: 16.189 Executing VM operation: ParallelGCFailedAllocation (Allocation Failure) done
Event: 16.209 Executing VM operation: HandshakeAllThreads (Deoptimize)
Event: 16.209 Executing VM operation: HandshakeAllThreads (Deoptimize) done
Event: 16.292 Executing VM operation: ParallelGCFailedAllocation (Allocation Failure)
Event: 16.300 Executing VM operation: ParallelGCFailedAllocation (Allocation Failure) done
Event: 16.364 Executing VM operation: ParallelGCFailedAllocation (Allocation Failure)
Event: 16.372 Executing VM operation: ParallelGCFailedAllocation (Allocation Failure) done
Event: 16.519 Executing VM operation: ParallelGCFailedAllocation (Allocation Failure)
Event: 16.522 Executing VM operation: ParallelGCFailedAllocation (Allocation Failure) done
Event: 16.539 Executing VM operation: HandshakeAllThreads (Deoptimize)
Event: 16.539 Executing VM operation: HandshakeAllThreads (Deoptimize) done
Event: 16.584 Executing VM operation: ParallelGCFailedAllocation (Allocation Failure)
Event: 16.589 Executing VM operation: ParallelGCFailedAllocation (Allocation Failure) done
Event: 16.687 Executing VM operation: ParallelGCFailedAllocation (Allocation Failure)
Event: 17.484 Executing VM operation: ParallelGCFailedAllocation (Allocation Failure) done

Memory protections (0 events):
No events

Nmethod flushes (20 events):
Event: 16.750 Thread 0x00000121e9e70f80 flushing  nmethod 0x00000121ed857b10
Event: 16.750 Thread 0x00000121e9e70f80 flushing  nmethod 0x00000121ed859b10
Event: 16.750 Thread 0x00000121e9e70f80 flushing  nmethod 0x00000121ed86a990
Event: 16.750 Thread 0x00000121e9e70f80 flushing  nmethod 0x00000121ed86d810
Event: 16.750 Thread 0x00000121e9e70f80 flushing  nmethod 0x00000121ed86e790
Event: 16.750 Thread 0x00000121e9e70f80 flushing  nmethod 0x00000121ed86f810
Event: 16.750 Thread 0x00000121e9e70f80 flushing  nmethod 0x00000121ed86fe10
Event: 16.750 Thread 0x00000121e9e70f80 flushing  nmethod 0x00000121ed870690
Event: 16.750 Thread 0x00000121e9e70f80 flushing  nmethod 0x00000121ed873f90
Event: 16.750 Thread 0x00000121e9e70f80 flushing  nmethod 0x00000121ed874e10
Event: 16.750 Thread 0x00000121e9e70f80 flushing  nmethod 0x00000121ed875590
Event: 16.750 Thread 0x00000121e9e70f80 flushing  nmethod 0x00000121ed877210
Event: 16.750 Thread 0x00000121e9e70f80 flushing  nmethod 0x00000121ed899710
Event: 16.750 Thread 0x00000121e9e70f80 flushing  nmethod 0x00000121ed8a8b10
Event: 16.750 Thread 0x00000121e9e70f80 flushing  nmethod 0x00000121ed8f7d10
Event: 16.750 Thread 0x00000121e9e70f80 flushing  nmethod 0x00000121ed91be10
Event: 16.750 Thread 0x00000121e9e70f80 flushing  nmethod 0x00000121ed91f710
Event: 16.750 Thread 0x00000121e9e70f80 flushing  nmethod 0x00000121ed921790
Event: 16.750 Thread 0x00000121e9e70f80 flushing  nmethod 0x00000121ed924190
Event: 16.750 Thread 0x00000121e9e70f80 flushing  nmethod 0x00000121ed92dc10

Events (20 events):
Event: 8.054 Thread 0x00000121c5b64d30 Thread added: 0x00000121d0f9f560
Event: 8.951 Thread 0x00000121c5e31fa0 Thread exited: 0x00000121c5e31fa0
Event: 12.881 Thread 0x00000121c5b64d30 Thread added: 0x00000121d0fa4420
Event: 14.167 Thread 0x00000121c76998a0 Thread exited: 0x00000121c76998a0
Event: 14.795 Thread 0x00000121c5b64d30 Thread added: 0x00000121d0fa1cc0
Event: 14.795 Thread 0x00000121c5b64d30 Thread added: 0x00000121d0fa5140
Event: 15.056 Thread 0x00000121c5b64d30 Thread added: 0x00000121d0fa0910
Event: 15.227 Thread 0x00000121c5b64d30 Thread added: 0x00000121d0fa1630
Event: 15.227 Thread 0x00000121c5b64d30 Thread added: 0x00000121d0fa57d0
Event: 15.228 Thread 0x00000121c5b64d30 Thread added: 0x00000121d0fa2350
Event: 16.040 Thread 0x00000121c5b64d30 Thread added: 0x00000121d0fa5e60
Event: 16.040 Thread 0x00000121c5b64d30 Thread added: 0x00000121d0f9eed0
Event: 16.041 Thread 0x00000121c5b64d30 Thread added: 0x00000121d0fa64f0
Event: 16.042 Thread 0x00000121c5b64d30 Thread added: 0x00000121d0fa3070
Event: 16.042 Thread 0x00000121c5b64d30 Thread added: 0x00000121c8f8b330
Event: 16.555 Thread 0x00000121d0f9eed0 Thread exited: 0x00000121d0f9eed0
Event: 16.555 Thread 0x00000121d0fa64f0 Thread exited: 0x00000121d0fa64f0
Event: 16.555 Thread 0x00000121d0fa5e60 Thread exited: 0x00000121d0fa5e60
Event: 16.556 Thread 0x00000121d0fa3070 Thread exited: 0x00000121d0fa3070
Event: 16.557 Thread 0x00000121c8f8b330 Thread exited: 0x00000121c8f8b330


Dynamic libraries:
0x00007ff694be0000 - 0x00007ff694bee000 	c:\Users\21658\.vscode\extensions\redhat.java-1.41.1-win32-x64\jre\21.0.6-win32-x86_64\bin\java.exe
0x00007ff89cf10000 - 0x00007ff89d127000 	C:\WINDOWS\SYSTEM32\ntdll.dll
0x00007ff89b850000 - 0x00007ff89b914000 	C:\WINDOWS\System32\KERNEL32.DLL
0x00007ff89a770000 - 0x00007ff89ab43000 	C:\WINDOWS\System32\KERNELBASE.dll
0x00007ff89a320000 - 0x00007ff89a431000 	C:\WINDOWS\System32\ucrtbase.dll
0x00007ff880eb0000 - 0x00007ff880ec8000 	c:\Users\21658\.vscode\extensions\redhat.java-1.41.1-win32-x64\jre\21.0.6-win32-x86_64\bin\jli.dll
0x00007ff87eb40000 - 0x00007ff87eb5e000 	c:\Users\21658\.vscode\extensions\redhat.java-1.41.1-win32-x64\jre\21.0.6-win32-x86_64\bin\VCRUNTIME140.dll
0x00007ff89abb0000 - 0x00007ff89ad61000 	C:\WINDOWS\System32\USER32.dll
0x00007ff89ab80000 - 0x00007ff89aba6000 	C:\WINDOWS\System32\win32u.dll
0x00007ff89b5c0000 - 0x00007ff89b5e9000 	C:\WINDOWS\System32\GDI32.dll
0x00007ff87cc80000 - 0x00007ff87cf18000 	C:\WINDOWS\WinSxS\amd64_microsoft.windows.common-controls_6595b64144ccf1df_6.0.22621.5124_none_270e8f4f7386d69d\COMCTL32.dll
0x00007ff89a180000 - 0x00007ff89a29b000 	C:\WINDOWS\System32\gdi32full.dll
0x00007ff89c380000 - 0x00007ff89c427000 	C:\WINDOWS\System32\msvcrt.dll
0x00007ff89a020000 - 0x00007ff89a0ba000 	C:\WINDOWS\System32\msvcp_win.dll
0x00007ff89b380000 - 0x00007ff89b3b1000 	C:\WINDOWS\System32\IMM32.DLL
0x00007ff896020000 - 0x00007ff89602c000 	c:\Users\21658\.vscode\extensions\redhat.java-1.41.1-win32-x64\jre\21.0.6-win32-x86_64\bin\vcruntime140_1.dll
0x00007ff838cd0000 - 0x00007ff838d5d000 	c:\Users\21658\.vscode\extensions\redhat.java-1.41.1-win32-x64\jre\21.0.6-win32-x86_64\bin\msvcp140.dll
0x00007ffff9af0000 - 0x00007ffffa880000 	c:\Users\21658\.vscode\extensions\redhat.java-1.41.1-win32-x64\jre\21.0.6-win32-x86_64\bin\server\jvm.dll
0x00007ff89c5c0000 - 0x00007ff89c671000 	C:\WINDOWS\System32\ADVAPI32.dll
0x00007ff89cc00000 - 0x00007ff89cca8000 	C:\WINDOWS\System32\sechost.dll
0x00007ff89ab50000 - 0x00007ff89ab78000 	C:\WINDOWS\System32\bcrypt.dll
0x00007ff89b3c0000 - 0x00007ff89b4d4000 	C:\WINDOWS\System32\RPCRT4.dll
0x00007ff89b250000 - 0x00007ff89b2c1000 	C:\WINDOWS\System32\WS2_32.dll
0x00007ff899ef0000 - 0x00007ff899f3d000 	C:\WINDOWS\SYSTEM32\POWRPROF.dll
0x00007ff893f10000 - 0x00007ff893f44000 	C:\WINDOWS\SYSTEM32\WINMM.dll
0x00007ff893c40000 - 0x00007ff893c4a000 	C:\WINDOWS\SYSTEM32\VERSION.dll
0x00007ff899ed0000 - 0x00007ff899ee3000 	C:\WINDOWS\SYSTEM32\UMPDC.dll
0x00007ff898ff0000 - 0x00007ff899008000 	C:\WINDOWS\SYSTEM32\kernel.appcore.dll
0x00007ff8944f0000 - 0x00007ff8944fa000 	c:\Users\21658\.vscode\extensions\redhat.java-1.41.1-win32-x64\jre\21.0.6-win32-x86_64\bin\jimage.dll
0x00007ff897a30000 - 0x00007ff897c62000 	C:\WINDOWS\SYSTEM32\DBGHELP.DLL
0x00007ff89add0000 - 0x00007ff89b162000 	C:\WINDOWS\System32\combase.dll
0x00007ff89b4e0000 - 0x00007ff89b5b7000 	C:\WINDOWS\System32\OLEAUT32.dll
0x00007ff8923a0000 - 0x00007ff8923d2000 	C:\WINDOWS\SYSTEM32\dbgcore.DLL
0x00007ff89a440000 - 0x00007ff89a4bb000 	C:\WINDOWS\System32\bcryptPrimitives.dll
0x00007ff893090000 - 0x00007ff89309f000 	c:\Users\21658\.vscode\extensions\redhat.java-1.41.1-win32-x64\jre\21.0.6-win32-x86_64\bin\instrument.dll
0x00007ff8607c0000 - 0x00007ff8607df000 	c:\Users\21658\.vscode\extensions\redhat.java-1.41.1-win32-x64\jre\21.0.6-win32-x86_64\bin\java.dll
0x00007ff89b920000 - 0x00007ff89c1b6000 	C:\WINDOWS\System32\SHELL32.dll
0x00007ff89a630000 - 0x00007ff89a76f000 	C:\WINDOWS\System32\wintypes.dll
0x00007ff897ed0000 - 0x00007ff8987ea000 	C:\WINDOWS\SYSTEM32\windows.storage.dll
0x00007ff89cdc0000 - 0x00007ff89ceca000 	C:\WINDOWS\System32\SHCORE.dll
0x00007ff89b170000 - 0x00007ff89b1d3000 	C:\WINDOWS\System32\shlwapi.dll
0x00007ff899f50000 - 0x00007ff899f7b000 	C:\WINDOWS\SYSTEM32\profapi.dll
0x00007ff85f590000 - 0x00007ff85f5a8000 	c:\Users\21658\.vscode\extensions\redhat.java-1.41.1-win32-x64\jre\21.0.6-win32-x86_64\bin\zip.dll
0x00007ff88ec00000 - 0x00007ff88ec10000 	C:\Users\21658\.vscode\extensions\redhat.java-1.41.1-win32-x64\jre\21.0.6-win32-x86_64\bin\net.dll
0x00007ff893d10000 - 0x00007ff893e3c000 	C:\WINDOWS\SYSTEM32\WINHTTP.dll
0x00007ff899460000 - 0x00007ff8994ca000 	C:\WINDOWS\system32\mswsock.dll
0x00007ff85c2b0000 - 0x00007ff85c2c6000 	C:\Users\21658\.vscode\extensions\redhat.java-1.41.1-win32-x64\jre\21.0.6-win32-x86_64\bin\nio.dll
0x00007ff88eaf0000 - 0x00007ff88eb00000 	c:\Users\21658\.vscode\extensions\redhat.java-1.41.1-win32-x64\jre\21.0.6-win32-x86_64\bin\verify.dll
0x00007ff85d430000 - 0x00007ff85d475000 	C:\Users\21658\AppData\Roaming\Code\User\globalStorage\redhat.java\1.41.1\config_win\org.eclipse.equinox.launcher\org.eclipse.equinox.launcher.win32.win32.x86_64_1.2.1300.v20250331-1702\eclipse_11911.dll
0x00007ff89b5f0000 - 0x00007ff89b791000 	C:\WINDOWS\System32\ole32.dll
0x00007ff899700000 - 0x00007ff89971b000 	C:\WINDOWS\SYSTEM32\CRYPTSP.dll
0x00007ff898f50000 - 0x00007ff898f87000 	C:\WINDOWS\system32\rsaenh.dll
0x00007ff899500000 - 0x00007ff899528000 	C:\WINDOWS\SYSTEM32\USERENV.dll
0x00007ff899660000 - 0x00007ff89966c000 	C:\WINDOWS\SYSTEM32\CRYPTBASE.dll
0x00007ff898a50000 - 0x00007ff898a7d000 	C:\WINDOWS\SYSTEM32\IPHLPAPI.DLL
0x00007ff89b2d0000 - 0x00007ff89b2d9000 	C:\WINDOWS\System32\NSI.dll
0x00007ff83a5e0000 - 0x00007ff83a629000 	C:\Users\21658\AppData\Local\Temp\jna-47689402\jna3080489021045828682.dll
0x00007ff89b7a0000 - 0x00007ff89b7a8000 	C:\WINDOWS\System32\PSAPI.DLL
0x00007ff893c00000 - 0x00007ff893c19000 	C:\WINDOWS\SYSTEM32\dhcpcsvc6.DLL
0x00007ff893b90000 - 0x00007ff893baf000 	C:\WINDOWS\SYSTEM32\dhcpcsvc.DLL

dbghelp: loaded successfully - version: 4.0.5 - missing functions: none
symbol engine: initialized successfully - sym options: 0x614 - pdb path: .;c:\Users\21658\.vscode\extensions\redhat.java-1.41.1-win32-x64\jre\21.0.6-win32-x86_64\bin;C:\WINDOWS\SYSTEM32;C:\WINDOWS\WinSxS\amd64_microsoft.windows.common-controls_6595b64144ccf1df_6.0.22621.5124_none_270e8f4f7386d69d;c:\Users\21658\.vscode\extensions\redhat.java-1.41.1-win32-x64\jre\21.0.6-win32-x86_64\bin\server;C:\Users\21658\AppData\Roaming\Code\User\globalStorage\redhat.java\1.41.1\config_win\org.eclipse.equinox.launcher\org.eclipse.equinox.launcher.win32.win32.x86_64_1.2.1300.v20250331-1702;C:\Users\21658\AppData\Local\Temp\jna-47689402

VM Arguments:
jvm_args: --add-modules=ALL-SYSTEM --add-opens=java.base/java.util=ALL-UNNAMED --add-opens=java.base/java.lang=ALL-UNNAMED --add-opens=java.base/sun.nio.fs=ALL-UNNAMED -Declipse.application=org.eclipse.jdt.ls.core.id1 -Dosgi.bundles.defaultStartLevel=4 -Declipse.product=org.eclipse.jdt.ls.core.product -Djava.import.generatesMetadataFilesAtProjectRoot=false -DDetectVMInstallationsJob.disabled=true -Dfile.encoding=utf8 -XX:+UseParallelGC -XX:GCTimeRatio=4 -XX:AdaptiveSizePolicyWeight=90 -Dsun.zip.disableMemoryMapping=true -Xmx1G -Xms100m -Xlog:disable -javaagent:c:\Users\21658\.vscode\extensions\redhat.java-1.41.1-win32-x64\lombok\lombok-1.18.36.jar -XX:+HeapDumpOnOutOfMemoryError -XX:HeapDumpPath=c:\Users\21658\AppData\Roaming\Code\User\workspaceStorage\d1496b096d0a1c07d90c78ab5ca7316e\redhat.java -Daether.dependencyCollector.impl=bf 
java_command: c:\Users\21658\.vscode\extensions\redhat.java-1.41.1-win32-x64\server\plugins\org.eclipse.equinox.launcher_1.7.0.v20250331-1702.jar -configuration c:\Users\21658\AppData\Roaming\Code\User\globalStorage\redhat.java\1.41.1\config_win -data c:\Users\21658\AppData\Roaming\Code\User\workspaceStorage\d1496b096d0a1c07d90c78ab5ca7316e\redhat.java\jdt_ws --pipe=\\.\pipe\lsp-dba766c17f7fcd36bf816702c6e83b70-sock
java_class_path (initial): c:\Users\21658\.vscode\extensions\redhat.java-1.41.1-win32-x64\server\plugins\org.eclipse.equinox.launcher_1.7.0.v20250331-1702.jar
Launcher Type: SUN_STANDARD

[Global flags]
    uintx AdaptiveSizePolicyWeight                 = 90                                        {product} {command line}
     intx CICompilerCount                          = 4                                         {product} {ergonomic}
    uintx GCTimeRatio                              = 4                                         {product} {command line}
     bool HeapDumpOnOutOfMemoryError               = true                                   {manageable} {command line}
    ccstr HeapDumpPath                             = c:\Users\21658\AppData\Roaming\Code\User\workspaceStorage\d1496b096d0a1c07d90c78ab5ca7316e\redhat.java         {manageable} {command line}
   size_t InitialHeapSize                          = 104857600                                 {product} {command line}
   size_t MaxHeapSize                              = 1073741824                                {product} {command line}
   size_t MaxNewSize                               = 357564416                                 {product} {ergonomic}
   size_t MinHeapDeltaBytes                        = 524288                                    {product} {ergonomic}
   size_t MinHeapSize                              = 104857600                                 {product} {command line}
   size_t NewSize                                  = 34603008                                  {product} {ergonomic}
    uintx NonNMethodCodeHeapSize                   = 5839372                                {pd product} {ergonomic}
    uintx NonProfiledCodeHeapSize                  = 122909434                              {pd product} {ergonomic}
   size_t OldSize                                  = 70254592                                  {product} {ergonomic}
    uintx ProfiledCodeHeapSize                     = 122909434                              {pd product} {ergonomic}
    uintx ReservedCodeCacheSize                    = 251658240                              {pd product} {ergonomic}
     bool SegmentedCodeCache                       = true                                      {product} {ergonomic}
   size_t SoftMaxHeapSize                          = 1073741824                             {manageable} {ergonomic}
     bool UseCompressedOops                        = true                           {product lp64_product} {ergonomic}
     bool UseLargePagesIndividualAllocation        = false                                  {pd product} {ergonomic}
     bool UseParallelGC                            = true                                      {product} {command line}

Logging:
Log output configuration:
 #0: stdout all=off uptime,level,tags foldmultilines=false
 #1: stderr all=off uptime,level,tags foldmultilines=false

Environment Variables:
JAVA_HOME=C:\Program Files\Java\jdk-17
PATH=C:\app\21658\product\23ai\dbhomeFree\bin;C:\Program Files (x86)\VMware\VMware Workstation\bin\;C:\Program Files\Common Files\Oracle\Java\javapath;C:\Python312\Scripts\;C:\Python312\;C:\windows\system32;C:\windows;C:\windows\System32\Wbem;C:\windows\System32\WindowsPowerShell\v1.0\;C:\windows\System32\OpenSSH\;C:\Program Files (x86)\NVIDIA Corporation\PhysX\Common;C:\Program Files\NVIDIA Corporation\NVIDIA NvDLISR;C:\WINDOWS\system32;C:\WINDOWS;C:\WINDOWS\System32\Wbem;C:\WINDOWS\System32\WindowsPowerShell\v1.0\;C:\WINDOWS\System32\OpenSSH\;C:\Program Files\HP\HP One Agent;C:\php-8.2;C:\composer;C:\Program Files\Git\cmd;C:\xampp\php;C:\symfony-7.0.2;C:\Program Files\nodejs\;C:\ProgramData\chocolatey\bin;C:\Program Files\nodejs;C:\Program Files\MongoDB\Server\6.0\bin;C:\Users\21658\AppData\Local\Programs\Python\Python39;;C:\Program Files\Docker\Docker\resources\bin;C:\Users\21658\AppData\Local\Programs\Python\Python38\Scripts\;C:\Users\21658\AppData\Local\Programs\Python\Python38\;C:\Users\21658\AppData\Local\Microsoft\WindowsApps;C:\Users\21658\AppData\Local\Programs\Microsoft VS Code\bin;C:\Users\21658\AppData\Roaming\Composer\vendor\bin;C:\symfony-7.0.2;C:\php-8.2;C:\Users\21658\AppData\Roaming\npm;C:\Program Files\MongoDB\Server\6.0\bin;C:\Program Files\Java\jdk-17\bin;C:\protoc\bin;C:\Users\21658\AppData\Local\Programs\Python\Python39;C:\Users\21658\AppData\Local\Programs\Python\Python39\Scripts;C:\Users\21658\AppData\Local\Programs\Python\Python39\Scripts;C:\Users\21658\anaconda3\Library\bin;C:\ProgramData\21658\GitHubDesktop\bin;C:\Users\21658\AppData\Local\GitHubDesktop\bin;C:\Program Files\Heroku\;C:\Program Files\heroku\bin;C:\apache-maven-3.9.9\bin;
USERNAME=21658
OS=Windows_NT
PROCESSOR_IDENTIFIER=Intel64 Family 6 Model 158 Stepping 10, GenuineIntel
TMP=C:\Users\21658\AppData\Local\Temp
TEMP=C:\Users\21658\AppData\Local\Temp




Periodic native trim disabled

---------------  S Y S T E M  ---------------

OS:
 Windows 11 , 64 bit Build 22621 (10.0.22621.5124)
OS uptime: 3 days 13:22 hours
Hyper-V role detected

CPU: total 8 (initial active 8) (4 cores per cpu, 2 threads per core) family 6 model 158 stepping 10 microcode 0xde, cx8, cmov, fxsr, ht, mmx, 3dnowpref, sse, sse2, sse3, ssse3, sse4.1, sse4.2, popcnt, lzcnt, tsc, tscinvbit, avx, avx2, aes, erms, clmul, bmi1, bmi2, adx, fma, vzeroupper, clflush, clflushopt, hv, rdtscp, f16c
Processor Information for the first 8 processors :
  Max Mhz: 2400, Current Mhz: 2400, Mhz Limit: 2400

Memory: 4k page, system-wide physical 8033M (381M free)
TotalPageFile size 32609M (AvailPageFile size 1M)
current process WorkingSet (physical memory assigned to process): 320M, peak: 323M
current process commit charge ("private bytes"): 341M, peak: 936M

vm_info: OpenJDK 64-Bit Server VM (21.0.6+7-LTS) for windows-amd64 JRE (21.0.6+7-LTS), built on 2025-01-21T00:00:00Z by "admin" with MS VC++ 17.7 (VS2022)

END.
