#
# There is insufficient memory for the Java Runtime Environment to continue.
# Native memory allocation (malloc) failed to allocate 1710736 bytes for Chunk::new
# Possible reasons:
#   The system is out of physical RAM or swap space
#   The process is running with CompressedOops enabled, and the Java Heap may be blocking the growth of the native heap
# Possible solutions:
#   Reduce memory load on the system
#   Increase physical memory or swap space
#   Check if swap backing store is full
#   Decrease Java heap size (-Xmx/-Xms)
#   Decrease number of Java threads
#   Decrease Java thread stack sizes (-Xss)
#   Set larger code cache with -XX:ReservedCodeCacheSize=
#   JVM is running with Unscaled Compressed Oops mode in which the Java heap is
#     placed in the first 4GB address space. The Java Heap base address is the
#     maximum limit for the native heap growth. Please use -XX:HeapBaseMinAddress
#     to set the Java Heap base and to place the Java Heap above 4GB virtual address.
# This output file may be truncated or incomplete.
#
#  Out of Memory Error (arena.cpp:189), pid=17680, tid=33548
#
# JRE version: Java(TM) SE Runtime Environment (17.0.12+8) (build 17.0.12+8-LTS-286)
# Java VM: Java HotSpot(TM) 64-Bit Server VM (17.0.12+8-LTS-286, mixed mode, sharing, tiered, compressed oops, compressed class ptrs, g1 gc, windows-amd64)
# No core dump will be written. Minidumps are not enabled by default on client versions of Windows
#

---------------  S U M M A R Y ------------

Command Line: -Dclassworlds.conf=C:\apache-maven-3.9.9\bin\m2.conf -Dmaven.home=C:\apache-maven-3.9.9 -Dlibrary.jansi.path=C:\apache-maven-3.9.9\lib\jansi-native -Dmaven.multiModuleProjectDirectory=C:\Users\21658\Desktop\EduschoolJava org.codehaus.plexus.classworlds.launcher.Launcher -X javafx:run

Host: Intel(R) Core(TM) i5-9300H CPU @ 2.40GHz, 8 cores, 7G,  Windows 11 , 64 bit Build 22621 (10.0.22621.5124)
Time: Mon Apr 14 19:40:18 2025 Afr. centrale Ouest elapsed time: 8.246235 seconds (0d 0h 0m 8s)

---------------  T H R E A D  ---------------

Current thread (0x000001987f561eb0):  JavaThread "C2 CompilerThread1" daemon [_thread_in_native, id=33548, stack(0x000000017b600000,0x000000017b700000)]


Current CompileTask:
C2:   8246 5906   !   4       jdk.internal.loader.BuiltinClassLoader::loadClassOrNull (143 bytes)

Stack: [0x000000017b600000,0x000000017b700000]
Native frames: (J=compiled Java code, j=interpreted, Vv=VM code, C=native code)
V  [jvm.dll+0x67a04a]
V  [jvm.dll+0x7da4ed]
V  [jvm.dll+0x7dbe33]
V  [jvm.dll+0x7dc4a3]
V  [jvm.dll+0x24508f]
V  [jvm.dll+0xab773]
V  [jvm.dll+0xabd3c]
V  [jvm.dll+0x361b9f]
V  [jvm.dll+0x32c431]
V  [jvm.dll+0x32b8ca]
V  [jvm.dll+0x21683f]
V  [jvm.dll+0x215c6f]
V  [jvm.dll+0x1a2960]
V  [jvm.dll+0x22610b]
V  [jvm.dll+0x2242ab]
V  [jvm.dll+0x79075c]
V  [jvm.dll+0x78abea]
V  [jvm.dll+0x678f35]
C  [ucrtbase.dll+0x29333]
C  [KERNEL32.DLL+0x1259d]
C  [ntdll.dll+0x5af38]


---------------  P R O C E S S  ---------------

Threads class SMR info:
_java_thread_list=0x0000019849c2bf90, length=15, elements={
0x0000019862bc8710, 0x000001987ec6c0f0, 0x000001987ec6cf70, 0x000001987ec82b20,
0x000001987ec854f0, 0x000001987ec85eb0, 0x000001987ec86870, 0x000001987ec87610,
0x000001987ec920e0, 0x000001987ecbe030, 0x000001987ef0f740, 0x000001987ef18060,
0x00000198476e0ac0, 0x000001987f561eb0, 0x00000198478a7070
}

Java Threads: ( => current thread )
  0x0000019862bc8710 JavaThread "main" [_thread_in_Java, id=23228, stack(0x000000017a300000,0x000000017a400000)]
  0x000001987ec6c0f0 JavaThread "Reference Handler" daemon [_thread_blocked, id=29336, stack(0x000000017aa00000,0x000000017ab00000)]
  0x000001987ec6cf70 JavaThread "Finalizer" daemon [_thread_blocked, id=29972, stack(0x000000017ab00000,0x000000017ac00000)]
  0x000001987ec82b20 JavaThread "Signal Dispatcher" daemon [_thread_blocked, id=33496, stack(0x000000017ac00000,0x000000017ad00000)]
  0x000001987ec854f0 JavaThread "Attach Listener" daemon [_thread_blocked, id=10472, stack(0x000000017ad00000,0x000000017ae00000)]
  0x000001987ec85eb0 JavaThread "Service Thread" daemon [_thread_blocked, id=8008, stack(0x000000017ae00000,0x000000017af00000)]
  0x000001987ec86870 JavaThread "Monitor Deflation Thread" daemon [_thread_blocked, id=36412, stack(0x000000017af00000,0x000000017b000000)]
  0x000001987ec87610 JavaThread "C2 CompilerThread0" daemon [_thread_in_native, id=35320, stack(0x000000017b000000,0x000000017b100000)]
  0x000001987ec920e0 JavaThread "C1 CompilerThread0" daemon [_thread_in_native, id=16832, stack(0x000000017b100000,0x000000017b200000)]
  0x000001987ecbe030 JavaThread "Sweeper thread" daemon [_thread_blocked, id=22784, stack(0x000000017b200000,0x000000017b300000)]
  0x000001987ef0f740 JavaThread "Notification Thread" daemon [_thread_blocked, id=20696, stack(0x000000017b300000,0x000000017b400000)]
  0x000001987ef18060 JavaThread "Common-Cleaner" daemon [_thread_blocked, id=21924, stack(0x000000017b500000,0x000000017b600000)]
  0x00000198476e0ac0 JavaThread "Thread-1" daemon [_thread_blocked, id=26764, stack(0x000000017b700000,0x000000017b800000)]
=>0x000001987f561eb0 JavaThread "C2 CompilerThread1" daemon [_thread_in_native, id=33548, stack(0x000000017b600000,0x000000017b700000)]
  0x00000198478a7070 JavaThread "C2 CompilerThread2" daemon [_thread_new, id=36536, stack(0x0000000000000000,0x0000000000000000)]

Other Threads:
  0x000001987ec684f0 VMThread "VM Thread" [stack: 0x000000017a900000,0x000000017aa00000] [id=25356]
  0x0000019862c3b160 WatcherThread [stack: 0x000000017b400000,0x000000017b500000] [id=35224]
  0x0000019862c21cf0 GCTaskThread "GC Thread#0" [stack: 0x000000017a400000,0x000000017a500000] [id=29472]
  0x00000198471506d0 GCTaskThread "GC Thread#1" [stack: 0x000000017b800000,0x000000017b900000] [id=24512]
  0x0000019847c570a0 GCTaskThread "GC Thread#2" [stack: 0x000000017b900000,0x000000017ba00000] [id=27612]
  0x000001984752fd70 GCTaskThread "GC Thread#3" [stack: 0x000000017ba00000,0x000000017bb00000] [id=11072]
  0x00000198472f5710 GCTaskThread "GC Thread#4" [stack: 0x000000017bb00000,0x000000017bc00000] [id=36496]
  0x00000198472f59d0 GCTaskThread "GC Thread#5" [stack: 0x000000017bc00000,0x000000017bd00000] [id=7340]
  0x00000198473fc8d0 GCTaskThread "GC Thread#6" [stack: 0x000000017bd00000,0x000000017be00000] [id=17844]
  0x00000198478f6fd0 GCTaskThread "GC Thread#7" [stack: 0x000000017be00000,0x000000017bf00000] [id=9896]
  0x0000019862c32780 ConcurrentGCThread "G1 Main Marker" [stack: 0x000000017a500000,0x000000017a600000] [id=36080]
  0x0000019862c33190 ConcurrentGCThread "G1 Conc#0" [stack: 0x000000017a600000,0x000000017a700000] [id=32380]
  0x0000019847f74460 ConcurrentGCThread "G1 Conc#1" [stack: 0x000000017c000000,0x000000017c100000] [id=18204]
  0x0000019862c8e750 ConcurrentGCThread "G1 Refine#0" [stack: 0x000000017a700000,0x000000017a800000] [id=34456]
  0x0000019847f7db60 ConcurrentGCThread "G1 Refine#1" [stack: 0x000000017c100000,0x000000017c200000] [id=20564]
  0x000001984860bc00 ConcurrentGCThread "G1 Refine#2" [stack: 0x000000017c200000,0x000000017c300000] [id=33408]
  0x000001987eb24330 ConcurrentGCThread "G1 Service" [stack: 0x000000017a800000,0x000000017a900000] [id=21972]

Threads with active compile tasks:
C2 CompilerThread0     8294 5914       4       java.lang.invoke.MethodType::makeImpl (109 bytes)
C2 CompilerThread1     8294 5906   !   4       jdk.internal.loader.BuiltinClassLoader::loadClassOrNull (143 bytes)

VM state: not at safepoint (normal execution)

VM Mutex/Monitor currently owned by a thread:  ([mutex/lock_event])
[0x0000019862bc28d0] Compile_lock - owner thread: 0x0000019862bc8710

Heap address: 0x0000000082600000, size: 2010 MB, Compressed Oops mode: 32-bit

CDS archive(s) mapped at: [0x0000019802000000-0x0000019802bd0000-0x0000019802bd0000), size 12386304, SharedBaseAddress: 0x0000019802000000, ArchiveRelocationMode: 1.
Compressed class space mapped at: 0x0000019803000000-0x0000019843000000, reserved size: 1073741824
Narrow klass base: 0x0000019802000000, Narrow klass shift: 0, Narrow klass range: 0x100000000

GC Precious Log:
 CPUs: 8 total, 8 available
 Memory: 8033M
 Large Page Support: Disabled
 NUMA Support: Disabled
 Compressed Oops: Enabled (32-bit)
 Heap Region Size: 1M
 Heap Min Capacity: 8M
 Heap Initial Capacity: 126M
 Heap Max Capacity: 2010M
 Pre-touch: Disabled
 Parallel Workers: 8
 Concurrent Workers: 2
 Concurrent Refinement Workers: 8
 Periodic GC: Disabled

Heap:
 garbage-first heap   total 52224K, used 36262K [0x0000000082600000, 0x0000000100000000)
  region size 1024K, 12 young (12288K), 2 survivors (2048K)
 Metaspace       used 27191K, committed 27456K, reserved 1114112K
  class space    used 3169K, committed 3328K, reserved 1048576K

Heap Regions: E=young(eden), S=young(survivor), O=old, HS=humongous(starts), HC=humongous(continues), CS=collection set, F=free, OA=open archive, CA=closed archive, TAMS=top-at-mark-start (previous, next)
|   0|0x0000000082600000, 0x0000000082700000, 0x0000000082700000|100%| O|  |TAMS 0x0000000082700000, 0x0000000082600000| Untracked 
|   1|0x0000000082700000, 0x0000000082800000, 0x0000000082800000|100%| O|  |TAMS 0x0000000082800000, 0x0000000082700000| Untracked 
|   2|0x0000000082800000, 0x0000000082900000, 0x0000000082900000|100%| O|  |TAMS 0x0000000082900000, 0x0000000082800000| Untracked 
|   3|0x0000000082900000, 0x0000000082a00000, 0x0000000082a00000|100%| O|  |TAMS 0x000000008298d200, 0x0000000082900000| Untracked 
|   4|0x0000000082a00000, 0x0000000082b00000, 0x0000000082b00000|100%| O|  |TAMS 0x0000000082a00000, 0x0000000082a00000| Untracked 
|   5|0x0000000082b00000, 0x0000000082c00000, 0x0000000082c00000|100%| O|  |TAMS 0x0000000082b00000, 0x0000000082b00000| Untracked 
|   6|0x0000000082c00000, 0x0000000082d00000, 0x0000000082d00000|100%| O|  |TAMS 0x0000000082c00000, 0x0000000082c00000| Untracked 
|   7|0x0000000082d00000, 0x0000000082e00000, 0x0000000082e00000|100%| O|  |TAMS 0x0000000082d00000, 0x0000000082d00000| Untracked 
|   8|0x0000000082e00000, 0x0000000082f00000, 0x0000000082f00000|100%| O|  |TAMS 0x0000000082e00000, 0x0000000082e00000| Untracked 
|   9|0x0000000082f00000, 0x0000000083000000, 0x0000000083000000|100%| O|  |TAMS 0x0000000082f00000, 0x0000000082f00000| Untracked 
|  10|0x0000000083000000, 0x0000000083100000, 0x0000000083100000|100%|HS|  |TAMS 0x0000000083000000, 0x0000000083000000| Complete 
|  11|0x0000000083100000, 0x0000000083200000, 0x0000000083200000|100%|HS|  |TAMS 0x0000000083100000, 0x0000000083100000| Complete 
|  12|0x0000000083200000, 0x0000000083300000, 0x0000000083300000|100%|HS|  |TAMS 0x0000000083200000, 0x0000000083200000| Complete 
|  13|0x0000000083300000, 0x0000000083400000, 0x0000000083400000|100%| O|  |TAMS 0x0000000083300000, 0x0000000083300000| Untracked 
|  14|0x0000000083400000, 0x0000000083500000, 0x0000000083500000|100%| O|  |TAMS 0x0000000083400000, 0x0000000083400000| Untracked 
|  15|0x0000000083500000, 0x0000000083600000, 0x0000000083600000|100%| O|  |TAMS 0x0000000083500000, 0x0000000083500000| Untracked 
|  16|0x0000000083600000, 0x0000000083669800, 0x0000000083700000| 41%| O|  |TAMS 0x0000000083600000, 0x0000000083600000| Untracked 
|  17|0x0000000083700000, 0x0000000083700000, 0x0000000083800000|  0%| F|  |TAMS 0x0000000083700000, 0x0000000083700000| Untracked 
|  18|0x0000000083800000, 0x0000000083800000, 0x0000000083900000|  0%| F|  |TAMS 0x0000000083800000, 0x0000000083800000| Untracked 
|  19|0x0000000083900000, 0x0000000083a00000, 0x0000000083a00000|100%| O|  |TAMS 0x0000000083900000, 0x0000000083900000| Untracked 
|  20|0x0000000083a00000, 0x0000000083b00000, 0x0000000083b00000|100%| O|  |TAMS 0x0000000083a00000, 0x0000000083a00000| Untracked 
|  21|0x0000000083b00000, 0x0000000083c00000, 0x0000000083c00000|100%| O|  |TAMS 0x0000000083b00000, 0x0000000083b00000| Untracked 
|  22|0x0000000083c00000, 0x0000000083d00000, 0x0000000083d00000|100%| O|  |TAMS 0x0000000083c00000, 0x0000000083c00000| Untracked 
|  23|0x0000000083d00000, 0x0000000083d00000, 0x0000000083e00000|  0%| F|  |TAMS 0x0000000083d00000, 0x0000000083d00000| Untracked 
|  24|0x0000000083e00000, 0x0000000083e00000, 0x0000000083f00000|  0%| F|  |TAMS 0x0000000083e00000, 0x0000000083e00000| Untracked 
|  25|0x0000000083f00000, 0x0000000083f00000, 0x0000000084000000|  0%| F|  |TAMS 0x0000000083f00000, 0x0000000083f00000| Untracked 
|  26|0x0000000084000000, 0x0000000084000000, 0x0000000084100000|  0%| F|  |TAMS 0x0000000084000000, 0x0000000084000000| Untracked 
|  27|0x0000000084100000, 0x0000000084100000, 0x0000000084200000|  0%| F|  |TAMS 0x0000000084100000, 0x0000000084100000| Untracked 
|  28|0x0000000084200000, 0x0000000084200000, 0x0000000084300000|  0%| F|  |TAMS 0x0000000084200000, 0x0000000084200000| Untracked 
|  29|0x0000000084300000, 0x0000000084400000, 0x0000000084400000|100%| S|CS|TAMS 0x0000000084300000, 0x0000000084300000| Complete 
|  30|0x0000000084400000, 0x0000000084500000, 0x0000000084500000|100%| S|CS|TAMS 0x0000000084400000, 0x0000000084400000| Complete 
|  31|0x0000000084500000, 0x0000000084500000, 0x0000000084600000|  0%| F|  |TAMS 0x0000000084500000, 0x0000000084500000| Untracked 
|  32|0x0000000084600000, 0x0000000084600000, 0x0000000084700000|  0%| F|  |TAMS 0x0000000084600000, 0x0000000084600000| Untracked 
|  33|0x0000000084700000, 0x0000000084700000, 0x0000000084800000|  0%| F|  |TAMS 0x0000000084700000, 0x0000000084700000| Untracked 
|  34|0x0000000084800000, 0x0000000084800000, 0x0000000084900000|  0%| F|  |TAMS 0x0000000084800000, 0x0000000084800000| Untracked 
|  35|0x0000000084900000, 0x0000000084900000, 0x0000000084a00000|  0%| F|  |TAMS 0x0000000084900000, 0x0000000084900000| Untracked 
|  36|0x0000000084a00000, 0x0000000084a00000, 0x0000000084b00000|  0%| F|  |TAMS 0x0000000084a00000, 0x0000000084a00000| Untracked 
|  37|0x0000000084b00000, 0x0000000084b3d2e8, 0x0000000084c00000| 23%| E|  |TAMS 0x0000000084b00000, 0x0000000084b00000| Complete 
|  38|0x0000000084c00000, 0x0000000084d00000, 0x0000000084d00000|100%| E|CS|TAMS 0x0000000084c00000, 0x0000000084c00000| Complete 
|  39|0x0000000084d00000, 0x0000000084e00000, 0x0000000084e00000|100%| E|CS|TAMS 0x0000000084d00000, 0x0000000084d00000| Complete 
|  40|0x0000000084e00000, 0x0000000084f00000, 0x0000000084f00000|100%| E|CS|TAMS 0x0000000084e00000, 0x0000000084e00000| Complete 
|  41|0x0000000084f00000, 0x0000000085000000, 0x0000000085000000|100%| E|CS|TAMS 0x0000000084f00000, 0x0000000084f00000| Complete 
|  42|0x0000000085000000, 0x0000000085100000, 0x0000000085100000|100%| E|CS|TAMS 0x0000000085000000, 0x0000000085000000| Complete 
|  43|0x0000000085100000, 0x0000000085200000, 0x0000000085200000|100%| E|CS|TAMS 0x0000000085100000, 0x0000000085100000| Complete 
| 101|0x0000000088b00000, 0x0000000088c00000, 0x0000000088c00000|100%| E|CS|TAMS 0x0000000088b00000, 0x0000000088b00000| Complete 
| 102|0x0000000088c00000, 0x0000000088d00000, 0x0000000088d00000|100%| E|CS|TAMS 0x0000000088c00000, 0x0000000088c00000| Complete 
| 125|0x000000008a300000, 0x000000008a400000, 0x000000008a400000|100%| E|CS|TAMS 0x000000008a300000, 0x000000008a300000| Complete 
|2006|0x00000000ffc00000, 0x00000000ffd00000, 0x00000000ffd00000|100%| O|  |TAMS 0x00000000ffc00000, 0x00000000ffc00000| Untracked 
|2007|0x00000000ffd00000, 0x00000000ffe00000, 0x00000000ffe00000|100%| O|  |TAMS 0x00000000ffd00000, 0x00000000ffd00000| Untracked 
|2008|0x00000000ffe00000, 0x00000000fff00000, 0x00000000fff00000|100%| O|  |TAMS 0x00000000ffe00000, 0x00000000ffe00000| Untracked 
|2009|0x00000000fff00000, 0x0000000100000000, 0x0000000100000000|100%| O|  |TAMS 0x00000000fff00000, 0x00000000fff00000| Untracked 

Card table byte_map: [0x0000019879bb0000,0x0000019879fa0000] _byte_map_base: 0x000001987979d000

Marking Bits (Prev, Next): (CMBitMap*) 0x0000019862c22350, (CMBitMap*) 0x0000019862c22310
 Prev Bits: [0x000001987c300000, 0x000001987e268000)
 Next Bits: [0x000001987a390000, 0x000001987c2f8000)

Polling page: 0x0000019862390000

Metaspace:

Usage:
  Non-class:     23.46 MB used.
      Class:      3.10 MB used.
       Both:     26.55 MB used.

Virtual space:
  Non-class space:       64.00 MB reserved,      23.56 MB ( 37%) committed,  1 nodes.
      Class space:        1.00 GB reserved,       3.25 MB ( <1%) committed,  1 nodes.
             Both:        1.06 GB reserved,      26.81 MB (  2%) committed. 

Chunk freelists:
   Non-Class:  7.94 MB
       Class:  12.73 MB
        Both:  20.67 MB

MaxMetaspaceSize: unlimited
CompressedClassSpaceSize: 1.00 GB
Initial GC threshold: 21.00 MB
Current GC threshold: 35.44 MB
CDS: on
MetaspaceReclaimPolicy: balanced
 - commit_granule_bytes: 65536.
 - commit_granule_words: 8192.
 - virtual_space_node_default_size: 8388608.
 - enlarge_chunks_in_place: 1.
 - new_chunks_are_fully_committed: 0.
 - uncommit_free_chunks: 1.
 - use_allocation_guard: 0.
 - handle_deallocations: 1.


Internal statistics:

num_allocs_failed_limit: 3.
num_arena_births: 170.
num_arena_deaths: 0.
num_vsnodes_births: 2.
num_vsnodes_deaths: 0.
num_space_committed: 429.
num_space_uncommitted: 0.
num_chunks_returned_to_freelist: 3.
num_chunks_taken_from_freelist: 1130.
num_chunk_merges: 0.
num_chunk_splits: 800.
num_chunks_enlarged: 652.
num_inconsistent_stats: 0.

CodeHeap 'non-profiled nmethods': size=120000Kb used=2675Kb max_used=3139Kb free=117324Kb
 bounds [0x0000019871f50000, 0x0000019872270000, 0x0000019879480000]
CodeHeap 'profiled nmethods': size=120000Kb used=10462Kb max_used=12440Kb free=109538Kb
 bounds [0x000001986a480000, 0x000001986b0b0000, 0x00000198719b0000]
CodeHeap 'non-nmethods': size=5760Kb used=1207Kb max_used=1288Kb free=4552Kb
 bounds [0x00000198719b0000, 0x0000019871c20000, 0x0000019871f50000]
 total_blobs=5652 nmethods=5143 adapters=421
 compilation: enabled
              stopped_count=0, restarted_count=0
 full_count=0

Compilation events (20 events):
Event: 7.666 Thread 0x000001987ec920e0 5941       3       com.sun.tools.javac.code.Types$ImplementationCache::get (159 bytes)
Event: 7.668 Thread 0x000001987ec920e0 nmethod 5941 0x000001986a761010 code [0x000001986a7612e0, 0x000001986a762748]
Event: 7.668 Thread 0x000001987ec920e0 5939       3       com.sun.tools.javac.code.Types$4::visitClassType (10 bytes)
Event: 7.668 Thread 0x000001987ec920e0 nmethod 5939 0x000001986a61a610 code [0x000001986a61a7c0, 0x000001986a61aa08]
Event: 7.668 Thread 0x000001987ec920e0 5940       3       com.sun.tools.javac.code.Types$4::visitClassType (99 bytes)
Event: 7.669 Thread 0x000001987ec920e0 nmethod 5940 0x000001986a9c5990 code [0x000001986a9c5c40, 0x000001986a9c6a98]
Event: 7.669 Thread 0x000001987ec920e0 5942       3       com.sun.tools.javac.comp.Check::checkType (168 bytes)
Event: 7.671 Thread 0x000001987ec920e0 nmethod 5942 0x000001986ae3c890 code [0x000001986ae3cc60, 0x000001986ae3e858]
Event: 7.671 Thread 0x000001987ec920e0 5943       3       com.sun.tools.javac.comp.Resolve::rawInstantiate (508 bytes)
Event: 7.691 Thread 0x000001987ec920e0 nmethod 5943 0x000001986a4c0a10 code [0x000001986a4c0f00, 0x000001986a4c4348]
Event: 7.692 Thread 0x000001987ec920e0 5948       3       com.sun.tools.javac.code.Symbol::isDeprecated (19 bytes)
Event: 7.692 Thread 0x000001987ec920e0 nmethod 5948 0x000001986a5e6910 code [0x000001986a5e6aa0, 0x000001986a5e6c18]
Event: 7.692 Thread 0x000001987ec920e0 5945       3       com.sun.tools.javac.util.Names::fromUtf (9 bytes)
Event: 7.692 Thread 0x000001987ec920e0 nmethod 5945 0x000001986a4bb290 code [0x000001986a4bb440, 0x000001986a4bb688]
Event: 7.692 Thread 0x000001987ec920e0 5946       3       com.sun.tools.javac.util.Name$Table::fromUtf (9 bytes)
Event: 7.692 Thread 0x000001987ec920e0 nmethod 5946 0x000001986a74be90 code [0x000001986a74c040, 0x000001986a74c188]
Event: 7.692 Thread 0x000001987ec920e0 5944       3       com.sun.tools.javac.comp.Resolve$MethodResolutionContext::deferredAttrContext (62 bytes)
Event: 7.693 Thread 0x000001987ec920e0 nmethod 5944 0x000001986a50e710 code [0x000001986a50e900, 0x000001986a50edc8]
Event: 7.693 Thread 0x000001987ec920e0 5947       3       com.sun.tools.javac.code.Type$DelegatedType::getParameterTypes (8 bytes)
Event: 7.742 Thread 0x000001987ec920e0 nmethod 5947 0x000001986a67da10 code [0x000001986a67dbc0, 0x000001986a67dd88]

GC Heap History (14 events):
Event: 0.679 GC heap before
{Heap before GC invocations=0 (full 0):
 garbage-first heap   total 129024K, used 22528K [0x0000000082600000, 0x0000000100000000)
  region size 1024K, 23 young (23552K), 0 survivors (0K)
 Metaspace       used 5515K, committed 5696K, reserved 1114112K
  class space    used 672K, committed 768K, reserved 1048576K
}
Event: 0.685 GC heap after
{Heap after GC invocations=1 (full 0):
 garbage-first heap   total 129024K, used 3664K [0x0000000082600000, 0x0000000100000000)
  region size 1024K, 3 young (3072K), 3 survivors (3072K)
 Metaspace       used 5515K, committed 5696K, reserved 1114112K
  class space    used 672K, committed 768K, reserved 1048576K
}
Event: 1.412 GC heap before
{Heap before GC invocations=1 (full 0):
 garbage-first heap   total 129024K, used 35408K [0x0000000082600000, 0x0000000100000000)
  region size 1024K, 34 young (34816K), 3 survivors (3072K)
 Metaspace       used 10198K, committed 10368K, reserved 1114112K
  class space    used 1252K, committed 1344K, reserved 1048576K
}
Event: 1.419 GC heap after
{Heap after GC invocations=2 (full 0):
 garbage-first heap   total 129024K, used 5661K [0x0000000082600000, 0x0000000100000000)
  region size 1024K, 2 young (2048K), 2 survivors (2048K)
 Metaspace       used 10198K, committed 10368K, reserved 1114112K
  class space    used 1252K, committed 1344K, reserved 1048576K
}
Event: 3.543 GC heap before
{Heap before GC invocations=2 (full 0):
 garbage-first heap   total 129024K, used 80413K [0x0000000082600000, 0x0000000100000000)
  region size 1024K, 75 young (76800K), 2 survivors (2048K)
 Metaspace       used 16801K, committed 17088K, reserved 1114112K
  class space    used 2000K, committed 2112K, reserved 1048576K
}
Event: 3.555 GC heap after
{Heap after GC invocations=3 (full 0):
 garbage-first heap   total 129024K, used 10804K [0x0000000082600000, 0x0000000100000000)
  region size 1024K, 7 young (7168K), 7 survivors (7168K)
 Metaspace       used 16801K, committed 17088K, reserved 1114112K
  class space    used 2000K, committed 2112K, reserved 1048576K
}
Event: 4.286 GC heap before
{Heap before GC invocations=3 (full 0):
 garbage-first heap   total 129024K, used 33332K [0x0000000082600000, 0x0000000100000000)
  region size 1024K, 30 young (30720K), 7 survivors (7168K)
 Metaspace       used 21283K, committed 21504K, reserved 1114112K
  class space    used 2557K, committed 2688K, reserved 1048576K
}
Event: 4.298 GC heap after
{Heap after GC invocations=4 (full 0):
 garbage-first heap   total 129024K, used 12503K [0x0000000082600000, 0x0000000100000000)
  region size 1024K, 2 young (2048K), 2 survivors (2048K)
 Metaspace       used 21283K, committed 21504K, reserved 1114112K
  class space    used 2557K, committed 2688K, reserved 1048576K
}
Event: 4.989 GC heap before
{Heap before GC invocations=5 (full 0):
 garbage-first heap   total 48128K, used 40151K [0x0000000082600000, 0x0000000100000000)
  region size 1024K, 28 young (28672K), 2 survivors (2048K)
 Metaspace       used 25360K, committed 25664K, reserved 1114112K
  class space    used 2985K, committed 3136K, reserved 1048576K
}
Event: 5.006 GC heap after
{Heap after GC invocations=6 (full 0):
 garbage-first heap   total 52224K, used 22225K [0x0000000082600000, 0x0000000100000000)
  region size 1024K, 4 young (4096K), 4 survivors (4096K)
 Metaspace       used 25360K, committed 25664K, reserved 1114112K
  class space    used 2985K, committed 3136K, reserved 1048576K
}
Event: 5.010 GC heap before
{Heap before GC invocations=6 (full 0):
 garbage-first heap   total 52224K, used 23249K [0x0000000082600000, 0x0000000100000000)
  region size 1024K, 5 young (5120K), 4 survivors (4096K)
 Metaspace       used 25360K, committed 25664K, reserved 1114112K
  class space    used 2985K, committed 3136K, reserved 1048576K
}
Event: 5.016 GC heap after
{Heap after GC invocations=7 (full 0):
 garbage-first heap   total 52224K, used 23151K [0x0000000082600000, 0x0000000100000000)
  region size 1024K, 1 young (1024K), 1 survivors (1024K)
 Metaspace       used 25360K, committed 25664K, reserved 1114112K
  class space    used 2985K, committed 3136K, reserved 1048576K
}
Event: 5.187 GC heap before
{Heap before GC invocations=7 (full 0):
 garbage-first heap   total 52224K, used 39535K [0x0000000082600000, 0x0000000100000000)
  region size 1024K, 16 young (16384K), 1 survivors (1024K)
 Metaspace       used 25672K, committed 25984K, reserved 1114112K
  class space    used 2995K, committed 3136K, reserved 1048576K
}
Event: 5.200 GC heap after
{Heap after GC invocations=8 (full 0):
 garbage-first heap   total 52224K, used 27046K [0x0000000082600000, 0x0000000100000000)
  region size 1024K, 2 young (2048K), 2 survivors (2048K)
 Metaspace       used 25672K, committed 25984K, reserved 1114112K
  class space    used 2995K, committed 3136K, reserved 1048576K
}

Deoptimization events (20 events):
Event: 7.216 Thread 0x0000019862bc8710 Uncommon trap: trap_request=0xffffff45 fr.pc=0x00000198722252fc relative=0x000000000000025c
Event: 7.216 Thread 0x0000019862bc8710 Uncommon trap: reason=unstable_if action=reinterpret pc=0x00000198722252fc method=com.sun.tools.javac.code.Scope$ScopeImpl.lookup(Lcom/sun/tools/javac/util/Name;Ljava/util/function/Predicate;)Lcom/sun/tools/javac/code/Scope$Entry; @ 19 c2
Event: 7.216 Thread 0x0000019862bc8710 DEOPT PACKING pc=0x00000198722252fc sp=0x000000017a3fc3b0
Event: 7.216 Thread 0x0000019862bc8710 DEOPT UNPACKING pc=0x0000019871a023a3 sp=0x000000017a3fc348 mode 2
Event: 7.518 Thread 0x0000019862bc8710 Uncommon trap: trap_request=0xffffffde fr.pc=0x0000019872260820 relative=0x0000000000000100
Event: 7.518 Thread 0x0000019862bc8710 Uncommon trap: reason=class_check action=maybe_recompile pc=0x0000019872260820 method=com.sun.tools.javac.code.Type.containsAny(Lcom/sun/tools/javac/util/List;)Z @ 6 c2
Event: 7.518 Thread 0x0000019862bc8710 DEOPT PACKING pc=0x0000019872260820 sp=0x000000017a3fab80
Event: 7.518 Thread 0x0000019862bc8710 DEOPT UNPACKING pc=0x0000019871a023a3 sp=0x000000017a3fab10 mode 2
Event: 7.626 Thread 0x0000019862bc8710 Uncommon trap: trap_request=0xffffffde fr.pc=0x0000019872260820 relative=0x0000000000000100
Event: 7.626 Thread 0x0000019862bc8710 Uncommon trap: reason=class_check action=maybe_recompile pc=0x0000019872260820 method=com.sun.tools.javac.code.Type.containsAny(Lcom/sun/tools/javac/util/List;)Z @ 6 c2
Event: 7.626 Thread 0x0000019862bc8710 DEOPT PACKING pc=0x0000019872260820 sp=0x000000017a3fad00
Event: 7.626 Thread 0x0000019862bc8710 DEOPT UNPACKING pc=0x0000019871a023a3 sp=0x000000017a3fac90 mode 2
Event: 7.643 Thread 0x0000019862bc8710 Uncommon trap: trap_request=0xffffffde fr.pc=0x0000019872260820 relative=0x0000000000000100
Event: 7.643 Thread 0x0000019862bc8710 Uncommon trap: reason=class_check action=maybe_recompile pc=0x0000019872260820 method=com.sun.tools.javac.code.Type.containsAny(Lcom/sun/tools/javac/util/List;)Z @ 6 c2
Event: 7.643 Thread 0x0000019862bc8710 DEOPT PACKING pc=0x0000019872260820 sp=0x000000017a3faa60
Event: 7.643 Thread 0x0000019862bc8710 DEOPT UNPACKING pc=0x0000019871a023a3 sp=0x000000017a3fa9e0 mode 2
Event: 7.643 Thread 0x0000019862bc8710 Uncommon trap: trap_request=0xffffffde fr.pc=0x0000019872260820 relative=0x0000000000000100
Event: 7.643 Thread 0x0000019862bc8710 Uncommon trap: reason=class_check action=maybe_recompile pc=0x0000019872260820 method=com.sun.tools.javac.code.Type.containsAny(Lcom/sun/tools/javac/util/List;)Z @ 6 c2
Event: 7.643 Thread 0x0000019862bc8710 DEOPT PACKING pc=0x0000019872260820 sp=0x000000017a3faa40
Event: 7.643 Thread 0x0000019862bc8710 DEOPT UNPACKING pc=0x0000019871a023a3 sp=0x000000017a3fa9c0 mode 2

Classes unloaded (0 events):
No events

Classes redefined (0 events):
No events

Internal exceptions (20 events):
Event: 6.518 Thread 0x0000019862bc8710 Exception <a 'sun/nio/fs/WindowsException'{0x0000000085044148}> (0x0000000085044148) 
thrown [s\open\src\hotspot\share\prims\jni.cpp, line 516]
Event: 6.528 Thread 0x0000019862bc8710 Exception <a 'sun/nio/fs/WindowsException'{0x0000000085048728}> (0x0000000085048728) 
thrown [s\open\src\hotspot\share\prims\jni.cpp, line 516]
Event: 6.528 Thread 0x0000019862bc8710 Exception <a 'sun/nio/fs/WindowsException'{0x00000000850489c8}> (0x00000000850489c8) 
thrown [s\open\src\hotspot\share\prims\jni.cpp, line 516]
Event: 6.535 Thread 0x0000019862bc8710 Exception <a 'sun/nio/fs/WindowsException'{0x0000000085058920}> (0x0000000085058920) 
thrown [s\open\src\hotspot\share\prims\jni.cpp, line 516]
Event: 6.535 Thread 0x0000019862bc8710 Exception <a 'sun/nio/fs/WindowsException'{0x0000000085058b80}> (0x0000000085058b80) 
thrown [s\open\src\hotspot\share\prims\jni.cpp, line 516]
Event: 6.545 Thread 0x0000019862bc8710 Exception <a 'sun/nio/fs/WindowsException'{0x000000008507f858}> (0x000000008507f858) 
thrown [s\open\src\hotspot\share\prims\jni.cpp, line 516]
Event: 6.545 Thread 0x0000019862bc8710 Exception <a 'sun/nio/fs/WindowsException'{0x000000008507faf8}> (0x000000008507faf8) 
thrown [s\open\src\hotspot\share\prims\jni.cpp, line 516]
Event: 6.546 Thread 0x0000019862bc8710 Exception <a 'sun/nio/fs/WindowsException'{0x00000000850819f0}> (0x00000000850819f0) 
thrown [s\open\src\hotspot\share\prims\jni.cpp, line 516]
Event: 6.546 Thread 0x0000019862bc8710 Exception <a 'sun/nio/fs/WindowsException'{0x0000000085081d20}> (0x0000000085081d20) 
thrown [s\open\src\hotspot\share\prims\jni.cpp, line 516]
Event: 7.501 Thread 0x0000019862bc8710 Exception <a 'sun/nio/fs/WindowsException'{0x0000000084e174e8}> (0x0000000084e174e8) 
thrown [s\open\src\hotspot\share\prims\jni.cpp, line 516]
Event: 7.501 Thread 0x0000019862bc8710 Exception <a 'sun/nio/fs/WindowsException'{0x0000000084e17798}> (0x0000000084e17798) 
thrown [s\open\src\hotspot\share\prims\jni.cpp, line 516]
Event: 7.502 Thread 0x0000019862bc8710 Exception <a 'sun/nio/fs/WindowsException'{0x0000000084e1a7f0}> (0x0000000084e1a7f0) 
thrown [s\open\src\hotspot\share\prims\jni.cpp, line 516]
Event: 7.502 Thread 0x0000019862bc8710 Exception <a 'sun/nio/fs/WindowsException'{0x0000000084e1aa50}> (0x0000000084e1aa50) 
thrown [s\open\src\hotspot\share\prims\jni.cpp, line 516]
Event: 7.502 Thread 0x0000019862bc8710 Exception <a 'sun/nio/fs/WindowsException'{0x0000000084e1f0f8}> (0x0000000084e1f0f8) 
thrown [s\open\src\hotspot\share\prims\jni.cpp, line 516]
Event: 7.502 Thread 0x0000019862bc8710 Exception <a 'sun/nio/fs/WindowsException'{0x0000000084e1f398}> (0x0000000084e1f398) 
thrown [s\open\src\hotspot\share\prims\jni.cpp, line 516]
Event: 7.503 Thread 0x0000019862bc8710 Exception <a 'sun/nio/fs/WindowsException'{0x0000000084e20d48}> (0x0000000084e20d48) 
thrown [s\open\src\hotspot\share\prims\jni.cpp, line 516]
Event: 7.503 Thread 0x0000019862bc8710 Exception <a 'sun/nio/fs/WindowsException'{0x0000000084e21078}> (0x0000000084e21078) 
thrown [s\open\src\hotspot\share\prims\jni.cpp, line 516]
Event: 7.565 Thread 0x0000019862bc8710 Exception <a 'java/lang/NoSuchMethodError'{0x0000000084e42560}: 'int java.lang.invoke.DirectMethodHandle$Holder.invokeVirtual(java.lang.Object, java.lang.Object, java.lang.Object, java.lang.Object)'> (0x0000000084e42560) 
thrown [s\open\src\hotspot\share\interpreter\linkResolver.cpp, line 759]
Event: 7.568 Thread 0x0000019862bc8710 Exception <a 'java/lang/NoSuchMethodError'{0x0000000084e4d830}: 'java.lang.Object java.lang.invoke.DirectMethodHandle$Holder.newInvokeSpecial(java.lang.Object, java.lang.Object, int, java.lang.Object)'> (0x0000000084e4d830) 
thrown [s\open\src\hotspot\share\interpreter\linkResolver.cpp, line 759]
Event: 7.569 Thread 0x0000019862bc8710 Exception <a 'java/lang/NoSuchMethodError'{0x0000000084e52160}: 'java.lang.Object java.lang.invoke.DirectMethodHandle$Holder.invokeSpecial(java.lang.Object, java.lang.Object, java.lang.Object, int, java.lang.Object)'> (0x0000000084e52160) 
thrown [s\open\src\hotspot\share\interpreter\linkResolver.cpp, line 759]

VM Operations (20 events):
Event: 5.271 Executing VM operation: HandshakeAllThreads
Event: 5.271 Executing VM operation: HandshakeAllThreads done
Event: 5.455 Executing VM operation: HandshakeAllThreads
Event: 5.455 Executing VM operation: HandshakeAllThreads done
Event: 5.599 Executing VM operation: HandshakeAllThreads
Event: 5.599 Executing VM operation: HandshakeAllThreads done
Event: 5.622 Executing VM operation: ICBufferFull
Event: 5.622 Executing VM operation: ICBufferFull done
Event: 6.634 Executing VM operation: Cleanup
Event: 6.656 Executing VM operation: Cleanup done
Event: 6.659 Executing VM operation: HandshakeAllThreads
Event: 6.659 Executing VM operation: HandshakeAllThreads done
Event: 7.216 Executing VM operation: HandshakeAllThreads
Event: 7.217 Executing VM operation: HandshakeAllThreads done
Event: 7.230 Executing VM operation: ICBufferFull
Event: 7.258 Executing VM operation: ICBufferFull done
Event: 7.266 Executing VM operation: HandshakeAllThreads
Event: 7.266 Executing VM operation: HandshakeAllThreads done
Event: 7.287 Executing VM operation: HandshakeAllThreads
Event: 7.287 Executing VM operation: HandshakeAllThreads done

Events (20 events):
Event: 7.301 Thread 0x000001987ecbe030 flushing nmethod 0x000001986af98310
Event: 7.301 Thread 0x000001987ecbe030 flushing nmethod 0x000001986af98790
Event: 7.301 Thread 0x000001987ecbe030 flushing nmethod 0x000001986af9ab10
Event: 7.301 Thread 0x000001987ecbe030 flushing nmethod 0x000001986af9e390
Event: 7.301 Thread 0x000001987ecbe030 flushing nmethod 0x000001986af9ea90
Event: 7.301 Thread 0x000001987ecbe030 flushing nmethod 0x000001986af9ee10
Event: 7.301 Thread 0x000001987ecbe030 flushing nmethod 0x000001986af9f190
Event: 7.301 Thread 0x000001987ecbe030 flushing nmethod 0x000001986af9f690
Event: 7.301 Thread 0x000001987ecbe030 flushing nmethod 0x000001986afa3690
Event: 7.301 Thread 0x000001987ecbe030 flushing nmethod 0x000001986afbe010
Event: 7.301 Thread 0x000001987ecbe030 flushing nmethod 0x000001986afbf110
Event: 7.302 Thread 0x000001987ecbe030 flushing nmethod 0x000001986b062e10
Event: 7.646 loading class java/util/EnumMap$EntrySet
Event: 7.648 loading class java/util/EnumMap$EntrySet done
Event: 7.648 loading class java/util/EnumMap$EntryIterator
Event: 7.648 loading class java/util/EnumMap$EnumMapIterator
Event: 7.648 loading class java/util/EnumMap$EnumMapIterator done
Event: 7.648 loading class java/util/EnumMap$EntryIterator done
Event: 7.648 loading class java/util/EnumMap$EntryIterator$Entry
Event: 7.649 loading class java/util/EnumMap$EntryIterator$Entry done


Dynamic libraries:
0x00007ff670dc0000 - 0x00007ff670dd0000 	C:\Program Files\Java\jdk-17\bin\java.exe
0x00007ff89cf10000 - 0x00007ff89d127000 	C:\WINDOWS\SYSTEM32\ntdll.dll
0x00007ff89b850000 - 0x00007ff89b914000 	C:\WINDOWS\System32\KERNEL32.DLL
0x00007ff89a770000 - 0x00007ff89ab43000 	C:\WINDOWS\System32\KERNELBASE.dll
0x00007ff89a320000 - 0x00007ff89a431000 	C:\WINDOWS\System32\ucrtbase.dll
0x00007ff84f430000 - 0x00007ff84f44b000 	C:\Program Files\Java\jdk-17\bin\VCRUNTIME140.dll
0x00007ff84f750000 - 0x00007ff84f769000 	C:\Program Files\Java\jdk-17\bin\jli.dll
0x00007ff89c5c0000 - 0x00007ff89c671000 	C:\WINDOWS\System32\ADVAPI32.dll
0x00007ff89c380000 - 0x00007ff89c427000 	C:\WINDOWS\System32\msvcrt.dll
0x00007ff89cc00000 - 0x00007ff89cca8000 	C:\WINDOWS\System32\sechost.dll
0x00007ff89ab50000 - 0x00007ff89ab78000 	C:\WINDOWS\System32\bcrypt.dll
0x00007ff89b3c0000 - 0x00007ff89b4d4000 	C:\WINDOWS\System32\RPCRT4.dll
0x00007ff89abb0000 - 0x00007ff89ad61000 	C:\WINDOWS\System32\USER32.dll
0x00007ff89ab80000 - 0x00007ff89aba6000 	C:\WINDOWS\System32\win32u.dll
0x00007ff87cc80000 - 0x00007ff87cf18000 	C:\WINDOWS\WinSxS\amd64_microsoft.windows.common-controls_6595b64144ccf1df_6.0.22621.5124_none_270e8f4f7386d69d\COMCTL32.dll
0x00007ff89b5c0000 - 0x00007ff89b5e9000 	C:\WINDOWS\System32\GDI32.dll
0x00007ff89a180000 - 0x00007ff89a29b000 	C:\WINDOWS\System32\gdi32full.dll
0x00007ff89a020000 - 0x00007ff89a0ba000 	C:\WINDOWS\System32\msvcp_win.dll
0x00007ff893c40000 - 0x00007ff893c4a000 	C:\WINDOWS\SYSTEM32\VERSION.dll
0x00007ff89b380000 - 0x00007ff89b3b1000 	C:\WINDOWS\System32\IMM32.DLL
0x00007ff871a90000 - 0x00007ff871a9c000 	C:\Program Files\Java\jdk-17\bin\vcruntime140_1.dll
0x00007ff837910000 - 0x00007ff83799e000 	C:\Program Files\Java\jdk-17\bin\msvcp140.dll
0x00007ff82fa80000 - 0x00007ff830660000 	C:\Program Files\Java\jdk-17\bin\server\jvm.dll
0x00007ff89b7a0000 - 0x00007ff89b7a8000 	C:\WINDOWS\System32\PSAPI.DLL
0x00007ff8750a0000 - 0x00007ff8750a9000 	C:\WINDOWS\SYSTEM32\WSOCK32.dll
0x00007ff893f10000 - 0x00007ff893f44000 	C:\WINDOWS\SYSTEM32\WINMM.dll
0x00007ff89b250000 - 0x00007ff89b2c1000 	C:\WINDOWS\System32\WS2_32.dll
0x00007ff898ff0000 - 0x00007ff899008000 	C:\WINDOWS\SYSTEM32\kernel.appcore.dll
0x00007ff870ea0000 - 0x00007ff870eaa000 	C:\Program Files\Java\jdk-17\bin\jimage.dll
0x00007ff897a30000 - 0x00007ff897c62000 	C:\WINDOWS\SYSTEM32\DBGHELP.DLL
0x00007ff89add0000 - 0x00007ff89b162000 	C:\WINDOWS\System32\combase.dll
0x00007ff89b4e0000 - 0x00007ff89b5b7000 	C:\WINDOWS\System32\OLEAUT32.dll
0x00007ff8923a0000 - 0x00007ff8923d2000 	C:\WINDOWS\SYSTEM32\dbgcore.DLL
0x00007ff89a440000 - 0x00007ff89a4bb000 	C:\WINDOWS\System32\bcryptPrimitives.dll
0x00007ff837ea0000 - 0x00007ff837ec5000 	C:\Program Files\Java\jdk-17\bin\java.dll
0x00007ff833f20000 - 0x00007ff833ff7000 	C:\Program Files\Java\jdk-17\bin\jsvml.dll
0x00007ff89b920000 - 0x00007ff89c1b6000 	C:\WINDOWS\System32\SHELL32.dll
0x00007ff89a630000 - 0x00007ff89a76f000 	C:\WINDOWS\System32\wintypes.dll
0x00007ff897ed0000 - 0x00007ff8987ea000 	C:\WINDOWS\SYSTEM32\windows.storage.dll
0x00007ff89cdc0000 - 0x00007ff89ceca000 	C:\WINDOWS\System32\SHCORE.dll
0x00007ff89b170000 - 0x00007ff89b1d3000 	C:\WINDOWS\System32\shlwapi.dll
0x00007ff899f50000 - 0x00007ff899f7b000 	C:\WINDOWS\SYSTEM32\profapi.dll
0x00007ff837e80000 - 0x00007ff837e99000 	C:\Program Files\Java\jdk-17\bin\net.dll
0x00007ff893d10000 - 0x00007ff893e3c000 	C:\WINDOWS\SYSTEM32\WINHTTP.dll
0x00007ff899460000 - 0x00007ff8994ca000 	C:\WINDOWS\system32\mswsock.dll
0x00007ff837ce0000 - 0x00007ff837cf6000 	C:\Program Files\Java\jdk-17\bin\nio.dll
0x00007ff8378f0000 - 0x00007ff837908000 	C:\Program Files\Java\jdk-17\bin\zip.dll
0x00007ff84d130000 - 0x00007ff84d154000 	C:\apache-maven-3.9.9\lib\jansi-native\Windows\x86_64\jansi.dll
0x00007ff882170000 - 0x00007ff882180000 	C:\Program Files\Java\jdk-17\bin\verify.dll

dbghelp: loaded successfully - version: 4.0.5 - missing functions: none
symbol engine: initialized successfully - sym options: 0x614 - pdb path: .;C:\Program Files\Java\jdk-17\bin;C:\WINDOWS\SYSTEM32;C:\WINDOWS\WinSxS\amd64_microsoft.windows.common-controls_6595b64144ccf1df_6.0.22621.5124_none_270e8f4f7386d69d;C:\Program Files\Java\jdk-17\bin\server;C:\apache-maven-3.9.9\lib\jansi-native\Windows\x86_64

VM Arguments:
jvm_args: -Dclassworlds.conf=C:\apache-maven-3.9.9\bin\m2.conf -Dmaven.home=C:\apache-maven-3.9.9 -Dlibrary.jansi.path=C:\apache-maven-3.9.9\lib\jansi-native -Dmaven.multiModuleProjectDirectory=C:\Users\21658\Desktop\EduschoolJava 
java_command: org.codehaus.plexus.classworlds.launcher.Launcher -X javafx:run
java_class_path (initial): C:\apache-maven-3.9.9\boot\plexus-classworlds-2.8.0.jar
Launcher Type: SUN_STANDARD

[Global flags]
     intx CICompilerCount                          = 4                                         {product} {ergonomic}
     uint ConcGCThreads                            = 2                                         {product} {ergonomic}
     uint G1ConcRefinementThreads                  = 8                                         {product} {ergonomic}
   size_t G1HeapRegionSize                         = 1048576                                   {product} {ergonomic}
    uintx GCDrainStackTargetSize                   = 64                                        {product} {ergonomic}
   size_t InitialHeapSize                          = 132120576                                 {product} {ergonomic}
   size_t MarkStackSize                            = 4194304                                   {product} {ergonomic}
   size_t MaxHeapSize                              = 2107637760                                {product} {ergonomic}
   size_t MaxNewSize                               = 1264582656                                {product} {ergonomic}
   size_t MinHeapDeltaBytes                        = 1048576                                   {product} {ergonomic}
   size_t MinHeapSize                              = 8388608                                   {product} {ergonomic}
    uintx NonNMethodCodeHeapSize                   = 5839372                                {pd product} {ergonomic}
    uintx NonProfiledCodeHeapSize                  = 122909434                              {pd product} {ergonomic}
    uintx ProfiledCodeHeapSize                     = 122909434                              {pd product} {ergonomic}
    uintx ReservedCodeCacheSize                    = 251658240                              {pd product} {ergonomic}
     bool SegmentedCodeCache                       = true                                      {product} {ergonomic}
   size_t SoftMaxHeapSize                          = 2107637760                             {manageable} {ergonomic}
     bool UseCompressedClassPointers               = true                           {product lp64_product} {ergonomic}
     bool UseCompressedOops                        = true                           {product lp64_product} {ergonomic}
     bool UseG1GC                                  = true                                      {product} {ergonomic}
     bool UseLargePagesIndividualAllocation        = false                                  {pd product} {ergonomic}

Logging:
Log output configuration:
 #0: stdout all=warning uptime,level,tags
 #1: stderr all=off uptime,level,tags

Environment Variables:
JAVA_HOME=C:\Program Files\Java\jdk-17
PATH=C:\app\21658\product\23ai\dbhomeFree\bin;C:\Program Files (x86)\VMware\VMware Workstation\bin\;C:\Program Files\Common Files\Oracle\Java\javapath;C:\Python312\Scripts\;C:\Python312\;C:\windows\system32;C:\windows;C:\windows\System32\Wbem;C:\windows\System32\WindowsPowerShell\v1.0\;C:\windows\System32\OpenSSH\;C:\Program Files (x86)\NVIDIA Corporation\PhysX\Common;C:\Program Files\NVIDIA Corporation\NVIDIA NvDLISR;C:\WINDOWS\system32;C:\WINDOWS;C:\WINDOWS\System32\Wbem;C:\WINDOWS\System32\WindowsPowerShell\v1.0\;C:\WINDOWS\System32\OpenSSH\;C:\Program Files\HP\HP One Agent;C:\php-8.2;C:\composer;C:\Program Files\Git\cmd;C:\xampp\php;C:\symfony-7.0.2;C:\Program Files\nodejs\;C:\ProgramData\chocolatey\bin;C:\Program Files\nodejs;C:\Program Files\MongoDB\Server\6.0\bin;C:\Users\21658\AppData\Local\Programs\Python\Python39;;C:\Program Files\Docker\Docker\resources\bin;C:\Users\21658\AppData\Local\Programs\Python\Python38\Scripts\;C:\Users\21658\AppData\Local\Programs\Python\Python38\;C:\Users\21658\AppData\Local\Microsoft\WindowsApps;C:\Users\21658\AppData\Local\Programs\Microsoft VS Code\bin;C:\Users\21658\AppData\Roaming\Composer\vendor\bin;C:\symfony-7.0.2;C:\php-8.2;C:\Users\21658\AppData\Roaming\npm;C:\Program Files\MongoDB\Server\6.0\bin;C:\Program Files\Java\jdk-17\bin;C:\protoc\bin;C:\Users\21658\AppData\Local\Programs\Python\Python39;C:\Users\21658\AppData\Local\Programs\Python\Python39\Scripts;C:\Users\21658\AppData\Local\Programs\Python\Python39\Scripts;C:\Users\21658\anaconda3\Library\bin;C:\ProgramData\21658\GitHubDesktop\bin;C:\Users\21658\AppData\Local\GitHubDesktop\bin;C:\Program Files\Heroku\;C:\Program Files\heroku\bin;C:\apache-maven-3.9.9\bin;
USERNAME=21658
LANG=en_US.UTF-8
OS=Windows_NT
PROCESSOR_IDENTIFIER=Intel64 Family 6 Model 158 Stepping 10, GenuineIntel



---------------  S Y S T E M  ---------------

OS:
 Windows 11 , 64 bit Build 22621 (10.0.22621.5124)
OS uptime: 3 days 13:06 hours
Hyper-V role detected

CPU: total 8 (initial active 8) (4 cores per cpu, 2 threads per core) family 6 model 158 stepping 10 microcode 0xde, cx8, cmov, fxsr, ht, mmx, 3dnowpref, sse, sse2, sse3, ssse3, sse4.1, sse4.2, popcnt, lzcnt, tsc, tscinvbit, avx, avx2, aes, erms, clmul, bmi1, bmi2, adx, fma, vzeroupper, clflush, clflushopt, hv

Memory: 4k page, system-wide physical 8033M (848M free)
TotalPageFile size 32609M (AvailPageFile size 415M)
current process WorkingSet (physical memory assigned to process): 199M, peak: 205M
current process commit charge ("private bytes"): 232M, peak: 270M

vm_info: Java HotSpot(TM) 64-Bit Server VM (17.0.12+8-LTS-286) for windows-amd64 JRE (17.0.12+8-LTS-286), built on Jun  5 2024 06:46:59 by "mach5one" with MS VC++ 17.6 (VS2022)

END.
