#
# There is insufficient memory for the Java Runtime Environment to continue.
# Native memory allocation (malloc) failed to allocate 65552 bytes. Error detail: Chunk::new
# Possible reasons:
#   The system is out of physical RAM or swap space
#   This process is running with CompressedOops enabled, and the Java Heap may be blocking the growth of the native heap
# Possible solutions:
#   Reduce memory load on the system
#   Increase physical memory or swap space
#   Check if swap backing store is full
#   Decrease Java heap size (-Xmx/-Xms)
#   Decrease number of Java threads
#   Decrease Java thread stack sizes (-Xss)
#   Set larger code cache with -XX:ReservedCodeCacheSize=
#   JVM is running with Unscaled Compressed Oops mode in which the Java heap is
#     placed in the first 4GB address space. The Java Heap base address is the
#     maximum limit for the native heap growth. Please use -XX:HeapBaseMinAddress
#     to set the Java Heap base and to place the Java Heap above 4GB virtual address.
# This output file may be truncated or incomplete.
#
#  Out of Memory Error (arena.cpp:168), pid=17024, tid=31952
#
# JRE version: OpenJDK Runtime Environment Temurin-21.0.6+7 (21.0.6+7) (build 21.0.6+7-LTS)
# Java VM: OpenJDK 64-Bit Server VM Temurin-21.0.6+7 (21.0.6+7-LTS, mixed mode, sharing, tiered, compressed oops, compressed class ptrs, parallel gc, windows-amd64)
# No core dump will be written. Minidumps are not enabled by default on client versions of Windows
#

---------------  S U M M A R Y ------------

Command Line: --add-modules=ALL-SYSTEM --add-opens=java.base/java.util=ALL-UNNAMED --add-opens=java.base/java.lang=ALL-UNNAMED --add-opens=java.base/sun.nio.fs=ALL-UNNAMED -Declipse.application=org.eclipse.jdt.ls.core.id1 -Dosgi.bundles.defaultStartLevel=4 -Declipse.product=org.eclipse.jdt.ls.core.product -Djava.import.generatesMetadataFilesAtProjectRoot=false -DDetectVMInstallationsJob.disabled=true -Dfile.encoding=utf8 -XX:+UseParallelGC -XX:GCTimeRatio=4 -XX:AdaptiveSizePolicyWeight=90 -Dsun.zip.disableMemoryMapping=true -Xmx1G -Xms100m -Xlog:disable -javaagent:c:\Users\21658\.vscode\extensions\redhat.java-1.41.1-win32-x64\lombok\lombok-1.18.36.jar -XX:+HeapDumpOnOutOfMemoryError -XX:HeapDumpPath=c:\Users\21658\AppData\Roaming\Code\User\workspaceStorage\d1496b096d0a1c07d90c78ab5ca7316e\redhat.java -Daether.dependencyCollector.impl=bf c:\Users\21658\.vscode\extensions\redhat.java-1.41.1-win32-x64\server\plugins\org.eclipse.equinox.launcher_1.7.0.v20250331-1702.jar -configuration c:\Users\21658\AppData\Roaming\Code\User\globalStorage\redhat.java\1.41.1\config_win -data c:\Users\21658\AppData\Roaming\Code\User\workspaceStorage\d1496b096d0a1c07d90c78ab5ca7316e\redhat.java\jdt_ws --pipe=\\.\pipe\lsp-a86c0649c7c87e3b9256a536bbf6e88a-sock

Host: Intel(R) Core(TM) i5-9300H CPU @ 2.40GHz, 8 cores, 7G,  Windows 11 , 64 bit Build 22621 (10.0.22621.5124)
Time: Mon Apr 14 19:40:17 2025 Afr. centrale Ouest elapsed time: 55.532043 seconds (0d 0h 0m 55s)

---------------  T H R E A D  ---------------

Current thread (0x000001997b82a260):  JavaThread "C2 CompilerThread2" daemon [_thread_in_native, id=31952, stack(0x0000004c17100000,0x0000004c17200000) (1024K)]


Current CompileTask:
C2:55532 13099       4       java.lang.invoke.MethodHandleImpl::makePairwiseConvertByEditor (617 bytes)

Stack: [0x0000004c17100000,0x0000004c17200000]
Native frames: (J=compiled Java code, j=interpreted, Vv=VM code, C=native code)
V  [jvm.dll+0x6cdee9]
V  [jvm.dll+0x8a83d1]
V  [jvm.dll+0x8aa8fe]
V  [jvm.dll+0x8aafe3]
V  [jvm.dll+0x27f706]
V  [jvm.dll+0xc500d]
V  [jvm.dll+0xc5543]
V  [jvm.dll+0xc5135]
V  [jvm.dll+0x6a954c]
V  [jvm.dll+0x604ffe]
V  [jvm.dll+0x5ec490]
V  [jvm.dll+0x5f075a]
V  [jvm.dll+0x5efe9d]
V  [jvm.dll+0x5efd80]
V  [jvm.dll+0x5eff00]
V  [jvm.dll+0x5eff00]
V  [jvm.dll+0x5eff00]
V  [jvm.dll+0x5eff00]
V  [jvm.dll+0x5eff00]
V  [jvm.dll+0x5eff00]
V  [jvm.dll+0x5f7204]
V  [jvm.dll+0x250bb2]
V  [jvm.dll+0x250f6f]
V  [jvm.dll+0x249834]
V  [jvm.dll+0x246ec4]
V  [jvm.dll+0x1c75ee]
V  [jvm.dll+0x25685a]
V  [jvm.dll+0x254dfa]
V  [jvm.dll+0x3f0256]
V  [jvm.dll+0x851f8b]
V  [jvm.dll+0x6cc5ed]
C  [ucrtbase.dll+0x29333]
C  [KERNEL32.DLL+0x1259d]
C  [ntdll.dll+0x5af38]


---------------  P R O C E S S  ---------------

Threads class SMR info:
_java_thread_list=0x000001997f08eaa0, length=70, elements={
0x000001991e352930, 0x0000019932703a90, 0x0000019932704bf0, 0x0000019932706210,
0x0000019932707380, 0x00000199327089b0, 0x000001993270e350, 0x000001993270f500,
0x0000019975118070, 0x00000199752072f0, 0x0000019975453bd0, 0x00000199756bfd40,
0x0000019975ab7ee0, 0x000001997a080450, 0x000001997a336430, 0x000001997a0ec100,
0x000001997a6afc50, 0x000001997a71d370, 0x000001997a71cce0, 0x000001997a71da00,
0x000001997a71e090, 0x000001997a71e720, 0x000001997a71f440, 0x000001997a71bfc0,
0x000001997a71c650, 0x000001997a71edb0, 0x000001997b32a7a0, 0x000001997b32cf00,
0x000001997b32ae30, 0x000001997b32b4c0, 0x000001997b32bb50, 0x000001997b32c1e0,
0x000001997b32c870, 0x000001997b32d590, 0x000001997b32a110, 0x000001997bc47ad0,
0x000001997bc42c10, 0x000001997bc44ce0, 0x000001997bc46090, 0x000001997bc432a0,
0x000001997bc43fc0, 0x000001997bc411d0, 0x000001997bc47440, 0x000001997bc44650,
0x000001997bc46720, 0x000001997bc46db0, 0x000001997bc40b40, 0x000001997bc48160,
0x000001997bc41860, 0x000001997bc41ef0, 0x000001997bc42580, 0x000001997c540140,
0x000001997c53fab0, 0x000001997c542210, 0x000001997c5428a0, 0x000001997c542f30,
0x000001997c5407d0, 0x000001997c540e60, 0x000001997c5414f0, 0x000001997b42ead0,
0x000001997b430510, 0x000001997b430ba0, 0x000001997b431230, 0x000001997b42d090,
0x000001997b42d720, 0x000001997b42fe80, 0x000001997b4318c0, 0x000001997d23dcc0,
0x000001997b82a260, 0x000001997b42c370
}

Java Threads: ( => current thread )
  0x000001991e352930 JavaThread "main"                              [_thread_blocked, id=2324, stack(0x0000004c12900000,0x0000004c12a00000) (1024K)]
  0x0000019932703a90 JavaThread "Reference Handler"          daemon [_thread_blocked, id=1320, stack(0x0000004c12d00000,0x0000004c12e00000) (1024K)]
  0x0000019932704bf0 JavaThread "Finalizer"                  daemon [_thread_blocked, id=36084, stack(0x0000004c12e00000,0x0000004c12f00000) (1024K)]
  0x0000019932706210 JavaThread "Signal Dispatcher"          daemon [_thread_blocked, id=7512, stack(0x0000004c12f00000,0x0000004c13000000) (1024K)]
  0x0000019932707380 JavaThread "Attach Listener"            daemon [_thread_blocked, id=12240, stack(0x0000004c13000000,0x0000004c13100000) (1024K)]
  0x00000199327089b0 JavaThread "Service Thread"             daemon [_thread_blocked, id=34944, stack(0x0000004c13100000,0x0000004c13200000) (1024K)]
  0x000001993270e350 JavaThread "Monitor Deflation Thread"   daemon [_thread_blocked, id=19088, stack(0x0000004c13200000,0x0000004c13300000) (1024K)]
  0x000001993270f500 JavaThread "C2 CompilerThread0"         daemon [_thread_blocked, id=27016, stack(0x0000004c13300000,0x0000004c13400000) (1024K)]
  0x0000019975118070 JavaThread "C1 CompilerThread0"         daemon [_thread_blocked, id=23440, stack(0x0000004c13400000,0x0000004c13500000) (1024K)]
  0x00000199752072f0 JavaThread "Common-Cleaner"             daemon [_thread_blocked, id=31528, stack(0x0000004c13500000,0x0000004c13600000) (1024K)]
  0x0000019975453bd0 JavaThread "Notification Thread"        daemon [_thread_blocked, id=11420, stack(0x0000004c13700000,0x0000004c13800000) (1024K)]
  0x00000199756bfd40 JavaThread "Active Thread: Equinox Container: fb5e3d5a-cc29-4aca-a340-f237a1de2452"        [_thread_blocked, id=3016, stack(0x0000004c13e00000,0x0000004c13f00000) (1024K)]
  0x0000019975ab7ee0 JavaThread "Refresh Thread: Equinox Container: fb5e3d5a-cc29-4aca-a340-f237a1de2452" daemon [_thread_blocked, id=33240, stack(0x0000004c13f00000,0x0000004c14000000) (1024K)]
  0x000001997a080450 JavaThread "Framework Event Dispatcher: Equinox Container: fb5e3d5a-cc29-4aca-a340-f237a1de2452" daemon [_thread_blocked, id=27492, stack(0x0000004c14100000,0x0000004c14200000) (1024K)]
  0x000001997a336430 JavaThread "Start Level: Equinox Container: fb5e3d5a-cc29-4aca-a340-f237a1de2452" daemon [_thread_blocked, id=17968, stack(0x0000004c14200000,0x0000004c14300000) (1024K)]
  0x000001997a0ec100 JavaThread "Bundle File Closer"         daemon [_thread_blocked, id=35428, stack(0x0000004c14300000,0x0000004c14400000) (1024K)]
  0x000001997a6afc50 JavaThread "SCR Component Actor"        daemon [_thread_blocked, id=30252, stack(0x0000004c13600000,0x0000004c13700000) (1024K)]
  0x000001997a71d370 JavaThread "Worker-JM"                         [_thread_blocked, id=31832, stack(0x0000004c14500000,0x0000004c14600000) (1024K)]
  0x000001997a71cce0 JavaThread "JNA Cleaner"                daemon [_thread_blocked, id=33068, stack(0x0000004c14600000,0x0000004c14700000) (1024K)]
  0x000001997a71da00 JavaThread "Worker-0"                          [_thread_blocked, id=14296, stack(0x0000004c14700000,0x0000004c14800000) (1024K)]
  0x000001997a71e090 JavaThread "Worker-1"                          [_thread_blocked, id=35092, stack(0x0000004c14800000,0x0000004c14900000) (1024K)]
  0x000001997a71e720 JavaThread "Java indexing"              daemon [_thread_blocked, id=30324, stack(0x0000004c14900000,0x0000004c14a00000) (1024K)]
  0x000001997a71f440 JavaThread "Worker-2"                          [_thread_blocked, id=16696, stack(0x0000004c14a00000,0x0000004c14b00000) (1024K)]
  0x000001997a71bfc0 JavaThread "Worker-3"                          [_thread_blocked, id=32140, stack(0x0000004c14b00000,0x0000004c14c00000) (1024K)]
  0x000001997a71c650 JavaThread "Worker-4"                          [_thread_blocked, id=24668, stack(0x0000004c14c00000,0x0000004c14d00000) (1024K)]
  0x000001997a71edb0 JavaThread "Thread-2"                   daemon [_thread_in_native, id=29692, stack(0x0000004c14d00000,0x0000004c14e00000) (1024K)]
  0x000001997b32a7a0 JavaThread "Thread-3"                   daemon [_thread_in_native, id=27108, stack(0x0000004c14e00000,0x0000004c14f00000) (1024K)]
  0x000001997b32cf00 JavaThread "Thread-4"                   daemon [_thread_in_native, id=31060, stack(0x0000004c14f00000,0x0000004c15000000) (1024K)]
  0x000001997b32ae30 JavaThread "Thread-5"                   daemon [_thread_in_native, id=25816, stack(0x0000004c15000000,0x0000004c15100000) (1024K)]
  0x000001997b32b4c0 JavaThread "Thread-6"                   daemon [_thread_in_native, id=33284, stack(0x0000004c15100000,0x0000004c15200000) (1024K)]
  0x000001997b32bb50 JavaThread "Thread-7"                   daemon [_thread_in_native, id=34028, stack(0x0000004c15200000,0x0000004c15300000) (1024K)]
  0x000001997b32c1e0 JavaThread "Thread-8"                   daemon [_thread_in_native, id=20240, stack(0x0000004c15300000,0x0000004c15400000) (1024K)]
  0x000001997b32c870 JavaThread "Thread-9"                   daemon [_thread_in_native, id=36612, stack(0x0000004c15400000,0x0000004c15500000) (1024K)]
  0x000001997b32d590 JavaThread "Thread-10"                  daemon [_thread_in_native, id=27372, stack(0x0000004c15500000,0x0000004c15600000) (1024K)]
  0x000001997b32a110 JavaThread "pool-2-thread-1"                   [_thread_blocked, id=6676, stack(0x0000004c15600000,0x0000004c15700000) (1024K)]
  0x000001997bc47ad0 JavaThread "Worker-5"                          [_thread_blocked, id=12096, stack(0x0000004c15700000,0x0000004c15800000) (1024K)]
  0x000001997bc42c10 JavaThread "WorkspaceEventsHandler"            [_thread_blocked, id=3328, stack(0x0000004c15800000,0x0000004c15900000) (1024K)]
  0x000001997bc44ce0 JavaThread "pool-1-thread-1"                   [_thread_blocked, id=24540, stack(0x0000004c15900000,0x0000004c15a00000) (1024K)]
  0x000001997bc46090 JavaThread "LocalFile Deleter"          daemon [_thread_blocked, id=12144, stack(0x0000004c15b00000,0x0000004c15c00000) (1024K)]
  0x000001997bc432a0 JavaThread "LocalFile Deleter"          daemon [_thread_blocked, id=29132, stack(0x0000004c15c00000,0x0000004c15d00000) (1024K)]
  0x000001997bc43fc0 JavaThread "LocalFile Deleter"          daemon [_thread_blocked, id=30588, stack(0x0000004c15d00000,0x0000004c15e00000) (1024K)]
  0x000001997bc411d0 JavaThread "LocalFile Deleter"          daemon [_thread_blocked, id=17252, stack(0x0000004c15e00000,0x0000004c15f00000) (1024K)]
  0x000001997bc47440 JavaThread "LocalFile Deleter"          daemon [_thread_blocked, id=32980, stack(0x0000004c15f00000,0x0000004c16000000) (1024K)]
  0x000001997bc44650 JavaThread "LocalFile Deleter"          daemon [_thread_blocked, id=35112, stack(0x0000004c16000000,0x0000004c16100000) (1024K)]
  0x000001997bc46720 JavaThread "LocalFile Deleter"          daemon [_thread_blocked, id=36672, stack(0x0000004c16100000,0x0000004c16200000) (1024K)]
  0x000001997bc46db0 JavaThread "LocalFile Deleter"          daemon [_thread_blocked, id=7472, stack(0x0000004c16200000,0x0000004c16300000) (1024K)]
  0x000001997bc40b40 JavaThread "Compiler Source File Reader" daemon [_thread_blocked, id=26184, stack(0x0000004c14400000,0x0000004c14500000) (1024K)]
  0x000001997bc48160 JavaThread "Compiler Source File Reader" daemon [_thread_blocked, id=36652, stack(0x0000004c16300000,0x0000004c16400000) (1024K)]
  0x000001997bc41860 JavaThread "Compiler Source File Reader" daemon [_thread_blocked, id=33244, stack(0x0000004c16400000,0x0000004c16500000) (1024K)]
  0x000001997bc41ef0 JavaThread "Compiler Source File Reader" daemon [_thread_blocked, id=25444, stack(0x0000004c16500000,0x0000004c16600000) (1024K)]
  0x000001997bc42580 JavaThread "Compiler Source File Reader" daemon [_thread_blocked, id=20728, stack(0x0000004c16600000,0x0000004c16700000) (1024K)]
  0x000001997c540140 JavaThread "Compiler Source File Reader" daemon [_thread_blocked, id=34800, stack(0x0000004c16700000,0x0000004c16800000) (1024K)]
  0x000001997c53fab0 JavaThread "Compiler Processing Task"   daemon [_thread_blocked, id=13048, stack(0x0000004c16800000,0x0000004c16900000) (1024K)]
  0x000001997c542210 JavaThread "Compiler Class File Writer" daemon [_thread_blocked, id=15056, stack(0x0000004c15a00000,0x0000004c15b00000) (1024K)]
  0x000001997c5428a0 JavaThread "Compiler Class File Writer" daemon [_thread_blocked, id=30596, stack(0x0000004c16900000,0x0000004c16a00000) (1024K)]
  0x000001997c542f30 JavaThread "Compiler Class File Writer" daemon [_thread_blocked, id=26136, stack(0x0000004c16a00000,0x0000004c16b00000) (1024K)]
  0x000001997c5407d0 JavaThread "Compiler Class File Writer" daemon [_thread_blocked, id=17180, stack(0x0000004c16b00000,0x0000004c16c00000) (1024K)]
  0x000001997c540e60 JavaThread "Compiler Class File Writer" daemon [_thread_blocked, id=13068, stack(0x0000004c16c00000,0x0000004c16d00000) (1024K)]
  0x000001997c5414f0 JavaThread "Compiler Class File Writer" daemon [_thread_blocked, id=36356, stack(0x0000004c16d00000,0x0000004c16e00000) (1024K)]
  0x000001997b42ead0 JavaThread "Worker-6"                          [_thread_blocked, id=32792, stack(0x0000004c16e00000,0x0000004c16f00000) (1024K)]
  0x000001997b430510 JavaThread "ForkJoinPool.commonPool-worker-1" daemon [_thread_blocked, id=19484, stack(0x0000004c17200000,0x0000004c17300000) (1024K)]
  0x000001997b430ba0 JavaThread "ForkJoinPool.commonPool-worker-2" daemon [_thread_blocked, id=3520, stack(0x0000004c17300000,0x0000004c17400000) (1024K)]
  0x000001997b431230 JavaThread "ForkJoinPool.commonPool-worker-3" daemon [_thread_blocked, id=36696, stack(0x0000004c17400000,0x0000004c17500000) (1024K)]
  0x000001997b42d090 JavaThread "ForkJoinPool.commonPool-worker-4" daemon [_thread_blocked, id=35248, stack(0x0000004c17500000,0x0000004c17600000) (1024K)]
  0x000001997b42d720 JavaThread "ForkJoinPool.commonPool-worker-5" daemon [_thread_blocked, id=35068, stack(0x0000004c17700000,0x0000004c17800000) (1024K)]
  0x000001997b42fe80 JavaThread "ForkJoinPool.commonPool-worker-6" daemon [_thread_blocked, id=36368, stack(0x0000004c17800000,0x0000004c17900000) (1024K)]
  0x000001997b4318c0 JavaThread "ForkJoinPool.commonPool-worker-7" daemon [_thread_blocked, id=27304, stack(0x0000004c17900000,0x0000004c17a00000) (1024K)]
  0x000001997d23dcc0 JavaThread "C2 CompilerThread1"         daemon [_thread_blocked, id=27312, stack(0x0000004c17000000,0x0000004c17100000) (1024K)]
=>0x000001997b82a260 JavaThread "C2 CompilerThread2"         daemon [_thread_in_native, id=31952, stack(0x0000004c17100000,0x0000004c17200000) (1024K)]
  0x000001997b42c370 JavaThread "Thread-12"                  daemon [_thread_blocked, id=2020, stack(0x0000004c17600000,0x0000004c17700000) (1024K)]
Total: 70

Other Threads:
  0x00000199326e2470 VMThread "VM Thread"                           [id=3904, stack(0x0000004c12c00000,0x0000004c12d00000) (1024K)]
  0x000001993261c210 WatcherThread "VM Periodic Task Thread"        [id=30480, stack(0x0000004c12b00000,0x0000004c12c00000) (1024K)]
  0x000001991e36ffa0 WorkerThread "GC Thread#0"                     [id=25164, stack(0x0000004c12a00000,0x0000004c12b00000) (1024K)]
  0x0000019975907d70 WorkerThread "GC Thread#1"                     [id=12816, stack(0x0000004c13800000,0x0000004c13900000) (1024K)]
  0x0000019975932310 WorkerThread "GC Thread#2"                     [id=17160, stack(0x0000004c13900000,0x0000004c13a00000) (1024K)]
  0x00000199759326b0 WorkerThread "GC Thread#3"                     [id=34400, stack(0x0000004c13a00000,0x0000004c13b00000) (1024K)]
  0x000001997589fe80 WorkerThread "GC Thread#4"                     [id=35988, stack(0x0000004c13b00000,0x0000004c13c00000) (1024K)]
  0x00000199758a0220 WorkerThread "GC Thread#5"                     [id=33564, stack(0x0000004c13c00000,0x0000004c13d00000) (1024K)]
  0x0000019975cf2b40 WorkerThread "GC Thread#6"                     [id=6800, stack(0x0000004c13d00000,0x0000004c13e00000) (1024K)]
  0x000001997a372700 WorkerThread "GC Thread#7"                     [id=30136, stack(0x0000004c14000000,0x0000004c14100000) (1024K)]
Total: 10

Threads with active compile tasks:
C2 CompilerThread2  55682 13099       4       java.lang.invoke.MethodHandleImpl::makePairwiseConvertByEditor (617 bytes)
Total: 1

VM state: at safepoint (normal execution)

VM Mutex/Monitor currently owned by a thread:  ([mutex/lock_event])
[0x00007ffff9a7e380] Threads_lock - owner thread: 0x00000199326e2470
[0x00007ffff9a7e480] Heap_lock - owner thread: 0x000001997b42c370

Heap address: 0x00000000c0000000, size: 1024 MB, Compressed Oops mode: 32-bit

CDS archive(s) mapped at: [0x0000019933000000-0x0000019933ba0000-0x0000019933ba0000), size 12189696, SharedBaseAddress: 0x0000019933000000, ArchiveRelocationMode: 1.
Compressed class space mapped at: 0x0000019934000000-0x0000019974000000, reserved size: 1073741824
Narrow klass base: 0x0000019933000000, Narrow klass shift: 0, Narrow klass range: 0x100000000

GC Precious Log:
 CardTable entry size: 512
 CPUs: 8 total, 8 available
 Memory: 8033M
 Large Page Support: Disabled
 NUMA Support: Disabled
 Compressed Oops: Enabled (32-bit)
 Alignments: Space 512K, Generation 512K, Heap 2M
 Heap Min Capacity: 100M
 Heap Initial Capacity: 100M
 Heap Max Capacity: 1G
 Pre-touch: Disabled
 Parallel Workers: 8

Heap:
 PSYoungGen      total 6656K, used 0K [0x00000000eab00000, 0x00000000eb300000, 0x0000000100000000)
  eden space 6144K, 0% used [0x00000000eab00000,0x00000000eab00000,0x00000000eb100000)
  from space 512K, 0% used [0x00000000eb200000,0x00000000eb200000,0x00000000eb280000)
  to   space 512K, 0% used [0x00000000eb280000,0x00000000eb280000,0x00000000eb300000)
 ParOldGen       total 638464K, used 637006K [0x00000000c0000000, 0x00000000e6f80000, 0x00000000eab00000)
  object space 638464K, 99% used [0x00000000c0000000,0x00000000e6e13b78,0x00000000e6f80000)
 Metaspace       used 67885K, committed 69440K, reserved 1114112K
  class space    used 6927K, committed 7680K, reserved 1048576K

Card table byte_map: [0x000001991dcf0000,0x000001991df00000] _byte_map_base: 0x000001991d6f0000

Marking Bits: (ParMarkBitMap*) 0x00007ffff9a83260
 Begin Bits: [0x0000019930540000, 0x0000019931540000)
 End Bits:   [0x0000019931540000, 0x0000019932540000)

Polling page: 0x000001991c200000

Metaspace:

Usage:
  Non-class:     59.53 MB used.
      Class:      6.77 MB used.
       Both:     66.29 MB used.

Virtual space:
  Non-class space:       64.00 MB reserved,      60.31 MB ( 94%) committed,  1 nodes.
      Class space:        1.00 GB reserved,       7.50 MB ( <1%) committed,  1 nodes.
             Both:        1.06 GB reserved,      67.81 MB (  6%) committed. 

Chunk freelists:
   Non-Class:  3.14 MB
       Class:  8.48 MB
        Both:  11.63 MB

MaxMetaspaceSize: unlimited
CompressedClassSpaceSize: 1.00 GB
Initial GC threshold: 21.00 MB
Current GC threshold: 97.31 MB
CDS: on
 - commit_granule_bytes: 65536.
 - commit_granule_words: 8192.
 - virtual_space_node_default_size: 8388608.
 - enlarge_chunks_in_place: 1.
 - use_allocation_guard: 0.


Internal statistics:

num_allocs_failed_limit: 9.
num_arena_births: 1342.
num_arena_deaths: 22.
num_vsnodes_births: 2.
num_vsnodes_deaths: 0.
num_space_committed: 1085.
num_space_uncommitted: 0.
num_chunks_returned_to_freelist: 35.
num_chunks_taken_from_freelist: 4667.
num_chunk_merges: 20.
num_chunk_splits: 2817.
num_chunks_enlarged: 1490.
num_inconsistent_stats: 0.

CodeHeap 'non-profiled nmethods': size=120000Kb used=9611Kb max_used=9611Kb free=110388Kb
 bounds [0x0000019929010000, 0x0000019929980000, 0x0000019930540000]
CodeHeap 'profiled nmethods': size=120000Kb used=28911Kb max_used=28911Kb free=91088Kb
 bounds [0x0000019921540000, 0x0000019923180000, 0x0000019928a70000]
CodeHeap 'non-nmethods': size=5760Kb used=1456Kb max_used=1575Kb free=4303Kb
 bounds [0x0000019928a70000, 0x0000019928ce0000, 0x0000019929010000]
 total_blobs=13139 nmethods=12367 adapters=676
 compilation: enabled
              stopped_count=0, restarted_count=0
 full_count=0

Compilation events (20 events):
Event: 55.349 Thread 0x000001993270f500 nmethod 12989 0x0000019929959b90 code [0x0000019929959d20, 0x0000019929959ec8]
Event: 55.349 Thread 0x000001993270f500 13096       4       java.util.zip.GZIPInputStream::read (65 bytes)
Event: 55.353 Thread 0x000001993270f500 nmethod 13096 0x000001992995a010 code [0x000001992995a1c0, 0x000001992995a490]
Event: 55.353 Thread 0x000001993270f500 12986       4       org.eclipse.jdt.internal.compiler.lookup.PlainPackageBinding::<init> (10 bytes)
Event: 55.360 Thread 0x000001993270f500 nmethod 12986 0x000001992995a810 code [0x000001992995a9c0, 0x000001992995ae20]
Event: 55.360 Thread 0x000001993270f500 12988       4       org.eclipse.jdt.internal.compiler.lookup.PlainPackageBinding::addPackage (37 bytes)
Event: 55.363 Thread 0x000001993270f500 nmethod 12988 0x000001992995b110 code [0x000001992995b2c0, 0x000001992995b488]
Event: 55.363 Thread 0x000001993270f500 13064   !   4       java.util.zip.Inflater::needsDictionary (19 bytes)
Event: 55.365 Thread 0x000001993270f500 nmethod 13064 0x000001992995b690 code [0x000001992995b820, 0x000001992995ba20]
Event: 55.365 Thread 0x0000019975118070 13097       3       org.eclipse.lsp4j.jsonrpc.json.adapters.MessageTypeAdapter$Factory::create (27 bytes)
Event: 55.365 Thread 0x000001993270f500 13098   !   4       java.lang.invoke.BoundMethodHandle$Species_L::copyWithExtendL (31 bytes)
Event: 55.365 Thread 0x0000019975118070 nmethod 13097 0x000001992317b410 code [0x000001992317b5e0, 0x000001992317b968]
Event: 55.366 Thread 0x0000019975118070 13100       3       com.google.gson.stream.JsonWriter::endObject (9 bytes)
Event: 55.366 Thread 0x0000019975118070 nmethod 13100 0x000001992317bb10 code [0x000001992317bcc0, 0x000001992317be10]
Event: 55.369 Thread 0x000001997b82a260 nmethod 13088 0x000001992995bb10 code [0x000001992995bec0, 0x000001992995d738]
Event: 55.370 Thread 0x000001997b82a260 13099       4       java.lang.invoke.MethodHandleImpl::makePairwiseConvertByEditor (617 bytes)
Event: 55.371 Thread 0x000001993270f500 nmethod 13098 0x000001992995e910 code [0x000001992995eae0, 0x000001992995ee38]
Event: 55.371 Thread 0x000001993270f500 13101       4       java.io.FilterInputStream::read (9 bytes)
Event: 55.374 Thread 0x000001997d23dcc0 nmethod 12764% 0x000001992995f210 code [0x000001992995fca0, 0x000001992996ca58]
Event: 55.375 Thread 0x000001993270f500 nmethod 13101 0x0000019929972490 code [0x0000019929972660, 0x0000019929972940]

GC Heap History (20 events):
Event: 54.922 GC heap before
{Heap before GC invocations=581 (full 3):
 PSYoungGen      total 4096K, used 3360K [0x00000000eab00000, 0x00000000eb400000, 0x0000000100000000)
  eden space 3072K, 100% used [0x00000000eab00000,0x00000000eae00000,0x00000000eae00000)
  from space 1024K, 28% used [0x00000000eb280000,0x00000000eb2c8000,0x00000000eb380000)
  to   space 512K, 0% used [0x00000000eb380000,0x00000000eb380000,0x00000000eb400000)
 ParOldGen       total 588800K, used 588618K [0x00000000c0000000, 0x00000000e3f00000, 0x00000000eab00000)
  object space 588800K, 99% used [0x00000000c0000000,0x00000000e3ed2a00,0x00000000e3f00000)
 Metaspace       used 67135K, committed 68608K, reserved 1114112K
  class space    used 6839K, committed 7488K, reserved 1048576K
}
Event: 54.927 GC heap after
{Heap after GC invocations=581 (full 3):
 PSYoungGen      total 3584K, used 496K [0x00000000eab00000, 0x00000000eb400000, 0x0000000100000000)
  eden space 3072K, 0% used [0x00000000eab00000,0x00000000eab00000,0x00000000eae00000)
  from space 512K, 96% used [0x00000000eb380000,0x00000000eb3fc010,0x00000000eb400000)
  to   space 1024K, 0% used [0x00000000eb200000,0x00000000eb200000,0x00000000eb300000)
 ParOldGen       total 588800K, used 588706K [0x00000000c0000000, 0x00000000e3f00000, 0x00000000eab00000)
  object space 588800K, 99% used [0x00000000c0000000,0x00000000e3ee8a00,0x00000000e3f00000)
 Metaspace       used 67135K, committed 68608K, reserved 1114112K
  class space    used 6839K, committed 7488K, reserved 1048576K
}
Event: 54.994 GC heap before
{Heap before GC invocations=582 (full 3):
 PSYoungGen      total 3584K, used 3568K [0x00000000eab00000, 0x00000000eb400000, 0x0000000100000000)
  eden space 3072K, 100% used [0x00000000eab00000,0x00000000eae00000,0x00000000eae00000)
  from space 512K, 96% used [0x00000000eb380000,0x00000000eb3fc010,0x00000000eb400000)
  to   space 1024K, 0% used [0x00000000eb200000,0x00000000eb200000,0x00000000eb300000)
 ParOldGen       total 588800K, used 588706K [0x00000000c0000000, 0x00000000e3f00000, 0x00000000eab00000)
  object space 588800K, 99% used [0x00000000c0000000,0x00000000e3ee8a00,0x00000000e3f00000)
 Metaspace       used 67217K, committed 68736K, reserved 1114112K
  class space    used 6851K, committed 7552K, reserved 1048576K
}
Event: 54.998 GC heap after
{Heap after GC invocations=582 (full 3):
 PSYoungGen      total 4096K, used 608K [0x00000000eab00000, 0x00000000eb400000, 0x0000000100000000)
  eden space 3072K, 0% used [0x00000000eab00000,0x00000000eab00000,0x00000000eae00000)
  from space 1024K, 59% used [0x00000000eb200000,0x00000000eb298000,0x00000000eb300000)
  to   space 1024K, 0% used [0x00000000eb300000,0x00000000eb300000,0x00000000eb400000)
 ParOldGen       total 589312K, used 589140K [0x00000000c0000000, 0x00000000e3f80000, 0x00000000eab00000)
  object space 589312K, 99% used [0x00000000c0000000,0x00000000e3f55320,0x00000000e3f80000)
 Metaspace       used 67217K, committed 68736K, reserved 1114112K
  class space    used 6851K, committed 7552K, reserved 1048576K
}
Event: 55.037 GC heap before
{Heap before GC invocations=583 (full 3):
 PSYoungGen      total 4096K, used 3656K [0x00000000eab00000, 0x00000000eb400000, 0x0000000100000000)
  eden space 3072K, 99% used [0x00000000eab00000,0x00000000eadfa088,0x00000000eae00000)
  from space 1024K, 59% used [0x00000000eb200000,0x00000000eb298000,0x00000000eb300000)
  to   space 1024K, 0% used [0x00000000eb300000,0x00000000eb300000,0x00000000eb400000)
 ParOldGen       total 589312K, used 589140K [0x00000000c0000000, 0x00000000e3f80000, 0x00000000eab00000)
  object space 589312K, 99% used [0x00000000c0000000,0x00000000e3f55320,0x00000000e3f80000)
 Metaspace       used 67357K, committed 68864K, reserved 1114112K
  class space    used 6863K, committed 7552K, reserved 1048576K
}
Event: 55.043 GC heap after
{Heap after GC invocations=583 (full 3):
 PSYoungGen      total 3584K, used 445K [0x00000000eab00000, 0x00000000eb380000, 0x0000000100000000)
  eden space 3072K, 0% used [0x00000000eab00000,0x00000000eab00000,0x00000000eae00000)
  from space 512K, 86% used [0x00000000eb300000,0x00000000eb36f430,0x00000000eb380000)
  to   space 512K, 0% used [0x00000000eb280000,0x00000000eb280000,0x00000000eb300000)
 ParOldGen       total 591360K, used 590989K [0x00000000c0000000, 0x00000000e4180000, 0x00000000eab00000)
  object space 591360K, 99% used [0x00000000c0000000,0x00000000e4123420,0x00000000e4180000)
 Metaspace       used 67357K, committed 68864K, reserved 1114112K
  class space    used 6863K, committed 7552K, reserved 1048576K
}
Event: 55.071 GC heap before
{Heap before GC invocations=584 (full 3):
 PSYoungGen      total 3584K, used 3517K [0x00000000eab00000, 0x00000000eb380000, 0x0000000100000000)
  eden space 3072K, 100% used [0x00000000eab00000,0x00000000eae00000,0x00000000eae00000)
  from space 512K, 86% used [0x00000000eb300000,0x00000000eb36f430,0x00000000eb380000)
  to   space 512K, 0% used [0x00000000eb280000,0x00000000eb280000,0x00000000eb300000)
 ParOldGen       total 591360K, used 590989K [0x00000000c0000000, 0x00000000e4180000, 0x00000000eab00000)
  object space 591360K, 99% used [0x00000000c0000000,0x00000000e4123420,0x00000000e4180000)
 Metaspace       used 67389K, committed 68864K, reserved 1114112K
  class space    used 6865K, committed 7552K, reserved 1048576K
}
Event: 55.078 GC heap after
{Heap after GC invocations=584 (full 3):
 PSYoungGen      total 3584K, used 498K [0x00000000eab00000, 0x00000000eb400000, 0x0000000100000000)
  eden space 3072K, 0% used [0x00000000eab00000,0x00000000eab00000,0x00000000eae00000)
  from space 512K, 97% used [0x00000000eb280000,0x00000000eb2fc860,0x00000000eb300000)
  to   space 1024K, 0% used [0x00000000eb300000,0x00000000eb300000,0x00000000eb400000)
 ParOldGen       total 593408K, used 592942K [0x00000000c0000000, 0x00000000e4380000, 0x00000000eab00000)
  object space 593408K, 99% used [0x00000000c0000000,0x00000000e430baa0,0x00000000e4380000)
 Metaspace       used 67389K, committed 68864K, reserved 1114112K
  class space    used 6865K, committed 7552K, reserved 1048576K
}
Event: 55.104 GC heap before
{Heap before GC invocations=585 (full 3):
 PSYoungGen      total 3584K, used 3570K [0x00000000eab00000, 0x00000000eb400000, 0x0000000100000000)
  eden space 3072K, 100% used [0x00000000eab00000,0x00000000eae00000,0x00000000eae00000)
  from space 512K, 97% used [0x00000000eb280000,0x00000000eb2fc860,0x00000000eb300000)
  to   space 1024K, 0% used [0x00000000eb300000,0x00000000eb300000,0x00000000eb400000)
 ParOldGen       total 593408K, used 592942K [0x00000000c0000000, 0x00000000e4380000, 0x00000000eab00000)
  object space 593408K, 99% used [0x00000000c0000000,0x00000000e430baa0,0x00000000e4380000)
 Metaspace       used 67436K, committed 68928K, reserved 1114112K
  class space    used 6869K, committed 7552K, reserved 1048576K
}
Event: 55.109 GC heap after
{Heap after GC invocations=585 (full 3):
 PSYoungGen      total 4096K, used 799K [0x00000000eab00000, 0x00000000eb400000, 0x0000000100000000)
  eden space 3072K, 0% used [0x00000000eab00000,0x00000000eab00000,0x00000000eae00000)
  from space 1024K, 78% used [0x00000000eb300000,0x00000000eb3c7cd0,0x00000000eb400000)
  to   space 1536K, 0% used [0x00000000eb100000,0x00000000eb100000,0x00000000eb280000)
 ParOldGen       total 593920K, used 593411K [0x00000000c0000000, 0x00000000e4400000, 0x00000000eab00000)
  object space 593920K, 99% used [0x00000000c0000000,0x00000000e4380fd8,0x00000000e4400000)
 Metaspace       used 67436K, committed 68928K, reserved 1114112K
  class space    used 6869K, committed 7552K, reserved 1048576K
}
Event: 55.152 GC heap before
{Heap before GC invocations=586 (full 3):
 PSYoungGen      total 4096K, used 3635K [0x00000000eab00000, 0x00000000eb400000, 0x0000000100000000)
  eden space 3072K, 92% used [0x00000000eab00000,0x00000000eadc5310,0x00000000eae00000)
  from space 1024K, 78% used [0x00000000eb300000,0x00000000eb3c7cd0,0x00000000eb400000)
  to   space 1536K, 0% used [0x00000000eb100000,0x00000000eb100000,0x00000000eb280000)
 ParOldGen       total 593920K, used 593411K [0x00000000c0000000, 0x00000000e4400000, 0x00000000eab00000)
  object space 593920K, 99% used [0x00000000c0000000,0x00000000e4380fd8,0x00000000e4400000)
 Metaspace       used 67623K, committed 69056K, reserved 1114112K
  class space    used 6901K, committed 7552K, reserved 1048576K
}
Event: 55.156 GC heap after
{Heap after GC invocations=586 (full 3):
 PSYoungGen      total 4608K, used 640K [0x00000000eab00000, 0x00000000eb380000, 0x0000000100000000)
  eden space 3072K, 0% used [0x00000000eab00000,0x00000000eab00000,0x00000000eae00000)
  from space 1536K, 41% used [0x00000000eb100000,0x00000000eb1a0020,0x00000000eb280000)
  to   space 1024K, 0% used [0x00000000eb280000,0x00000000eb280000,0x00000000eb380000)
 ParOldGen       total 593920K, used 593915K [0x00000000c0000000, 0x00000000e4400000, 0x00000000eab00000)
  object space 593920K, 99% used [0x00000000c0000000,0x00000000e43fefd8,0x00000000e4400000)
 Metaspace       used 67623K, committed 69056K, reserved 1114112K
  class space    used 6901K, committed 7552K, reserved 1048576K
}
Event: 55.171 GC heap before
{Heap before GC invocations=587 (full 3):
 PSYoungGen      total 4608K, used 3543K [0x00000000eab00000, 0x00000000eb380000, 0x0000000100000000)
  eden space 3072K, 94% used [0x00000000eab00000,0x00000000eadd5c08,0x00000000eae00000)
  from space 1536K, 41% used [0x00000000eb100000,0x00000000eb1a0020,0x00000000eb280000)
  to   space 1024K, 0% used [0x00000000eb280000,0x00000000eb280000,0x00000000eb380000)
 ParOldGen       total 593920K, used 593915K [0x00000000c0000000, 0x00000000e4400000, 0x00000000eab00000)
  object space 593920K, 99% used [0x00000000c0000000,0x00000000e43fefd8,0x00000000e4400000)
 Metaspace       used 67693K, committed 69184K, reserved 1114112K
  class space    used 6909K, committed 7616K, reserved 1048576K
}
Event: 55.176 GC heap after
{Heap after GC invocations=587 (full 3):
 PSYoungGen      total 3584K, used 192K [0x00000000eab00000, 0x00000000eb300000, 0x0000000100000000)
  eden space 3072K, 0% used [0x00000000eab00000,0x00000000eab00000,0x00000000eae00000)
  from space 512K, 37% used [0x00000000eb280000,0x00000000eb2b0000,0x00000000eb300000)
  to   space 512K, 0% used [0x00000000eb200000,0x00000000eb200000,0x00000000eb280000)
 ParOldGen       total 594432K, used 594420K [0x00000000c0000000, 0x00000000e4480000, 0x00000000eab00000)
  object space 594432K, 99% used [0x00000000c0000000,0x00000000e447d288,0x00000000e4480000)
 Metaspace       used 67693K, committed 69184K, reserved 1114112K
  class space    used 6909K, committed 7616K, reserved 1048576K
}
Event: 55.198 GC heap before
{Heap before GC invocations=588 (full 3):
 PSYoungGen      total 3584K, used 3145K [0x00000000eab00000, 0x00000000eb300000, 0x0000000100000000)
  eden space 3072K, 96% used [0x00000000eab00000,0x00000000eade24f0,0x00000000eae00000)
  from space 512K, 37% used [0x00000000eb280000,0x00000000eb2b0000,0x00000000eb300000)
  to   space 512K, 0% used [0x00000000eb200000,0x00000000eb200000,0x00000000eb280000)
 ParOldGen       total 594432K, used 594420K [0x00000000c0000000, 0x00000000e4480000, 0x00000000eab00000)
  object space 594432K, 99% used [0x00000000c0000000,0x00000000e447d288,0x00000000e4480000)
 Metaspace       used 67809K, committed 69312K, reserved 1114112K
  class space    used 6917K, committed 7616K, reserved 1048576K
}
Event: 55.220 GC heap after
{Heap after GC invocations=588 (full 3):
 PSYoungGen      total 4608K, used 160K [0x00000000eab00000, 0x00000000eb300000, 0x0000000100000000)
  eden space 4096K, 0% used [0x00000000eab00000,0x00000000eab00000,0x00000000eaf00000)
  from space 512K, 31% used [0x00000000eb200000,0x00000000eb228000,0x00000000eb280000)
  to   space 512K, 0% used [0x00000000eb280000,0x00000000eb280000,0x00000000eb300000)
 ParOldGen       total 596480K, used 595790K [0x00000000c0000000, 0x00000000e4680000, 0x00000000eab00000)
  object space 596480K, 99% used [0x00000000c0000000,0x00000000e45d3a08,0x00000000e4680000)
 Metaspace       used 67809K, committed 69312K, reserved 1114112K
  class space    used 6917K, committed 7616K, reserved 1048576K
}
Event: 55.252 GC heap before
{Heap before GC invocations=589 (full 3):
 PSYoungGen      total 4608K, used 3977K [0x00000000eab00000, 0x00000000eb300000, 0x0000000100000000)
  eden space 4096K, 93% used [0x00000000eab00000,0x00000000eaeba738,0x00000000eaf00000)
  from space 512K, 31% used [0x00000000eb200000,0x00000000eb228000,0x00000000eb280000)
  to   space 512K, 0% used [0x00000000eb280000,0x00000000eb280000,0x00000000eb300000)
 ParOldGen       total 596480K, used 595790K [0x00000000c0000000, 0x00000000e4680000, 0x00000000eab00000)
  object space 596480K, 99% used [0x00000000c0000000,0x00000000e45d3a08,0x00000000e4680000)
 Metaspace       used 67820K, committed 69312K, reserved 1114112K
  class space    used 6917K, committed 7616K, reserved 1048576K
}
Event: 55.255 GC heap after
{Heap after GC invocations=589 (full 3):
 PSYoungGen      total 4608K, used 128K [0x00000000eab00000, 0x00000000eb300000, 0x0000000100000000)
  eden space 4096K, 0% used [0x00000000eab00000,0x00000000eab00000,0x00000000eaf00000)
  from space 512K, 25% used [0x00000000eb280000,0x00000000eb2a0000,0x00000000eb300000)
  to   space 512K, 0% used [0x00000000eb200000,0x00000000eb200000,0x00000000eb280000)
 ParOldGen       total 596480K, used 595854K [0x00000000c0000000, 0x00000000e4680000, 0x00000000eab00000)
  object space 596480K, 99% used [0x00000000c0000000,0x00000000e45e3a08,0x00000000e4680000)
 Metaspace       used 67820K, committed 69312K, reserved 1114112K
  class space    used 6917K, committed 7616K, reserved 1048576K
}
Event: 55.268 GC heap before
{Heap before GC invocations=590 (full 3):
 PSYoungGen      total 4608K, used 3807K [0x00000000eab00000, 0x00000000eb300000, 0x0000000100000000)
  eden space 4096K, 89% used [0x00000000eab00000,0x00000000eae97c18,0x00000000eaf00000)
  from space 512K, 25% used [0x00000000eb280000,0x00000000eb2a0000,0x00000000eb300000)
  to   space 512K, 0% used [0x00000000eb200000,0x00000000eb200000,0x00000000eb280000)
 ParOldGen       total 596480K, used 595854K [0x00000000c0000000, 0x00000000e4680000, 0x00000000eab00000)
  object space 596480K, 99% used [0x00000000c0000000,0x00000000e45e3a08,0x00000000e4680000)
 Metaspace       used 67828K, committed 69376K, reserved 1114112K
  class space    used 6918K, committed 7616K, reserved 1048576K
}
Event: 55.273 GC heap after
{Heap after GC invocations=590 (full 3):
 PSYoungGen      total 5632K, used 393K [0x00000000eab00000, 0x00000000eb300000, 0x0000000100000000)
  eden space 5120K, 0% used [0x00000000eab00000,0x00000000eab00000,0x00000000eb000000)
  from space 512K, 76% used [0x00000000eb200000,0x00000000eb2625a8,0x00000000eb280000)
  to   space 512K, 0% used [0x00000000eb280000,0x00000000eb280000,0x00000000eb300000)
 ParOldGen       total 600064K, used 599115K [0x00000000c0000000, 0x00000000e4a00000, 0x00000000eab00000)
  object space 600064K, 99% used [0x00000000c0000000,0x00000000e4912da8,0x00000000e4a00000)
 Metaspace       used 67828K, committed 69376K, reserved 1114112K
  class space    used 6918K, committed 7616K, reserved 1048576K
}

Dll operation events (11 events):
Event: 0.017 Loaded shared library c:\Users\21658\.vscode\extensions\redhat.java-1.41.1-win32-x64\jre\21.0.6-win32-x86_64\bin\java.dll
Event: 0.201 Loaded shared library c:\Users\21658\.vscode\extensions\redhat.java-1.41.1-win32-x64\jre\21.0.6-win32-x86_64\bin\zip.dll
Event: 0.234 Loaded shared library C:\Users\21658\.vscode\extensions\redhat.java-1.41.1-win32-x64\jre\21.0.6-win32-x86_64\bin\instrument.dll
Event: 0.243 Loaded shared library C:\Users\21658\.vscode\extensions\redhat.java-1.41.1-win32-x64\jre\21.0.6-win32-x86_64\bin\net.dll
Event: 0.246 Loaded shared library C:\Users\21658\.vscode\extensions\redhat.java-1.41.1-win32-x64\jre\21.0.6-win32-x86_64\bin\nio.dll
Event: 0.252 Loaded shared library C:\Users\21658\.vscode\extensions\redhat.java-1.41.1-win32-x64\jre\21.0.6-win32-x86_64\bin\zip.dll
Event: 0.274 Loaded shared library C:\Users\21658\.vscode\extensions\redhat.java-1.41.1-win32-x64\jre\21.0.6-win32-x86_64\bin\jimage.dll
Event: 0.399 Loaded shared library c:\Users\21658\.vscode\extensions\redhat.java-1.41.1-win32-x64\jre\21.0.6-win32-x86_64\bin\verify.dll
Event: 2.203 Loaded shared library C:\Users\21658\AppData\Roaming\Code\User\globalStorage\redhat.java\1.41.1\config_win\org.eclipse.equinox.launcher\org.eclipse.equinox.launcher.win32.win32.x86_64_1.2.1300.v20250331-1702\eclipse_11911.dll
Event: 5.286 Loaded shared library C:\Users\21658\AppData\Local\Temp\jna-47689402\jna9838199431115191543.dll
Event: 55.088 Loaded shared library C:\Users\21658\.vscode\extensions\redhat.java-1.41.1-win32-x64\jre\21.0.6-win32-x86_64\bin\sunmscapi.dll

Deoptimization events (20 events):
Event: 55.258 Thread 0x000001997b42c370 DEOPT PACKING pc=0x0000019929654174 sp=0x0000004c176ff050
Event: 55.258 Thread 0x000001997b42c370 DEOPT UNPACKING pc=0x0000019928ac3aa2 sp=0x0000004c176ff0a0 mode 2
Event: 55.258 Thread 0x000001997b42c370 Uncommon trap: trap_request=0xffffffbe fr.pc=0x0000019929654174 relative=0x0000000000001454
Event: 55.258 Thread 0x000001997b42c370 Uncommon trap: reason=profile_predicate action=maybe_recompile pc=0x0000019929654174 method=java.util.zip.InflaterInputStream.read([BII)I @ 37 c2
Event: 55.258 Thread 0x000001997b42c370 DEOPT PACKING pc=0x0000019929654174 sp=0x0000004c176ff050
Event: 55.258 Thread 0x000001997b42c370 DEOPT UNPACKING pc=0x0000019928ac3aa2 sp=0x0000004c176ff0a0 mode 2
Event: 55.258 Thread 0x000001997b42c370 Uncommon trap: trap_request=0xffffffbe fr.pc=0x0000019929654174 relative=0x0000000000001454
Event: 55.258 Thread 0x000001997b42c370 Uncommon trap: reason=profile_predicate action=maybe_recompile pc=0x0000019929654174 method=java.util.zip.InflaterInputStream.read([BII)I @ 37 c2
Event: 55.258 Thread 0x000001997b42c370 DEOPT PACKING pc=0x0000019929654174 sp=0x0000004c176ff050
Event: 55.258 Thread 0x000001997b42c370 DEOPT UNPACKING pc=0x0000019928ac3aa2 sp=0x0000004c176ff0a0 mode 2
Event: 55.258 Thread 0x000001997b42c370 Uncommon trap: trap_request=0xffffffbe fr.pc=0x0000019929654174 relative=0x0000000000001454
Event: 55.258 Thread 0x000001997b42c370 Uncommon trap: reason=profile_predicate action=maybe_recompile pc=0x0000019929654174 method=java.util.zip.InflaterInputStream.read([BII)I @ 37 c2
Event: 55.258 Thread 0x000001997b42c370 DEOPT PACKING pc=0x0000019929654174 sp=0x0000004c176ff050
Event: 55.258 Thread 0x000001997b42c370 DEOPT UNPACKING pc=0x0000019928ac3aa2 sp=0x0000004c176ff0a0 mode 2
Event: 55.365 Thread 0x000001997b430510 DEOPT PACKING pc=0x00000199222df220 sp=0x0000004c172fe4f0
Event: 55.365 Thread 0x000001997b430510 DEOPT UNPACKING pc=0x0000019928ac4242 sp=0x0000004c172fd9f8 mode 3
Event: 55.484 Thread 0x000001997b42c370 Uncommon trap: trap_request=0xffffff45 fr.pc=0x0000019929972850 relative=0x00000000000001f0
Event: 55.484 Thread 0x000001997b42c370 Uncommon trap: reason=unstable_if action=reinterpret pc=0x0000019929972850 method=java.util.zip.GZIPInputStream.read([BII)I @ 25 c2
Event: 55.484 Thread 0x000001997b42c370 DEOPT PACKING pc=0x0000019929972850 sp=0x0000004c176ff1e0
Event: 55.484 Thread 0x000001997b42c370 DEOPT UNPACKING pc=0x0000019928ac3aa2 sp=0x0000004c176ff128 mode 2

Classes loaded (20 events):
Event: 55.184 Loading class com/sun/crypto/provider/SymmetricCipher done
Event: 55.184 Loading class com/sun/crypto/provider/AESCrypt done
Event: 55.185 Loading class com/sun/crypto/provider/ElectronicCodeBook
Event: 55.185 Loading class com/sun/crypto/provider/FeedbackCipher
Event: 55.186 Loading class com/sun/crypto/provider/FeedbackCipher done
Event: 55.186 Loading class com/sun/crypto/provider/ElectronicCodeBook done
Event: 55.186 Loading class com/sun/crypto/provider/PKCS5Padding
Event: 55.186 Loading class com/sun/crypto/provider/Padding
Event: 55.186 Loading class com/sun/crypto/provider/Padding done
Event: 55.186 Loading class com/sun/crypto/provider/PKCS5Padding done
Event: 55.186 Loading class com/sun/crypto/provider/CipherBlockChaining
Event: 55.187 Loading class com/sun/crypto/provider/CipherBlockChaining done
Event: 55.187 Loading class javax/crypto/NullCipher
Event: 55.188 Loading class javax/crypto/NullCipher done
Event: 55.188 Loading class sun/security/util/ArrayUtil
Event: 55.189 Loading class sun/security/util/ArrayUtil done
Event: 55.257 Loading class java/util/zip/CheckedInputStream
Event: 55.258 Loading class java/util/zip/CheckedInputStream done
Event: 55.484 Loading class java/util/zip/GZIPInputStream$1
Event: 55.484 Loading class java/util/zip/GZIPInputStream$1 done

Classes unloaded (11 events):
Event: 6.332 Thread 0x00000199326e2470 Unloading class 0x000001993419a400 'java/lang/invoke/LambdaForm$MH+0x000001993419a400'
Event: 6.332 Thread 0x00000199326e2470 Unloading class 0x000001993419a000 'java/lang/invoke/LambdaForm$MH+0x000001993419a000'
Event: 6.332 Thread 0x00000199326e2470 Unloading class 0x0000019934199c00 'java/lang/invoke/LambdaForm$MH+0x0000019934199c00'
Event: 6.332 Thread 0x00000199326e2470 Unloading class 0x0000019934199800 'java/lang/invoke/LambdaForm$MH+0x0000019934199800'
Event: 6.332 Thread 0x00000199326e2470 Unloading class 0x0000019934199400 'java/lang/invoke/LambdaForm$BMH+0x0000019934199400'
Event: 6.332 Thread 0x00000199326e2470 Unloading class 0x0000019934199000 'java/lang/invoke/LambdaForm$DMH+0x0000019934199000'
Event: 6.332 Thread 0x00000199326e2470 Unloading class 0x0000019934197c00 'java/lang/invoke/LambdaForm$DMH+0x0000019934197c00'
Event: 20.649 Thread 0x00000199326e2470 Unloading class 0x0000019934661400 'java/lang/invoke/LambdaForm$DMH+0x0000019934661400'
Event: 20.649 Thread 0x00000199326e2470 Unloading class 0x0000019934661000 'java/lang/invoke/LambdaForm$DMH+0x0000019934661000'
Event: 20.649 Thread 0x00000199326e2470 Unloading class 0x0000019934660c00 'java/lang/invoke/LambdaForm$DMH+0x0000019934660c00'
Event: 20.649 Thread 0x00000199326e2470 Unloading class 0x0000019934660800 'java/lang/invoke/LambdaForm$DMH+0x0000019934660800'

Classes redefined (0 events):
No events

Internal exceptions (20 events):
Event: 53.013 Thread 0x000001997bc44ce0 Exception <a 'java/lang/IncompatibleClassChangeError'{0x00000000eae6fcb0}: Found class java.lang.Object, but interface was expected> (0x00000000eae6fcb0) 
thrown [s\src\hotspot\share\interpreter\linkResolver.cpp, line 840]
Event: 53.652 Thread 0x000001997bc44ce0 Exception <a 'java/lang/IncompatibleClassChangeError'{0x00000000eb004b10}: Found class java.lang.Object, but interface was expected> (0x00000000eb004b10) 
thrown [s\src\hotspot\share\interpreter\linkResolver.cpp, line 840]
Event: 53.796 Thread 0x000001997a71e720 Implicit null exception at 0x00000199296ed701 to 0x00000199296ef798
Event: 53.838 Thread 0x000001997a71e720 Exception <a 'sun/nio/fs/WindowsException'{0x00000000ead95df8}> (0x00000000ead95df8) 
thrown [s\src\hotspot\share\prims\jni.cpp, line 520]
Event: 53.849 Thread 0x000001997a71e720 Exception <a 'sun/nio/fs/WindowsException'{0x00000000eade78d0}> (0x00000000eade78d0) 
thrown [s\src\hotspot\share\prims\jni.cpp, line 520]
Event: 54.390 Thread 0x000001997a71e720 Exception <a 'sun/nio/fs/WindowsException'{0x00000000eac0fae8}> (0x00000000eac0fae8) 
thrown [s\src\hotspot\share\prims\jni.cpp, line 520]
Event: 54.585 Thread 0x000001997bc44ce0 Exception <a 'java/lang/IncompatibleClassChangeError'{0x00000000eac5b758}: Found class java.lang.Object, but interface was expected> (0x00000000eac5b758) 
thrown [s\src\hotspot\share\interpreter\linkResolver.cpp, line 840]
Event: 54.755 Thread 0x000001997b430ba0 Exception <a 'java/lang/NoSuchMethodError'{0x00000000eac16e28}: 'java.lang.Object java.lang.invoke.DirectMethodHandle$Holder.invokeStatic(java.lang.Object, int, int, java.lang.Object)'> (0x00000000eac16e28) 
thrown [s\src\hotspot\share\interpreter\linkResolver.cpp, line 773]
Event: 54.794 Thread 0x000001997bc44ce0 Exception <a 'java/lang/IncompatibleClassChangeError'{0x00000000ead465f0}: Found class java.lang.Object, but interface was expected> (0x00000000ead465f0) 
thrown [s\src\hotspot\share\interpreter\linkResolver.cpp, line 840]
Event: 54.795 Thread 0x000001997bc44ce0 Exception <a 'java/lang/IncompatibleClassChangeError'{0x00000000ead57660}: Found class java.lang.Object, but interface was expected> (0x00000000ead57660) 
thrown [s\src\hotspot\share\interpreter\linkResolver.cpp, line 840]
Event: 54.837 Thread 0x000001997bc44ce0 Exception <a 'java/lang/IncompatibleClassChangeError'{0x00000000ead1e540}: Found class java.lang.Object, but interface was expected> (0x00000000ead1e540) 
thrown [s\src\hotspot\share\interpreter\linkResolver.cpp, line 840]
Event: 55.138 Thread 0x000001997b430510 Exception <a 'sun/nio/fs/WindowsException'{0x00000000eaca7278}> (0x00000000eaca7278) 
thrown [s\src\hotspot\share\prims\jni.cpp, line 520]
Event: 55.138 Thread 0x000001997b430510 Exception <a 'sun/nio/fs/WindowsException'{0x00000000eaca7b58}> (0x00000000eaca7b58) 
thrown [s\src\hotspot\share\prims\jni.cpp, line 520]
Event: 55.138 Thread 0x000001997b430510 Exception <a 'sun/nio/fs/WindowsException'{0x00000000eacac648}> (0x00000000eacac648) 
thrown [s\src\hotspot\share\prims\jni.cpp, line 520]
Event: 55.138 Thread 0x000001997b430510 Exception <a 'sun/nio/fs/WindowsException'{0x00000000eacacf28}> (0x00000000eacacf28) 
thrown [s\src\hotspot\share\prims\jni.cpp, line 520]
Event: 55.140 Thread 0x000001997b430510 Exception <a 'sun/nio/fs/WindowsException'{0x00000000eacbbb98}> (0x00000000eacbbb98) 
thrown [s\src\hotspot\share\prims\jni.cpp, line 520]
Event: 55.140 Thread 0x000001997b430510 Exception <a 'sun/nio/fs/WindowsException'{0x00000000eace3e80}> (0x00000000eace3e80) 
thrown [s\src\hotspot\share\prims\jni.cpp, line 520]
Event: 55.145 Thread 0x000001997b430510 Exception <a 'sun/nio/fs/WindowsException'{0x00000000ead273a8}> (0x00000000ead273a8) 
thrown [s\src\hotspot\share\prims\jni.cpp, line 520]
Event: 55.145 Thread 0x000001997b430510 Exception <a 'sun/nio/fs/WindowsException'{0x00000000ead27c88}> (0x00000000ead27c88) 
thrown [s\src\hotspot\share\prims\jni.cpp, line 520]
Event: 55.146 Thread 0x000001997b42c370 Exception <a 'sun/nio/fs/WindowsException'{0x00000000ead23240}> (0x00000000ead23240) 
thrown [s\src\hotspot\share\prims\jni.cpp, line 520]

ZGC Phase Switch (0 events):
No events

VM Operations (20 events):
Event: 55.147 Executing VM operation: HandshakeAllThreads (Deoptimize)
Event: 55.148 Executing VM operation: HandshakeAllThreads (Deoptimize) done
Event: 55.151 Executing VM operation: ParallelGCFailedAllocation (Allocation Failure)
Event: 55.156 Executing VM operation: ParallelGCFailedAllocation (Allocation Failure) done
Event: 55.156 Executing VM operation: HandshakeAllThreads (Deoptimize)
Event: 55.157 Executing VM operation: HandshakeAllThreads (Deoptimize) done
Event: 55.170 Executing VM operation: ParallelGCFailedAllocation (Allocation Failure)
Event: 55.176 Executing VM operation: ParallelGCFailedAllocation (Allocation Failure) done
Event: 55.198 Executing VM operation: ParallelGCFailedAllocation (Allocation Failure)
Event: 55.220 Executing VM operation: ParallelGCFailedAllocation (Allocation Failure) done
Event: 55.252 Executing VM operation: ParallelGCFailedAllocation (Allocation Failure)
Event: 55.255 Executing VM operation: ParallelGCFailedAllocation (Allocation Failure) done
Event: 55.268 Executing VM operation: ParallelGCFailedAllocation (Allocation Failure)
Event: 55.273 Executing VM operation: ParallelGCFailedAllocation (Allocation Failure) done
Event: 55.342 Executing VM operation: HandshakeAllThreads (Deoptimize)
Event: 55.342 Executing VM operation: HandshakeAllThreads (Deoptimize) done
Event: 55.347 Executing VM operation: HandshakeAllThreads (Deoptimize)
Event: 55.364 Executing VM operation: HandshakeAllThreads (Deoptimize) done
Event: 55.424 Executing VM operation: HandshakeAllThreads (Deoptimize)
Event: 55.476 Executing VM operation: HandshakeAllThreads (Deoptimize) done

Memory protections (0 events):
No events

Nmethod flushes (20 events):
Event: 20.681 Thread 0x00000199326e2470 flushing osr nmethod 0x0000019921d6e410
Event: 20.681 Thread 0x00000199326e2470 flushing osr nmethod 0x0000019921da4210
Event: 20.681 Thread 0x00000199326e2470 flushing  nmethod 0x0000019921dc1710
Event: 20.681 Thread 0x00000199326e2470 flushing  nmethod 0x0000019921dcf910
Event: 20.681 Thread 0x00000199326e2470 flushing  nmethod 0x0000019921dd8190
Event: 20.681 Thread 0x00000199326e2470 flushing  nmethod 0x0000019921dda310
Event: 20.681 Thread 0x00000199326e2470 flushing  nmethod 0x0000019921df2e10
Event: 20.681 Thread 0x00000199326e2470 flushing  nmethod 0x0000019921dfab90
Event: 20.681 Thread 0x00000199326e2470 flushing  nmethod 0x0000019921e02d10
Event: 20.681 Thread 0x00000199326e2470 flushing  nmethod 0x0000019921e03510
Event: 20.681 Thread 0x00000199326e2470 flushing  nmethod 0x0000019921e15810
Event: 20.681 Thread 0x00000199326e2470 flushing  nmethod 0x0000019921e32910
Event: 20.681 Thread 0x00000199326e2470 flushing  nmethod 0x0000019921e67d10
Event: 20.681 Thread 0x00000199326e2470 flushing  nmethod 0x0000019921e68110
Event: 20.681 Thread 0x00000199326e2470 flushing  nmethod 0x0000019921e68490
Event: 20.681 Thread 0x00000199326e2470 flushing  nmethod 0x0000019921e69010
Event: 20.681 Thread 0x00000199326e2470 flushing  nmethod 0x0000019921e69f10
Event: 20.681 Thread 0x00000199326e2470 flushing  nmethod 0x0000019921e7a410
Event: 20.681 Thread 0x00000199326e2470 flushing  nmethod 0x0000019921e7b610
Event: 20.681 Thread 0x00000199326e2470 flushing  nmethod 0x0000019921e7c910

Events (20 events):
Event: 34.519 Thread 0x000001997cefd7b0 Thread exited: 0x000001997cefd7b0
Event: 35.829 Thread 0x000001997599a340 Thread exited: 0x000001997599a340
Event: 38.048 Thread 0x0000019975118070 Thread added: 0x000001997b82bfb0
Event: 38.066 Thread 0x0000019975118070 Thread added: 0x000001997b82a260
Event: 38.761 Thread 0x000001997a71e720 Thread added: 0x000001997b430510
Event: 39.867 Thread 0x000001997bc44ce0 Thread added: 0x000001997b430ba0
Event: 39.867 Thread 0x000001997bc44ce0 Thread added: 0x000001997b431230
Event: 39.868 Thread 0x000001997bc44ce0 Thread added: 0x000001997b42d090
Event: 40.145 Thread 0x000001997a71c650 Thread added: 0x000001997b42ddb0
Event: 41.114 Thread 0x000001997b430510 Thread added: 0x000001997b42d720
Event: 41.127 Thread 0x000001997b42d720 Thread added: 0x000001997b42fe80
Event: 41.146 Thread 0x000001997b42fe80 Thread added: 0x000001997b4318c0
Event: 45.145 Thread 0x000001997b82a260 Thread exited: 0x000001997b82a260
Event: 45.145 Thread 0x000001997b82bfb0 Thread exited: 0x000001997b82bfb0
Event: 45.145 Thread 0x000001997b42ddb0 Thread exited: 0x000001997b42ddb0
Event: 53.047 Thread 0x000001993270f500 Thread added: 0x000001997b82a260
Event: 53.431 Thread 0x000001997b82a260 Thread exited: 0x000001997b82a260
Event: 53.482 Thread 0x0000019975118070 Thread added: 0x000001997d23dcc0
Event: 53.503 Thread 0x0000019975118070 Thread added: 0x000001997b82a260
Event: 54.967 Thread 0x000001997b430510 Thread added: 0x000001997b42c370


Dynamic libraries:
0x00007ff7baa80000 - 0x00007ff7baa8e000 	c:\Users\21658\.vscode\extensions\redhat.java-1.41.1-win32-x64\jre\21.0.6-win32-x86_64\bin\java.exe
0x00007ff89cf10000 - 0x00007ff89d127000 	C:\WINDOWS\SYSTEM32\ntdll.dll
0x00007ff89b850000 - 0x00007ff89b914000 	C:\WINDOWS\System32\KERNEL32.DLL
0x00007ff89a770000 - 0x00007ff89ab43000 	C:\WINDOWS\System32\KERNELBASE.dll
0x00007ff89a320000 - 0x00007ff89a431000 	C:\WINDOWS\System32\ucrtbase.dll
0x00007ff87eb40000 - 0x00007ff87eb58000 	c:\Users\21658\.vscode\extensions\redhat.java-1.41.1-win32-x64\jre\21.0.6-win32-x86_64\bin\jli.dll
0x00007ff8607c0000 - 0x00007ff8607de000 	c:\Users\21658\.vscode\extensions\redhat.java-1.41.1-win32-x64\jre\21.0.6-win32-x86_64\bin\VCRUNTIME140.dll
0x00007ff89abb0000 - 0x00007ff89ad61000 	C:\WINDOWS\System32\USER32.dll
0x00007ff89ab80000 - 0x00007ff89aba6000 	C:\WINDOWS\System32\win32u.dll
0x00007ff87cc80000 - 0x00007ff87cf18000 	C:\WINDOWS\WinSxS\amd64_microsoft.windows.common-controls_6595b64144ccf1df_6.0.22621.5124_none_270e8f4f7386d69d\COMCTL32.dll
0x00007ff89b5c0000 - 0x00007ff89b5e9000 	C:\WINDOWS\System32\GDI32.dll
0x00007ff89c380000 - 0x00007ff89c427000 	C:\WINDOWS\System32\msvcrt.dll
0x00007ff89a180000 - 0x00007ff89a29b000 	C:\WINDOWS\System32\gdi32full.dll
0x00007ff89a020000 - 0x00007ff89a0ba000 	C:\WINDOWS\System32\msvcp_win.dll
0x00007ff89b380000 - 0x00007ff89b3b1000 	C:\WINDOWS\System32\IMM32.DLL
0x00007ff893090000 - 0x00007ff89309c000 	c:\Users\21658\.vscode\extensions\redhat.java-1.41.1-win32-x64\jre\21.0.6-win32-x86_64\bin\vcruntime140_1.dll
0x00007ff83a3b0000 - 0x00007ff83a43d000 	c:\Users\21658\.vscode\extensions\redhat.java-1.41.1-win32-x64\jre\21.0.6-win32-x86_64\bin\msvcp140.dll
0x00007ffff8dd0000 - 0x00007ffff9b60000 	c:\Users\21658\.vscode\extensions\redhat.java-1.41.1-win32-x64\jre\21.0.6-win32-x86_64\bin\server\jvm.dll
0x00007ff89c5c0000 - 0x00007ff89c671000 	C:\WINDOWS\System32\ADVAPI32.dll
0x00007ff89cc00000 - 0x00007ff89cca8000 	C:\WINDOWS\System32\sechost.dll
0x00007ff89ab50000 - 0x00007ff89ab78000 	C:\WINDOWS\System32\bcrypt.dll
0x00007ff89b3c0000 - 0x00007ff89b4d4000 	C:\WINDOWS\System32\RPCRT4.dll
0x00007ff89b250000 - 0x00007ff89b2c1000 	C:\WINDOWS\System32\WS2_32.dll
0x00007ff899ef0000 - 0x00007ff899f3d000 	C:\WINDOWS\SYSTEM32\POWRPROF.dll
0x00007ff893f10000 - 0x00007ff893f44000 	C:\WINDOWS\SYSTEM32\WINMM.dll
0x00007ff893c40000 - 0x00007ff893c4a000 	C:\WINDOWS\SYSTEM32\VERSION.dll
0x00007ff899ed0000 - 0x00007ff899ee3000 	C:\WINDOWS\SYSTEM32\UMPDC.dll
0x00007ff898ff0000 - 0x00007ff899008000 	C:\WINDOWS\SYSTEM32\kernel.appcore.dll
0x00007ff88ec00000 - 0x00007ff88ec0a000 	c:\Users\21658\.vscode\extensions\redhat.java-1.41.1-win32-x64\jre\21.0.6-win32-x86_64\bin\jimage.dll
0x00007ff897a30000 - 0x00007ff897c62000 	C:\WINDOWS\SYSTEM32\DBGHELP.DLL
0x00007ff89add0000 - 0x00007ff89b162000 	C:\WINDOWS\System32\combase.dll
0x00007ff89b4e0000 - 0x00007ff89b5b7000 	C:\WINDOWS\System32\OLEAUT32.dll
0x00007ff8923a0000 - 0x00007ff8923d2000 	C:\WINDOWS\SYSTEM32\dbgcore.DLL
0x00007ff89a440000 - 0x00007ff89a4bb000 	C:\WINDOWS\System32\bcryptPrimitives.dll
0x00007ff88eaf0000 - 0x00007ff88eaff000 	c:\Users\21658\.vscode\extensions\redhat.java-1.41.1-win32-x64\jre\21.0.6-win32-x86_64\bin\instrument.dll
0x00007ff85f590000 - 0x00007ff85f5af000 	c:\Users\21658\.vscode\extensions\redhat.java-1.41.1-win32-x64\jre\21.0.6-win32-x86_64\bin\java.dll
0x00007ff89b920000 - 0x00007ff89c1b6000 	C:\WINDOWS\System32\SHELL32.dll
0x00007ff89a630000 - 0x00007ff89a76f000 	C:\WINDOWS\System32\wintypes.dll
0x00007ff897ed0000 - 0x00007ff8987ea000 	C:\WINDOWS\SYSTEM32\windows.storage.dll
0x00007ff89cdc0000 - 0x00007ff89ceca000 	C:\WINDOWS\System32\SHCORE.dll
0x00007ff89b170000 - 0x00007ff89b1d3000 	C:\WINDOWS\System32\shlwapi.dll
0x00007ff899f50000 - 0x00007ff899f7b000 	C:\WINDOWS\SYSTEM32\profapi.dll
0x00007ff85bbd0000 - 0x00007ff85bbe8000 	c:\Users\21658\.vscode\extensions\redhat.java-1.41.1-win32-x64\jre\21.0.6-win32-x86_64\bin\zip.dll
0x00007ff88ea70000 - 0x00007ff88ea80000 	C:\Users\21658\.vscode\extensions\redhat.java-1.41.1-win32-x64\jre\21.0.6-win32-x86_64\bin\net.dll
0x00007ff893d10000 - 0x00007ff893e3c000 	C:\WINDOWS\SYSTEM32\WINHTTP.dll
0x00007ff899460000 - 0x00007ff8994ca000 	C:\WINDOWS\system32\mswsock.dll
0x00007ff84d1a0000 - 0x00007ff84d1b6000 	C:\Users\21658\.vscode\extensions\redhat.java-1.41.1-win32-x64\jre\21.0.6-win32-x86_64\bin\nio.dll
0x00007ff88e4b0000 - 0x00007ff88e4c0000 	c:\Users\21658\.vscode\extensions\redhat.java-1.41.1-win32-x64\jre\21.0.6-win32-x86_64\bin\verify.dll
0x00007ff83a310000 - 0x00007ff83a355000 	C:\Users\21658\AppData\Roaming\Code\User\globalStorage\redhat.java\1.41.1\config_win\org.eclipse.equinox.launcher\org.eclipse.equinox.launcher.win32.win32.x86_64_1.2.1300.v20250331-1702\eclipse_11911.dll
0x00007ff89b5f0000 - 0x00007ff89b791000 	C:\WINDOWS\System32\ole32.dll
0x00007ff899700000 - 0x00007ff89971b000 	C:\WINDOWS\SYSTEM32\CRYPTSP.dll
0x00007ff898f50000 - 0x00007ff898f87000 	C:\WINDOWS\system32\rsaenh.dll
0x00007ff899500000 - 0x00007ff899528000 	C:\WINDOWS\SYSTEM32\USERENV.dll
0x00007ff899660000 - 0x00007ff89966c000 	C:\WINDOWS\SYSTEM32\CRYPTBASE.dll
0x00007ff898a50000 - 0x00007ff898a7d000 	C:\WINDOWS\SYSTEM32\IPHLPAPI.DLL
0x00007ff89b2d0000 - 0x00007ff89b2d9000 	C:\WINDOWS\System32\NSI.dll
0x00007ff838480000 - 0x00007ff8384c9000 	C:\Users\21658\AppData\Local\Temp\jna-47689402\jna9838199431115191543.dll
0x00007ff89b7a0000 - 0x00007ff89b7a8000 	C:\WINDOWS\System32\PSAPI.DLL
0x00007ff893c00000 - 0x00007ff893c19000 	C:\WINDOWS\SYSTEM32\dhcpcsvc6.DLL
0x00007ff893b90000 - 0x00007ff893baf000 	C:\WINDOWS\SYSTEM32\dhcpcsvc.DLL
0x00007ff899100000 - 0x00007ff899134000 	C:\WINDOWS\SYSTEM32\ntmarta.dll
0x00007ff83aee0000 - 0x00007ff83aeee000 	C:\Users\21658\.vscode\extensions\redhat.java-1.41.1-win32-x64\jre\21.0.6-win32-x86_64\bin\sunmscapi.dll
0x00007ff89a4c0000 - 0x00007ff89a627000 	C:\WINDOWS\System32\CRYPT32.dll
0x00007ff8998e0000 - 0x00007ff89990d000 	C:\WINDOWS\SYSTEM32\ncrypt.dll
0x00007ff899850000 - 0x00007ff899887000 	C:\WINDOWS\SYSTEM32\NTASN1.dll

dbghelp: loaded successfully - version: 4.0.5 - missing functions: none
symbol engine: initialized successfully - sym options: 0x614 - pdb path: .;c:\Users\21658\.vscode\extensions\redhat.java-1.41.1-win32-x64\jre\21.0.6-win32-x86_64\bin;C:\WINDOWS\SYSTEM32;C:\WINDOWS\WinSxS\amd64_microsoft.windows.common-controls_6595b64144ccf1df_6.0.22621.5124_none_270e8f4f7386d69d;c:\Users\21658\.vscode\extensions\redhat.java-1.41.1-win32-x64\jre\21.0.6-win32-x86_64\bin\server;C:\Users\21658\AppData\Roaming\Code\User\globalStorage\redhat.java\1.41.1\config_win\org.eclipse.equinox.launcher\org.eclipse.equinox.launcher.win32.win32.x86_64_1.2.1300.v20250331-1702;C:\Users\21658\AppData\Local\Temp\jna-47689402

VM Arguments:
jvm_args: --add-modules=ALL-SYSTEM --add-opens=java.base/java.util=ALL-UNNAMED --add-opens=java.base/java.lang=ALL-UNNAMED --add-opens=java.base/sun.nio.fs=ALL-UNNAMED -Declipse.application=org.eclipse.jdt.ls.core.id1 -Dosgi.bundles.defaultStartLevel=4 -Declipse.product=org.eclipse.jdt.ls.core.product -Djava.import.generatesMetadataFilesAtProjectRoot=false -DDetectVMInstallationsJob.disabled=true -Dfile.encoding=utf8 -XX:+UseParallelGC -XX:GCTimeRatio=4 -XX:AdaptiveSizePolicyWeight=90 -Dsun.zip.disableMemoryMapping=true -Xmx1G -Xms100m -Xlog:disable -javaagent:c:\Users\21658\.vscode\extensions\redhat.java-1.41.1-win32-x64\lombok\lombok-1.18.36.jar -XX:+HeapDumpOnOutOfMemoryError -XX:HeapDumpPath=c:\Users\21658\AppData\Roaming\Code\User\workspaceStorage\d1496b096d0a1c07d90c78ab5ca7316e\redhat.java -Daether.dependencyCollector.impl=bf 
java_command: c:\Users\21658\.vscode\extensions\redhat.java-1.41.1-win32-x64\server\plugins\org.eclipse.equinox.launcher_1.7.0.v20250331-1702.jar -configuration c:\Users\21658\AppData\Roaming\Code\User\globalStorage\redhat.java\1.41.1\config_win -data c:\Users\21658\AppData\Roaming\Code\User\workspaceStorage\d1496b096d0a1c07d90c78ab5ca7316e\redhat.java\jdt_ws --pipe=\\.\pipe\lsp-a86c0649c7c87e3b9256a536bbf6e88a-sock
java_class_path (initial): c:\Users\21658\.vscode\extensions\redhat.java-1.41.1-win32-x64\server\plugins\org.eclipse.equinox.launcher_1.7.0.v20250331-1702.jar
Launcher Type: SUN_STANDARD

[Global flags]
    uintx AdaptiveSizePolicyWeight                 = 90                                        {product} {command line}
     intx CICompilerCount                          = 4                                         {product} {ergonomic}
    uintx GCTimeRatio                              = 4                                         {product} {command line}
     bool HeapDumpOnOutOfMemoryError               = true                                   {manageable} {command line}
    ccstr HeapDumpPath                             = c:\Users\21658\AppData\Roaming\Code\User\workspaceStorage\d1496b096d0a1c07d90c78ab5ca7316e\redhat.java         {manageable} {command line}
   size_t InitialHeapSize                          = 104857600                                 {product} {command line}
   size_t MaxHeapSize                              = 1073741824                                {product} {command line}
   size_t MaxNewSize                               = 357564416                                 {product} {ergonomic}
   size_t MinHeapDeltaBytes                        = 524288                                    {product} {ergonomic}
   size_t MinHeapSize                              = 104857600                                 {product} {command line}
   size_t NewSize                                  = 34603008                                  {product} {ergonomic}
    uintx NonNMethodCodeHeapSize                   = 5839372                                {pd product} {ergonomic}
    uintx NonProfiledCodeHeapSize                  = 122909434                              {pd product} {ergonomic}
   size_t OldSize                                  = 70254592                                  {product} {ergonomic}
    uintx ProfiledCodeHeapSize                     = 122909434                              {pd product} {ergonomic}
    uintx ReservedCodeCacheSize                    = 251658240                              {pd product} {ergonomic}
     bool SegmentedCodeCache                       = true                                      {product} {ergonomic}
   size_t SoftMaxHeapSize                          = 1073741824                             {manageable} {ergonomic}
     bool UseCompressedOops                        = true                           {product lp64_product} {ergonomic}
     bool UseLargePagesIndividualAllocation        = false                                  {pd product} {ergonomic}
     bool UseParallelGC                            = true                                      {product} {command line}

Logging:
Log output configuration:
 #0: stdout all=off uptime,level,tags foldmultilines=false
 #1: stderr all=off uptime,level,tags foldmultilines=false

Environment Variables:
JAVA_HOME=C:\Program Files\Java\jdk-17
PATH=C:\app\21658\product\23ai\dbhomeFree\bin;C:\Program Files (x86)\VMware\VMware Workstation\bin\;C:\Program Files\Common Files\Oracle\Java\javapath;C:\Python312\Scripts\;C:\Python312\;C:\windows\system32;C:\windows;C:\windows\System32\Wbem;C:\windows\System32\WindowsPowerShell\v1.0\;C:\windows\System32\OpenSSH\;C:\Program Files (x86)\NVIDIA Corporation\PhysX\Common;C:\Program Files\NVIDIA Corporation\NVIDIA NvDLISR;C:\WINDOWS\system32;C:\WINDOWS;C:\WINDOWS\System32\Wbem;C:\WINDOWS\System32\WindowsPowerShell\v1.0\;C:\WINDOWS\System32\OpenSSH\;C:\Program Files\HP\HP One Agent;C:\php-8.2;C:\composer;C:\Program Files\Git\cmd;C:\xampp\php;C:\symfony-7.0.2;C:\Program Files\nodejs\;C:\ProgramData\chocolatey\bin;C:\Program Files\nodejs;C:\Program Files\MongoDB\Server\6.0\bin;C:\Users\21658\AppData\Local\Programs\Python\Python39;;C:\Program Files\Docker\Docker\resources\bin;C:\Users\21658\AppData\Local\Programs\Python\Python38\Scripts\;C:\Users\21658\AppData\Local\Programs\Python\Python38\;C:\Users\21658\AppData\Local\Microsoft\WindowsApps;C:\Users\21658\AppData\Local\Programs\Microsoft VS Code\bin;C:\Users\21658\AppData\Roaming\Composer\vendor\bin;C:\symfony-7.0.2;C:\php-8.2;C:\Users\21658\AppData\Roaming\npm;C:\Program Files\MongoDB\Server\6.0\bin;C:\Program Files\Java\jdk-17\bin;C:\protoc\bin;C:\Users\21658\AppData\Local\Programs\Python\Python39;C:\Users\21658\AppData\Local\Programs\Python\Python39\Scripts;C:\Users\21658\AppData\Local\Programs\Python\Python39\Scripts;C:\Users\21658\anaconda3\Library\bin;C:\ProgramData\21658\GitHubDesktop\bin;C:\Users\21658\AppData\Local\GitHubDesktop\bin;C:\Program Files\Heroku\;C:\Program Files\heroku\bin;C:\apache-maven-3.9.9\bin;
USERNAME=21658
OS=Windows_NT
PROCESSOR_IDENTIFIER=Intel64 Family 6 Model 158 Stepping 10, GenuineIntel
TMP=C:\Users\21658\AppData\Local\Temp
TEMP=C:\Users\21658\AppData\Local\Temp




Periodic native trim disabled

---------------  S Y S T E M  ---------------

OS:
 Windows 11 , 64 bit Build 22621 (10.0.22621.5124)
OS uptime: 3 days 13:06 hours
Hyper-V role detected

CPU: total 8 (initial active 8) (4 cores per cpu, 2 threads per core) family 6 model 158 stepping 10 microcode 0xde, cx8, cmov, fxsr, ht, mmx, 3dnowpref, sse, sse2, sse3, ssse3, sse4.1, sse4.2, popcnt, lzcnt, tsc, tscinvbit, avx, avx2, aes, erms, clmul, bmi1, bmi2, adx, fma, vzeroupper, clflush, clflushopt, hv, rdtscp, f16c
Processor Information for the first 8 processors :
  Max Mhz: 2400, Current Mhz: 2400, Mhz Limit: 2400

Memory: 4k page, system-wide physical 8033M (456M free)
TotalPageFile size 32609M (AvailPageFile size 4M)
current process WorkingSet (physical memory assigned to process): 816M, peak: 860M
current process commit charge ("private bytes"): 911M, peak: 971M

vm_info: OpenJDK 64-Bit Server VM (21.0.6+7-LTS) for windows-amd64 JRE (21.0.6+7-LTS), built on 2025-01-21T00:00:00Z by "admin" with MS VC++ 17.7 (VS2022)

END.
