#
# There is insufficient memory for the Java Runtime Environment to continue.
# Native memory allocation (malloc) failed to allocate 302016 bytes for Chunk::new
# Possible reasons:
#   The system is out of physical RAM or swap space
#   The process is running with CompressedOops enabled, and the Java Heap may be blocking the growth of the native heap
# Possible solutions:
#   Reduce memory load on the system
#   Increase physical memory or swap space
#   Check if swap backing store is full
#   Decrease Java heap size (-Xmx/-Xms)
#   Decrease number of Java threads
#   Decrease Java thread stack sizes (-Xss)
#   Set larger code cache with -XX:ReservedCodeCacheSize=
#   JVM is running with Unscaled Compressed Oops mode in which the Java heap is
#     placed in the first 4GB address space. The Java Heap base address is the
#     maximum limit for the native heap growth. Please use -XX:HeapBaseMinAddress
#     to set the Java Heap base and to place the Java Heap above 4GB virtual address.
# This output file may be truncated or incomplete.
#
#  Out of Memory Error (arena.cpp:189), pid=36772, tid=6756
#
# JRE version: Java(TM) SE Runtime Environment (17.0.12+8) (build 17.0.12+8-LTS-286)
# Java VM: Java HotSpot(TM) 64-Bit Server VM (17.0.12+8-LTS-286, mixed mode, sharing, tiered, compressed oops, compressed class ptrs, g1 gc, windows-amd64)
# No core dump will be written. Minidumps are not enabled by default on client versions of Windows
#

---------------  S U M M A R Y ------------

Command Line: -Dclassworlds.conf=C:\apache-maven-3.9.9\bin\m2.conf -Dmaven.home=C:\apache-maven-3.9.9 -Dlibrary.jansi.path=C:\apache-maven-3.9.9\lib\jansi-native -Dmaven.multiModuleProjectDirectory=C:\Users\21658\Desktop\EduschoolJava org.codehaus.plexus.classworlds.launcher.Launcher -X javafx:run

Host: Intel(R) Core(TM) i5-9300H CPU @ 2.40GHz, 8 cores, 7G,  Windows 11 , 64 bit Build 22621 (10.0.22621.5124)
Time: Mon Apr 14 19:55:57 2025 Afr. centrale Ouest elapsed time: 2.925090 seconds (0d 0h 0m 2s)

---------------  T H R E A D  ---------------

Current thread (0x0000026e0401bd20):  JavaThread "C2 CompilerThread1" daemon [_thread_in_native, id=6756, stack(0x00000089f7d00000,0x00000089f7e00000)]


Current CompileTask:
C2:   2925 2301       4       com.google.inject.TypeLiteral::<init> (43 bytes)

Stack: [0x00000089f7d00000,0x00000089f7e00000]
Native frames: (J=compiled Java code, j=interpreted, Vv=VM code, C=native code)
V  [jvm.dll+0x67a04a]
V  [jvm.dll+0x7da4ed]
V  [jvm.dll+0x7dbe33]
V  [jvm.dll+0x7dc4a3]
V  [jvm.dll+0x24508f]
V  [jvm.dll+0xab773]
V  [jvm.dll+0xabd3c]
V  [jvm.dll+0x2aa52f]
V  [jvm.dll+0x581eb9]
V  [jvm.dll+0x21f422]
V  [jvm.dll+0x21f81f]
V  [jvm.dll+0x218aa0]
V  [jvm.dll+0x215b65]
V  [jvm.dll+0x1a2960]
V  [jvm.dll+0x22610b]
V  [jvm.dll+0x2242ab]
V  [jvm.dll+0x79075c]
V  [jvm.dll+0x78abea]
V  [jvm.dll+0x678f35]
C  [ucrtbase.dll+0x29333]
C  [KERNEL32.DLL+0x1259d]
C  [ntdll.dll+0x5af38]


---------------  P R O C E S S  ---------------

Threads class SMR info:
_java_thread_list=0x0000026e7f719ed0, length=13, elements={
0x0000026e1f1c6150, 0x0000026e3d2804b0, 0x0000026e3d281240, 0x0000026e3d296340,
0x0000026e3d298c20, 0x0000026e3d2994f0, 0x0000026e3d299dc0, 0x0000026e3d2a29d0,
0x0000026e3d2aee30, 0x0000026e3d2b3760, 0x0000026e3d50efb0, 0x0000026e3d516900,
0x0000026e0401bd20
}

Java Threads: ( => current thread )
  0x0000026e1f1c6150 JavaThread "main" [_thread_in_vm, id=33492, stack(0x00000089f6a00000,0x00000089f6b00000)]
  0x0000026e3d2804b0 JavaThread "Reference Handler" daemon [_thread_blocked, id=11420, stack(0x00000089f7100000,0x00000089f7200000)]
  0x0000026e3d281240 JavaThread "Finalizer" daemon [_thread_blocked, id=10680, stack(0x00000089f7200000,0x00000089f7300000)]
  0x0000026e3d296340 JavaThread "Signal Dispatcher" daemon [_thread_blocked, id=8740, stack(0x00000089f7300000,0x00000089f7400000)]
  0x0000026e3d298c20 JavaThread "Attach Listener" daemon [_thread_blocked, id=19832, stack(0x00000089f7400000,0x00000089f7500000)]
  0x0000026e3d2994f0 JavaThread "Service Thread" daemon [_thread_blocked, id=33804, stack(0x00000089f7500000,0x00000089f7600000)]
  0x0000026e3d299dc0 JavaThread "Monitor Deflation Thread" daemon [_thread_blocked, id=7068, stack(0x00000089f7600000,0x00000089f7700000)]
  0x0000026e3d2a29d0 JavaThread "C2 CompilerThread0" daemon [_thread_in_native, id=19704, stack(0x00000089f7700000,0x00000089f7800000)]
  0x0000026e3d2aee30 JavaThread "C1 CompilerThread0" daemon [_thread_in_native, id=944, stack(0x00000089f7800000,0x00000089f7900000)]
  0x0000026e3d2b3760 JavaThread "Sweeper thread" daemon [_thread_blocked, id=35092, stack(0x00000089f7900000,0x00000089f7a00000)]
  0x0000026e3d50efb0 JavaThread "Notification Thread" daemon [_thread_blocked, id=32428, stack(0x00000089f7a00000,0x00000089f7b00000)]
  0x0000026e3d516900 JavaThread "Common-Cleaner" daemon [_thread_blocked, id=7944, stack(0x00000089f7c00000,0x00000089f7d00000)]
=>0x0000026e0401bd20 JavaThread "C2 CompilerThread1" daemon [_thread_in_native, id=6756, stack(0x00000089f7d00000,0x00000089f7e00000)]

Other Threads:
  0x0000026e3d27c9a0 VMThread "VM Thread" [stack: 0x00000089f7000000,0x00000089f7100000] [id=32204]
  0x0000026e1f23e3d0 WatcherThread [stack: 0x00000089f7b00000,0x00000089f7c00000] [id=29712]
  0x0000026e1f2209c0 GCTaskThread "GC Thread#0" [stack: 0x00000089f6b00000,0x00000089f6c00000] [id=17260]
  0x0000026e7f7ed070 GCTaskThread "GC Thread#1" [stack: 0x00000089f7e00000,0x00000089f7f00000] [id=32564]
  0x0000026e7f7ed330 GCTaskThread "GC Thread#2" [stack: 0x00000089f7f00000,0x00000089f8000000] [id=25016]
  0x0000026e7f6e4910 GCTaskThread "GC Thread#3" [stack: 0x00000089f8000000,0x00000089f8100000] [id=33420]
  0x0000026e7f7545c0 GCTaskThread "GC Thread#4" [stack: 0x00000089f8100000,0x00000089f8200000] [id=29692]
  0x0000026e7f73f040 GCTaskThread "GC Thread#5" [stack: 0x00000089f8200000,0x00000089f8300000] [id=36056]
  0x0000026e7f73f300 GCTaskThread "GC Thread#6" [stack: 0x00000089f8300000,0x00000089f8400000] [id=36552]
  0x0000026e0416d1e0 GCTaskThread "GC Thread#7" [stack: 0x00000089f8400000,0x00000089f8500000] [id=24668]
  0x0000026e1f231360 ConcurrentGCThread "G1 Main Marker" [stack: 0x00000089f6c00000,0x00000089f6d00000] [id=27624]
  0x0000026e1f231c80 ConcurrentGCThread "G1 Conc#0" [stack: 0x00000089f6d00000,0x00000089f6e00000] [id=32800]
  0x0000026e3d138150 ConcurrentGCThread "G1 Refine#0" [stack: 0x00000089f6e00000,0x00000089f6f00000] [id=24208]
  0x0000026e3d138830 ConcurrentGCThread "G1 Service" [stack: 0x00000089f6f00000,0x00000089f7000000] [id=30932]

Threads with active compile tasks:
C2 CompilerThread0     2971 2337       4       java.util.TimSort::binarySort (223 bytes)
C2 CompilerThread1     2971 2301       4       com.google.inject.TypeLiteral::<init> (43 bytes)

VM state: not at safepoint (normal execution)

VM Mutex/Monitor currently owned by a thread:  ([mutex/lock_event])
[0x0000026e1f1c08e0] SystemDictionary_lock - owner thread: 0x0000026e1f1c6150

Heap address: 0x0000000082600000, size: 2010 MB, Compressed Oops mode: 32-bit

CDS archive(s) mapped at: [0x0000026e3e000000-0x0000026e3ebd0000-0x0000026e3ebd0000), size 12386304, SharedBaseAddress: 0x0000026e3e000000, ArchiveRelocationMode: 1.
Compressed class space mapped at: 0x0000026e3f000000-0x0000026e7f000000, reserved size: 1073741824
Narrow klass base: 0x0000026e3e000000, Narrow klass shift: 0, Narrow klass range: 0x100000000

GC Precious Log:
 CPUs: 8 total, 8 available
 Memory: 8033M
 Large Page Support: Disabled
 NUMA Support: Disabled
 Compressed Oops: Enabled (32-bit)
 Heap Region Size: 1M
 Heap Min Capacity: 8M
 Heap Initial Capacity: 126M
 Heap Max Capacity: 2010M
 Pre-touch: Disabled
 Parallel Workers: 8
 Concurrent Workers: 2
 Concurrent Refinement Workers: 8
 Periodic GC: Disabled

Heap:
 garbage-first heap   total 129024K, used 18133K [0x0000000082600000, 0x0000000100000000)
  region size 1024K, 15 young (15360K), 2 survivors (2048K)
 Metaspace       used 12486K, committed 12736K, reserved 1114112K
  class space    used 1559K, committed 1664K, reserved 1048576K

Heap Regions: E=young(eden), S=young(survivor), O=old, HS=humongous(starts), HC=humongous(continues), CS=collection set, F=free, OA=open archive, CA=closed archive, TAMS=top-at-mark-start (previous, next)
|   0|0x0000000082600000, 0x0000000082700000, 0x0000000082700000|100%| O|  |TAMS 0x0000000082600000, 0x0000000082600000| Untracked 
|   1|0x0000000082700000, 0x0000000082800000, 0x0000000082800000|100%| O|  |TAMS 0x0000000082700000, 0x0000000082700000| Untracked 
|   2|0x0000000082800000, 0x0000000082900000, 0x0000000082900000|100%| O|  |TAMS 0x0000000082800000, 0x0000000082800000| Untracked 
|   3|0x0000000082900000, 0x00000000829b5400, 0x0000000082a00000| 70%| O|  |TAMS 0x0000000082900000, 0x0000000082900000| Untracked 
|   4|0x0000000082a00000, 0x0000000082a00000, 0x0000000082b00000|  0%| F|  |TAMS 0x0000000082a00000, 0x0000000082a00000| Untracked 
|   5|0x0000000082b00000, 0x0000000082b00000, 0x0000000082c00000|  0%| F|  |TAMS 0x0000000082b00000, 0x0000000082b00000| Untracked 
|   6|0x0000000082c00000, 0x0000000082c00000, 0x0000000082d00000|  0%| F|  |TAMS 0x0000000082c00000, 0x0000000082c00000| Untracked 
|   7|0x0000000082d00000, 0x0000000082d00000, 0x0000000082e00000|  0%| F|  |TAMS 0x0000000082d00000, 0x0000000082d00000| Untracked 
|   8|0x0000000082e00000, 0x0000000082e00000, 0x0000000082f00000|  0%| F|  |TAMS 0x0000000082e00000, 0x0000000082e00000| Untracked 
|   9|0x0000000082f00000, 0x0000000082f00000, 0x0000000083000000|  0%| F|  |TAMS 0x0000000082f00000, 0x0000000082f00000| Untracked 
|  10|0x0000000083000000, 0x0000000083000000, 0x0000000083100000|  0%| F|  |TAMS 0x0000000083000000, 0x0000000083000000| Untracked 
|  11|0x0000000083100000, 0x0000000083100000, 0x0000000083200000|  0%| F|  |TAMS 0x0000000083100000, 0x0000000083100000| Untracked 
|  12|0x0000000083200000, 0x0000000083200000, 0x0000000083300000|  0%| F|  |TAMS 0x0000000083200000, 0x0000000083200000| Untracked 
|  13|0x0000000083300000, 0x0000000083300000, 0x0000000083400000|  0%| F|  |TAMS 0x0000000083300000, 0x0000000083300000| Untracked 
|  14|0x0000000083400000, 0x0000000083400000, 0x0000000083500000|  0%| F|  |TAMS 0x0000000083400000, 0x0000000083400000| Untracked 
|  15|0x0000000083500000, 0x0000000083500000, 0x0000000083600000|  0%| F|  |TAMS 0x0000000083500000, 0x0000000083500000| Untracked 
|  16|0x0000000083600000, 0x0000000083600000, 0x0000000083700000|  0%| F|  |TAMS 0x0000000083600000, 0x0000000083600000| Untracked 
|  17|0x0000000083700000, 0x0000000083700000, 0x0000000083800000|  0%| F|  |TAMS 0x0000000083700000, 0x0000000083700000| Untracked 
|  18|0x0000000083800000, 0x0000000083800000, 0x0000000083900000|  0%| F|  |TAMS 0x0000000083800000, 0x0000000083800000| Untracked 
|  19|0x0000000083900000, 0x0000000083900000, 0x0000000083a00000|  0%| F|  |TAMS 0x0000000083900000, 0x0000000083900000| Untracked 
|  20|0x0000000083a00000, 0x0000000083a00000, 0x0000000083b00000|  0%| F|  |TAMS 0x0000000083a00000, 0x0000000083a00000| Untracked 
|  21|0x0000000083b00000, 0x0000000083b00000, 0x0000000083c00000|  0%| F|  |TAMS 0x0000000083b00000, 0x0000000083b00000| Untracked 
|  22|0x0000000083c00000, 0x0000000083c00000, 0x0000000083d00000|  0%| F|  |TAMS 0x0000000083c00000, 0x0000000083c00000| Untracked 
|  23|0x0000000083d00000, 0x0000000083d00000, 0x0000000083e00000|  0%| F|  |TAMS 0x0000000083d00000, 0x0000000083d00000| Untracked 
|  24|0x0000000083e00000, 0x0000000083e00000, 0x0000000083f00000|  0%| F|  |TAMS 0x0000000083e00000, 0x0000000083e00000| Untracked 
|  25|0x0000000083f00000, 0x0000000083f00000, 0x0000000084000000|  0%| F|  |TAMS 0x0000000083f00000, 0x0000000083f00000| Untracked 
|  26|0x0000000084000000, 0x0000000084000000, 0x0000000084100000|  0%| F|  |TAMS 0x0000000084000000, 0x0000000084000000| Untracked 
|  27|0x0000000084100000, 0x0000000084100000, 0x0000000084200000|  0%| F|  |TAMS 0x0000000084100000, 0x0000000084100000| Untracked 
|  28|0x0000000084200000, 0x0000000084200000, 0x0000000084300000|  0%| F|  |TAMS 0x0000000084200000, 0x0000000084200000| Untracked 
|  29|0x0000000084300000, 0x0000000084300000, 0x0000000084400000|  0%| F|  |TAMS 0x0000000084300000, 0x0000000084300000| Untracked 
|  30|0x0000000084400000, 0x0000000084400000, 0x0000000084500000|  0%| F|  |TAMS 0x0000000084400000, 0x0000000084400000| Untracked 
|  31|0x0000000084500000, 0x0000000084500000, 0x0000000084600000|  0%| F|  |TAMS 0x0000000084500000, 0x0000000084500000| Untracked 
|  32|0x0000000084600000, 0x0000000084600000, 0x0000000084700000|  0%| F|  |TAMS 0x0000000084600000, 0x0000000084600000| Untracked 
|  33|0x0000000084700000, 0x0000000084700000, 0x0000000084800000|  0%| F|  |TAMS 0x0000000084700000, 0x0000000084700000| Untracked 
|  34|0x0000000084800000, 0x0000000084800000, 0x0000000084900000|  0%| F|  |TAMS 0x0000000084800000, 0x0000000084800000| Untracked 
|  35|0x0000000084900000, 0x0000000084900000, 0x0000000084a00000|  0%| F|  |TAMS 0x0000000084900000, 0x0000000084900000| Untracked 
|  36|0x0000000084a00000, 0x0000000084a00000, 0x0000000084b00000|  0%| F|  |TAMS 0x0000000084a00000, 0x0000000084a00000| Untracked 
|  37|0x0000000084b00000, 0x0000000084b00000, 0x0000000084c00000|  0%| F|  |TAMS 0x0000000084b00000, 0x0000000084b00000| Untracked 
|  38|0x0000000084c00000, 0x0000000084c00000, 0x0000000084d00000|  0%| F|  |TAMS 0x0000000084c00000, 0x0000000084c00000| Untracked 
|  39|0x0000000084d00000, 0x0000000084d00000, 0x0000000084e00000|  0%| F|  |TAMS 0x0000000084d00000, 0x0000000084d00000| Untracked 
|  40|0x0000000084e00000, 0x0000000084e00000, 0x0000000084f00000|  0%| F|  |TAMS 0x0000000084e00000, 0x0000000084e00000| Untracked 
|  41|0x0000000084f00000, 0x0000000084f00000, 0x0000000085000000|  0%| F|  |TAMS 0x0000000084f00000, 0x0000000084f00000| Untracked 
|  42|0x0000000085000000, 0x0000000085000000, 0x0000000085100000|  0%| F|  |TAMS 0x0000000085000000, 0x0000000085000000| Untracked 
|  43|0x0000000085100000, 0x0000000085100000, 0x0000000085200000|  0%| F|  |TAMS 0x0000000085100000, 0x0000000085100000| Untracked 
|  44|0x0000000085200000, 0x0000000085200000, 0x0000000085300000|  0%| F|  |TAMS 0x0000000085200000, 0x0000000085200000| Untracked 
|  45|0x0000000085300000, 0x0000000085300000, 0x0000000085400000|  0%| F|  |TAMS 0x0000000085300000, 0x0000000085300000| Untracked 
|  46|0x0000000085400000, 0x0000000085400000, 0x0000000085500000|  0%| F|  |TAMS 0x0000000085400000, 0x0000000085400000| Untracked 
|  47|0x0000000085500000, 0x0000000085500000, 0x0000000085600000|  0%| F|  |TAMS 0x0000000085500000, 0x0000000085500000| Untracked 
|  48|0x0000000085600000, 0x0000000085600000, 0x0000000085700000|  0%| F|  |TAMS 0x0000000085600000, 0x0000000085600000| Untracked 
|  49|0x0000000085700000, 0x0000000085700000, 0x0000000085800000|  0%| F|  |TAMS 0x0000000085700000, 0x0000000085700000| Untracked 
|  50|0x0000000085800000, 0x0000000085800000, 0x0000000085900000|  0%| F|  |TAMS 0x0000000085800000, 0x0000000085800000| Untracked 
|  51|0x0000000085900000, 0x0000000085900000, 0x0000000085a00000|  0%| F|  |TAMS 0x0000000085900000, 0x0000000085900000| Untracked 
|  52|0x0000000085a00000, 0x0000000085a00000, 0x0000000085b00000|  0%| F|  |TAMS 0x0000000085a00000, 0x0000000085a00000| Untracked 
|  53|0x0000000085b00000, 0x0000000085b00000, 0x0000000085c00000|  0%| F|  |TAMS 0x0000000085b00000, 0x0000000085b00000| Untracked 
|  54|0x0000000085c00000, 0x0000000085c00000, 0x0000000085d00000|  0%| F|  |TAMS 0x0000000085c00000, 0x0000000085c00000| Untracked 
|  55|0x0000000085d00000, 0x0000000085d00000, 0x0000000085e00000|  0%| F|  |TAMS 0x0000000085d00000, 0x0000000085d00000| Untracked 
|  56|0x0000000085e00000, 0x0000000085e00000, 0x0000000085f00000|  0%| F|  |TAMS 0x0000000085e00000, 0x0000000085e00000| Untracked 
|  57|0x0000000085f00000, 0x0000000085f00000, 0x0000000086000000|  0%| F|  |TAMS 0x0000000085f00000, 0x0000000085f00000| Untracked 
|  58|0x0000000086000000, 0x0000000086000000, 0x0000000086100000|  0%| F|  |TAMS 0x0000000086000000, 0x0000000086000000| Untracked 
|  59|0x0000000086100000, 0x0000000086100000, 0x0000000086200000|  0%| F|  |TAMS 0x0000000086100000, 0x0000000086100000| Untracked 
|  60|0x0000000086200000, 0x0000000086200000, 0x0000000086300000|  0%| F|  |TAMS 0x0000000086200000, 0x0000000086200000| Untracked 
|  61|0x0000000086300000, 0x0000000086300000, 0x0000000086400000|  0%| F|  |TAMS 0x0000000086300000, 0x0000000086300000| Untracked 
|  62|0x0000000086400000, 0x0000000086400000, 0x0000000086500000|  0%| F|  |TAMS 0x0000000086400000, 0x0000000086400000| Untracked 
|  63|0x0000000086500000, 0x0000000086500000, 0x0000000086600000|  0%| F|  |TAMS 0x0000000086500000, 0x0000000086500000| Untracked 
|  64|0x0000000086600000, 0x0000000086600000, 0x0000000086700000|  0%| F|  |TAMS 0x0000000086600000, 0x0000000086600000| Untracked 
|  65|0x0000000086700000, 0x0000000086700000, 0x0000000086800000|  0%| F|  |TAMS 0x0000000086700000, 0x0000000086700000| Untracked 
|  66|0x0000000086800000, 0x0000000086800000, 0x0000000086900000|  0%| F|  |TAMS 0x0000000086800000, 0x0000000086800000| Untracked 
|  67|0x0000000086900000, 0x0000000086900000, 0x0000000086a00000|  0%| F|  |TAMS 0x0000000086900000, 0x0000000086900000| Untracked 
|  68|0x0000000086a00000, 0x0000000086a00000, 0x0000000086b00000|  0%| F|  |TAMS 0x0000000086a00000, 0x0000000086a00000| Untracked 
|  69|0x0000000086b00000, 0x0000000086b00000, 0x0000000086c00000|  0%| F|  |TAMS 0x0000000086b00000, 0x0000000086b00000| Untracked 
|  70|0x0000000086c00000, 0x0000000086c00000, 0x0000000086d00000|  0%| F|  |TAMS 0x0000000086c00000, 0x0000000086c00000| Untracked 
|  71|0x0000000086d00000, 0x0000000086d00000, 0x0000000086e00000|  0%| F|  |TAMS 0x0000000086d00000, 0x0000000086d00000| Untracked 
|  72|0x0000000086e00000, 0x0000000086e00000, 0x0000000086f00000|  0%| F|  |TAMS 0x0000000086e00000, 0x0000000086e00000| Untracked 
|  73|0x0000000086f00000, 0x0000000086f00000, 0x0000000087000000|  0%| F|  |TAMS 0x0000000086f00000, 0x0000000086f00000| Untracked 
|  74|0x0000000087000000, 0x0000000087000000, 0x0000000087100000|  0%| F|  |TAMS 0x0000000087000000, 0x0000000087000000| Untracked 
|  75|0x0000000087100000, 0x0000000087100000, 0x0000000087200000|  0%| F|  |TAMS 0x0000000087100000, 0x0000000087100000| Untracked 
|  76|0x0000000087200000, 0x0000000087200000, 0x0000000087300000|  0%| F|  |TAMS 0x0000000087200000, 0x0000000087200000| Untracked 
|  77|0x0000000087300000, 0x0000000087300000, 0x0000000087400000|  0%| F|  |TAMS 0x0000000087300000, 0x0000000087300000| Untracked 
|  78|0x0000000087400000, 0x0000000087400000, 0x0000000087500000|  0%| F|  |TAMS 0x0000000087400000, 0x0000000087400000| Untracked 
|  79|0x0000000087500000, 0x0000000087500000, 0x0000000087600000|  0%| F|  |TAMS 0x0000000087500000, 0x0000000087500000| Untracked 
|  80|0x0000000087600000, 0x0000000087600000, 0x0000000087700000|  0%| F|  |TAMS 0x0000000087600000, 0x0000000087600000| Untracked 
|  81|0x0000000087700000, 0x0000000087700000, 0x0000000087800000|  0%| F|  |TAMS 0x0000000087700000, 0x0000000087700000| Untracked 
|  82|0x0000000087800000, 0x0000000087800000, 0x0000000087900000|  0%| F|  |TAMS 0x0000000087800000, 0x0000000087800000| Untracked 
|  83|0x0000000087900000, 0x0000000087900000, 0x0000000087a00000|  0%| F|  |TAMS 0x0000000087900000, 0x0000000087900000| Untracked 
|  84|0x0000000087a00000, 0x0000000087a00000, 0x0000000087b00000|  0%| F|  |TAMS 0x0000000087a00000, 0x0000000087a00000| Untracked 
|  85|0x0000000087b00000, 0x0000000087b00000, 0x0000000087c00000|  0%| F|  |TAMS 0x0000000087b00000, 0x0000000087b00000| Untracked 
|  86|0x0000000087c00000, 0x0000000087c00000, 0x0000000087d00000|  0%| F|  |TAMS 0x0000000087c00000, 0x0000000087c00000| Untracked 
|  87|0x0000000087d00000, 0x0000000087d00000, 0x0000000087e00000|  0%| F|  |TAMS 0x0000000087d00000, 0x0000000087d00000| Untracked 
|  88|0x0000000087e00000, 0x0000000087e00000, 0x0000000087f00000|  0%| F|  |TAMS 0x0000000087e00000, 0x0000000087e00000| Untracked 
|  89|0x0000000087f00000, 0x0000000087f00000, 0x0000000088000000|  0%| F|  |TAMS 0x0000000087f00000, 0x0000000087f00000| Untracked 
|  90|0x0000000088000000, 0x0000000088100000, 0x0000000088100000|100%| S|CS|TAMS 0x0000000088000000, 0x0000000088000000| Complete 
|  91|0x0000000088100000, 0x0000000088200000, 0x0000000088200000|100%| S|CS|TAMS 0x0000000088100000, 0x0000000088100000| Complete 
|  92|0x0000000088200000, 0x0000000088200000, 0x0000000088300000|  0%| F|  |TAMS 0x0000000088200000, 0x0000000088200000| Untracked 
|  93|0x0000000088300000, 0x0000000088300000, 0x0000000088400000|  0%| F|  |TAMS 0x0000000088300000, 0x0000000088300000| Untracked 
|  94|0x0000000088400000, 0x0000000088400000, 0x0000000088500000|  0%| F|  |TAMS 0x0000000088400000, 0x0000000088400000| Untracked 
|  95|0x0000000088500000, 0x0000000088500000, 0x0000000088600000|  0%| F|  |TAMS 0x0000000088500000, 0x0000000088500000| Untracked 
|  96|0x0000000088600000, 0x0000000088600000, 0x0000000088700000|  0%| F|  |TAMS 0x0000000088600000, 0x0000000088600000| Untracked 
|  97|0x0000000088700000, 0x0000000088700000, 0x0000000088800000|  0%| F|  |TAMS 0x0000000088700000, 0x0000000088700000| Untracked 
|  98|0x0000000088800000, 0x0000000088800000, 0x0000000088900000|  0%| F|  |TAMS 0x0000000088800000, 0x0000000088800000| Untracked 
|  99|0x0000000088900000, 0x0000000088900000, 0x0000000088a00000|  0%| F|  |TAMS 0x0000000088900000, 0x0000000088900000| Untracked 
| 100|0x0000000088a00000, 0x0000000088a00000, 0x0000000088b00000|  0%| F|  |TAMS 0x0000000088a00000, 0x0000000088a00000| Untracked 
| 101|0x0000000088b00000, 0x0000000088b00000, 0x0000000088c00000|  0%| F|  |TAMS 0x0000000088b00000, 0x0000000088b00000| Untracked 
| 102|0x0000000088c00000, 0x0000000088c00000, 0x0000000088d00000|  0%| F|  |TAMS 0x0000000088c00000, 0x0000000088c00000| Untracked 
| 103|0x0000000088d00000, 0x0000000088d00000, 0x0000000088e00000|  0%| F|  |TAMS 0x0000000088d00000, 0x0000000088d00000| Untracked 
| 104|0x0000000088e00000, 0x0000000088e00000, 0x0000000088f00000|  0%| F|  |TAMS 0x0000000088e00000, 0x0000000088e00000| Untracked 
| 105|0x0000000088f00000, 0x0000000088f00000, 0x0000000089000000|  0%| F|  |TAMS 0x0000000088f00000, 0x0000000088f00000| Untracked 
| 106|0x0000000089000000, 0x0000000089000000, 0x0000000089100000|  0%| F|  |TAMS 0x0000000089000000, 0x0000000089000000| Untracked 
| 107|0x0000000089100000, 0x0000000089100000, 0x0000000089200000|  0%| F|  |TAMS 0x0000000089100000, 0x0000000089100000| Untracked 
| 108|0x0000000089200000, 0x0000000089200000, 0x0000000089300000|  0%| F|  |TAMS 0x0000000089200000, 0x0000000089200000| Untracked 
| 109|0x0000000089300000, 0x0000000089300000, 0x0000000089400000|  0%| F|  |TAMS 0x0000000089300000, 0x0000000089300000| Untracked 
| 110|0x0000000089400000, 0x0000000089400000, 0x0000000089500000|  0%| F|  |TAMS 0x0000000089400000, 0x0000000089400000| Untracked 
| 111|0x0000000089500000, 0x0000000089500000, 0x0000000089600000|  0%| F|  |TAMS 0x0000000089500000, 0x0000000089500000| Untracked 
| 112|0x0000000089600000, 0x0000000089600000, 0x0000000089700000|  0%| F|  |TAMS 0x0000000089600000, 0x0000000089600000| Untracked 
| 113|0x0000000089700000, 0x0000000089800000, 0x0000000089800000|100%| E|  |TAMS 0x0000000089700000, 0x0000000089700000| Complete 
| 114|0x0000000089800000, 0x0000000089900000, 0x0000000089900000|100%| E|CS|TAMS 0x0000000089800000, 0x0000000089800000| Complete 
| 115|0x0000000089900000, 0x0000000089a00000, 0x0000000089a00000|100%| E|CS|TAMS 0x0000000089900000, 0x0000000089900000| Complete 
| 116|0x0000000089a00000, 0x0000000089b00000, 0x0000000089b00000|100%| E|CS|TAMS 0x0000000089a00000, 0x0000000089a00000| Complete 
| 117|0x0000000089b00000, 0x0000000089c00000, 0x0000000089c00000|100%| E|CS|TAMS 0x0000000089b00000, 0x0000000089b00000| Complete 
| 118|0x0000000089c00000, 0x0000000089d00000, 0x0000000089d00000|100%| E|CS|TAMS 0x0000000089c00000, 0x0000000089c00000| Complete 
| 119|0x0000000089d00000, 0x0000000089e00000, 0x0000000089e00000|100%| E|CS|TAMS 0x0000000089d00000, 0x0000000089d00000| Complete 
| 120|0x0000000089e00000, 0x0000000089f00000, 0x0000000089f00000|100%| E|CS|TAMS 0x0000000089e00000, 0x0000000089e00000| Complete 
| 121|0x0000000089f00000, 0x000000008a000000, 0x000000008a000000|100%| E|CS|TAMS 0x0000000089f00000, 0x0000000089f00000| Complete 
| 122|0x000000008a000000, 0x000000008a100000, 0x000000008a100000|100%| E|CS|TAMS 0x000000008a000000, 0x000000008a000000| Complete 
| 123|0x000000008a100000, 0x000000008a200000, 0x000000008a200000|100%| E|CS|TAMS 0x000000008a100000, 0x000000008a100000| Complete 
| 124|0x000000008a200000, 0x000000008a300000, 0x000000008a300000|100%| E|CS|TAMS 0x000000008a200000, 0x000000008a200000| Complete 
| 125|0x000000008a300000, 0x000000008a400000, 0x000000008a400000|100%| E|CS|TAMS 0x000000008a300000, 0x000000008a300000| Complete 

Card table byte_map: [0x0000026e361a0000,0x0000026e36590000] _byte_map_base: 0x0000026e35d8d000

Marking Bits (Prev, Next): (CMBitMap*) 0x0000026e1f220ef0, (CMBitMap*) 0x0000026e1f220f30
 Prev Bits: [0x0000026e36980000, 0x0000026e388e8000)
 Next Bits: [0x0000026e388f0000, 0x0000026e3a858000)

Polling page: 0x0000026e1d1d0000

Metaspace:

Usage:
  Non-class:     10.69 MB used.
      Class:      1.53 MB used.
       Both:     12.22 MB used.

Virtual space:
  Non-class space:       64.00 MB reserved,      10.81 MB ( 17%) committed,  1 nodes.
      Class space:        1.00 GB reserved,       1.62 MB ( <1%) committed,  1 nodes.
             Both:        1.06 GB reserved,      12.44 MB (  1%) committed. 

Chunk freelists:
   Non-Class:  3.89 MB
       Class:  14.44 MB
        Both:  18.33 MB

MaxMetaspaceSize: unlimited
CompressedClassSpaceSize: 1.00 GB
Initial GC threshold: 21.00 MB
Current GC threshold: 21.00 MB
CDS: on
MetaspaceReclaimPolicy: balanced
 - commit_granule_bytes: 65536.
 - commit_granule_words: 8192.
 - virtual_space_node_default_size: 8388608.
 - enlarge_chunks_in_place: 1.
 - new_chunks_are_fully_committed: 0.
 - uncommit_free_chunks: 1.
 - use_allocation_guard: 0.
 - handle_deallocations: 1.


Internal statistics:

num_allocs_failed_limit: 0.
num_arena_births: 72.
num_arena_deaths: 0.
num_vsnodes_births: 2.
num_vsnodes_deaths: 0.
num_space_committed: 199.
num_space_uncommitted: 0.
num_chunks_returned_to_freelist: 0.
num_chunks_taken_from_freelist: 515.
num_chunk_merges: 0.
num_chunk_splits: 348.
num_chunks_enlarged: 285.
num_inconsistent_stats: 0.

CodeHeap 'non-profiled nmethods': size=120000Kb used=930Kb max_used=930Kb free=119069Kb
 bounds [0x0000026e2e550000, 0x0000026e2e7c0000, 0x0000026e35a80000]
CodeHeap 'profiled nmethods': size=120000Kb used=4752Kb max_used=4752Kb free=115247Kb
 bounds [0x0000026e26a80000, 0x0000026e26f30000, 0x0000026e2dfb0000]
CodeHeap 'non-nmethods': size=5760Kb used=1167Kb max_used=1222Kb free=4592Kb
 bounds [0x0000026e2dfb0000, 0x0000026e2e220000, 0x0000026e2e550000]
 total_blobs=2810 nmethods=2355 adapters=367
 compilation: enabled
              stopped_count=0, restarted_count=0
 full_count=0

Compilation events (20 events):
Event: 2.899 Thread 0x0000026e3d2aee30 2306       3       java.lang.reflect.Field::setFieldAccessor (34 bytes)
Event: 2.899 Thread 0x0000026e3d2aee30 nmethod 2306 0x0000026e26efca10 code [0x0000026e26efcbe0, 0x0000026e26efd008]
Event: 2.899 Thread 0x0000026e3d2aee30 2309       3       com.google.common.collect.AbstractMapBasedMultimap$AsMap$AsMapEntries::iterator (12 bytes)
Event: 2.900 Thread 0x0000026e3d2aee30 nmethod 2309 0x0000026e26efd110 code [0x0000026e26efd2e0, 0x0000026e26efd758]
Event: 2.900 Thread 0x0000026e3d2aee30 2310       3       com.google.common.collect.AbstractMapBasedMultimap$AsMap$AsMapIterator::<init> (31 bytes)
Event: 2.900 Thread 0x0000026e3d2aee30 nmethod 2310 0x0000026e26efd910 code [0x0000026e26efdae0, 0x0000026e26efde98]
Event: 2.900 Thread 0x0000026e3d2aee30 2311       3       com.google.common.collect.LinkedHashMultimap::access$200 (6 bytes)
Event: 2.900 Thread 0x0000026e3d2aee30 nmethod 2311 0x0000026e26efe010 code [0x0000026e26efe1c0, 0x0000026e26efe4b8]
Event: 2.900 Thread 0x0000026e3d2aee30 2312       3       com.google.common.collect.LinkedHashMultimap::access$400 (6 bytes)
Event: 2.900 Thread 0x0000026e3d2aee30 nmethod 2312 0x0000026e26efe610 code [0x0000026e26efe7c0, 0x0000026e26efe9f8]
Event: 2.900 Thread 0x0000026e3d2aee30 2313       3       com.google.common.collect.ImmutableListMultimap::of (4 bytes)
Event: 2.901 Thread 0x0000026e3d2aee30 nmethod 2313 0x0000026e26efeb10 code [0x0000026e26efeca0, 0x0000026e26efed98]
Event: 2.901 Thread 0x0000026e3d2aee30 2314       3       com.google.common.collect.ImmutableMultimap::isEmpty (5 bytes)
Event: 2.901 Thread 0x0000026e3d2aee30 nmethod 2314 0x0000026e26efee10 code [0x0000026e26efefa0, 0x0000026e26eff1f8]
Event: 2.901 Thread 0x0000026e3d2aee30 2307   !   3       com.google.inject.internal.CycleDetectingLock$CycleDetectingLockFactory$ReentrantCycleDetectingLock::lockOrDetectPotentialLocksCycle (134 bytes)
Event: 2.902 Thread 0x0000026e3d2aee30 nmethod 2307 0x0000026e26eff310 code [0x0000026e26eff5a0, 0x0000026e26f001c8]
Event: 2.902 Thread 0x0000026e3d2aee30 2308       3       com.google.inject.internal.CycleDetectingLock$CycleDetectingLockFactory$ReentrantCycleDetectingLock::detectPotentialLocksCycle (76 bytes)
Event: 2.902 Thread 0x0000026e3d2aee30 nmethod 2308 0x0000026e26f00710 code [0x0000026e26f00920, 0x0000026e26f00dd8]
Event: 2.904 Thread 0x0000026e3d2aee30 2315       3       org.fusesource.jansi.io.AnsiOutputStream::write (898 bytes)
Event: 2.909 Thread 0x0000026e3d2aee30 nmethod 2315 0x0000026e26f00f90 code [0x0000026e26f01620, 0x0000026e26f05ab8]

GC Heap History (4 events):
Event: 1.442 GC heap before
{Heap before GC invocations=0 (full 0):
 garbage-first heap   total 129024K, used 22528K [0x0000000082600000, 0x0000000100000000)
  region size 1024K, 23 young (23552K), 0 survivors (0K)
 Metaspace       used 5531K, committed 5696K, reserved 1114112K
  class space    used 672K, committed 768K, reserved 1048576K
}
Event: 1.450 GC heap after
{Heap after GC invocations=1 (full 0):
 garbage-first heap   total 129024K, used 3675K [0x0000000082600000, 0x0000000100000000)
  region size 1024K, 3 young (3072K), 3 survivors (3072K)
 Metaspace       used 5531K, committed 5696K, reserved 1114112K
  class space    used 672K, committed 768K, reserved 1048576K
}
Event: 2.355 GC heap before
{Heap before GC invocations=1 (full 0):
 garbage-first heap   total 129024K, used 35419K [0x0000000082600000, 0x0000000100000000)
  region size 1024K, 34 young (34816K), 3 survivors (3072K)
 Metaspace       used 10269K, committed 10496K, reserved 1114112K
  class space    used 1259K, committed 1344K, reserved 1048576K
}
Event: 2.365 GC heap after
{Heap after GC invocations=2 (full 0):
 garbage-first heap   total 129024K, used 5845K [0x0000000082600000, 0x0000000100000000)
  region size 1024K, 2 young (2048K), 2 survivors (2048K)
 Metaspace       used 10269K, committed 10496K, reserved 1114112K
  class space    used 1259K, committed 1344K, reserved 1048576K
}

Deoptimization events (20 events):
Event: 2.773 Thread 0x0000026e1f1c6150 Uncommon trap: trap_request=0xffffffbe fr.pc=0x0000026e2e62942c relative=0x00000000000002ec
Event: 2.773 Thread 0x0000026e1f1c6150 Uncommon trap: reason=profile_predicate action=maybe_recompile pc=0x0000026e2e62942c method=com.google.inject.internal.aop.ImmutableStringTrie.nextPivotColumn([Ljava/lang/String;III)I @ 21 c2
Event: 2.773 Thread 0x0000026e1f1c6150 DEOPT PACKING pc=0x0000026e2e62942c sp=0x00000089f6afc210
Event: 2.773 Thread 0x0000026e1f1c6150 DEOPT UNPACKING pc=0x0000026e2e0023a3 sp=0x00000089f6afc1a0 mode 2
Event: 2.775 Thread 0x0000026e1f1c6150 Uncommon trap: trap_request=0xffffffc6 fr.pc=0x0000026e2e5d1628 relative=0x0000000000000c08
Event: 2.775 Thread 0x0000026e1f1c6150 Uncommon trap: reason=bimorphic_or_optimized_type_check action=maybe_recompile pc=0x0000026e2e5d1628 method=java.util.HashMap.putVal(ILjava/lang/Object;Ljava/lang/Object;ZZ)Ljava/lang/Object; @ 91 c2
Event: 2.775 Thread 0x0000026e1f1c6150 DEOPT PACKING pc=0x0000026e2e5d1628 sp=0x00000089f6afdc00
Event: 2.775 Thread 0x0000026e1f1c6150 DEOPT UNPACKING pc=0x0000026e2e0023a3 sp=0x00000089f6afdba0 mode 2
Event: 2.776 Thread 0x0000026e1f1c6150 Uncommon trap: trap_request=0xffffffc6 fr.pc=0x0000026e2e5d1628 relative=0x0000000000000c08
Event: 2.776 Thread 0x0000026e1f1c6150 Uncommon trap: reason=bimorphic_or_optimized_type_check action=maybe_recompile pc=0x0000026e2e5d1628 method=java.util.HashMap.putVal(ILjava/lang/Object;Ljava/lang/Object;ZZ)Ljava/lang/Object; @ 91 c2
Event: 2.776 Thread 0x0000026e1f1c6150 DEOPT PACKING pc=0x0000026e2e5d1628 sp=0x00000089f6afdc00
Event: 2.776 Thread 0x0000026e1f1c6150 DEOPT UNPACKING pc=0x0000026e2e0023a3 sp=0x00000089f6afdba0 mode 2
Event: 2.776 Thread 0x0000026e1f1c6150 Uncommon trap: trap_request=0xffffffc6 fr.pc=0x0000026e2e5d1628 relative=0x0000000000000c08
Event: 2.776 Thread 0x0000026e1f1c6150 Uncommon trap: reason=bimorphic_or_optimized_type_check action=maybe_recompile pc=0x0000026e2e5d1628 method=java.util.HashMap.putVal(ILjava/lang/Object;Ljava/lang/Object;ZZ)Ljava/lang/Object; @ 91 c2
Event: 2.776 Thread 0x0000026e1f1c6150 DEOPT PACKING pc=0x0000026e2e5d1628 sp=0x00000089f6afdc00
Event: 2.776 Thread 0x0000026e1f1c6150 DEOPT UNPACKING pc=0x0000026e2e0023a3 sp=0x00000089f6afdba0 mode 2
Event: 2.776 Thread 0x0000026e1f1c6150 Uncommon trap: trap_request=0xffffffc6 fr.pc=0x0000026e2e5d1628 relative=0x0000000000000c08
Event: 2.776 Thread 0x0000026e1f1c6150 Uncommon trap: reason=bimorphic_or_optimized_type_check action=maybe_recompile pc=0x0000026e2e5d1628 method=java.util.HashMap.putVal(ILjava/lang/Object;Ljava/lang/Object;ZZ)Ljava/lang/Object; @ 91 c2
Event: 2.776 Thread 0x0000026e1f1c6150 DEOPT PACKING pc=0x0000026e2e5d1628 sp=0x00000089f6afdc00
Event: 2.776 Thread 0x0000026e1f1c6150 DEOPT UNPACKING pc=0x0000026e2e0023a3 sp=0x00000089f6afdba0 mode 2

Classes unloaded (0 events):
No events

Classes redefined (0 events):
No events

Internal exceptions (20 events):
Event: 0.424 Thread 0x0000026e1f1c6150 Exception <a 'sun/nio/fs/WindowsException'{0x0000000089f98fc0}> (0x0000000089f98fc0) 
thrown [s\open\src\hotspot\share\prims\jni.cpp, line 516]
Event: 0.424 Thread 0x0000026e1f1c6150 Exception <a 'sun/nio/fs/WindowsException'{0x0000000089f994c0}> (0x0000000089f994c0) 
thrown [s\open\src\hotspot\share\prims\jni.cpp, line 516]
Event: 0.424 Thread 0x0000026e1f1c6150 Exception <a 'sun/nio/fs/WindowsException'{0x0000000089f99978}> (0x0000000089f99978) 
thrown [s\open\src\hotspot\share\prims\jni.cpp, line 516]
Event: 0.455 Thread 0x0000026e1f1c6150 Exception <a 'java/lang/NoSuchMethodError'{0x0000000089fe99c0}: 'void java.lang.invoke.DirectMethodHandle$Holder.invokeStatic(java.lang.Object, java.lang.Object)'> (0x0000000089fe99c0) 
thrown [s\open\src\hotspot\share\interpreter\linkResolver.cpp, line 759]
Event: 0.456 Thread 0x0000026e1f1c6150 Exception <a 'java/lang/NoSuchMethodError'{0x0000000089fed2d8}: 'void java.lang.invoke.DirectMethodHandle$Holder.invokeStaticInit(java.lang.Object, java.lang.Object)'> (0x0000000089fed2d8) 
thrown [s\open\src\hotspot\share\interpreter\linkResolver.cpp, line 759]
Event: 0.512 Thread 0x0000026e1f1c6150 Exception <a 'java/lang/NoSuchMethodError'{0x0000000089e27ad0}: 'void java.lang.invoke.DirectMethodHandle$Holder.invokeStatic(java.lang.Object, java.lang.Object, java.lang.Object)'> (0x0000000089e27ad0) 
thrown [s\open\src\hotspot\share\interpreter\linkResolver.cpp, line 759]
Event: 0.639 Thread 0x0000026e1f1c6150 Exception <a 'java/lang/NoSuchMethodError'{0x0000000089c42ff8}: 'java.lang.Object java.lang.invoke.DirectMethodHandle$Holder.invokeSpecialIFC(java.lang.Object, java.lang.Object, java.lang.Object, java.lang.Object)'> (0x0000000089c42ff8) 
thrown [s\open\src\hotspot\share\interpreter\linkResolver.cpp, line 759]
Event: 1.009 Thread 0x0000026e1f1c6150 Exception <a 'java/lang/NoSuchMethodError'{0x00000000897ed8a0}: 'void java.lang.invoke.DirectMethodHandle$Holder.invokeSpecial(java.lang.Object, java.lang.Object, java.lang.Object)'> (0x00000000897ed8a0) 
thrown [s\open\src\hotspot\share\interpreter\linkResolver.cpp, line 759]
Event: 1.055 Thread 0x0000026e1f1c6150 Exception <a 'java/lang/NoSuchMethodError'{0x00000000895451a8}: 'java.lang.Object java.lang.invoke.DirectMethodHandle$Holder.invokeInterface(java.lang.Object, java.lang.Object)'> (0x00000000895451a8) 
thrown [s\open\src\hotspot\share\interpreter\linkResolver.cpp, line 759]
Event: 1.080 Thread 0x0000026e1f1c6150 Exception <a 'java/lang/NoSuchMethodError'{0x00000000895ea5b0}: 'java.lang.Object java.lang.invoke.Invokers$Holder.invokeExact_MT(java.lang.Object, java.lang.Object, java.lang.Object, java.lang.Object, java.lang.Object, java.lang.Object)'> (0x00000000895ea5b0) 
thrown [s\open\src\hotspot\share\interpreter\linkResolver.cpp, line 759]
Event: 1.084 Thread 0x0000026e1f1c6150 Exception <a 'java/lang/NoSuchMethodError'{0x00000000895fc208}: 'int java.lang.invoke.DirectMethodHandle$Holder.invokeSpecialIFC(java.lang.Object, java.lang.Object, java.lang.Object, java.lang.Object, java.lang.Object)'> (0x00000000895fc208) 
thrown [s\open\src\hotspot\share\interpreter\linkResolver.cpp, line 759]
Event: 1.149 Thread 0x0000026e1f1c6150 Exception <a 'java/lang/NoSuchMethodError'{0x0000000089394408}: 'java.lang.Object java.lang.invoke.DirectMethodHandle$Holder.newInvokeSpecial(java.lang.Object, java.lang.Object, java.lang.Object, java.lang.Object, java.lang.Object)'> (0x0000000089394408) 
thrown [s\open\src\hotspot\share\interpreter\linkResolver.cpp, line 759]
Event: 1.190 Thread 0x0000026e1f1c6150 Exception <a 'java/lang/NoSuchMethodError'{0x0000000089295c10}: 'int java.lang.invoke.DirectMethodHandle$Holder.invokeStaticInit(java.lang.Object, java.lang.Object)'> (0x0000000089295c10) 
thrown [s\open\src\hotspot\share\interpreter\linkResolver.cpp, line 759]
Event: 1.200 Thread 0x0000026e1f1c6150 Exception <a 'java/lang/NoClassDefFoundError'{0x00000000892cd1b0}: javax/enterprise/inject/Typed> (0x00000000892cd1b0) 
thrown [s\open\src\hotspot\share\classfile\systemDictionary.cpp, line 245]
Event: 2.409 Thread 0x0000026e1f1c6150 Exception <a 'java/lang/NoSuchMethodError'{0x000000008a26c4a0}: 'void java.lang.invoke.DirectMethodHandle$Holder.invokeStaticInit(java.lang.Object, java.lang.Object, java.lang.Object)'> (0x000000008a26c4a0) 
thrown [s\open\src\hotspot\share\interpreter\linkResolver.cpp, line 759]
Event: 2.418 Thread 0x0000026e1f1c6150 Exception <a 'java/lang/ExceptionInInitializerError'{0x000000008a2979a8}> (0x000000008a2979a8) 
thrown [s\open\src\hotspot\share\oops\instanceKlass.cpp, line 1216]
Event: 2.467 Thread 0x0000026e1f1c6150 Implicit null exception at 0x0000026e2e5c6a2f to 0x0000026e2e5c6b8c
Event: 2.471 Thread 0x0000026e1f1c6150 Exception <a 'java/lang/NoSuchMethodError'{0x000000008a1a3730}: 'java.lang.Object java.lang.invoke.Invokers$Holder.invokeExact_MT(java.lang.Object, int, java.lang.Object)'> (0x000000008a1a3730) 
thrown [s\open\src\hotspot\share\interpreter\linkResolver.cpp, line 759]
Event: 2.495 Thread 0x0000026e1f1c6150 Exception <a 'java/lang/NoSuchMethodError'{0x000000008a03d1c0}: 'int java.lang.invoke.DirectMethodHandle$Holder.invokeSpecial(java.lang.Object, java.lang.Object, java.lang.Object, java.lang.Object)'> (0x000000008a03d1c0) 
thrown [s\open\src\hotspot\share\interpreter\linkResolver.cpp, line 759]
Event: 2.867 Thread 0x0000026e1f1c6150 Exception <a 'java/lang/NoClassDefFoundError'{0x000000008984c840}: com/google/inject/servlet/ServletModuleTargetVisitor> (0x000000008984c840) 
thrown [s\open\src\hotspot\share\classfile\systemDictionary.cpp, line 245]

VM Operations (20 events):
Event: 1.958 Executing VM operation: HandshakeAllThreads
Event: 1.958 Executing VM operation: HandshakeAllThreads done
Event: 1.987 Executing VM operation: HandshakeAllThreads
Event: 1.987 Executing VM operation: HandshakeAllThreads done
Event: 2.198 Executing VM operation: ICBufferFull
Event: 2.198 Executing VM operation: ICBufferFull done
Event: 2.355 Executing VM operation: G1CollectForAllocation
Event: 2.365 Executing VM operation: G1CollectForAllocation done
Event: 2.426 Executing VM operation: HandshakeAllThreads
Event: 2.426 Executing VM operation: HandshakeAllThreads done
Event: 2.530 Executing VM operation: HandshakeAllThreads
Event: 2.530 Executing VM operation: HandshakeAllThreads done
Event: 2.533 Executing VM operation: HandshakeAllThreads
Event: 2.533 Executing VM operation: HandshakeAllThreads done
Event: 2.627 Executing VM operation: HandshakeAllThreads
Event: 2.627 Executing VM operation: HandshakeAllThreads done
Event: 2.791 Executing VM operation: HandshakeAllThreads
Event: 2.791 Executing VM operation: HandshakeAllThreads done
Event: 2.853 Executing VM operation: ICBufferFull
Event: 2.853 Executing VM operation: ICBufferFull done

Events (20 events):
Event: 2.265 loading class java/nio/channels/OverlappingFileLockException
Event: 2.265 loading class java/nio/channels/OverlappingFileLockException done
Event: 2.265 loading class java/nio/channels/FileLock
Event: 2.265 loading class java/nio/channels/FileLock done
Event: 2.300 loading class java/nio/file/AccessDeniedException
Event: 2.300 loading class java/nio/file/AccessDeniedException done
Event: 2.415 loading class java/lang/ExceptionInInitializerError
Event: 2.415 loading class java/lang/ExceptionInInitializerError done
Event: 2.419 loading class jdk/internal/vm/annotation/ForceInline
Event: 2.419 loading class jdk/internal/vm/annotation/ForceInline done
Event: 2.626 loading class sun/reflect/generics/scope/MethodScope
Event: 2.626 loading class sun/reflect/generics/scope/MethodScope done
Event: 2.626 loading class sun/reflect/generics/repository/MethodRepository
Event: 2.626 loading class sun/reflect/generics/repository/MethodRepository done
Event: 2.792 loading class java/util/ConcurrentModificationException
Event: 2.792 loading class java/util/ConcurrentModificationException done
Event: 2.797 loading class jdk/internal/reflect/UnsafeObjectFieldAccessorImpl
Event: 2.797 loading class jdk/internal/reflect/UnsafeObjectFieldAccessorImpl done
Event: 2.867 loading class java/lang/ClassFormatError
Event: 2.868 loading class java/lang/ClassFormatError done


Dynamic libraries:
0x00007ff670dc0000 - 0x00007ff670dd0000 	C:\Program Files\Java\jdk-17\bin\java.exe
0x00007ff89cf10000 - 0x00007ff89d127000 	C:\WINDOWS\SYSTEM32\ntdll.dll
0x00007ff89b850000 - 0x00007ff89b914000 	C:\WINDOWS\System32\KERNEL32.DLL
0x00007ff89a770000 - 0x00007ff89ab43000 	C:\WINDOWS\System32\KERNELBASE.dll
0x00007ff89a320000 - 0x00007ff89a431000 	C:\WINDOWS\System32\ucrtbase.dll
0x00007ff84f750000 - 0x00007ff84f769000 	C:\Program Files\Java\jdk-17\bin\jli.dll
0x00007ff84f430000 - 0x00007ff84f44b000 	C:\Program Files\Java\jdk-17\bin\VCRUNTIME140.dll
0x00007ff89c5c0000 - 0x00007ff89c671000 	C:\WINDOWS\System32\ADVAPI32.dll
0x00007ff89c380000 - 0x00007ff89c427000 	C:\WINDOWS\System32\msvcrt.dll
0x00007ff89cc00000 - 0x00007ff89cca8000 	C:\WINDOWS\System32\sechost.dll
0x00007ff89ab50000 - 0x00007ff89ab78000 	C:\WINDOWS\System32\bcrypt.dll
0x00007ff89b3c0000 - 0x00007ff89b4d4000 	C:\WINDOWS\System32\RPCRT4.dll
0x00007ff89abb0000 - 0x00007ff89ad61000 	C:\WINDOWS\System32\USER32.dll
0x00007ff89ab80000 - 0x00007ff89aba6000 	C:\WINDOWS\System32\win32u.dll
0x00007ff89b5c0000 - 0x00007ff89b5e9000 	C:\WINDOWS\System32\GDI32.dll
0x00007ff87cc80000 - 0x00007ff87cf18000 	C:\WINDOWS\WinSxS\amd64_microsoft.windows.common-controls_6595b64144ccf1df_6.0.22621.5124_none_270e8f4f7386d69d\COMCTL32.dll
0x00007ff89a180000 - 0x00007ff89a29b000 	C:\WINDOWS\System32\gdi32full.dll
0x00007ff89a020000 - 0x00007ff89a0ba000 	C:\WINDOWS\System32\msvcp_win.dll
0x00007ff893c40000 - 0x00007ff893c4a000 	C:\WINDOWS\SYSTEM32\VERSION.dll
0x00007ff89b380000 - 0x00007ff89b3b1000 	C:\WINDOWS\System32\IMM32.DLL
0x00007ff871a90000 - 0x00007ff871a9c000 	C:\Program Files\Java\jdk-17\bin\vcruntime140_1.dll
0x00007ff837910000 - 0x00007ff83799e000 	C:\Program Files\Java\jdk-17\bin\msvcp140.dll
0x00007ff82fa80000 - 0x00007ff830660000 	C:\Program Files\Java\jdk-17\bin\server\jvm.dll
0x00007ff89b7a0000 - 0x00007ff89b7a8000 	C:\WINDOWS\System32\PSAPI.DLL
0x00007ff8750a0000 - 0x00007ff8750a9000 	C:\WINDOWS\SYSTEM32\WSOCK32.dll
0x00007ff893f10000 - 0x00007ff893f44000 	C:\WINDOWS\SYSTEM32\WINMM.dll
0x00007ff89b250000 - 0x00007ff89b2c1000 	C:\WINDOWS\System32\WS2_32.dll
0x00007ff898ff0000 - 0x00007ff899008000 	C:\WINDOWS\SYSTEM32\kernel.appcore.dll
0x00007ff870ea0000 - 0x00007ff870eaa000 	C:\Program Files\Java\jdk-17\bin\jimage.dll
0x00007ff897a30000 - 0x00007ff897c62000 	C:\WINDOWS\SYSTEM32\DBGHELP.DLL
0x00007ff89add0000 - 0x00007ff89b162000 	C:\WINDOWS\System32\combase.dll
0x00007ff89b4e0000 - 0x00007ff89b5b7000 	C:\WINDOWS\System32\OLEAUT32.dll
0x00007ff8923a0000 - 0x00007ff8923d2000 	C:\WINDOWS\SYSTEM32\dbgcore.DLL
0x00007ff89a440000 - 0x00007ff89a4bb000 	C:\WINDOWS\System32\bcryptPrimitives.dll
0x00007ff837ea0000 - 0x00007ff837ec5000 	C:\Program Files\Java\jdk-17\bin\java.dll
0x00007ff833f20000 - 0x00007ff833ff7000 	C:\Program Files\Java\jdk-17\bin\jsvml.dll
0x00007ff89b920000 - 0x00007ff89c1b6000 	C:\WINDOWS\System32\SHELL32.dll
0x00007ff89a630000 - 0x00007ff89a76f000 	C:\WINDOWS\System32\wintypes.dll
0x00007ff897ed0000 - 0x00007ff8987ea000 	C:\WINDOWS\SYSTEM32\windows.storage.dll
0x00007ff89cdc0000 - 0x00007ff89ceca000 	C:\WINDOWS\System32\SHCORE.dll
0x00007ff89b170000 - 0x00007ff89b1d3000 	C:\WINDOWS\System32\shlwapi.dll
0x00007ff899f50000 - 0x00007ff899f7b000 	C:\WINDOWS\SYSTEM32\profapi.dll
0x00007ff837e80000 - 0x00007ff837e99000 	C:\Program Files\Java\jdk-17\bin\net.dll
0x00007ff893d10000 - 0x00007ff893e3c000 	C:\WINDOWS\SYSTEM32\WINHTTP.dll
0x00007ff899460000 - 0x00007ff8994ca000 	C:\WINDOWS\system32\mswsock.dll
0x00007ff837ce0000 - 0x00007ff837cf6000 	C:\Program Files\Java\jdk-17\bin\nio.dll
0x00007ff8378f0000 - 0x00007ff837908000 	C:\Program Files\Java\jdk-17\bin\zip.dll
0x00007ff85d450000 - 0x00007ff85d474000 	C:\apache-maven-3.9.9\lib\jansi-native\Windows\x86_64\jansi.dll
0x00007ff8967b0000 - 0x00007ff8967c0000 	C:\Program Files\Java\jdk-17\bin\verify.dll

dbghelp: loaded successfully - version: 4.0.5 - missing functions: none
symbol engine: initialized successfully - sym options: 0x614 - pdb path: .;C:\Program Files\Java\jdk-17\bin;C:\WINDOWS\SYSTEM32;C:\WINDOWS\WinSxS\amd64_microsoft.windows.common-controls_6595b64144ccf1df_6.0.22621.5124_none_270e8f4f7386d69d;C:\Program Files\Java\jdk-17\bin\server;C:\apache-maven-3.9.9\lib\jansi-native\Windows\x86_64

VM Arguments:
jvm_args: -Dclassworlds.conf=C:\apache-maven-3.9.9\bin\m2.conf -Dmaven.home=C:\apache-maven-3.9.9 -Dlibrary.jansi.path=C:\apache-maven-3.9.9\lib\jansi-native -Dmaven.multiModuleProjectDirectory=C:\Users\21658\Desktop\EduschoolJava 
java_command: org.codehaus.plexus.classworlds.launcher.Launcher -X javafx:run
java_class_path (initial): C:\apache-maven-3.9.9\boot\plexus-classworlds-2.8.0.jar
Launcher Type: SUN_STANDARD

[Global flags]
     intx CICompilerCount                          = 4                                         {product} {ergonomic}
     uint ConcGCThreads                            = 2                                         {product} {ergonomic}
     uint G1ConcRefinementThreads                  = 8                                         {product} {ergonomic}
   size_t G1HeapRegionSize                         = 1048576                                   {product} {ergonomic}
    uintx GCDrainStackTargetSize                   = 64                                        {product} {ergonomic}
   size_t InitialHeapSize                          = 132120576                                 {product} {ergonomic}
   size_t MarkStackSize                            = 4194304                                   {product} {ergonomic}
   size_t MaxHeapSize                              = 2107637760                                {product} {ergonomic}
   size_t MaxNewSize                               = 1264582656                                {product} {ergonomic}
   size_t MinHeapDeltaBytes                        = 1048576                                   {product} {ergonomic}
   size_t MinHeapSize                              = 8388608                                   {product} {ergonomic}
    uintx NonNMethodCodeHeapSize                   = 5839372                                {pd product} {ergonomic}
    uintx NonProfiledCodeHeapSize                  = 122909434                              {pd product} {ergonomic}
    uintx ProfiledCodeHeapSize                     = 122909434                              {pd product} {ergonomic}
    uintx ReservedCodeCacheSize                    = 251658240                              {pd product} {ergonomic}
     bool SegmentedCodeCache                       = true                                      {product} {ergonomic}
   size_t SoftMaxHeapSize                          = 2107637760                             {manageable} {ergonomic}
     bool UseCompressedClassPointers               = true                           {product lp64_product} {ergonomic}
     bool UseCompressedOops                        = true                           {product lp64_product} {ergonomic}
     bool UseG1GC                                  = true                                      {product} {ergonomic}
     bool UseLargePagesIndividualAllocation        = false                                  {pd product} {ergonomic}

Logging:
Log output configuration:
 #0: stdout all=warning uptime,level,tags
 #1: stderr all=off uptime,level,tags

Environment Variables:
JAVA_HOME=C:\Program Files\Java\jdk-17
PATH=C:\app\21658\product\23ai\dbhomeFree\bin;C:\Program Files (x86)\VMware\VMware Workstation\bin\;C:\Program Files\Common Files\Oracle\Java\javapath;C:\Python312\Scripts\;C:\Python312\;C:\windows\system32;C:\windows;C:\windows\System32\Wbem;C:\windows\System32\WindowsPowerShell\v1.0\;C:\windows\System32\OpenSSH\;C:\Program Files (x86)\NVIDIA Corporation\PhysX\Common;C:\Program Files\NVIDIA Corporation\NVIDIA NvDLISR;C:\WINDOWS\system32;C:\WINDOWS;C:\WINDOWS\System32\Wbem;C:\WINDOWS\System32\WindowsPowerShell\v1.0\;C:\WINDOWS\System32\OpenSSH\;C:\Program Files\HP\HP One Agent;C:\php-8.2;C:\composer;C:\Program Files\Git\cmd;C:\xampp\php;C:\symfony-7.0.2;C:\Program Files\nodejs\;C:\ProgramData\chocolatey\bin;C:\Program Files\nodejs;C:\Program Files\MongoDB\Server\6.0\bin;C:\Users\21658\AppData\Local\Programs\Python\Python39;;C:\Program Files\Docker\Docker\resources\bin;C:\Users\21658\AppData\Local\Programs\Python\Python38\Scripts\;C:\Users\21658\AppData\Local\Programs\Python\Python38\;C:\Users\21658\AppData\Local\Microsoft\WindowsApps;C:\Users\21658\AppData\Local\Programs\Microsoft VS Code\bin;C:\Users\21658\AppData\Roaming\Composer\vendor\bin;C:\symfony-7.0.2;C:\php-8.2;C:\Users\21658\AppData\Roaming\npm;C:\Program Files\MongoDB\Server\6.0\bin;C:\Program Files\Java\jdk-17\bin;C:\protoc\bin;C:\Users\21658\AppData\Local\Programs\Python\Python39;C:\Users\21658\AppData\Local\Programs\Python\Python39\Scripts;C:\Users\21658\AppData\Local\Programs\Python\Python39\Scripts;C:\Users\21658\anaconda3\Library\bin;C:\ProgramData\21658\GitHubDesktop\bin;C:\Users\21658\AppData\Local\GitHubDesktop\bin;C:\Program Files\Heroku\;C:\Program Files\heroku\bin;C:\apache-maven-3.9.9\bin;
USERNAME=21658
LANG=en_US.UTF-8
OS=Windows_NT
PROCESSOR_IDENTIFIER=Intel64 Family 6 Model 158 Stepping 10, GenuineIntel



---------------  S Y S T E M  ---------------

OS:
 Windows 11 , 64 bit Build 22621 (10.0.22621.5124)
OS uptime: 3 days 13:21 hours
Hyper-V role detected

CPU: total 8 (initial active 8) (4 cores per cpu, 2 threads per core) family 6 model 158 stepping 10 microcode 0xde, cx8, cmov, fxsr, ht, mmx, 3dnowpref, sse, sse2, sse3, ssse3, sse4.1, sse4.2, popcnt, lzcnt, tsc, tscinvbit, avx, avx2, aes, erms, clmul, bmi1, bmi2, adx, fma, vzeroupper, clflush, clflushopt, hv

Memory: 4k page, system-wide physical 8033M (303M free)
TotalPageFile size 32609M (AvailPageFile size 7M)
current process WorkingSet (physical memory assigned to process): 115M, peak: 115M
current process commit charge ("private bytes"): 245M, peak: 246M

vm_info: Java HotSpot(TM) 64-Bit Server VM (17.0.12+8-LTS-286) for windows-amd64 JRE (17.0.12+8-LTS-286), built on Jun  5 2024 06:46:59 by "mach5one" with MS VC++ 17.6 (VS2022)

END.
